[ 10%] Built target msg_pkg1__rosidl_generator_c
[ 12%] Built target msg_pkg1__cpp
[ 12%] Built target ament_cmake_python_copy_msg_pkg1
[ 29%] Built target msg_pkg1__rosidl_typesupport_c
[ 34%] Built target msg_pkg1__rosidl_typesupport_introspection_c
[ 44%] Built target msg_pkg1__rosidl_typesupport_fastrtps_c
[ 55%] Built target msg_pkg1__rosidl_typesupport_cpp
[ 65%] Built target msg_pkg1__rosidl_typesupport_fastrtps_cpp
[ 76%] Built target msg_pkg1__rosidl_typesupport_introspection_cpp
[ 76%] Built target msg_pkg1
[ 78%] Built target msg_pkg1__py
[ 87%] Built target msg_pkg1__rosidl_generator_py
[ 95%] Built target msg_pkg1__rosidl_typesupport_introspection_c__pyext
[ 95%] Built target msg_pkg1__rosidl_typesupport_c__pyext
[100%] Built target msg_pkg1__rosidl_typesupport_fastrtps_c__pyext
running egg_info
writing msg_pkg1.egg-info/PKG-INFO
writing dependency_links to msg_pkg1.egg-info/dependency_links.txt
writing top-level names to msg_pkg1.egg-info/top_level.txt
reading manifest file 'msg_pkg1.egg-info/SOURCES.txt'
writing manifest file 'msg_pkg1.egg-info/SOURCES.txt'
[100%] Built target ament_cmake_python_build_msg_pkg1_egg
-- Install configuration: ""
-- Up-to-date: /home/hawx/ws1/install/msg_pkg1/share/ament_index/resource_index/rosidl_interfaces/msg_pkg1
-- Up-to-date: /home/hawx/ws1/install/msg_pkg1/include/msg_pkg1/msg_pkg1
-- Up-to-date: /home/hawx/ws1/install/msg_pkg1/include/msg_pkg1/msg_pkg1/msg
-- Up-to-date: /home/hawx/ws1/install/msg_pkg1/include/msg_pkg1/msg_pkg1/msg/rosidl_generator_c__visibility_control.h
-- Up-to-date: /home/hawx/ws1/install/msg_pkg1/include/msg_pkg1/msg_pkg1/msg/detail
-- Up-to-date: /home/hawx/ws1/install/msg_pkg1/include/msg_pkg1/msg_pkg1/msg/detail/msg1__type_support.h
-- Up-to-date: /home/hawx/ws1/install/msg_pkg1/include/msg_pkg1/msg_pkg1/msg/detail/msg1__functions.c
-- Up-to-date: /home/hawx/ws1/install/msg_pkg1/include/msg_pkg1/msg_pkg1/msg/detail/msg1__struct.h
-- Up-to-date: /home/hawx/ws1/install/msg_pkg1/include/msg_pkg1/msg_pkg1/msg/detail/msg1__functions.h
-- Up-to-date: /home/hawx/ws1/install/msg_pkg1/include/msg_pkg1/msg_pkg1/msg/msg1.h
-- Up-to-date: /home/hawx/ws1/install/msg_pkg1/include/msg_pkg1/msg_pkg1/srv
-- Up-to-date: /home/hawx/ws1/install/msg_pkg1/include/msg_pkg1/msg_pkg1/srv/detail
-- Up-to-date: /home/hawx/ws1/install/msg_pkg1/include/msg_pkg1/msg_pkg1/srv/detail/turtle_srvc1__functions.c
-- Up-to-date: /home/hawx/ws1/install/msg_pkg1/include/msg_pkg1/msg_pkg1/srv/detail/turtle_srvc1__struct.h
-- Up-to-date: /home/hawx/ws1/install/msg_pkg1/include/msg_pkg1/msg_pkg1/srv/detail/turtle_srvc1__functions.h
-- Up-to-date: /home/hawx/ws1/install/msg_pkg1/include/msg_pkg1/msg_pkg1/srv/detail/turtle_srvc1__type_support.h
-- Up-to-date: /home/hawx/ws1/install/msg_pkg1/include/msg_pkg1/msg_pkg1/srv/turtle_srvc1.h
-- Up-to-date: /home/hawx/ws1/install/msg_pkg1/include/msg_pkg1/msg_pkg1/action
-- Up-to-date: /home/hawx/ws1/install/msg_pkg1/include/msg_pkg1/msg_pkg1/action/action1.h
-- Up-to-date: /home/hawx/ws1/install/msg_pkg1/include/msg_pkg1/msg_pkg1/action/detail
-- Up-to-date: /home/hawx/ws1/install/msg_pkg1/include/msg_pkg1/msg_pkg1/action/detail/action1__struct.h
-- Up-to-date: /home/hawx/ws1/install/msg_pkg1/include/msg_pkg1/msg_pkg1/action/detail/action1__type_support.h
-- Up-to-date: /home/hawx/ws1/install/msg_pkg1/include/msg_pkg1/msg_pkg1/action/detail/action1__functions.h
-- Up-to-date: /home/hawx/ws1/install/msg_pkg1/include/msg_pkg1/msg_pkg1/action/detail/action1__functions.c
-- Up-to-date: /home/hawx/ws1/install/msg_pkg1/share/msg_pkg1/environment/library_path.sh
-- Up-to-date: /home/hawx/ws1/install/msg_pkg1/share/msg_pkg1/environment/library_path.dsv
-- Up-to-date: /home/hawx/ws1/install/msg_pkg1/lib/libmsg_pkg1__rosidl_generator_c.so
-- Up-to-date: /home/hawx/ws1/install/msg_pkg1/include/msg_pkg1/msg_pkg1
-- Up-to-date: /home/hawx/ws1/install/msg_pkg1/include/msg_pkg1/msg_pkg1/msg
-- Up-to-date: /home/hawx/ws1/install/msg_pkg1/include/msg_pkg1/msg_pkg1/msg/rosidl_typesupport_fastrtps_c__visibility_control.h
-- Up-to-date: /home/hawx/ws1/install/msg_pkg1/include/msg_pkg1/msg_pkg1/msg/detail
-- Up-to-date: /home/hawx/ws1/install/msg_pkg1/include/msg_pkg1/msg_pkg1/msg/detail/msg1__rosidl_typesupport_fastrtps_c.h
-- Up-to-date: /home/hawx/ws1/install/msg_pkg1/include/msg_pkg1/msg_pkg1/srv
-- Up-to-date: /home/hawx/ws1/install/msg_pkg1/include/msg_pkg1/msg_pkg1/srv/detail
-- Up-to-date: /home/hawx/ws1/install/msg_pkg1/include/msg_pkg1/msg_pkg1/srv/detail/turtle_srvc1__rosidl_typesupport_fastrtps_c.h
-- Up-to-date: /home/hawx/ws1/install/msg_pkg1/include/msg_pkg1/msg_pkg1/action
-- Up-to-date: /home/hawx/ws1/install/msg_pkg1/include/msg_pkg1/msg_pkg1/action/detail
-- Up-to-date: /home/hawx/ws1/install/msg_pkg1/include/msg_pkg1/msg_pkg1/action/detail/action1__rosidl_typesupport_fastrtps_c.h
-- Up-to-date: /home/hawx/ws1/install/msg_pkg1/lib/libmsg_pkg1__rosidl_typesupport_fastrtps_c.so
-- Up-to-date: /home/hawx/ws1/install/msg_pkg1/include/msg_pkg1/msg_pkg1
-- Up-to-date: /home/hawx/ws1/install/msg_pkg1/include/msg_pkg1/msg_pkg1/msg
-- Up-to-date: /home/hawx/ws1/install/msg_pkg1/include/msg_pkg1/msg_pkg1/msg/rosidl_typesupport_introspection_c__visibility_control.h
-- Up-to-date: /home/hawx/ws1/install/msg_pkg1/include/msg_pkg1/msg_pkg1/msg/detail
-- Up-to-date: /home/hawx/ws1/install/msg_pkg1/include/msg_pkg1/msg_pkg1/msg/detail/msg1__rosidl_typesupport_introspection_c.h
-- Up-to-date: /home/hawx/ws1/install/msg_pkg1/include/msg_pkg1/msg_pkg1/msg/detail/msg1__type_support.c
-- Up-to-date: /home/hawx/ws1/install/msg_pkg1/include/msg_pkg1/msg_pkg1/srv
-- Up-to-date: /home/hawx/ws1/install/msg_pkg1/include/msg_pkg1/msg_pkg1/srv/detail
-- Up-to-date: /home/hawx/ws1/install/msg_pkg1/include/msg_pkg1/msg_pkg1/srv/detail/turtle_srvc1__type_support.c
-- Up-to-date: /home/hawx/ws1/install/msg_pkg1/include/msg_pkg1/msg_pkg1/srv/detail/turtle_srvc1__rosidl_typesupport_introspection_c.h
-- Up-to-date: /home/hawx/ws1/install/msg_pkg1/include/msg_pkg1/msg_pkg1/action
-- Up-to-date: /home/hawx/ws1/install/msg_pkg1/include/msg_pkg1/msg_pkg1/action/detail
-- Up-to-date: /home/hawx/ws1/install/msg_pkg1/include/msg_pkg1/msg_pkg1/action/detail/action1__type_support.c
-- Up-to-date: /home/hawx/ws1/install/msg_pkg1/include/msg_pkg1/msg_pkg1/action/detail/action1__rosidl_typesupport_introspection_c.h
-- Up-to-date: /home/hawx/ws1/install/msg_pkg1/lib/libmsg_pkg1__rosidl_typesupport_introspection_c.so
-- Up-to-date: /home/hawx/ws1/install/msg_pkg1/lib/libmsg_pkg1__rosidl_typesupport_c.so
-- Up-to-date: /home/hawx/ws1/install/msg_pkg1/include/msg_pkg1/msg_pkg1
-- Up-to-date: /home/hawx/ws1/install/msg_pkg1/include/msg_pkg1/msg_pkg1/msg
-- Up-to-date: /home/hawx/ws1/install/msg_pkg1/include/msg_pkg1/msg_pkg1/msg/detail
-- Up-to-date: /home/hawx/ws1/install/msg_pkg1/include/msg_pkg1/msg_pkg1/msg/detail/msg1__type_support.hpp
-- Up-to-date: /home/hawx/ws1/install/msg_pkg1/include/msg_pkg1/msg_pkg1/msg/detail/msg1__traits.hpp
-- Up-to-date: /home/hawx/ws1/install/msg_pkg1/include/msg_pkg1/msg_pkg1/msg/detail/msg1__struct.hpp
-- Up-to-date: /home/hawx/ws1/install/msg_pkg1/include/msg_pkg1/msg_pkg1/msg/detail/msg1__builder.hpp
-- Up-to-date: /home/hawx/ws1/install/msg_pkg1/include/msg_pkg1/msg_pkg1/msg/rosidl_generator_cpp__visibility_control.hpp
-- Up-to-date: /home/hawx/ws1/install/msg_pkg1/include/msg_pkg1/msg_pkg1/msg/msg1.hpp
-- Up-to-date: /home/hawx/ws1/install/msg_pkg1/include/msg_pkg1/msg_pkg1/srv
-- Up-to-date: /home/hawx/ws1/install/msg_pkg1/include/msg_pkg1/msg_pkg1/srv/turtle_srvc1.hpp
-- Up-to-date: /home/hawx/ws1/install/msg_pkg1/include/msg_pkg1/msg_pkg1/srv/detail
-- Up-to-date: /home/hawx/ws1/install/msg_pkg1/include/msg_pkg1/msg_pkg1/srv/detail/turtle_srvc1__type_support.hpp
-- Up-to-date: /home/hawx/ws1/install/msg_pkg1/include/msg_pkg1/msg_pkg1/srv/detail/turtle_srvc1__traits.hpp
-- Up-to-date: /home/hawx/ws1/install/msg_pkg1/include/msg_pkg1/msg_pkg1/srv/detail/turtle_srvc1__builder.hpp
-- Up-to-date: /home/hawx/ws1/install/msg_pkg1/include/msg_pkg1/msg_pkg1/srv/detail/turtle_srvc1__struct.hpp
-- Up-to-date: /home/hawx/ws1/install/msg_pkg1/include/msg_pkg1/msg_pkg1/action
-- Up-to-date: /home/hawx/ws1/install/msg_pkg1/include/msg_pkg1/msg_pkg1/action/detail
-- Up-to-date: /home/hawx/ws1/install/msg_pkg1/include/msg_pkg1/msg_pkg1/action/detail/action1__struct.hpp
-- Up-to-date: /home/hawx/ws1/install/msg_pkg1/include/msg_pkg1/msg_pkg1/action/detail/action1__builder.hpp
-- Up-to-date: /home/hawx/ws1/install/msg_pkg1/include/msg_pkg1/msg_pkg1/action/detail/action1__type_support.hpp
-- Up-to-date: /home/hawx/ws1/install/msg_pkg1/include/msg_pkg1/msg_pkg1/action/detail/action1__traits.hpp
-- Up-to-date: /home/hawx/ws1/install/msg_pkg1/include/msg_pkg1/msg_pkg1/action/action1.hpp
-- Up-to-date: /home/hawx/ws1/install/msg_pkg1/include/msg_pkg1/msg_pkg1
-- Up-to-date: /home/hawx/ws1/install/msg_pkg1/include/msg_pkg1/msg_pkg1/msg
-- Up-to-date: /home/hawx/ws1/install/msg_pkg1/include/msg_pkg1/msg_pkg1/msg/rosidl_typesupport_fastrtps_cpp__visibility_control.h
-- Up-to-date: /home/hawx/ws1/install/msg_pkg1/include/msg_pkg1/msg_pkg1/msg/detail
-- Up-to-date: /home/hawx/ws1/install/msg_pkg1/include/msg_pkg1/msg_pkg1/msg/detail/dds_fastrtps
-- Up-to-date: /home/hawx/ws1/install/msg_pkg1/include/msg_pkg1/msg_pkg1/msg/detail/msg1__rosidl_typesupport_fastrtps_cpp.hpp
-- Up-to-date: /home/hawx/ws1/install/msg_pkg1/include/msg_pkg1/msg_pkg1/srv
-- Up-to-date: /home/hawx/ws1/install/msg_pkg1/include/msg_pkg1/msg_pkg1/srv/detail
-- Up-to-date: /home/hawx/ws1/install/msg_pkg1/include/msg_pkg1/msg_pkg1/srv/detail/turtle_srvc1__rosidl_typesupport_fastrtps_cpp.hpp
-- Up-to-date: /home/hawx/ws1/install/msg_pkg1/include/msg_pkg1/msg_pkg1/srv/detail/dds_fastrtps
-- Up-to-date: /home/hawx/ws1/install/msg_pkg1/include/msg_pkg1/msg_pkg1/action
-- Up-to-date: /home/hawx/ws1/install/msg_pkg1/include/msg_pkg1/msg_pkg1/action/detail
-- Up-to-date: /home/hawx/ws1/install/msg_pkg1/include/msg_pkg1/msg_pkg1/action/detail/dds_fastrtps
-- Up-to-date: /home/hawx/ws1/install/msg_pkg1/include/msg_pkg1/msg_pkg1/action/detail/action1__rosidl_typesupport_fastrtps_cpp.hpp
-- Up-to-date: /home/hawx/ws1/install/msg_pkg1/lib/libmsg_pkg1__rosidl_typesupport_fastrtps_cpp.so
-- Up-to-date: /home/hawx/ws1/install/msg_pkg1/include/msg_pkg1/msg_pkg1
-- Up-to-date: /home/hawx/ws1/install/msg_pkg1/include/msg_pkg1/msg_pkg1/msg
-- Up-to-date: /home/hawx/ws1/install/msg_pkg1/include/msg_pkg1/msg_pkg1/msg/detail
-- Up-to-date: /home/hawx/ws1/install/msg_pkg1/include/msg_pkg1/msg_pkg1/msg/detail/msg1__type_support.cpp
-- Up-to-date: /home/hawx/ws1/install/msg_pkg1/include/msg_pkg1/msg_pkg1/msg/detail/msg1__rosidl_typesupport_introspection_cpp.hpp
-- Up-to-date: /home/hawx/ws1/install/msg_pkg1/include/msg_pkg1/msg_pkg1/srv
-- Up-to-date: /home/hawx/ws1/install/msg_pkg1/include/msg_pkg1/msg_pkg1/srv/detail
-- Up-to-date: /home/hawx/ws1/install/msg_pkg1/include/msg_pkg1/msg_pkg1/srv/detail/turtle_srvc1__rosidl_typesupport_introspection_cpp.hpp
-- Up-to-date: /home/hawx/ws1/install/msg_pkg1/include/msg_pkg1/msg_pkg1/srv/detail/turtle_srvc1__type_support.cpp
-- Up-to-date: /home/hawx/ws1/install/msg_pkg1/include/msg_pkg1/msg_pkg1/action
-- Up-to-date: /home/hawx/ws1/install/msg_pkg1/include/msg_pkg1/msg_pkg1/action/detail
-- Up-to-date: /home/hawx/ws1/install/msg_pkg1/include/msg_pkg1/msg_pkg1/action/detail/action1__rosidl_typesupport_introspection_cpp.hpp
-- Up-to-date: /home/hawx/ws1/install/msg_pkg1/include/msg_pkg1/msg_pkg1/action/detail/action1__type_support.cpp
-- Up-to-date: /home/hawx/ws1/install/msg_pkg1/lib/libmsg_pkg1__rosidl_typesupport_introspection_cpp.so
-- Up-to-date: /home/hawx/ws1/install/msg_pkg1/lib/libmsg_pkg1__rosidl_typesupport_cpp.so
-- Up-to-date: /home/hawx/ws1/install/msg_pkg1/share/msg_pkg1/environment/pythonpath.sh
-- Up-to-date: /home/hawx/ws1/install/msg_pkg1/share/msg_pkg1/environment/pythonpath.dsv
-- Up-to-date: /home/hawx/ws1/install/msg_pkg1/local/lib/python3.10/dist-packages/msg_pkg1-0.0.0-py3.10.egg-info
-- Installing: /home/hawx/ws1/install/msg_pkg1/local/lib/python3.10/dist-packages/msg_pkg1-0.0.0-py3.10.egg-info/SOURCES.txt
-- Installing: /home/hawx/ws1/install/msg_pkg1/local/lib/python3.10/dist-packages/msg_pkg1-0.0.0-py3.10.egg-info/dependency_links.txt
-- Installing: /home/hawx/ws1/install/msg_pkg1/local/lib/python3.10/dist-packages/msg_pkg1-0.0.0-py3.10.egg-info/PKG-INFO
-- Installing: /home/hawx/ws1/install/msg_pkg1/local/lib/python3.10/dist-packages/msg_pkg1-0.0.0-py3.10.egg-info/top_level.txt
-- Up-to-date: /home/hawx/ws1/install/msg_pkg1/local/lib/python3.10/dist-packages/msg_pkg1
-- Up-to-date: /home/hawx/ws1/install/msg_pkg1/local/lib/python3.10/dist-packages/msg_pkg1/msg_pkg1_s__rosidl_typesupport_fastrtps_c.cpython-310-x86_64-linux-gnu.so
-- Up-to-date: /home/hawx/ws1/install/msg_pkg1/local/lib/python3.10/dist-packages/msg_pkg1/msg_pkg1_s__rosidl_typesupport_introspection_c.cpython-310-x86_64-linux-gnu.so
-- Up-to-date: /home/hawx/ws1/install/msg_pkg1/local/lib/python3.10/dist-packages/msg_pkg1/_msg_pkg1_s.ep.rosidl_typesupport_c.c
-- Up-to-date: /home/hawx/ws1/install/msg_pkg1/local/lib/python3.10/dist-packages/msg_pkg1/msg
-- Up-to-date: /home/hawx/ws1/install/msg_pkg1/local/lib/python3.10/dist-packages/msg_pkg1/msg/_msg1_s.c
-- Up-to-date: /home/hawx/ws1/install/msg_pkg1/local/lib/python3.10/dist-packages/msg_pkg1/msg/_msg1.py
-- Up-to-date: /home/hawx/ws1/install/msg_pkg1/local/lib/python3.10/dist-packages/msg_pkg1/msg/__init__.py
-- Up-to-date: /home/hawx/ws1/install/msg_pkg1/local/lib/python3.10/dist-packages/msg_pkg1/msg_pkg1_s__rosidl_typesupport_c.cpython-310-x86_64-linux-gnu.so
-- Up-to-date: /home/hawx/ws1/install/msg_pkg1/local/lib/python3.10/dist-packages/msg_pkg1/srv
-- Up-to-date: /home/hawx/ws1/install/msg_pkg1/local/lib/python3.10/dist-packages/msg_pkg1/srv/_turtle_srvc1.py
-- Up-to-date: /home/hawx/ws1/install/msg_pkg1/local/lib/python3.10/dist-packages/msg_pkg1/srv/__init__.py
-- Up-to-date: /home/hawx/ws1/install/msg_pkg1/local/lib/python3.10/dist-packages/msg_pkg1/srv/_turtle_srvc1_s.c
-- Up-to-date: /home/hawx/ws1/install/msg_pkg1/local/lib/python3.10/dist-packages/msg_pkg1/__init__.py
-- Up-to-date: /home/hawx/ws1/install/msg_pkg1/local/lib/python3.10/dist-packages/msg_pkg1/libmsg_pkg1__rosidl_generator_py.so
-- Up-to-date: /home/hawx/ws1/install/msg_pkg1/local/lib/python3.10/dist-packages/msg_pkg1/_msg_pkg1_s.ep.rosidl_typesupport_fastrtps_c.c
-- Up-to-date: /home/hawx/ws1/install/msg_pkg1/local/lib/python3.10/dist-packages/msg_pkg1/_msg_pkg1_s.ep.rosidl_typesupport_introspection_c.c
-- Up-to-date: /home/hawx/ws1/install/msg_pkg1/local/lib/python3.10/dist-packages/msg_pkg1/action
-- Up-to-date: /home/hawx/ws1/install/msg_pkg1/local/lib/python3.10/dist-packages/msg_pkg1/action/_action1_s.c
-- Up-to-date: /home/hawx/ws1/install/msg_pkg1/local/lib/python3.10/dist-packages/msg_pkg1/action/__init__.py
-- Up-to-date: /home/hawx/ws1/install/msg_pkg1/local/lib/python3.10/dist-packages/msg_pkg1/action/_action1.py
Listing '/home/hawx/ws1/install/msg_pkg1/local/lib/python3.10/dist-packages/msg_pkg1'...
Listing '/home/hawx/ws1/install/msg_pkg1/local/lib/python3.10/dist-packages/msg_pkg1/action'...
Listing '/home/hawx/ws1/install/msg_pkg1/local/lib/python3.10/dist-packages/msg_pkg1/msg'...
Listing '/home/hawx/ws1/install/msg_pkg1/local/lib/python3.10/dist-packages/msg_pkg1/srv'...
-- Up-to-date: /home/hawx/ws1/install/msg_pkg1/local/lib/python3.10/dist-packages/msg_pkg1/msg_pkg1_s__rosidl_typesupport_fastrtps_c.cpython-310-x86_64-linux-gnu.so
-- Up-to-date: /home/hawx/ws1/install/msg_pkg1/local/lib/python3.10/dist-packages/msg_pkg1/msg_pkg1_s__rosidl_typesupport_introspection_c.cpython-310-x86_64-linux-gnu.so
-- Up-to-date: /home/hawx/ws1/install/msg_pkg1/local/lib/python3.10/dist-packages/msg_pkg1/msg_pkg1_s__rosidl_typesupport_c.cpython-310-x86_64-linux-gnu.so
-- Up-to-date: /home/hawx/ws1/install/msg_pkg1/lib/libmsg_pkg1__rosidl_generator_py.so
-- Up-to-date: /home/hawx/ws1/install/msg_pkg1/share/msg_pkg1/msg/Msg1.idl
-- Up-to-date: /home/hawx/ws1/install/msg_pkg1/share/msg_pkg1/srv/TurtleSrvc1.idl
-- Up-to-date: /home/hawx/ws1/install/msg_pkg1/share/msg_pkg1/action/Action1.idl
-- Up-to-date: /home/hawx/ws1/install/msg_pkg1/share/msg_pkg1/msg/Msg1.msg
-- Up-to-date: /home/hawx/ws1/install/msg_pkg1/share/msg_pkg1/srv/TurtleSrvc1.srv
-- Up-to-date: /home/hawx/ws1/install/msg_pkg1/share/msg_pkg1/srv/TurtleSrvc1_Request.msg
-- Up-to-date: /home/hawx/ws1/install/msg_pkg1/share/msg_pkg1/srv/TurtleSrvc1_Response.msg
-- Up-to-date: /home/hawx/ws1/install/msg_pkg1/share/msg_pkg1/action/Action1.action
-- Up-to-date: /home/hawx/ws1/install/msg_pkg1/share/ament_index/resource_index/package_run_dependencies/msg_pkg1
-- Up-to-date: /home/hawx/ws1/install/msg_pkg1/share/ament_index/resource_index/parent_prefix_path/msg_pkg1
-- Up-to-date: /home/hawx/ws1/install/msg_pkg1/share/msg_pkg1/environment/ament_prefix_path.sh
-- Up-to-date: /home/hawx/ws1/install/msg_pkg1/share/msg_pkg1/environment/ament_prefix_path.dsv
-- Up-to-date: /home/hawx/ws1/install/msg_pkg1/share/msg_pkg1/environment/path.sh
-- Up-to-date: /home/hawx/ws1/install/msg_pkg1/share/msg_pkg1/environment/path.dsv
-- Up-to-date: /home/hawx/ws1/install/msg_pkg1/share/msg_pkg1/local_setup.bash
-- Up-to-date: /home/hawx/ws1/install/msg_pkg1/share/msg_pkg1/local_setup.sh
-- Up-to-date: /home/hawx/ws1/install/msg_pkg1/share/msg_pkg1/local_setup.zsh
-- Up-to-date: /home/hawx/ws1/install/msg_pkg1/share/msg_pkg1/local_setup.dsv
-- Installing: /home/hawx/ws1/install/msg_pkg1/share/msg_pkg1/package.dsv
-- Up-to-date: /home/hawx/ws1/install/msg_pkg1/share/ament_index/resource_index/packages/msg_pkg1
-- Up-to-date: /home/hawx/ws1/install/msg_pkg1/share/msg_pkg1/cmake/export_msg_pkg1__rosidl_generator_cExport.cmake
-- Up-to-date: /home/hawx/ws1/install/msg_pkg1/share/msg_pkg1/cmake/export_msg_pkg1__rosidl_generator_cExport-noconfig.cmake
-- Up-to-date: /home/hawx/ws1/install/msg_pkg1/share/msg_pkg1/cmake/export_msg_pkg1__rosidl_typesupport_fastrtps_cExport.cmake
-- Up-to-date: /home/hawx/ws1/install/msg_pkg1/share/msg_pkg1/cmake/export_msg_pkg1__rosidl_typesupport_fastrtps_cExport-noconfig.cmake
-- Up-to-date: /home/hawx/ws1/install/msg_pkg1/share/msg_pkg1/cmake/msg_pkg1__rosidl_typesupport_introspection_cExport.cmake
-- Up-to-date: /home/hawx/ws1/install/msg_pkg1/share/msg_pkg1/cmake/msg_pkg1__rosidl_typesupport_introspection_cExport-noconfig.cmake
-- Up-to-date: /home/hawx/ws1/install/msg_pkg1/share/msg_pkg1/cmake/msg_pkg1__rosidl_typesupport_cExport.cmake
-- Up-to-date: /home/hawx/ws1/install/msg_pkg1/share/msg_pkg1/cmake/msg_pkg1__rosidl_typesupport_cExport-noconfig.cmake
-- Up-to-date: /home/hawx/ws1/install/msg_pkg1/share/msg_pkg1/cmake/export_msg_pkg1__rosidl_generator_cppExport.cmake
-- Up-to-date: /home/hawx/ws1/install/msg_pkg1/share/msg_pkg1/cmake/export_msg_pkg1__rosidl_typesupport_fastrtps_cppExport.cmake
-- Up-to-date: /home/hawx/ws1/install/msg_pkg1/share/msg_pkg1/cmake/export_msg_pkg1__rosidl_typesupport_fastrtps_cppExport-noconfig.cmake
-- Up-to-date: /home/hawx/ws1/install/msg_pkg1/share/msg_pkg1/cmake/msg_pkg1__rosidl_typesupport_introspection_cppExport.cmake
-- Up-to-date: /home/hawx/ws1/install/msg_pkg1/share/msg_pkg1/cmake/msg_pkg1__rosidl_typesupport_introspection_cppExport-noconfig.cmake
-- Up-to-date: /home/hawx/ws1/install/msg_pkg1/share/msg_pkg1/cmake/msg_pkg1__rosidl_typesupport_cppExport.cmake
-- Up-to-date: /home/hawx/ws1/install/msg_pkg1/share/msg_pkg1/cmake/msg_pkg1__rosidl_typesupport_cppExport-noconfig.cmake
-- Up-to-date: /home/hawx/ws1/install/msg_pkg1/share/msg_pkg1/cmake/export_msg_pkg1__rosidl_generator_pyExport.cmake
-- Up-to-date: /home/hawx/ws1/install/msg_pkg1/share/msg_pkg1/cmake/export_msg_pkg1__rosidl_generator_pyExport-noconfig.cmake
-- Up-to-date: /home/hawx/ws1/install/msg_pkg1/share/msg_pkg1/cmake/rosidl_cmake-extras.cmake
-- Up-to-date: /home/hawx/ws1/install/msg_pkg1/share/msg_pkg1/cmake/ament_cmake_export_dependencies-extras.cmake
-- Up-to-date: /home/hawx/ws1/install/msg_pkg1/share/msg_pkg1/cmake/ament_cmake_export_include_directories-extras.cmake
-- Up-to-date: /home/hawx/ws1/install/msg_pkg1/share/msg_pkg1/cmake/ament_cmake_export_libraries-extras.cmake
-- Up-to-date: /home/hawx/ws1/install/msg_pkg1/share/msg_pkg1/cmake/ament_cmake_export_targets-extras.cmake
-- Up-to-date: /home/hawx/ws1/install/msg_pkg1/share/msg_pkg1/cmake/rosidl_cmake_export_typesupport_targets-extras.cmake
-- Up-to-date: /home/hawx/ws1/install/msg_pkg1/share/msg_pkg1/cmake/rosidl_cmake_export_typesupport_libraries-extras.cmake
-- Up-to-date: /home/hawx/ws1/install/msg_pkg1/share/msg_pkg1/cmake/msg_pkg1Config.cmake
-- Up-to-date: /home/hawx/ws1/install/msg_pkg1/share/msg_pkg1/cmake/msg_pkg1Config-version.cmake
-- Up-to-date: /home/hawx/ws1/install/msg_pkg1/share/msg_pkg1/package.xml
