[0.542s] Invoking command in '/home/hawx/ws1/src/py_pkg2': PYTHONPATH=/home/hawx/ws1/src/build/py_pkg2/prefix_override:/usr/lib/python3/dist-packages/colcon_core/task/python/colcon_distutils_commands:/home/hawx/ws1/src/install/py_pkg2/lib/python3.10/site-packages:${PYTHONPATH} /usr/bin/python3 -W ignore:setup.py install is deprecated -W ignore:easy_install command is deprecated setup.py egg_info --egg-base ../build/py_pkg2 build --build-base /home/hawx/ws1/src/build/py_pkg2/build install --record /home/hawx/ws1/src/build/py_pkg2/install.log --single-version-externally-managed install_data
[0.655s] running egg_info
[0.655s] creating ../build/py_pkg2/py_pkg2.egg-info
[0.655s] writing ../build/py_pkg2/py_pkg2.egg-info/PKG-INFO
[0.655s] writing dependency_links to ../build/py_pkg2/py_pkg2.egg-info/dependency_links.txt
[0.655s] writing entry points to ../build/py_pkg2/py_pkg2.egg-info/entry_points.txt
[0.656s] writing requirements to ../build/py_pkg2/py_pkg2.egg-info/requires.txt
[0.656s] writing top-level names to ../build/py_pkg2/py_pkg2.egg-info/top_level.txt
[0.656s] writing manifest file '../build/py_pkg2/py_pkg2.egg-info/SOURCES.txt'
[0.657s] reading manifest file '../build/py_pkg2/py_pkg2.egg-info/SOURCES.txt'
[0.657s] adding license file 'LICENSE'
[0.657s] writing manifest file '../build/py_pkg2/py_pkg2.egg-info/SOURCES.txt'
[0.657s] running build
[0.657s] running build_py
[0.657s] creating /home/hawx/ws1/src/build/py_pkg2/build
[0.657s] creating /home/hawx/ws1/src/build/py_pkg2/build/lib
[0.657s] creating /home/hawx/ws1/src/build/py_pkg2/build/lib/py_pkg2
[0.657s] copying py_pkg2/cli_node1.py -> /home/hawx/ws1/src/build/py_pkg2/build/lib/py_pkg2
[0.657s] copying py_pkg2/srv_node1.py -> /home/hawx/ws1/src/build/py_pkg2/build/lib/py_pkg2
[0.657s] copying py_pkg2/__init__.py -> /home/hawx/ws1/src/build/py_pkg2/build/lib/py_pkg2
[0.657s] running install
[0.657s] running install_lib
[0.658s] creating /home/hawx/ws1/src/install/py_pkg2/lib/python3.10/site-packages/py_pkg2
[0.658s] copying /home/hawx/ws1/src/build/py_pkg2/build/lib/py_pkg2/cli_node1.py -> /home/hawx/ws1/src/install/py_pkg2/lib/python3.10/site-packages/py_pkg2
[0.658s] copying /home/hawx/ws1/src/build/py_pkg2/build/lib/py_pkg2/srv_node1.py -> /home/hawx/ws1/src/install/py_pkg2/lib/python3.10/site-packages/py_pkg2
[0.658s] copying /home/hawx/ws1/src/build/py_pkg2/build/lib/py_pkg2/__init__.py -> /home/hawx/ws1/src/install/py_pkg2/lib/python3.10/site-packages/py_pkg2
[0.658s] byte-compiling /home/hawx/ws1/src/install/py_pkg2/lib/python3.10/site-packages/py_pkg2/cli_node1.py to cli_node1.cpython-310.pyc
[0.658s] byte-compiling /home/hawx/ws1/src/install/py_pkg2/lib/python3.10/site-packages/py_pkg2/srv_node1.py to srv_node1.cpython-310.pyc
[0.659s] byte-compiling /home/hawx/ws1/src/install/py_pkg2/lib/python3.10/site-packages/py_pkg2/__init__.py to __init__.cpython-310.pyc
[0.659s] running install_data
[0.659s] creating /home/hawx/ws1/src/install/py_pkg2/share/ament_index
[0.659s] creating /home/hawx/ws1/src/install/py_pkg2/share/ament_index/resource_index
[0.659s] creating /home/hawx/ws1/src/install/py_pkg2/share/ament_index/resource_index/packages
[0.659s] copying resource/py_pkg2 -> /home/hawx/ws1/src/install/py_pkg2/share/ament_index/resource_index/packages
[0.659s] copying package.xml -> /home/hawx/ws1/src/install/py_pkg2/share/py_pkg2
[0.659s] running install_egg_info
[0.660s] Copying ../build/py_pkg2/py_pkg2.egg-info to /home/hawx/ws1/src/install/py_pkg2/lib/python3.10/site-packages/py_pkg2-0.0.0-py3.10.egg-info
[0.660s] running install_scripts
[0.670s] Installing client1 script to /home/hawx/ws1/src/install/py_pkg2/lib/py_pkg2
[0.670s] Installing server1 script to /home/hawx/ws1/src/install/py_pkg2/lib/py_pkg2
[0.670s] writing list of installed files to '/home/hawx/ws1/src/build/py_pkg2/install.log'
[0.685s] Invoked command in '/home/hawx/ws1/src/py_pkg2' returned '0': PYTHONPATH=/home/hawx/ws1/src/build/py_pkg2/prefix_override:/usr/lib/python3/dist-packages/colcon_core/task/python/colcon_distutils_commands:/home/hawx/ws1/src/install/py_pkg2/lib/python3.10/site-packages:${PYTHONPATH} /usr/bin/python3 -W ignore:setup.py install is deprecated -W ignore:easy_install command is deprecated setup.py egg_info --egg-base ../build/py_pkg2 build --build-base /home/hawx/ws1/src/build/py_pkg2/build install --record /home/hawx/ws1/src/build/py_pkg2/install.log --single-version-externally-managed install_data
