[  2%] [34m[1mGenerating C code for ROS interfaces[0m
[  4%] [34m[1mGenerating C++ code for ROS interfaces[0m
[  4%] Built target ament_cmake_python_copy_msg_pkg1
running egg_info
creating msg_pkg1.egg-info
writing msg_pkg1.egg-info/PKG-INFO
writing dependency_links to msg_pkg1.egg-info/dependency_links.txt
writing top-level names to msg_pkg1.egg-info/top_level.txt
writing manifest file 'msg_pkg1.egg-info/SOURCES.txt'
reading manifest file 'msg_pkg1.egg-info/SOURCES.txt'
writing manifest file 'msg_pkg1.egg-info/SOURCES.txt'
[  4%] Built target ament_cmake_python_build_msg_pkg1_egg
[  4%] Built target msg_pkg1__cpp
[  8%] [32mBuilding C object CMakeFiles/msg_pkg1__rosidl_generator_c.dir/rosidl_generator_c/msg_pkg1/srv/detail/turtle_srvc1__functions.c.o[0m
[  8%] [32mBuilding C object CMakeFiles/msg_pkg1__rosidl_generator_c.dir/rosidl_generator_c/msg_pkg1/msg/detail/msg1__functions.c.o[0m
[ 10%] [32mBuilding C object CMakeFiles/msg_pkg1__rosidl_generator_c.dir/rosidl_generator_c/msg_pkg1/action/detail/action1__functions.c.o[0m
[ 12%] [34m[1mGenerating C++ type support dispatch for ROS interfaces[0m
[ 17%] [34m[1mGenerating C++ type support for eProsima Fast-RTPS[0m
[ 17%] [34m[1mGenerating C++ introspection for ROS interfaces[0m
[ 19%] [32m[1mLinking C shared library libmsg_pkg1__rosidl_generator_c.so[0m
[ 19%] Built target msg_pkg1__rosidl_generator_c
[ 23%] [34m[1mGenerating C introspection for ROS interfaces[0m
[ 23%] [34m[1mGenerating C type support for eProsima Fast-RTPS[0m
[ 25%] [34m[1mGenerating C type support dispatch for ROS interfaces[0m
[ 27%] [32mBuilding CXX object CMakeFiles/msg_pkg1__rosidl_typesupport_cpp.dir/rosidl_typesupport_cpp/msg_pkg1/msg/msg1__type_support.cpp.o[0m
[ 29%] [32mBuilding CXX object CMakeFiles/msg_pkg1__rosidl_typesupport_cpp.dir/rosidl_typesupport_cpp/msg_pkg1/action/action1__type_support.cpp.o[0m
[ 31%] [32mBuilding CXX object CMakeFiles/msg_pkg1__rosidl_typesupport_cpp.dir/rosidl_typesupport_cpp/msg_pkg1/srv/turtle_srvc1__type_support.cpp.o[0m
[ 34%] [32mBuilding CXX object CMakeFiles/msg_pkg1__rosidl_typesupport_introspection_cpp.dir/rosidl_typesupport_introspection_cpp/msg_pkg1/msg/detail/msg1__type_support.cpp.o[0m
[ 36%] [32mBuilding CXX object CMakeFiles/msg_pkg1__rosidl_typesupport_introspection_cpp.dir/rosidl_typesupport_introspection_cpp/msg_pkg1/srv/detail/turtle_srvc1__type_support.cpp.o[0m
[ 38%] [32mBuilding CXX object CMakeFiles/msg_pkg1__rosidl_typesupport_introspection_cpp.dir/rosidl_typesupport_introspection_cpp/msg_pkg1/action/detail/action1__type_support.cpp.o[0m
[ 40%] [32mBuilding CXX object CMakeFiles/msg_pkg1__rosidl_typesupport_fastrtps_cpp.dir/rosidl_typesupport_fastrtps_cpp/msg_pkg1/msg/detail/dds_fastrtps/msg1__type_support.cpp.o[0m
[ 42%] [32mBuilding CXX object CMakeFiles/msg_pkg1__rosidl_typesupport_fastrtps_cpp.dir/rosidl_typesupport_fastrtps_cpp/msg_pkg1/srv/detail/dds_fastrtps/turtle_srvc1__type_support.cpp.o[0m
[ 44%] [32mBuilding CXX object CMakeFiles/msg_pkg1__rosidl_typesupport_fastrtps_cpp.dir/rosidl_typesupport_fastrtps_cpp/msg_pkg1/action/detail/dds_fastrtps/action1__type_support.cpp.o[0m
[ 46%] [32mBuilding CXX object CMakeFiles/msg_pkg1__rosidl_typesupport_c.dir/rosidl_typesupport_c/msg_pkg1/action/action1__type_support.cpp.o[0m
[ 48%] [32mBuilding CXX object CMakeFiles/msg_pkg1__rosidl_typesupport_c.dir/rosidl_typesupport_c/msg_pkg1/srv/turtle_srvc1__type_support.cpp.o[0m
[ 51%] [32mBuilding CXX object CMakeFiles/msg_pkg1__rosidl_typesupport_c.dir/rosidl_typesupport_c/msg_pkg1/msg/msg1__type_support.cpp.o[0m
[ 53%] [32m[1mLinking CXX shared library libmsg_pkg1__rosidl_typesupport_c.so[0m
[ 55%] [32mBuilding C object CMakeFiles/msg_pkg1__rosidl_typesupport_introspection_c.dir/rosidl_typesupport_introspection_c/msg_pkg1/msg/detail/msg1__type_support.c.o[0m
[ 57%] [32mBuilding C object CMakeFiles/msg_pkg1__rosidl_typesupport_introspection_c.dir/rosidl_typesupport_introspection_c/msg_pkg1/srv/detail/turtle_srvc1__type_support.c.o[0m
[ 59%] [32mBuilding C object CMakeFiles/msg_pkg1__rosidl_typesupport_introspection_c.dir/rosidl_typesupport_introspection_c/msg_pkg1/action/detail/action1__type_support.c.o[0m
[ 59%] Built target msg_pkg1__rosidl_typesupport_c
[ 61%] [32m[1mLinking C shared library libmsg_pkg1__rosidl_typesupport_introspection_c.so[0m
[ 63%] [32mBuilding CXX object CMakeFiles/msg_pkg1__rosidl_typesupport_fastrtps_c.dir/rosidl_typesupport_fastrtps_c/msg_pkg1/msg/detail/msg1__type_support_c.cpp.o[0m
[ 65%] [32mBuilding CXX object CMakeFiles/msg_pkg1__rosidl_typesupport_fastrtps_c.dir/rosidl_typesupport_fastrtps_c/msg_pkg1/action/detail/action1__type_support_c.cpp.o[0m
[ 68%] [32mBuilding CXX object CMakeFiles/msg_pkg1__rosidl_typesupport_fastrtps_c.dir/rosidl_typesupport_fastrtps_c/msg_pkg1/srv/detail/turtle_srvc1__type_support_c.cpp.o[0m
[ 68%] Built target msg_pkg1__rosidl_typesupport_introspection_c
[ 70%] [32m[1mLinking CXX shared library libmsg_pkg1__rosidl_typesupport_cpp.so[0m
[ 70%] Built target msg_pkg1__rosidl_typesupport_cpp
[ 72%] [32m[1mLinking CXX shared library libmsg_pkg1__rosidl_typesupport_introspection_cpp.so[0m
[ 74%] [32m[1mLinking CXX shared library libmsg_pkg1__rosidl_typesupport_fastrtps_cpp.so[0m
[ 76%] [32m[1mLinking CXX shared library libmsg_pkg1__rosidl_typesupport_fastrtps_c.so[0m
[ 76%] Built target msg_pkg1__rosidl_typesupport_introspection_cpp
[ 76%] Built target msg_pkg1__rosidl_typesupport_fastrtps_cpp
[ 76%] Built target msg_pkg1__rosidl_typesupport_fastrtps_c
[ 76%] Built target msg_pkg1
[ 78%] [34m[1mGenerating Python code for ROS interfaces[0m
[ 78%] Built target msg_pkg1__py
[ 80%] [32mBuilding C object CMakeFiles/msg_pkg1__rosidl_generator_py.dir/rosidl_generator_py/msg_pkg1/msg/_msg1_s.c.o[0m
[ 85%] [32mBuilding C object CMakeFiles/msg_pkg1__rosidl_generator_py.dir/rosidl_generator_py/msg_pkg1/action/_action1_s.c.o[0m
[ 85%] [32mBuilding C object CMakeFiles/msg_pkg1__rosidl_generator_py.dir/rosidl_generator_py/msg_pkg1/srv/_turtle_srvc1_s.c.o[0m
[ 87%] [32m[1mLinking C shared library rosidl_generator_py/msg_pkg1/libmsg_pkg1__rosidl_generator_py.so[0m
[ 87%] Built target msg_pkg1__rosidl_generator_py
[ 89%] [32mBuilding C object CMakeFiles/msg_pkg1__rosidl_typesupport_introspection_c__pyext.dir/rosidl_generator_py/msg_pkg1/_msg_pkg1_s.ep.rosidl_typesupport_introspection_c.c.o[0m
[ 91%] [32mBuilding C object CMakeFiles/msg_pkg1__rosidl_typesupport_fastrtps_c__pyext.dir/rosidl_generator_py/msg_pkg1/_msg_pkg1_s.ep.rosidl_typesupport_fastrtps_c.c.o[0m
[ 93%] [32mBuilding C object CMakeFiles/msg_pkg1__rosidl_typesupport_c__pyext.dir/rosidl_generator_py/msg_pkg1/_msg_pkg1_s.ep.rosidl_typesupport_c.c.o[0m
[ 95%] [32m[1mLinking C shared library rosidl_generator_py/msg_pkg1/msg_pkg1_s__rosidl_typesupport_c.cpython-310-x86_64-linux-gnu.so[0m
[100%] [32m[1mLinking C shared library rosidl_generator_py/msg_pkg1/msg_pkg1_s__rosidl_typesupport_introspection_c.cpython-310-x86_64-linux-gnu.so[0m
[100%] [32m[1mLinking C shared library rosidl_generator_py/msg_pkg1/msg_pkg1_s__rosidl_typesupport_fastrtps_c.cpython-310-x86_64-linux-gnu.so[0m
[100%] Built target msg_pkg1__rosidl_typesupport_fastrtps_c__pyext
[100%] Built target msg_pkg1__rosidl_typesupport_c__pyext
[100%] Built target msg_pkg1__rosidl_typesupport_introspection_c__pyext
