[0.017s] Invoking command in '/home/hawx/ws1/build/msg_pkg1': CMAKE_PREFIX_PATH=${CMAKE_PREFIX_PATH}:/home/hawx/ws1/install/pypara_pkg1:/home/hawx/ws1/install/py_pkg2:/home/hawx/ws1/install/py_pkg1:/home/hawx/ws1/install/pubsub_pkg1:/home/hawx/ws1/src/install/pypara_pkg1:/home/hawx/ws1/src/install/py_pkg2:/home/hawx/ws1/src/install/py_pkg1:/opt/ros/humble /usr/bin/cmake --build /home/hawx/ws1/build/msg_pkg1 -- -j32 -l32
[0.472s] [  2%] [34m[1mGenerating C code for ROS interfaces[0m
[0.472s] [  4%] [34m[1mGenerating C++ code for ROS interfaces[0m
[0.472s] [  4%] Built target ament_cmake_python_copy_msg_pkg1
[0.472s] running egg_info
[0.472s] creating msg_pkg1.egg-info
[0.472s] writing msg_pkg1.egg-info/PKG-INFO
[0.472s] writing dependency_links to msg_pkg1.egg-info/dependency_links.txt
[0.472s] writing top-level names to msg_pkg1.egg-info/top_level.txt
[0.472s] writing manifest file 'msg_pkg1.egg-info/SOURCES.txt'
[0.472s] reading manifest file 'msg_pkg1.egg-info/SOURCES.txt'
[0.472s] writing manifest file 'msg_pkg1.egg-info/SOURCES.txt'
[0.472s] [  4%] Built target ament_cmake_python_build_msg_pkg1_egg
[0.472s] [  4%] Built target msg_pkg1__cpp
[0.472s] [  8%] [32mBuilding C object CMakeFiles/msg_pkg1__rosidl_generator_c.dir/rosidl_generator_c/msg_pkg1/srv/detail/turtle_srvc1__functions.c.o[0m
[0.472s] [  8%] [32mBuilding C object CMakeFiles/msg_pkg1__rosidl_generator_c.dir/rosidl_generator_c/msg_pkg1/msg/detail/msg1__functions.c.o[0m
[0.472s] [ 10%] [32mBuilding C object CMakeFiles/msg_pkg1__rosidl_generator_c.dir/rosidl_generator_c/msg_pkg1/action/detail/action1__functions.c.o[0m
[0.472s] [ 12%] [34m[1mGenerating C++ type support dispatch for ROS interfaces[0m
[0.472s] [ 17%] [34m[1mGenerating C++ type support for eProsima Fast-RTPS[0m
[0.472s] [ 17%] [34m[1mGenerating C++ introspection for ROS interfaces[0m
[0.472s] [ 19%] [32m[1mLinking C shared library libmsg_pkg1__rosidl_generator_c.so[0m
[0.473s] [ 19%] Built target msg_pkg1__rosidl_generator_c
[0.480s] [ 23%] [34m[1mGenerating C introspection for ROS interfaces[0m
[0.480s] [ 23%] [34m[1mGenerating C type support for eProsima Fast-RTPS[0m
[0.480s] [ 25%] [34m[1mGenerating C type support dispatch for ROS interfaces[0m
[0.589s] [ 27%] [32mBuilding CXX object CMakeFiles/msg_pkg1__rosidl_typesupport_cpp.dir/rosidl_typesupport_cpp/msg_pkg1/msg/msg1__type_support.cpp.o[0m
[0.591s] [ 29%] [32mBuilding CXX object CMakeFiles/msg_pkg1__rosidl_typesupport_cpp.dir/rosidl_typesupport_cpp/msg_pkg1/action/action1__type_support.cpp.o[0m
[0.593s] [ 31%] [32mBuilding CXX object CMakeFiles/msg_pkg1__rosidl_typesupport_cpp.dir/rosidl_typesupport_cpp/msg_pkg1/srv/turtle_srvc1__type_support.cpp.o[0m
[0.638s] [ 34%] [32mBuilding CXX object CMakeFiles/msg_pkg1__rosidl_typesupport_introspection_cpp.dir/rosidl_typesupport_introspection_cpp/msg_pkg1/msg/detail/msg1__type_support.cpp.o[0m
[0.638s] [ 36%] [32mBuilding CXX object CMakeFiles/msg_pkg1__rosidl_typesupport_introspection_cpp.dir/rosidl_typesupport_introspection_cpp/msg_pkg1/srv/detail/turtle_srvc1__type_support.cpp.o[0m
[0.639s] [ 38%] [32mBuilding CXX object CMakeFiles/msg_pkg1__rosidl_typesupport_introspection_cpp.dir/rosidl_typesupport_introspection_cpp/msg_pkg1/action/detail/action1__type_support.cpp.o[0m
[0.680s] [ 40%] [32mBuilding CXX object CMakeFiles/msg_pkg1__rosidl_typesupport_fastrtps_cpp.dir/rosidl_typesupport_fastrtps_cpp/msg_pkg1/msg/detail/dds_fastrtps/msg1__type_support.cpp.o[0m
[0.681s] [ 42%] [32mBuilding CXX object CMakeFiles/msg_pkg1__rosidl_typesupport_fastrtps_cpp.dir/rosidl_typesupport_fastrtps_cpp/msg_pkg1/srv/detail/dds_fastrtps/turtle_srvc1__type_support.cpp.o[0m
[0.681s] [ 44%] [32mBuilding CXX object CMakeFiles/msg_pkg1__rosidl_typesupport_fastrtps_cpp.dir/rosidl_typesupport_fastrtps_cpp/msg_pkg1/action/detail/dds_fastrtps/action1__type_support.cpp.o[0m
[0.698s] [ 46%] [32mBuilding CXX object CMakeFiles/msg_pkg1__rosidl_typesupport_c.dir/rosidl_typesupport_c/msg_pkg1/action/action1__type_support.cpp.o[0m
[0.698s] [ 48%] [32mBuilding CXX object CMakeFiles/msg_pkg1__rosidl_typesupport_c.dir/rosidl_typesupport_c/msg_pkg1/srv/turtle_srvc1__type_support.cpp.o[0m
[0.698s] [ 51%] [32mBuilding CXX object CMakeFiles/msg_pkg1__rosidl_typesupport_c.dir/rosidl_typesupport_c/msg_pkg1/msg/msg1__type_support.cpp.o[0m
[0.745s] [ 53%] [32m[1mLinking CXX shared library libmsg_pkg1__rosidl_typesupport_c.so[0m
[0.754s] [ 55%] [32mBuilding C object CMakeFiles/msg_pkg1__rosidl_typesupport_introspection_c.dir/rosidl_typesupport_introspection_c/msg_pkg1/msg/detail/msg1__type_support.c.o[0m
[0.755s] [ 57%] [32mBuilding C object CMakeFiles/msg_pkg1__rosidl_typesupport_introspection_c.dir/rosidl_typesupport_introspection_c/msg_pkg1/srv/detail/turtle_srvc1__type_support.c.o[0m
[0.755s] [ 59%] [32mBuilding C object CMakeFiles/msg_pkg1__rosidl_typesupport_introspection_c.dir/rosidl_typesupport_introspection_c/msg_pkg1/action/detail/action1__type_support.c.o[0m
[0.775s] [ 59%] Built target msg_pkg1__rosidl_typesupport_c
[0.786s] [ 61%] [32m[1mLinking C shared library libmsg_pkg1__rosidl_typesupport_introspection_c.so[0m
[0.795s] [ 63%] [32mBuilding CXX object CMakeFiles/msg_pkg1__rosidl_typesupport_fastrtps_c.dir/rosidl_typesupport_fastrtps_c/msg_pkg1/msg/detail/msg1__type_support_c.cpp.o[0m
[0.795s] [ 65%] [32mBuilding CXX object CMakeFiles/msg_pkg1__rosidl_typesupport_fastrtps_c.dir/rosidl_typesupport_fastrtps_c/msg_pkg1/action/detail/action1__type_support_c.cpp.o[0m
[0.796s] [ 68%] [32mBuilding CXX object CMakeFiles/msg_pkg1__rosidl_typesupport_fastrtps_c.dir/rosidl_typesupport_fastrtps_c/msg_pkg1/srv/detail/turtle_srvc1__type_support_c.cpp.o[0m
[0.808s] [ 68%] Built target msg_pkg1__rosidl_typesupport_introspection_c
[0.890s] [ 70%] [32m[1mLinking CXX shared library libmsg_pkg1__rosidl_typesupport_cpp.so[0m
[0.919s] [ 70%] Built target msg_pkg1__rosidl_typesupport_cpp
[0.963s] [ 72%] [32m[1mLinking CXX shared library libmsg_pkg1__rosidl_typesupport_introspection_cpp.so[0m
[0.990s] [ 74%] [32m[1mLinking CXX shared library libmsg_pkg1__rosidl_typesupport_fastrtps_cpp.so[0m
[1.000s] [ 76%] [32m[1mLinking CXX shared library libmsg_pkg1__rosidl_typesupport_fastrtps_c.so[0m
[1.009s] [ 76%] Built target msg_pkg1__rosidl_typesupport_introspection_cpp
[1.035s] [ 76%] Built target msg_pkg1__rosidl_typesupport_fastrtps_cpp
[1.045s] [ 76%] Built target msg_pkg1__rosidl_typesupport_fastrtps_c
[1.057s] [ 76%] Built target msg_pkg1
[1.068s] [ 78%] [34m[1mGenerating Python code for ROS interfaces[0m
[1.584s] [ 78%] Built target msg_pkg1__py
[1.596s] [ 80%] [32mBuilding C object CMakeFiles/msg_pkg1__rosidl_generator_py.dir/rosidl_generator_py/msg_pkg1/msg/_msg1_s.c.o[0m
[1.596s] [ 85%] [32mBuilding C object CMakeFiles/msg_pkg1__rosidl_generator_py.dir/rosidl_generator_py/msg_pkg1/action/_action1_s.c.o[0m
[1.596s] [ 85%] [32mBuilding C object CMakeFiles/msg_pkg1__rosidl_generator_py.dir/rosidl_generator_py/msg_pkg1/srv/_turtle_srvc1_s.c.o[0m
[1.672s] [ 87%] [32m[1mLinking C shared library rosidl_generator_py/msg_pkg1/libmsg_pkg1__rosidl_generator_py.so[0m
[1.697s] [ 87%] Built target msg_pkg1__rosidl_generator_py
[1.710s] [ 89%] [32mBuilding C object CMakeFiles/msg_pkg1__rosidl_typesupport_introspection_c__pyext.dir/rosidl_generator_py/msg_pkg1/_msg_pkg1_s.ep.rosidl_typesupport_introspection_c.c.o[0m
[1.710s] [ 91%] [32mBuilding C object CMakeFiles/msg_pkg1__rosidl_typesupport_fastrtps_c__pyext.dir/rosidl_generator_py/msg_pkg1/_msg_pkg1_s.ep.rosidl_typesupport_fastrtps_c.c.o[0m
[1.711s] [ 93%] [32mBuilding C object CMakeFiles/msg_pkg1__rosidl_typesupport_c__pyext.dir/rosidl_generator_py/msg_pkg1/_msg_pkg1_s.ep.rosidl_typesupport_c.c.o[0m
[1.784s] [ 95%] [32m[1mLinking C shared library rosidl_generator_py/msg_pkg1/msg_pkg1_s__rosidl_typesupport_c.cpython-310-x86_64-linux-gnu.so[0m
[1.784s] [100%] [32m[1mLinking C shared library rosidl_generator_py/msg_pkg1/msg_pkg1_s__rosidl_typesupport_introspection_c.cpython-310-x86_64-linux-gnu.so[0m
[1.784s] [100%] [32m[1mLinking C shared library rosidl_generator_py/msg_pkg1/msg_pkg1_s__rosidl_typesupport_fastrtps_c.cpython-310-x86_64-linux-gnu.so[0m
[1.808s] [100%] Built target msg_pkg1__rosidl_typesupport_fastrtps_c__pyext
[1.809s] [100%] Built target msg_pkg1__rosidl_typesupport_c__pyext
[1.809s] [100%] Built target msg_pkg1__rosidl_typesupport_introspection_c__pyext
