[0.020s] Invoking command in '/home/hawx/ws1/build/msg_pkg1': CMAKE_PREFIX_PATH=${CMAKE_PREFIX_PATH}:/home/hawx/ws1/install/pypara_pkg1:/home/hawx/ws1/install/py_pkg2:/home/hawx/ws1/install/py_pkg1:/home/hawx/ws1/install/pubsub_pkg1:/home/hawx/ws1/src/install/pypara_pkg1:/home/hawx/ws1/src/install/py_pkg2:/home/hawx/ws1/src/install/py_pkg1:/opt/ros/humble /usr/bin/cmake --build /home/hawx/ws1/build/msg_pkg1 -- -j32 -l32
[0.465s] [  2%] Built target msg_pkg1__cpp
[0.465s] [ 12%] Built target msg_pkg1__rosidl_generator_c
[0.465s] [ 12%] Built target ament_cmake_python_copy_msg_pkg1
[0.465s] [ 34%] Built target msg_pkg1__rosidl_typesupport_cpp
[0.465s] [ 34%] Built target msg_pkg1__rosidl_typesupport_fastrtps_cpp
[0.465s] [ 44%] Built target msg_pkg1__rosidl_typesupport_introspection_cpp
[0.465s] [ 55%] Built target msg_pkg1__rosidl_typesupport_introspection_c
[0.465s] [ 65%] Built target msg_pkg1__rosidl_typesupport_fastrtps_c
[0.465s] [ 76%] Built target msg_pkg1__rosidl_typesupport_c
[0.465s] [ 76%] Built target msg_pkg1
[0.465s] [ 78%] Built target msg_pkg1__py
[0.465s] [ 87%] Built target msg_pkg1__rosidl_generator_py
[0.465s] [ 91%] Built target msg_pkg1__rosidl_typesupport_fastrtps_c__pyext
[0.465s] [ 95%] Built target msg_pkg1__rosidl_typesupport_c__pyext
[0.465s] [100%] Built target msg_pkg1__rosidl_typesupport_introspection_c__pyext
[0.465s] running egg_info
[0.465s] writing msg_pkg1.egg-info/PKG-INFO
[0.465s] writing dependency_links to msg_pkg1.egg-info/dependency_links.txt
[0.465s] writing top-level names to msg_pkg1.egg-info/top_level.txt
[0.465s] reading manifest file 'msg_pkg1.egg-info/SOURCES.txt'
[0.465s] writing manifest file 'msg_pkg1.egg-info/SOURCES.txt'
[0.466s] [100%] Built target ament_cmake_python_build_msg_pkg1_egg
[0.622s] Invoked command in '/home/hawx/ws1/build/msg_pkg1' returned '0': CMAKE_PREFIX_PATH=${CMAKE_PREFIX_PATH}:/home/hawx/ws1/install/pypara_pkg1:/home/hawx/ws1/install/py_pkg2:/home/hawx/ws1/install/py_pkg1:/home/hawx/ws1/install/pubsub_pkg1:/home/hawx/ws1/src/install/pypara_pkg1:/home/hawx/ws1/src/install/py_pkg2:/home/hawx/ws1/src/install/py_pkg1:/opt/ros/humble /usr/bin/cmake --build /home/hawx/ws1/build/msg_pkg1 -- -j32 -l32
[0.623s] Invoking command in '/home/hawx/ws1/build/msg_pkg1': CMAKE_PREFIX_PATH=${CMAKE_PREFIX_PATH}:/home/hawx/ws1/install/pypara_pkg1:/home/hawx/ws1/install/py_pkg2:/home/hawx/ws1/install/py_pkg1:/home/hawx/ws1/install/pubsub_pkg1:/home/hawx/ws1/src/install/pypara_pkg1:/home/hawx/ws1/src/install/py_pkg2:/home/hawx/ws1/src/install/py_pkg1:/opt/ros/humble /usr/bin/cmake --install /home/hawx/ws1/build/msg_pkg1
[0.632s] -- Install configuration: ""
[0.632s] -- Up-to-date: /home/hawx/ws1/install/msg_pkg1/share/ament_index/resource_index/rosidl_interfaces/msg_pkg1
[0.632s] -- Up-to-date: /home/hawx/ws1/install/msg_pkg1/include/msg_pkg1/msg_pkg1
[0.632s] -- Up-to-date: /home/hawx/ws1/install/msg_pkg1/include/msg_pkg1/msg_pkg1/msg
[0.632s] -- Up-to-date: /home/hawx/ws1/install/msg_pkg1/include/msg_pkg1/msg_pkg1/msg/rosidl_generator_c__visibility_control.h
[0.632s] -- Up-to-date: /home/hawx/ws1/install/msg_pkg1/include/msg_pkg1/msg_pkg1/msg/detail
[0.632s] -- Up-to-date: /home/hawx/ws1/install/msg_pkg1/include/msg_pkg1/msg_pkg1/msg/detail/msg1__type_support.h
[0.632s] -- Up-to-date: /home/hawx/ws1/install/msg_pkg1/include/msg_pkg1/msg_pkg1/msg/detail/msg1__functions.c
[0.632s] -- Up-to-date: /home/hawx/ws1/install/msg_pkg1/include/msg_pkg1/msg_pkg1/msg/detail/msg1__struct.h
[0.632s] -- Up-to-date: /home/hawx/ws1/install/msg_pkg1/include/msg_pkg1/msg_pkg1/msg/detail/msg1__functions.h
[0.633s] -- Up-to-date: /home/hawx/ws1/install/msg_pkg1/include/msg_pkg1/msg_pkg1/msg/msg1.h
[0.633s] -- Up-to-date: /home/hawx/ws1/install/msg_pkg1/include/msg_pkg1/msg_pkg1/srv
[0.633s] -- Up-to-date: /home/hawx/ws1/install/msg_pkg1/include/msg_pkg1/msg_pkg1/srv/detail
[0.633s] -- Up-to-date: /home/hawx/ws1/install/msg_pkg1/include/msg_pkg1/msg_pkg1/srv/detail/turtle_srvc1__functions.c
[0.633s] -- Up-to-date: /home/hawx/ws1/install/msg_pkg1/include/msg_pkg1/msg_pkg1/srv/detail/turtle_srvc1__struct.h
[0.633s] -- Up-to-date: /home/hawx/ws1/install/msg_pkg1/include/msg_pkg1/msg_pkg1/srv/detail/turtle_srvc1__functions.h
[0.633s] -- Up-to-date: /home/hawx/ws1/install/msg_pkg1/include/msg_pkg1/msg_pkg1/srv/detail/turtle_srvc1__type_support.h
[0.633s] -- Up-to-date: /home/hawx/ws1/install/msg_pkg1/include/msg_pkg1/msg_pkg1/srv/turtle_srvc1.h
[0.633s] -- Up-to-date: /home/hawx/ws1/install/msg_pkg1/include/msg_pkg1/msg_pkg1/action
[0.633s] -- Up-to-date: /home/hawx/ws1/install/msg_pkg1/include/msg_pkg1/msg_pkg1/action/action1.h
[0.633s] -- Up-to-date: /home/hawx/ws1/install/msg_pkg1/include/msg_pkg1/msg_pkg1/action/detail
[0.633s] -- Up-to-date: /home/hawx/ws1/install/msg_pkg1/include/msg_pkg1/msg_pkg1/action/detail/action1__struct.h
[0.633s] -- Up-to-date: /home/hawx/ws1/install/msg_pkg1/include/msg_pkg1/msg_pkg1/action/detail/action1__type_support.h
[0.633s] -- Up-to-date: /home/hawx/ws1/install/msg_pkg1/include/msg_pkg1/msg_pkg1/action/detail/action1__functions.h
[0.633s] -- Up-to-date: /home/hawx/ws1/install/msg_pkg1/include/msg_pkg1/msg_pkg1/action/detail/action1__functions.c
[0.633s] -- Up-to-date: /home/hawx/ws1/install/msg_pkg1/share/msg_pkg1/environment/library_path.sh
[0.633s] -- Up-to-date: /home/hawx/ws1/install/msg_pkg1/share/msg_pkg1/environment/library_path.dsv
[0.633s] -- Up-to-date: /home/hawx/ws1/install/msg_pkg1/lib/libmsg_pkg1__rosidl_generator_c.so
[0.633s] -- Up-to-date: /home/hawx/ws1/install/msg_pkg1/include/msg_pkg1/msg_pkg1
[0.633s] -- Up-to-date: /home/hawx/ws1/install/msg_pkg1/include/msg_pkg1/msg_pkg1/msg
[0.633s] -- Up-to-date: /home/hawx/ws1/install/msg_pkg1/include/msg_pkg1/msg_pkg1/msg/rosidl_typesupport_fastrtps_c__visibility_control.h
[0.634s] -- Up-to-date: /home/hawx/ws1/install/msg_pkg1/include/msg_pkg1/msg_pkg1/msg/detail
[0.634s] -- Up-to-date: /home/hawx/ws1/install/msg_pkg1/include/msg_pkg1/msg_pkg1/msg/detail/msg1__rosidl_typesupport_fastrtps_c.h
[0.634s] -- Up-to-date: /home/hawx/ws1/install/msg_pkg1/include/msg_pkg1/msg_pkg1/srv
[0.634s] -- Up-to-date: /home/hawx/ws1/install/msg_pkg1/include/msg_pkg1/msg_pkg1/srv/detail
[0.634s] -- Up-to-date: /home/hawx/ws1/install/msg_pkg1/include/msg_pkg1/msg_pkg1/srv/detail/turtle_srvc1__rosidl_typesupport_fastrtps_c.h
[0.634s] -- Up-to-date: /home/hawx/ws1/install/msg_pkg1/include/msg_pkg1/msg_pkg1/action
[0.634s] -- Up-to-date: /home/hawx/ws1/install/msg_pkg1/include/msg_pkg1/msg_pkg1/action/detail
[0.634s] -- Up-to-date: /home/hawx/ws1/install/msg_pkg1/include/msg_pkg1/msg_pkg1/action/detail/action1__rosidl_typesupport_fastrtps_c.h
[0.634s] -- Up-to-date: /home/hawx/ws1/install/msg_pkg1/lib/libmsg_pkg1__rosidl_typesupport_fastrtps_c.so
[0.634s] -- Up-to-date: /home/hawx/ws1/install/msg_pkg1/include/msg_pkg1/msg_pkg1
[0.634s] -- Up-to-date: /home/hawx/ws1/install/msg_pkg1/include/msg_pkg1/msg_pkg1/msg
[0.634s] -- Up-to-date: /home/hawx/ws1/install/msg_pkg1/include/msg_pkg1/msg_pkg1/msg/rosidl_typesupport_introspection_c__visibility_control.h
[0.634s] -- Up-to-date: /home/hawx/ws1/install/msg_pkg1/include/msg_pkg1/msg_pkg1/msg/detail
[0.634s] -- Up-to-date: /home/hawx/ws1/install/msg_pkg1/include/msg_pkg1/msg_pkg1/msg/detail/msg1__rosidl_typesupport_introspection_c.h
[0.634s] -- Up-to-date: /home/hawx/ws1/install/msg_pkg1/include/msg_pkg1/msg_pkg1/msg/detail/msg1__type_support.c
[0.634s] -- Up-to-date: /home/hawx/ws1/install/msg_pkg1/include/msg_pkg1/msg_pkg1/srv
[0.634s] -- Up-to-date: /home/hawx/ws1/install/msg_pkg1/include/msg_pkg1/msg_pkg1/srv/detail
[0.634s] -- Up-to-date: /home/hawx/ws1/install/msg_pkg1/include/msg_pkg1/msg_pkg1/srv/detail/turtle_srvc1__type_support.c
[0.634s] -- Up-to-date: /home/hawx/ws1/install/msg_pkg1/include/msg_pkg1/msg_pkg1/srv/detail/turtle_srvc1__rosidl_typesupport_introspection_c.h
[0.634s] -- Up-to-date: /home/hawx/ws1/install/msg_pkg1/include/msg_pkg1/msg_pkg1/action
[0.634s] -- Up-to-date: /home/hawx/ws1/install/msg_pkg1/include/msg_pkg1/msg_pkg1/action/detail
[0.634s] -- Up-to-date: /home/hawx/ws1/install/msg_pkg1/include/msg_pkg1/msg_pkg1/action/detail/action1__type_support.c
[0.634s] -- Up-to-date: /home/hawx/ws1/install/msg_pkg1/include/msg_pkg1/msg_pkg1/action/detail/action1__rosidl_typesupport_introspection_c.h
[0.634s] -- Up-to-date: /home/hawx/ws1/install/msg_pkg1/lib/libmsg_pkg1__rosidl_typesupport_introspection_c.so
[0.634s] -- Up-to-date: /home/hawx/ws1/install/msg_pkg1/lib/libmsg_pkg1__rosidl_typesupport_c.so
[0.634s] -- Up-to-date: /home/hawx/ws1/install/msg_pkg1/include/msg_pkg1/msg_pkg1
[0.634s] -- Up-to-date: /home/hawx/ws1/install/msg_pkg1/include/msg_pkg1/msg_pkg1/msg
[0.634s] -- Up-to-date: /home/hawx/ws1/install/msg_pkg1/include/msg_pkg1/msg_pkg1/msg/detail
[0.635s] -- Up-to-date: /home/hawx/ws1/install/msg_pkg1/include/msg_pkg1/msg_pkg1/msg/detail/msg1__type_support.hpp
[0.635s] -- Up-to-date: /home/hawx/ws1/install/msg_pkg1/include/msg_pkg1/msg_pkg1/msg/detail/msg1__traits.hpp
[0.635s] -- Up-to-date: /home/hawx/ws1/install/msg_pkg1/include/msg_pkg1/msg_pkg1/msg/detail/msg1__struct.hpp
[0.635s] -- Up-to-date: /home/hawx/ws1/install/msg_pkg1/include/msg_pkg1/msg_pkg1/msg/detail/msg1__builder.hpp
[0.635s] -- Up-to-date: /home/hawx/ws1/install/msg_pkg1/include/msg_pkg1/msg_pkg1/msg/rosidl_generator_cpp__visibility_control.hpp
[0.635s] -- Up-to-date: /home/hawx/ws1/install/msg_pkg1/include/msg_pkg1/msg_pkg1/msg/msg1.hpp
[0.635s] -- Up-to-date: /home/hawx/ws1/install/msg_pkg1/include/msg_pkg1/msg_pkg1/srv
[0.635s] -- Up-to-date: /home/hawx/ws1/install/msg_pkg1/include/msg_pkg1/msg_pkg1/srv/turtle_srvc1.hpp
[0.635s] -- Up-to-date: /home/hawx/ws1/install/msg_pkg1/include/msg_pkg1/msg_pkg1/srv/detail
[0.635s] -- Up-to-date: /home/hawx/ws1/install/msg_pkg1/include/msg_pkg1/msg_pkg1/srv/detail/turtle_srvc1__type_support.hpp
[0.635s] -- Up-to-date: /home/hawx/ws1/install/msg_pkg1/include/msg_pkg1/msg_pkg1/srv/detail/turtle_srvc1__traits.hpp
[0.635s] -- Up-to-date: /home/hawx/ws1/install/msg_pkg1/include/msg_pkg1/msg_pkg1/srv/detail/turtle_srvc1__builder.hpp
[0.635s] -- Up-to-date: /home/hawx/ws1/install/msg_pkg1/include/msg_pkg1/msg_pkg1/srv/detail/turtle_srvc1__struct.hpp
[0.635s] -- Up-to-date: /home/hawx/ws1/install/msg_pkg1/include/msg_pkg1/msg_pkg1/action
[0.635s] -- Up-to-date: /home/hawx/ws1/install/msg_pkg1/include/msg_pkg1/msg_pkg1/action/detail
[0.635s] -- Up-to-date: /home/hawx/ws1/install/msg_pkg1/include/msg_pkg1/msg_pkg1/action/detail/action1__struct.hpp
[0.636s] -- Up-to-date: /home/hawx/ws1/install/msg_pkg1/include/msg_pkg1/msg_pkg1/action/detail/action1__builder.hpp
[0.636s] -- Up-to-date: /home/hawx/ws1/install/msg_pkg1/include/msg_pkg1/msg_pkg1/action/detail/action1__type_support.hpp
[0.636s] -- Up-to-date: /home/hawx/ws1/install/msg_pkg1/include/msg_pkg1/msg_pkg1/action/detail/action1__traits.hpp
[0.636s] -- Up-to-date: /home/hawx/ws1/install/msg_pkg1/include/msg_pkg1/msg_pkg1/action/action1.hpp
[0.636s] -- Up-to-date: /home/hawx/ws1/install/msg_pkg1/include/msg_pkg1/msg_pkg1
[0.636s] -- Up-to-date: /home/hawx/ws1/install/msg_pkg1/include/msg_pkg1/msg_pkg1/msg
[0.636s] -- Up-to-date: /home/hawx/ws1/install/msg_pkg1/include/msg_pkg1/msg_pkg1/msg/rosidl_typesupport_fastrtps_cpp__visibility_control.h
[0.636s] -- Up-to-date: /home/hawx/ws1/install/msg_pkg1/include/msg_pkg1/msg_pkg1/msg/detail
[0.636s] -- Up-to-date: /home/hawx/ws1/install/msg_pkg1/include/msg_pkg1/msg_pkg1/msg/detail/dds_fastrtps
[0.636s] -- Up-to-date: /home/hawx/ws1/install/msg_pkg1/include/msg_pkg1/msg_pkg1/msg/detail/msg1__rosidl_typesupport_fastrtps_cpp.hpp
[0.636s] -- Up-to-date: /home/hawx/ws1/install/msg_pkg1/include/msg_pkg1/msg_pkg1/srv
[0.636s] -- Up-to-date: /home/hawx/ws1/install/msg_pkg1/include/msg_pkg1/msg_pkg1/srv/detail
[0.636s] -- Up-to-date: /home/hawx/ws1/install/msg_pkg1/include/msg_pkg1/msg_pkg1/srv/detail/turtle_srvc1__rosidl_typesupport_fastrtps_cpp.hpp
[0.636s] -- Up-to-date: /home/hawx/ws1/install/msg_pkg1/include/msg_pkg1/msg_pkg1/srv/detail/dds_fastrtps
[0.636s] -- Up-to-date: /home/hawx/ws1/install/msg_pkg1/include/msg_pkg1/msg_pkg1/action
[0.636s] -- Up-to-date: /home/hawx/ws1/install/msg_pkg1/include/msg_pkg1/msg_pkg1/action/detail
[0.636s] -- Up-to-date: /home/hawx/ws1/install/msg_pkg1/include/msg_pkg1/msg_pkg1/action/detail/dds_fastrtps
[0.636s] -- Up-to-date: /home/hawx/ws1/install/msg_pkg1/include/msg_pkg1/msg_pkg1/action/detail/action1__rosidl_typesupport_fastrtps_cpp.hpp
[0.636s] -- Up-to-date: /home/hawx/ws1/install/msg_pkg1/lib/libmsg_pkg1__rosidl_typesupport_fastrtps_cpp.so
[0.636s] -- Up-to-date: /home/hawx/ws1/install/msg_pkg1/include/msg_pkg1/msg_pkg1
[0.636s] -- Up-to-date: /home/hawx/ws1/install/msg_pkg1/include/msg_pkg1/msg_pkg1/msg
[0.636s] -- Up-to-date: /home/hawx/ws1/install/msg_pkg1/include/msg_pkg1/msg_pkg1/msg/detail
[0.636s] -- Up-to-date: /home/hawx/ws1/install/msg_pkg1/include/msg_pkg1/msg_pkg1/msg/detail/msg1__type_support.cpp
[0.636s] -- Up-to-date: /home/hawx/ws1/install/msg_pkg1/include/msg_pkg1/msg_pkg1/msg/detail/msg1__rosidl_typesupport_introspection_cpp.hpp
[0.636s] -- Up-to-date: /home/hawx/ws1/install/msg_pkg1/include/msg_pkg1/msg_pkg1/srv
[0.636s] -- Up-to-date: /home/hawx/ws1/install/msg_pkg1/include/msg_pkg1/msg_pkg1/srv/detail
[0.637s] -- Up-to-date: /home/hawx/ws1/install/msg_pkg1/include/msg_pkg1/msg_pkg1/srv/detail/turtle_srvc1__rosidl_typesupport_introspection_cpp.hpp
[0.637s] -- Up-to-date: /home/hawx/ws1/install/msg_pkg1/include/msg_pkg1/msg_pkg1/srv/detail/turtle_srvc1__type_support.cpp
[0.637s] -- Up-to-date: /home/hawx/ws1/install/msg_pkg1/include/msg_pkg1/msg_pkg1/action
[0.637s] -- Up-to-date: /home/hawx/ws1/install/msg_pkg1/include/msg_pkg1/msg_pkg1/action/detail
[0.637s] -- Up-to-date: /home/hawx/ws1/install/msg_pkg1/include/msg_pkg1/msg_pkg1/action/detail/action1__rosidl_typesupport_introspection_cpp.hpp
[0.637s] -- Up-to-date: /home/hawx/ws1/install/msg_pkg1/include/msg_pkg1/msg_pkg1/action/detail/action1__type_support.cpp
[0.637s] -- Up-to-date: /home/hawx/ws1/install/msg_pkg1/lib/libmsg_pkg1__rosidl_typesupport_introspection_cpp.so
[0.637s] -- Up-to-date: /home/hawx/ws1/install/msg_pkg1/lib/libmsg_pkg1__rosidl_typesupport_cpp.so
[0.637s] -- Up-to-date: /home/hawx/ws1/install/msg_pkg1/share/msg_pkg1/environment/pythonpath.sh
[0.637s] -- Up-to-date: /home/hawx/ws1/install/msg_pkg1/share/msg_pkg1/environment/pythonpath.dsv
[0.637s] -- Up-to-date: /home/hawx/ws1/install/msg_pkg1/local/lib/python3.10/dist-packages/msg_pkg1-0.0.0-py3.10.egg-info
[0.637s] -- Installing: /home/hawx/ws1/install/msg_pkg1/local/lib/python3.10/dist-packages/msg_pkg1-0.0.0-py3.10.egg-info/SOURCES.txt
[0.637s] -- Installing: /home/hawx/ws1/install/msg_pkg1/local/lib/python3.10/dist-packages/msg_pkg1-0.0.0-py3.10.egg-info/dependency_links.txt
[0.637s] -- Installing: /home/hawx/ws1/install/msg_pkg1/local/lib/python3.10/dist-packages/msg_pkg1-0.0.0-py3.10.egg-info/PKG-INFO
[0.637s] -- Installing: /home/hawx/ws1/install/msg_pkg1/local/lib/python3.10/dist-packages/msg_pkg1-0.0.0-py3.10.egg-info/top_level.txt
[0.637s] -- Up-to-date: /home/hawx/ws1/install/msg_pkg1/local/lib/python3.10/dist-packages/msg_pkg1
[0.637s] -- Up-to-date: /home/hawx/ws1/install/msg_pkg1/local/lib/python3.10/dist-packages/msg_pkg1/msg_pkg1_s__rosidl_typesupport_fastrtps_c.cpython-310-x86_64-linux-gnu.so
[0.637s] -- Up-to-date: /home/hawx/ws1/install/msg_pkg1/local/lib/python3.10/dist-packages/msg_pkg1/msg_pkg1_s__rosidl_typesupport_introspection_c.cpython-310-x86_64-linux-gnu.so
[0.637s] -- Up-to-date: /home/hawx/ws1/install/msg_pkg1/local/lib/python3.10/dist-packages/msg_pkg1/_msg_pkg1_s.ep.rosidl_typesupport_c.c
[0.637s] -- Up-to-date: /home/hawx/ws1/install/msg_pkg1/local/lib/python3.10/dist-packages/msg_pkg1/msg
[0.637s] -- Up-to-date: /home/hawx/ws1/install/msg_pkg1/local/lib/python3.10/dist-packages/msg_pkg1/msg/_msg1_s.c
[0.637s] -- Up-to-date: /home/hawx/ws1/install/msg_pkg1/local/lib/python3.10/dist-packages/msg_pkg1/msg/_msg1.py
[0.637s] -- Up-to-date: /home/hawx/ws1/install/msg_pkg1/local/lib/python3.10/dist-packages/msg_pkg1/msg/__init__.py
[0.637s] -- Up-to-date: /home/hawx/ws1/install/msg_pkg1/local/lib/python3.10/dist-packages/msg_pkg1/msg_pkg1_s__rosidl_typesupport_c.cpython-310-x86_64-linux-gnu.so
[0.637s] -- Up-to-date: /home/hawx/ws1/install/msg_pkg1/local/lib/python3.10/dist-packages/msg_pkg1/srv
[0.637s] -- Up-to-date: /home/hawx/ws1/install/msg_pkg1/local/lib/python3.10/dist-packages/msg_pkg1/srv/_turtle_srvc1.py
[0.637s] -- Up-to-date: /home/hawx/ws1/install/msg_pkg1/local/lib/python3.10/dist-packages/msg_pkg1/srv/__init__.py
[0.637s] -- Up-to-date: /home/hawx/ws1/install/msg_pkg1/local/lib/python3.10/dist-packages/msg_pkg1/srv/_turtle_srvc1_s.c
[0.637s] -- Up-to-date: /home/hawx/ws1/install/msg_pkg1/local/lib/python3.10/dist-packages/msg_pkg1/__init__.py
[0.637s] -- Up-to-date: /home/hawx/ws1/install/msg_pkg1/local/lib/python3.10/dist-packages/msg_pkg1/libmsg_pkg1__rosidl_generator_py.so
[0.637s] -- Up-to-date: /home/hawx/ws1/install/msg_pkg1/local/lib/python3.10/dist-packages/msg_pkg1/_msg_pkg1_s.ep.rosidl_typesupport_fastrtps_c.c
[0.637s] -- Up-to-date: /home/hawx/ws1/install/msg_pkg1/local/lib/python3.10/dist-packages/msg_pkg1/_msg_pkg1_s.ep.rosidl_typesupport_introspection_c.c
[0.637s] -- Up-to-date: /home/hawx/ws1/install/msg_pkg1/local/lib/python3.10/dist-packages/msg_pkg1/action
[0.638s] -- Up-to-date: /home/hawx/ws1/install/msg_pkg1/local/lib/python3.10/dist-packages/msg_pkg1/action/_action1_s.c
[0.638s] -- Up-to-date: /home/hawx/ws1/install/msg_pkg1/local/lib/python3.10/dist-packages/msg_pkg1/action/__init__.py
[0.638s] -- Up-to-date: /home/hawx/ws1/install/msg_pkg1/local/lib/python3.10/dist-packages/msg_pkg1/action/_action1.py
[0.654s] Listing '/home/hawx/ws1/install/msg_pkg1/local/lib/python3.10/dist-packages/msg_pkg1'...
[0.654s] Listing '/home/hawx/ws1/install/msg_pkg1/local/lib/python3.10/dist-packages/msg_pkg1/action'...
[0.654s] Listing '/home/hawx/ws1/install/msg_pkg1/local/lib/python3.10/dist-packages/msg_pkg1/msg'...
[0.654s] Listing '/home/hawx/ws1/install/msg_pkg1/local/lib/python3.10/dist-packages/msg_pkg1/srv'...
[0.657s] -- Up-to-date: /home/hawx/ws1/install/msg_pkg1/local/lib/python3.10/dist-packages/msg_pkg1/msg_pkg1_s__rosidl_typesupport_fastrtps_c.cpython-310-x86_64-linux-gnu.so
[0.657s] -- Up-to-date: /home/hawx/ws1/install/msg_pkg1/local/lib/python3.10/dist-packages/msg_pkg1/msg_pkg1_s__rosidl_typesupport_introspection_c.cpython-310-x86_64-linux-gnu.so
[0.657s] -- Up-to-date: /home/hawx/ws1/install/msg_pkg1/local/lib/python3.10/dist-packages/msg_pkg1/msg_pkg1_s__rosidl_typesupport_c.cpython-310-x86_64-linux-gnu.so
[0.657s] -- Up-to-date: /home/hawx/ws1/install/msg_pkg1/lib/libmsg_pkg1__rosidl_generator_py.so
[0.657s] -- Up-to-date: /home/hawx/ws1/install/msg_pkg1/share/msg_pkg1/msg/Msg1.idl
[0.657s] -- Up-to-date: /home/hawx/ws1/install/msg_pkg1/share/msg_pkg1/srv/TurtleSrvc1.idl
[0.657s] -- Up-to-date: /home/hawx/ws1/install/msg_pkg1/share/msg_pkg1/action/Action1.idl
[0.657s] -- Up-to-date: /home/hawx/ws1/install/msg_pkg1/share/msg_pkg1/msg/Msg1.msg
[0.657s] -- Up-to-date: /home/hawx/ws1/install/msg_pkg1/share/msg_pkg1/srv/TurtleSrvc1.srv
[0.658s] -- Up-to-date: /home/hawx/ws1/install/msg_pkg1/share/msg_pkg1/srv/TurtleSrvc1_Request.msg
[0.658s] -- Up-to-date: /home/hawx/ws1/install/msg_pkg1/share/msg_pkg1/srv/TurtleSrvc1_Response.msg
[0.658s] -- Up-to-date: /home/hawx/ws1/install/msg_pkg1/share/msg_pkg1/action/Action1.action
[0.658s] -- Up-to-date: /home/hawx/ws1/install/msg_pkg1/share/ament_index/resource_index/package_run_dependencies/msg_pkg1
[0.658s] -- Up-to-date: /home/hawx/ws1/install/msg_pkg1/share/ament_index/resource_index/parent_prefix_path/msg_pkg1
[0.658s] -- Up-to-date: /home/hawx/ws1/install/msg_pkg1/share/msg_pkg1/environment/ament_prefix_path.sh
[0.658s] -- Up-to-date: /home/hawx/ws1/install/msg_pkg1/share/msg_pkg1/environment/ament_prefix_path.dsv
[0.658s] -- Up-to-date: /home/hawx/ws1/install/msg_pkg1/share/msg_pkg1/environment/path.sh
[0.658s] -- Up-to-date: /home/hawx/ws1/install/msg_pkg1/share/msg_pkg1/environment/path.dsv
[0.658s] -- Up-to-date: /home/hawx/ws1/install/msg_pkg1/share/msg_pkg1/local_setup.bash
[0.658s] -- Up-to-date: /home/hawx/ws1/install/msg_pkg1/share/msg_pkg1/local_setup.sh
[0.658s] -- Up-to-date: /home/hawx/ws1/install/msg_pkg1/share/msg_pkg1/local_setup.zsh
[0.658s] -- Up-to-date: /home/hawx/ws1/install/msg_pkg1/share/msg_pkg1/local_setup.dsv
[0.658s] -- Installing: /home/hawx/ws1/install/msg_pkg1/share/msg_pkg1/package.dsv
[0.658s] -- Up-to-date: /home/hawx/ws1/install/msg_pkg1/share/ament_index/resource_index/packages/msg_pkg1
[0.658s] -- Up-to-date: /home/hawx/ws1/install/msg_pkg1/share/msg_pkg1/cmake/export_msg_pkg1__rosidl_generator_cExport.cmake
[0.658s] -- Up-to-date: /home/hawx/ws1/install/msg_pkg1/share/msg_pkg1/cmake/export_msg_pkg1__rosidl_generator_cExport-noconfig.cmake
[0.658s] -- Up-to-date: /home/hawx/ws1/install/msg_pkg1/share/msg_pkg1/cmake/export_msg_pkg1__rosidl_typesupport_fastrtps_cExport.cmake
[0.658s] -- Up-to-date: /home/hawx/ws1/install/msg_pkg1/share/msg_pkg1/cmake/export_msg_pkg1__rosidl_typesupport_fastrtps_cExport-noconfig.cmake
[0.658s] -- Up-to-date: /home/hawx/ws1/install/msg_pkg1/share/msg_pkg1/cmake/msg_pkg1__rosidl_typesupport_introspection_cExport.cmake
[0.658s] -- Up-to-date: /home/hawx/ws1/install/msg_pkg1/share/msg_pkg1/cmake/msg_pkg1__rosidl_typesupport_introspection_cExport-noconfig.cmake
[0.658s] -- Up-to-date: /home/hawx/ws1/install/msg_pkg1/share/msg_pkg1/cmake/msg_pkg1__rosidl_typesupport_cExport.cmake
[0.658s] -- Up-to-date: /home/hawx/ws1/install/msg_pkg1/share/msg_pkg1/cmake/msg_pkg1__rosidl_typesupport_cExport-noconfig.cmake
[0.658s] -- Up-to-date: /home/hawx/ws1/install/msg_pkg1/share/msg_pkg1/cmake/export_msg_pkg1__rosidl_generator_cppExport.cmake
[0.658s] -- Up-to-date: /home/hawx/ws1/install/msg_pkg1/share/msg_pkg1/cmake/export_msg_pkg1__rosidl_typesupport_fastrtps_cppExport.cmake
[0.659s] -- Up-to-date: /home/hawx/ws1/install/msg_pkg1/share/msg_pkg1/cmake/export_msg_pkg1__rosidl_typesupport_fastrtps_cppExport-noconfig.cmake
[0.659s] -- Up-to-date: /home/hawx/ws1/install/msg_pkg1/share/msg_pkg1/cmake/msg_pkg1__rosidl_typesupport_introspection_cppExport.cmake
[0.659s] -- Up-to-date: /home/hawx/ws1/install/msg_pkg1/share/msg_pkg1/cmake/msg_pkg1__rosidl_typesupport_introspection_cppExport-noconfig.cmake
[0.659s] -- Up-to-date: /home/hawx/ws1/install/msg_pkg1/share/msg_pkg1/cmake/msg_pkg1__rosidl_typesupport_cppExport.cmake
[0.659s] -- Up-to-date: /home/hawx/ws1/install/msg_pkg1/share/msg_pkg1/cmake/msg_pkg1__rosidl_typesupport_cppExport-noconfig.cmake
[0.659s] -- Up-to-date: /home/hawx/ws1/install/msg_pkg1/share/msg_pkg1/cmake/export_msg_pkg1__rosidl_generator_pyExport.cmake
[0.659s] -- Up-to-date: /home/hawx/ws1/install/msg_pkg1/share/msg_pkg1/cmake/export_msg_pkg1__rosidl_generator_pyExport-noconfig.cmake
[0.659s] -- Up-to-date: /home/hawx/ws1/install/msg_pkg1/share/msg_pkg1/cmake/rosidl_cmake-extras.cmake
[0.659s] -- Up-to-date: /home/hawx/ws1/install/msg_pkg1/share/msg_pkg1/cmake/ament_cmake_export_dependencies-extras.cmake
[0.659s] -- Up-to-date: /home/hawx/ws1/install/msg_pkg1/share/msg_pkg1/cmake/ament_cmake_export_include_directories-extras.cmake
[0.659s] -- Up-to-date: /home/hawx/ws1/install/msg_pkg1/share/msg_pkg1/cmake/ament_cmake_export_libraries-extras.cmake
[0.659s] -- Up-to-date: /home/hawx/ws1/install/msg_pkg1/share/msg_pkg1/cmake/ament_cmake_export_targets-extras.cmake
[0.659s] -- Up-to-date: /home/hawx/ws1/install/msg_pkg1/share/msg_pkg1/cmake/rosidl_cmake_export_typesupport_targets-extras.cmake
[0.659s] -- Up-to-date: /home/hawx/ws1/install/msg_pkg1/share/msg_pkg1/cmake/rosidl_cmake_export_typesupport_libraries-extras.cmake
[0.659s] -- Up-to-date: /home/hawx/ws1/install/msg_pkg1/share/msg_pkg1/cmake/msg_pkg1Config.cmake
[0.659s] -- Up-to-date: /home/hawx/ws1/install/msg_pkg1/share/msg_pkg1/cmake/msg_pkg1Config-version.cmake
[0.659s] -- Up-to-date: /home/hawx/ws1/install/msg_pkg1/share/msg_pkg1/package.xml
[0.661s] Invoked command in '/home/hawx/ws1/build/msg_pkg1' returned '0': CMAKE_PREFIX_PATH=${CMAKE_PREFIX_PATH}:/home/hawx/ws1/install/pypara_pkg1:/home/hawx/ws1/install/py_pkg2:/home/hawx/ws1/install/py_pkg1:/home/hawx/ws1/install/pubsub_pkg1:/home/hawx/ws1/src/install/pypara_pkg1:/home/hawx/ws1/src/install/py_pkg2:/home/hawx/ws1/src/install/py_pkg1:/opt/ros/humble /usr/bin/cmake --install /home/hawx/ws1/build/msg_pkg1
