running egg_info
creating ../../build/py_pkg2/py_pkg2.egg-info
writing ../../build/py_pkg2/py_pkg2.egg-info/PKG-INFO
writing dependency_links to ../../build/py_pkg2/py_pkg2.egg-info/dependency_links.txt
writing entry points to ../../build/py_pkg2/py_pkg2.egg-info/entry_points.txt
writing requirements to ../../build/py_pkg2/py_pkg2.egg-info/requires.txt
writing top-level names to ../../build/py_pkg2/py_pkg2.egg-info/top_level.txt
writing manifest file '../../build/py_pkg2/py_pkg2.egg-info/SOURCES.txt'
reading manifest file '../../build/py_pkg2/py_pkg2.egg-info/SOURCES.txt'
adding license file 'LICENSE'
writing manifest file '../../build/py_pkg2/py_pkg2.egg-info/SOURCES.txt'
running build
running build_py
creating /home/hawx/ws1/build/py_pkg2/build
creating /home/hawx/ws1/build/py_pkg2/build/lib
creating /home/hawx/ws1/build/py_pkg2/build/lib/py_pkg2
copying py_pkg2/cli_node1.py -> /home/hawx/ws1/build/py_pkg2/build/lib/py_pkg2
copying py_pkg2/srv_node1.py -> /home/hawx/ws1/build/py_pkg2/build/lib/py_pkg2
copying py_pkg2/__init__.py -> /home/hawx/ws1/build/py_pkg2/build/lib/py_pkg2
running install
running install_lib
creating /home/hawx/ws1/install/py_pkg2/lib/python3.10/site-packages/py_pkg2
copying /home/hawx/ws1/build/py_pkg2/build/lib/py_pkg2/cli_node1.py -> /home/hawx/ws1/install/py_pkg2/lib/python3.10/site-packages/py_pkg2
copying /home/hawx/ws1/build/py_pkg2/build/lib/py_pkg2/srv_node1.py -> /home/hawx/ws1/install/py_pkg2/lib/python3.10/site-packages/py_pkg2
copying /home/hawx/ws1/build/py_pkg2/build/lib/py_pkg2/__init__.py -> /home/hawx/ws1/install/py_pkg2/lib/python3.10/site-packages/py_pkg2
byte-compiling /home/hawx/ws1/install/py_pkg2/lib/python3.10/site-packages/py_pkg2/cli_node1.py to cli_node1.cpython-310.pyc
byte-compiling /home/hawx/ws1/install/py_pkg2/lib/python3.10/site-packages/py_pkg2/srv_node1.py to srv_node1.cpython-310.pyc
byte-compiling /home/hawx/ws1/install/py_pkg2/lib/python3.10/site-packages/py_pkg2/__init__.py to __init__.cpython-310.pyc
running install_data
creating /home/hawx/ws1/install/py_pkg2/share/ament_index
creating /home/hawx/ws1/install/py_pkg2/share/ament_index/resource_index
creating /home/hawx/ws1/install/py_pkg2/share/ament_index/resource_index/packages
copying resource/py_pkg2 -> /home/hawx/ws1/install/py_pkg2/share/ament_index/resource_index/packages
copying package.xml -> /home/hawx/ws1/install/py_pkg2/share/py_pkg2
running install_egg_info
Copying ../../build/py_pkg2/py_pkg2.egg-info to /home/hawx/ws1/install/py_pkg2/lib/python3.10/site-packages/py_pkg2-0.0.0-py3.10.egg-info
running install_scripts
Installing client1 script to /home/hawx/ws1/install/py_pkg2/lib/py_pkg2
Installing server1 script to /home/hawx/ws1/install/py_pkg2/lib/py_pkg2
writing list of installed files to '/home/hawx/ws1/build/py_pkg2/install.log'
