-- The C compiler identification is GNU 11.4.0
-- The CXX compiler identification is GNU 11.4.0
-- Detecting C compiler ABI info
-- Detecting C compiler ABI info - done
-- Check for working C compiler: /usr/bin/cc - skipped
-- Detecting C compile features
-- Detecting C compile features - done
-- Detecting CXX compiler ABI info
-- Detecting CXX compiler ABI info - done
-- Check for working CXX compiler: /usr/bin/c++ - skipped
-- Detecting CXX compile features
-- Detecting CXX compile features - done
-- Found ament_cmake: 1.3.11 (/opt/ros/humble/share/ament_cmake/cmake)
-- Found Python3: /usr/bin/python3 (found version "3.10.12") found components: Interpreter 
-- Found geometry_msgs: 4.2.4 (/opt/ros/humble/share/geometry_msgs/cmake)
-- Found rosidl_generator_c: 3.1.6 (/opt/ros/humble/share/rosidl_generator_c/cmake)
-- Found rosidl_adapter: 3.1.6 (/opt/ros/humble/share/rosidl_adapter/cmake)
-- Found rosidl_generator_cpp: 3.1.6 (/opt/ros/humble/share/rosidl_generator_cpp/cmake)
-- Using all available rosidl_typesupport_c: rosidl_typesupport_fastrtps_c;rosidl_typesupport_introspection_c
-- Using all available rosidl_typesupport_cpp: rosidl_typesupport_fastrtps_cpp;rosidl_typesupport_introspection_cpp
-- Found rosidl_default_generators: 1.2.0 (/opt/ros/humble/share/rosidl_default_generators/cmake)
-- Found ament_cmake_ros: 0.10.0 (/opt/ros/humble/share/ament_cmake_ros/cmake)
-- Using all available rosidl_typesupport_c: rosidl_typesupport_fastrtps_c;rosidl_typesupport_introspection_c
-- Using all available rosidl_typesupport_cpp: rosidl_typesupport_fastrtps_cpp;rosidl_typesupport_introspection_cpp
-- Found PythonInterp: /usr/bin/python3 (found suitable version "3.10.12", minimum required is "3.6") 
-- Found python_cmake_module: 0.10.0 (/opt/ros/humble/share/python_cmake_module/cmake)
-- Found PythonLibs: /usr/lib/x86_64-linux-gnu/libpython3.10.so (found suitable version "3.10.12", minimum required is "3.5") 
-- Using PYTHON_EXECUTABLE: /usr/bin/python3
-- Using PYTHON_INCLUDE_DIRS: /usr/include/python3.10
-- Using PYTHON_LIBRARIES: /usr/lib/x86_64-linux-gnu/libpython3.10.so
-- Found PythonExtra: .so  
-- Found ament_lint_auto: 0.12.11 (/opt/ros/humble/share/ament_lint_auto/cmake)
-- Added test 'lint_cmake' to check CMake code style
-- Added test 'xmllint' to check XML markup files
-- Configuring done
-- Generating done
-- Build files have been written to: /home/hawx/ws1/src/build/interface_pkg1
[  2%] [34m[1mGenerating C code for ROS interfaces[0m
[  4%] [34m[1mGenerating C++ code for ROS interfaces[0m
[  4%] Built target ament_cmake_python_copy_interface_pkg1
running egg_info
creating interface_pkg1.egg-info
writing interface_pkg1.egg-info/PKG-INFO
writing dependency_links to interface_pkg1.egg-info/dependency_links.txt
writing top-level names to interface_pkg1.egg-info/top_level.txt
writing manifest file 'interface_pkg1.egg-info/SOURCES.txt'
reading manifest file 'interface_pkg1.egg-info/SOURCES.txt'
writing manifest file 'interface_pkg1.egg-info/SOURCES.txt'
[  4%] Built target ament_cmake_python_build_interface_pkg1_egg
[  4%] Built target interface_pkg1__cpp
[  8%] [34m[1mGenerating C++ type support dispatch for ROS interfaces[0m
[  8%] [34m[1mGenerating C++ type support for eProsima Fast-RTPS[0m
[ 10%] [34m[1mGenerating C++ introspection for ROS interfaces[0m
[ 12%] [32mBuilding C object CMakeFiles/interface_pkg1__rosidl_generator_c.dir/rosidl_generator_c/interface_pkg1/msg/detail/message1__functions.c.o[0m
[ 14%] [32mBuilding C object CMakeFiles/interface_pkg1__rosidl_generator_c.dir/rosidl_generator_c/interface_pkg1/msg/detail/message2__functions.c.o[0m
[ 17%] [32mBuilding C object CMakeFiles/interface_pkg1__rosidl_generator_c.dir/rosidl_generator_c/interface_pkg1/srv/detail/service1__functions.c.o[0m
[ 19%] [32m[1mLinking C shared library libinterface_pkg1__rosidl_generator_c.so[0m
[ 19%] Built target interface_pkg1__rosidl_generator_c
[ 23%] [34m[1mGenerating C type support for eProsima Fast-RTPS[0m
[ 23%] [34m[1mGenerating C type support dispatch for ROS interfaces[0m
[ 25%] [34m[1mGenerating C introspection for ROS interfaces[0m
[ 27%] [32mBuilding CXX object CMakeFiles/interface_pkg1__rosidl_typesupport_cpp.dir/rosidl_typesupport_cpp/interface_pkg1/msg/message1__type_support.cpp.o[0m
[ 29%] [32mBuilding CXX object CMakeFiles/interface_pkg1__rosidl_typesupport_cpp.dir/rosidl_typesupport_cpp/interface_pkg1/srv/service1__type_support.cpp.o[0m
[ 31%] [32mBuilding CXX object CMakeFiles/interface_pkg1__rosidl_typesupport_cpp.dir/rosidl_typesupport_cpp/interface_pkg1/msg/message2__type_support.cpp.o[0m
[ 34%] [32mBuilding CXX object CMakeFiles/interface_pkg1__rosidl_typesupport_introspection_cpp.dir/rosidl_typesupport_introspection_cpp/interface_pkg1/msg/detail/message1__type_support.cpp.o[0m
[ 38%] [32mBuilding CXX object CMakeFiles/interface_pkg1__rosidl_typesupport_introspection_cpp.dir/rosidl_typesupport_introspection_cpp/interface_pkg1/msg/detail/message2__type_support.cpp.o[0m
[ 38%] [32mBuilding CXX object CMakeFiles/interface_pkg1__rosidl_typesupport_introspection_cpp.dir/rosidl_typesupport_introspection_cpp/interface_pkg1/srv/detail/service1__type_support.cpp.o[0m
[ 40%] [32mBuilding CXX object CMakeFiles/interface_pkg1__rosidl_typesupport_fastrtps_cpp.dir/rosidl_typesupport_fastrtps_cpp/interface_pkg1/msg/detail/dds_fastrtps/message1__type_support.cpp.o[0m
[ 42%] [32mBuilding CXX object CMakeFiles/interface_pkg1__rosidl_typesupport_fastrtps_cpp.dir/rosidl_typesupport_fastrtps_cpp/interface_pkg1/srv/detail/dds_fastrtps/service1__type_support.cpp.o[0m
[ 44%] [32mBuilding CXX object CMakeFiles/interface_pkg1__rosidl_typesupport_fastrtps_cpp.dir/rosidl_typesupport_fastrtps_cpp/interface_pkg1/msg/detail/dds_fastrtps/message2__type_support.cpp.o[0m
[ 46%] [32mBuilding CXX object CMakeFiles/interface_pkg1__rosidl_typesupport_c.dir/rosidl_typesupport_c/interface_pkg1/srv/service1__type_support.cpp.o[0m
[ 51%] [32mBuilding CXX object CMakeFiles/interface_pkg1__rosidl_typesupport_c.dir/rosidl_typesupport_c/interface_pkg1/msg/message2__type_support.cpp.o[0m
[ 51%] [32mBuilding CXX object CMakeFiles/interface_pkg1__rosidl_typesupport_c.dir/rosidl_typesupport_c/interface_pkg1/msg/message1__type_support.cpp.o[0m
[ 53%] [32m[1mLinking CXX shared library libinterface_pkg1__rosidl_typesupport_c.so[0m
[ 55%] [32mBuilding C object CMakeFiles/interface_pkg1__rosidl_typesupport_introspection_c.dir/rosidl_typesupport_introspection_c/interface_pkg1/msg/detail/message2__type_support.c.o[0m
[ 59%] [32mBuilding C object CMakeFiles/interface_pkg1__rosidl_typesupport_introspection_c.dir/rosidl_typesupport_introspection_c/interface_pkg1/msg/detail/message1__type_support.c.o[0m
[ 59%] [32mBuilding C object CMakeFiles/interface_pkg1__rosidl_typesupport_introspection_c.dir/rosidl_typesupport_introspection_c/interface_pkg1/srv/detail/service1__type_support.c.o[0m
[ 61%] [32mBuilding CXX object CMakeFiles/interface_pkg1__rosidl_typesupport_fastrtps_c.dir/rosidl_typesupport_fastrtps_c/interface_pkg1/msg/detail/message2__type_support_c.cpp.o[0m
[ 63%] [32mBuilding CXX object CMakeFiles/interface_pkg1__rosidl_typesupport_fastrtps_c.dir/rosidl_typesupport_fastrtps_c/interface_pkg1/msg/detail/message1__type_support_c.cpp.o[0m
[ 65%] [32mBuilding CXX object CMakeFiles/interface_pkg1__rosidl_typesupport_fastrtps_c.dir/rosidl_typesupport_fastrtps_c/interface_pkg1/srv/detail/service1__type_support_c.cpp.o[0m
[ 65%] Built target interface_pkg1__rosidl_typesupport_c
[ 68%] [32m[1mLinking C shared library libinterface_pkg1__rosidl_typesupport_introspection_c.so[0m
[ 68%] Built target interface_pkg1__rosidl_typesupport_introspection_c
[ 70%] [32m[1mLinking CXX shared library libinterface_pkg1__rosidl_typesupport_cpp.so[0m
[ 70%] Built target interface_pkg1__rosidl_typesupport_cpp
[ 72%] [32m[1mLinking CXX shared library libinterface_pkg1__rosidl_typesupport_introspection_cpp.so[0m
[ 74%] [32m[1mLinking CXX shared library libinterface_pkg1__rosidl_typesupport_fastrtps_cpp.so[0m
[ 74%] Built target interface_pkg1__rosidl_typesupport_introspection_cpp
[ 76%] [32m[1mLinking CXX shared library libinterface_pkg1__rosidl_typesupport_fastrtps_c.so[0m
[ 76%] Built target interface_pkg1__rosidl_typesupport_fastrtps_cpp
[ 76%] Built target interface_pkg1__rosidl_typesupport_fastrtps_c
[ 76%] Built target interface_pkg1
[ 78%] [34m[1mGenerating Python code for ROS interfaces[0m
[ 78%] Built target interface_pkg1__py
[ 85%] [32mBuilding C object CMakeFiles/interface_pkg1__rosidl_generator_py.dir/rosidl_generator_py/interface_pkg1/msg/_message2_s.c.o[0m
[ 85%] [32mBuilding C object CMakeFiles/interface_pkg1__rosidl_generator_py.dir/rosidl_generator_py/interface_pkg1/srv/_service1_s.c.o[0m
[ 85%] [32mBuilding C object CMakeFiles/interface_pkg1__rosidl_generator_py.dir/rosidl_generator_py/interface_pkg1/msg/_message1_s.c.o[0m
[ 87%] [32m[1mLinking C shared library rosidl_generator_py/interface_pkg1/libinterface_pkg1__rosidl_generator_py.so[0m
[ 87%] Built target interface_pkg1__rosidl_generator_py
[ 89%] [32mBuilding C object CMakeFiles/interface_pkg1__rosidl_typesupport_introspection_c__pyext.dir/rosidl_generator_py/interface_pkg1/_interface_pkg1_s.ep.rosidl_typesupport_introspection_c.c.o[0m
[ 91%] [32mBuilding C object CMakeFiles/interface_pkg1__rosidl_typesupport_fastrtps_c__pyext.dir/rosidl_generator_py/interface_pkg1/_interface_pkg1_s.ep.rosidl_typesupport_fastrtps_c.c.o[0m
[ 93%] [32mBuilding C object CMakeFiles/interface_pkg1__rosidl_typesupport_c__pyext.dir/rosidl_generator_py/interface_pkg1/_interface_pkg1_s.ep.rosidl_typesupport_c.c.o[0m
[ 95%] [32m[1mLinking C shared library rosidl_generator_py/interface_pkg1/interface_pkg1_s__rosidl_typesupport_c.cpython-310-x86_64-linux-gnu.so[0m
[100%] [32m[1mLinking C shared library rosidl_generator_py/interface_pkg1/interface_pkg1_s__rosidl_typesupport_introspection_c.cpython-310-x86_64-linux-gnu.so[0m
[100%] [32m[1mLinking C shared library rosidl_generator_py/interface_pkg1/interface_pkg1_s__rosidl_typesupport_fastrtps_c.cpython-310-x86_64-linux-gnu.so[0m
[100%] Built target interface_pkg1__rosidl_typesupport_introspection_c__pyext
[100%] Built target interface_pkg1__rosidl_typesupport_c__pyext
[100%] Built target interface_pkg1__rosidl_typesupport_fastrtps_c__pyext
-- Install configuration: ""
-- Installing: /home/hawx/ws1/src/install/interface_pkg1/share/ament_index/resource_index/rosidl_interfaces/interface_pkg1
-- Installing: /home/hawx/ws1/src/install/interface_pkg1/include/interface_pkg1/interface_pkg1
-- Installing: /home/hawx/ws1/src/install/interface_pkg1/include/interface_pkg1/interface_pkg1/msg
-- Installing: /home/hawx/ws1/src/install/interface_pkg1/include/interface_pkg1/interface_pkg1/msg/message2.h
-- Installing: /home/hawx/ws1/src/install/interface_pkg1/include/interface_pkg1/interface_pkg1/msg/rosidl_generator_c__visibility_control.h
-- Installing: /home/hawx/ws1/src/install/interface_pkg1/include/interface_pkg1/interface_pkg1/msg/message1.h
-- Installing: /home/hawx/ws1/src/install/interface_pkg1/include/interface_pkg1/interface_pkg1/msg/detail
-- Installing: /home/hawx/ws1/src/install/interface_pkg1/include/interface_pkg1/interface_pkg1/msg/detail/message1__type_support.h
-- Installing: /home/hawx/ws1/src/install/interface_pkg1/include/interface_pkg1/interface_pkg1/msg/detail/message2__functions.c
-- Installing: /home/hawx/ws1/src/install/interface_pkg1/include/interface_pkg1/interface_pkg1/msg/detail/message2__type_support.h
-- Installing: /home/hawx/ws1/src/install/interface_pkg1/include/interface_pkg1/interface_pkg1/msg/detail/message2__struct.h
-- Installing: /home/hawx/ws1/src/install/interface_pkg1/include/interface_pkg1/interface_pkg1/msg/detail/message1__functions.h
-- Installing: /home/hawx/ws1/src/install/interface_pkg1/include/interface_pkg1/interface_pkg1/msg/detail/message1__struct.h
-- Installing: /home/hawx/ws1/src/install/interface_pkg1/include/interface_pkg1/interface_pkg1/msg/detail/message1__functions.c
-- Installing: /home/hawx/ws1/src/install/interface_pkg1/include/interface_pkg1/interface_pkg1/msg/detail/message2__functions.h
-- Installing: /home/hawx/ws1/src/install/interface_pkg1/include/interface_pkg1/interface_pkg1/srv
-- Installing: /home/hawx/ws1/src/install/interface_pkg1/include/interface_pkg1/interface_pkg1/srv/service1.h
-- Installing: /home/hawx/ws1/src/install/interface_pkg1/include/interface_pkg1/interface_pkg1/srv/detail
-- Installing: /home/hawx/ws1/src/install/interface_pkg1/include/interface_pkg1/interface_pkg1/srv/detail/service1__functions.c
-- Installing: /home/hawx/ws1/src/install/interface_pkg1/include/interface_pkg1/interface_pkg1/srv/detail/service1__struct.h
-- Installing: /home/hawx/ws1/src/install/interface_pkg1/include/interface_pkg1/interface_pkg1/srv/detail/service1__functions.h
-- Installing: /home/hawx/ws1/src/install/interface_pkg1/include/interface_pkg1/interface_pkg1/srv/detail/service1__type_support.h
-- Installing: /home/hawx/ws1/src/install/interface_pkg1/share/interface_pkg1/environment/library_path.sh
-- Installing: /home/hawx/ws1/src/install/interface_pkg1/share/interface_pkg1/environment/library_path.dsv
-- Installing: /home/hawx/ws1/src/install/interface_pkg1/lib/libinterface_pkg1__rosidl_generator_c.so
-- Set runtime path of "/home/hawx/ws1/src/install/interface_pkg1/lib/libinterface_pkg1__rosidl_generator_c.so" to ""
-- Up-to-date: /home/hawx/ws1/src/install/interface_pkg1/include/interface_pkg1/interface_pkg1
-- Up-to-date: /home/hawx/ws1/src/install/interface_pkg1/include/interface_pkg1/interface_pkg1/msg
-- Installing: /home/hawx/ws1/src/install/interface_pkg1/include/interface_pkg1/interface_pkg1/msg/rosidl_typesupport_fastrtps_c__visibility_control.h
-- Up-to-date: /home/hawx/ws1/src/install/interface_pkg1/include/interface_pkg1/interface_pkg1/msg/detail
-- Installing: /home/hawx/ws1/src/install/interface_pkg1/include/interface_pkg1/interface_pkg1/msg/detail/message1__rosidl_typesupport_fastrtps_c.h
-- Installing: /home/hawx/ws1/src/install/interface_pkg1/include/interface_pkg1/interface_pkg1/msg/detail/message2__rosidl_typesupport_fastrtps_c.h
-- Up-to-date: /home/hawx/ws1/src/install/interface_pkg1/include/interface_pkg1/interface_pkg1/srv
-- Up-to-date: /home/hawx/ws1/src/install/interface_pkg1/include/interface_pkg1/interface_pkg1/srv/detail
-- Installing: /home/hawx/ws1/src/install/interface_pkg1/include/interface_pkg1/interface_pkg1/srv/detail/service1__rosidl_typesupport_fastrtps_c.h
-- Installing: /home/hawx/ws1/src/install/interface_pkg1/lib/libinterface_pkg1__rosidl_typesupport_fastrtps_c.so
-- Set runtime path of "/home/hawx/ws1/src/install/interface_pkg1/lib/libinterface_pkg1__rosidl_typesupport_fastrtps_c.so" to ""
-- Up-to-date: /home/hawx/ws1/src/install/interface_pkg1/include/interface_pkg1/interface_pkg1
-- Up-to-date: /home/hawx/ws1/src/install/interface_pkg1/include/interface_pkg1/interface_pkg1/msg
-- Installing: /home/hawx/ws1/src/install/interface_pkg1/include/interface_pkg1/interface_pkg1/msg/message2.hpp
-- Installing: /home/hawx/ws1/src/install/interface_pkg1/include/interface_pkg1/interface_pkg1/msg/message1.hpp
-- Up-to-date: /home/hawx/ws1/src/install/interface_pkg1/include/interface_pkg1/interface_pkg1/msg/detail
-- Installing: /home/hawx/ws1/src/install/interface_pkg1/include/interface_pkg1/interface_pkg1/msg/detail/message2__struct.hpp
-- Installing: /home/hawx/ws1/src/install/interface_pkg1/include/interface_pkg1/interface_pkg1/msg/detail/message2__type_support.hpp
-- Installing: /home/hawx/ws1/src/install/interface_pkg1/include/interface_pkg1/interface_pkg1/msg/detail/message1__traits.hpp
-- Installing: /home/hawx/ws1/src/install/interface_pkg1/include/interface_pkg1/interface_pkg1/msg/detail/message1__type_support.hpp
-- Installing: /home/hawx/ws1/src/install/interface_pkg1/include/interface_pkg1/interface_pkg1/msg/detail/message1__builder.hpp
-- Installing: /home/hawx/ws1/src/install/interface_pkg1/include/interface_pkg1/interface_pkg1/msg/detail/message2__traits.hpp
-- Installing: /home/hawx/ws1/src/install/interface_pkg1/include/interface_pkg1/interface_pkg1/msg/detail/message1__struct.hpp
-- Installing: /home/hawx/ws1/src/install/interface_pkg1/include/interface_pkg1/interface_pkg1/msg/detail/message2__builder.hpp
-- Installing: /home/hawx/ws1/src/install/interface_pkg1/include/interface_pkg1/interface_pkg1/msg/rosidl_generator_cpp__visibility_control.hpp
-- Up-to-date: /home/hawx/ws1/src/install/interface_pkg1/include/interface_pkg1/interface_pkg1/srv
-- Installing: /home/hawx/ws1/src/install/interface_pkg1/include/interface_pkg1/interface_pkg1/srv/service1.hpp
-- Up-to-date: /home/hawx/ws1/src/install/interface_pkg1/include/interface_pkg1/interface_pkg1/srv/detail
-- Installing: /home/hawx/ws1/src/install/interface_pkg1/include/interface_pkg1/interface_pkg1/srv/detail/service1__traits.hpp
-- Installing: /home/hawx/ws1/src/install/interface_pkg1/include/interface_pkg1/interface_pkg1/srv/detail/service1__struct.hpp
-- Installing: /home/hawx/ws1/src/install/interface_pkg1/include/interface_pkg1/interface_pkg1/srv/detail/service1__builder.hpp
-- Installing: /home/hawx/ws1/src/install/interface_pkg1/include/interface_pkg1/interface_pkg1/srv/detail/service1__type_support.hpp
-- Up-to-date: /home/hawx/ws1/src/install/interface_pkg1/include/interface_pkg1/interface_pkg1
-- Up-to-date: /home/hawx/ws1/src/install/interface_pkg1/include/interface_pkg1/interface_pkg1/msg
-- Installing: /home/hawx/ws1/src/install/interface_pkg1/include/interface_pkg1/interface_pkg1/msg/rosidl_typesupport_fastrtps_cpp__visibility_control.h
-- Up-to-date: /home/hawx/ws1/src/install/interface_pkg1/include/interface_pkg1/interface_pkg1/msg/detail
-- Installing: /home/hawx/ws1/src/install/interface_pkg1/include/interface_pkg1/interface_pkg1/msg/detail/message2__rosidl_typesupport_fastrtps_cpp.hpp
-- Installing: /home/hawx/ws1/src/install/interface_pkg1/include/interface_pkg1/interface_pkg1/msg/detail/message1__rosidl_typesupport_fastrtps_cpp.hpp
-- Installing: /home/hawx/ws1/src/install/interface_pkg1/include/interface_pkg1/interface_pkg1/msg/detail/dds_fastrtps
-- Up-to-date: /home/hawx/ws1/src/install/interface_pkg1/include/interface_pkg1/interface_pkg1/srv
-- Up-to-date: /home/hawx/ws1/src/install/interface_pkg1/include/interface_pkg1/interface_pkg1/srv/detail
-- Installing: /home/hawx/ws1/src/install/interface_pkg1/include/interface_pkg1/interface_pkg1/srv/detail/dds_fastrtps
-- Installing: /home/hawx/ws1/src/install/interface_pkg1/include/interface_pkg1/interface_pkg1/srv/detail/service1__rosidl_typesupport_fastrtps_cpp.hpp
-- Installing: /home/hawx/ws1/src/install/interface_pkg1/lib/libinterface_pkg1__rosidl_typesupport_fastrtps_cpp.so
-- Set runtime path of "/home/hawx/ws1/src/install/interface_pkg1/lib/libinterface_pkg1__rosidl_typesupport_fastrtps_cpp.so" to ""
-- Up-to-date: /home/hawx/ws1/src/install/interface_pkg1/include/interface_pkg1/interface_pkg1
-- Up-to-date: /home/hawx/ws1/src/install/interface_pkg1/include/interface_pkg1/interface_pkg1/msg
-- Installing: /home/hawx/ws1/src/install/interface_pkg1/include/interface_pkg1/interface_pkg1/msg/rosidl_typesupport_introspection_c__visibility_control.h
-- Up-to-date: /home/hawx/ws1/src/install/interface_pkg1/include/interface_pkg1/interface_pkg1/msg/detail
-- Installing: /home/hawx/ws1/src/install/interface_pkg1/include/interface_pkg1/interface_pkg1/msg/detail/message2__type_support.c
-- Installing: /home/hawx/ws1/src/install/interface_pkg1/include/interface_pkg1/interface_pkg1/msg/detail/message1__rosidl_typesupport_introspection_c.h
-- Installing: /home/hawx/ws1/src/install/interface_pkg1/include/interface_pkg1/interface_pkg1/msg/detail/message2__rosidl_typesupport_introspection_c.h
-- Installing: /home/hawx/ws1/src/install/interface_pkg1/include/interface_pkg1/interface_pkg1/msg/detail/message1__type_support.c
-- Up-to-date: /home/hawx/ws1/src/install/interface_pkg1/include/interface_pkg1/interface_pkg1/srv
-- Up-to-date: /home/hawx/ws1/src/install/interface_pkg1/include/interface_pkg1/interface_pkg1/srv/detail
-- Installing: /home/hawx/ws1/src/install/interface_pkg1/include/interface_pkg1/interface_pkg1/srv/detail/service1__rosidl_typesupport_introspection_c.h
-- Installing: /home/hawx/ws1/src/install/interface_pkg1/include/interface_pkg1/interface_pkg1/srv/detail/service1__type_support.c
-- Installing: /home/hawx/ws1/src/install/interface_pkg1/lib/libinterface_pkg1__rosidl_typesupport_introspection_c.so
-- Set runtime path of "/home/hawx/ws1/src/install/interface_pkg1/lib/libinterface_pkg1__rosidl_typesupport_introspection_c.so" to ""
-- Installing: /home/hawx/ws1/src/install/interface_pkg1/lib/libinterface_pkg1__rosidl_typesupport_c.so
-- Set runtime path of "/home/hawx/ws1/src/install/interface_pkg1/lib/libinterface_pkg1__rosidl_typesupport_c.so" to ""
-- Up-to-date: /home/hawx/ws1/src/install/interface_pkg1/include/interface_pkg1/interface_pkg1
-- Up-to-date: /home/hawx/ws1/src/install/interface_pkg1/include/interface_pkg1/interface_pkg1/msg
-- Up-to-date: /home/hawx/ws1/src/install/interface_pkg1/include/interface_pkg1/interface_pkg1/msg/detail
-- Installing: /home/hawx/ws1/src/install/interface_pkg1/include/interface_pkg1/interface_pkg1/msg/detail/message1__type_support.cpp
-- Installing: /home/hawx/ws1/src/install/interface_pkg1/include/interface_pkg1/interface_pkg1/msg/detail/message1__rosidl_typesupport_introspection_cpp.hpp
-- Installing: /home/hawx/ws1/src/install/interface_pkg1/include/interface_pkg1/interface_pkg1/msg/detail/message2__type_support.cpp
-- Installing: /home/hawx/ws1/src/install/interface_pkg1/include/interface_pkg1/interface_pkg1/msg/detail/message2__rosidl_typesupport_introspection_cpp.hpp
-- Up-to-date: /home/hawx/ws1/src/install/interface_pkg1/include/interface_pkg1/interface_pkg1/srv
-- Up-to-date: /home/hawx/ws1/src/install/interface_pkg1/include/interface_pkg1/interface_pkg1/srv/detail
-- Installing: /home/hawx/ws1/src/install/interface_pkg1/include/interface_pkg1/interface_pkg1/srv/detail/service1__rosidl_typesupport_introspection_cpp.hpp
-- Installing: /home/hawx/ws1/src/install/interface_pkg1/include/interface_pkg1/interface_pkg1/srv/detail/service1__type_support.cpp
-- Installing: /home/hawx/ws1/src/install/interface_pkg1/lib/libinterface_pkg1__rosidl_typesupport_introspection_cpp.so
-- Set runtime path of "/home/hawx/ws1/src/install/interface_pkg1/lib/libinterface_pkg1__rosidl_typesupport_introspection_cpp.so" to ""
-- Installing: /home/hawx/ws1/src/install/interface_pkg1/lib/libinterface_pkg1__rosidl_typesupport_cpp.so
-- Set runtime path of "/home/hawx/ws1/src/install/interface_pkg1/lib/libinterface_pkg1__rosidl_typesupport_cpp.so" to ""
-- Installing: /home/hawx/ws1/src/install/interface_pkg1/share/interface_pkg1/environment/pythonpath.sh
-- Installing: /home/hawx/ws1/src/install/interface_pkg1/share/interface_pkg1/environment/pythonpath.dsv
-- Installing: /home/hawx/ws1/src/install/interface_pkg1/local/lib/python3.10/dist-packages/interface_pkg1-0.0.0-py3.10.egg-info
-- Installing: /home/hawx/ws1/src/install/interface_pkg1/local/lib/python3.10/dist-packages/interface_pkg1-0.0.0-py3.10.egg-info/SOURCES.txt
-- Installing: /home/hawx/ws1/src/install/interface_pkg1/local/lib/python3.10/dist-packages/interface_pkg1-0.0.0-py3.10.egg-info/dependency_links.txt
-- Installing: /home/hawx/ws1/src/install/interface_pkg1/local/lib/python3.10/dist-packages/interface_pkg1-0.0.0-py3.10.egg-info/PKG-INFO
-- Installing: /home/hawx/ws1/src/install/interface_pkg1/local/lib/python3.10/dist-packages/interface_pkg1-0.0.0-py3.10.egg-info/top_level.txt
-- Installing: /home/hawx/ws1/src/install/interface_pkg1/local/lib/python3.10/dist-packages/interface_pkg1
-- Installing: /home/hawx/ws1/src/install/interface_pkg1/local/lib/python3.10/dist-packages/interface_pkg1/interface_pkg1_s__rosidl_typesupport_c.cpython-310-x86_64-linux-gnu.so
-- Installing: /home/hawx/ws1/src/install/interface_pkg1/local/lib/python3.10/dist-packages/interface_pkg1/interface_pkg1_s__rosidl_typesupport_introspection_c.cpython-310-x86_64-linux-gnu.so
-- Installing: /home/hawx/ws1/src/install/interface_pkg1/local/lib/python3.10/dist-packages/interface_pkg1/_interface_pkg1_s.ep.rosidl_typesupport_c.c
-- Installing: /home/hawx/ws1/src/install/interface_pkg1/local/lib/python3.10/dist-packages/interface_pkg1/interface_pkg1_s__rosidl_typesupport_fastrtps_c.cpython-310-x86_64-linux-gnu.so
-- Installing: /home/hawx/ws1/src/install/interface_pkg1/local/lib/python3.10/dist-packages/interface_pkg1/msg
-- Installing: /home/hawx/ws1/src/install/interface_pkg1/local/lib/python3.10/dist-packages/interface_pkg1/msg/_message2_s.c
-- Installing: /home/hawx/ws1/src/install/interface_pkg1/local/lib/python3.10/dist-packages/interface_pkg1/msg/_message1.py
-- Installing: /home/hawx/ws1/src/install/interface_pkg1/local/lib/python3.10/dist-packages/interface_pkg1/msg/_message2.py
-- Installing: /home/hawx/ws1/src/install/interface_pkg1/local/lib/python3.10/dist-packages/interface_pkg1/msg/__init__.py
-- Installing: /home/hawx/ws1/src/install/interface_pkg1/local/lib/python3.10/dist-packages/interface_pkg1/msg/_message1_s.c
-- Installing: /home/hawx/ws1/src/install/interface_pkg1/local/lib/python3.10/dist-packages/interface_pkg1/_interface_pkg1_s.ep.rosidl_typesupport_introspection_c.c
-- Installing: /home/hawx/ws1/src/install/interface_pkg1/local/lib/python3.10/dist-packages/interface_pkg1/srv
-- Installing: /home/hawx/ws1/src/install/interface_pkg1/local/lib/python3.10/dist-packages/interface_pkg1/srv/_service1_s.c
-- Installing: /home/hawx/ws1/src/install/interface_pkg1/local/lib/python3.10/dist-packages/interface_pkg1/srv/_service1.py
-- Installing: /home/hawx/ws1/src/install/interface_pkg1/local/lib/python3.10/dist-packages/interface_pkg1/srv/__init__.py
-- Installing: /home/hawx/ws1/src/install/interface_pkg1/local/lib/python3.10/dist-packages/interface_pkg1/_interface_pkg1_s.ep.rosidl_typesupport_fastrtps_c.c
-- Installing: /home/hawx/ws1/src/install/interface_pkg1/local/lib/python3.10/dist-packages/interface_pkg1/__init__.py
-- Installing: /home/hawx/ws1/src/install/interface_pkg1/local/lib/python3.10/dist-packages/interface_pkg1/libinterface_pkg1__rosidl_generator_py.so
Listing '/home/hawx/ws1/src/install/interface_pkg1/local/lib/python3.10/dist-packages/interface_pkg1'...
Compiling '/home/hawx/ws1/src/install/interface_pkg1/local/lib/python3.10/dist-packages/interface_pkg1/__init__.py'...
Listing '/home/hawx/ws1/src/install/interface_pkg1/local/lib/python3.10/dist-packages/interface_pkg1/msg'...
Compiling '/home/hawx/ws1/src/install/interface_pkg1/local/lib/python3.10/dist-packages/interface_pkg1/msg/__init__.py'...
Compiling '/home/hawx/ws1/src/install/interface_pkg1/local/lib/python3.10/dist-packages/interface_pkg1/msg/_message1.py'...
Compiling '/home/hawx/ws1/src/install/interface_pkg1/local/lib/python3.10/dist-packages/interface_pkg1/msg/_message2.py'...
Listing '/home/hawx/ws1/src/install/interface_pkg1/local/lib/python3.10/dist-packages/interface_pkg1/srv'...
Compiling '/home/hawx/ws1/src/install/interface_pkg1/local/lib/python3.10/dist-packages/interface_pkg1/srv/__init__.py'...
Compiling '/home/hawx/ws1/src/install/interface_pkg1/local/lib/python3.10/dist-packages/interface_pkg1/srv/_service1.py'...
-- Installing: /home/hawx/ws1/src/install/interface_pkg1/local/lib/python3.10/dist-packages/interface_pkg1/interface_pkg1_s__rosidl_typesupport_fastrtps_c.cpython-310-x86_64-linux-gnu.so
-- Set runtime path of "/home/hawx/ws1/src/install/interface_pkg1/local/lib/python3.10/dist-packages/interface_pkg1/interface_pkg1_s__rosidl_typesupport_fastrtps_c.cpython-310-x86_64-linux-gnu.so" to ""
-- Installing: /home/hawx/ws1/src/install/interface_pkg1/local/lib/python3.10/dist-packages/interface_pkg1/interface_pkg1_s__rosidl_typesupport_introspection_c.cpython-310-x86_64-linux-gnu.so
-- Set runtime path of "/home/hawx/ws1/src/install/interface_pkg1/local/lib/python3.10/dist-packages/interface_pkg1/interface_pkg1_s__rosidl_typesupport_introspection_c.cpython-310-x86_64-linux-gnu.so" to ""
-- Installing: /home/hawx/ws1/src/install/interface_pkg1/local/lib/python3.10/dist-packages/interface_pkg1/interface_pkg1_s__rosidl_typesupport_c.cpython-310-x86_64-linux-gnu.so
-- Set runtime path of "/home/hawx/ws1/src/install/interface_pkg1/local/lib/python3.10/dist-packages/interface_pkg1/interface_pkg1_s__rosidl_typesupport_c.cpython-310-x86_64-linux-gnu.so" to ""
-- Installing: /home/hawx/ws1/src/install/interface_pkg1/lib/libinterface_pkg1__rosidl_generator_py.so
-- Set runtime path of "/home/hawx/ws1/src/install/interface_pkg1/lib/libinterface_pkg1__rosidl_generator_py.so" to ""
-- Installing: /home/hawx/ws1/src/install/interface_pkg1/share/interface_pkg1/msg/Message1.idl
-- Installing: /home/hawx/ws1/src/install/interface_pkg1/share/interface_pkg1/msg/Message2.idl
-- Installing: /home/hawx/ws1/src/install/interface_pkg1/share/interface_pkg1/srv/Service1.idl
-- Installing: /home/hawx/ws1/src/install/interface_pkg1/share/interface_pkg1/msg/Message1.msg
-- Installing: /home/hawx/ws1/src/install/interface_pkg1/share/interface_pkg1/msg/Message2.msg
-- Installing: /home/hawx/ws1/src/install/interface_pkg1/share/interface_pkg1/srv/Service1.srv
-- Installing: /home/hawx/ws1/src/install/interface_pkg1/share/interface_pkg1/srv/Service1_Request.msg
-- Installing: /home/hawx/ws1/src/install/interface_pkg1/share/interface_pkg1/srv/Service1_Response.msg
-- Installing: /home/hawx/ws1/src/install/interface_pkg1/share/ament_index/resource_index/package_run_dependencies/interface_pkg1
-- Installing: /home/hawx/ws1/src/install/interface_pkg1/share/ament_index/resource_index/parent_prefix_path/interface_pkg1
-- Installing: /home/hawx/ws1/src/install/interface_pkg1/share/interface_pkg1/environment/ament_prefix_path.sh
-- Installing: /home/hawx/ws1/src/install/interface_pkg1/share/interface_pkg1/environment/ament_prefix_path.dsv
-- Installing: /home/hawx/ws1/src/install/interface_pkg1/share/interface_pkg1/environment/path.sh
-- Installing: /home/hawx/ws1/src/install/interface_pkg1/share/interface_pkg1/environment/path.dsv
-- Installing: /home/hawx/ws1/src/install/interface_pkg1/share/interface_pkg1/local_setup.bash
-- Installing: /home/hawx/ws1/src/install/interface_pkg1/share/interface_pkg1/local_setup.sh
-- Installing: /home/hawx/ws1/src/install/interface_pkg1/share/interface_pkg1/local_setup.zsh
-- Installing: /home/hawx/ws1/src/install/interface_pkg1/share/interface_pkg1/local_setup.dsv
-- Installing: /home/hawx/ws1/src/install/interface_pkg1/share/interface_pkg1/package.dsv
-- Installing: /home/hawx/ws1/src/install/interface_pkg1/share/ament_index/resource_index/packages/interface_pkg1
-- Installing: /home/hawx/ws1/src/install/interface_pkg1/share/interface_pkg1/cmake/export_interface_pkg1__rosidl_generator_cExport.cmake
-- Installing: /home/hawx/ws1/src/install/interface_pkg1/share/interface_pkg1/cmake/export_interface_pkg1__rosidl_generator_cExport-noconfig.cmake
-- Installing: /home/hawx/ws1/src/install/interface_pkg1/share/interface_pkg1/cmake/export_interface_pkg1__rosidl_typesupport_fastrtps_cExport.cmake
-- Installing: /home/hawx/ws1/src/install/interface_pkg1/share/interface_pkg1/cmake/export_interface_pkg1__rosidl_typesupport_fastrtps_cExport-noconfig.cmake
-- Installing: /home/hawx/ws1/src/install/interface_pkg1/share/interface_pkg1/cmake/export_interface_pkg1__rosidl_generator_cppExport.cmake
-- Installing: /home/hawx/ws1/src/install/interface_pkg1/share/interface_pkg1/cmake/export_interface_pkg1__rosidl_typesupport_fastrtps_cppExport.cmake
-- Installing: /home/hawx/ws1/src/install/interface_pkg1/share/interface_pkg1/cmake/export_interface_pkg1__rosidl_typesupport_fastrtps_cppExport-noconfig.cmake
-- Installing: /home/hawx/ws1/src/install/interface_pkg1/share/interface_pkg1/cmake/interface_pkg1__rosidl_typesupport_introspection_cExport.cmake
-- Installing: /home/hawx/ws1/src/install/interface_pkg1/share/interface_pkg1/cmake/interface_pkg1__rosidl_typesupport_introspection_cExport-noconfig.cmake
-- Installing: /home/hawx/ws1/src/install/interface_pkg1/share/interface_pkg1/cmake/interface_pkg1__rosidl_typesupport_cExport.cmake
-- Installing: /home/hawx/ws1/src/install/interface_pkg1/share/interface_pkg1/cmake/interface_pkg1__rosidl_typesupport_cExport-noconfig.cmake
-- Installing: /home/hawx/ws1/src/install/interface_pkg1/share/interface_pkg1/cmake/interface_pkg1__rosidl_typesupport_introspection_cppExport.cmake
-- Installing: /home/hawx/ws1/src/install/interface_pkg1/share/interface_pkg1/cmake/interface_pkg1__rosidl_typesupport_introspection_cppExport-noconfig.cmake
-- Installing: /home/hawx/ws1/src/install/interface_pkg1/share/interface_pkg1/cmake/interface_pkg1__rosidl_typesupport_cppExport.cmake
-- Installing: /home/hawx/ws1/src/install/interface_pkg1/share/interface_pkg1/cmake/interface_pkg1__rosidl_typesupport_cppExport-noconfig.cmake
-- Installing: /home/hawx/ws1/src/install/interface_pkg1/share/interface_pkg1/cmake/export_interface_pkg1__rosidl_generator_pyExport.cmake
-- Installing: /home/hawx/ws1/src/install/interface_pkg1/share/interface_pkg1/cmake/export_interface_pkg1__rosidl_generator_pyExport-noconfig.cmake
-- Installing: /home/hawx/ws1/src/install/interface_pkg1/share/interface_pkg1/cmake/rosidl_cmake-extras.cmake
-- Installing: /home/hawx/ws1/src/install/interface_pkg1/share/interface_pkg1/cmake/ament_cmake_export_dependencies-extras.cmake
-- Installing: /home/hawx/ws1/src/install/interface_pkg1/share/interface_pkg1/cmake/ament_cmake_export_include_directories-extras.cmake
-- Installing: /home/hawx/ws1/src/install/interface_pkg1/share/interface_pkg1/cmake/ament_cmake_export_libraries-extras.cmake
-- Installing: /home/hawx/ws1/src/install/interface_pkg1/share/interface_pkg1/cmake/ament_cmake_export_targets-extras.cmake
-- Installing: /home/hawx/ws1/src/install/interface_pkg1/share/interface_pkg1/cmake/rosidl_cmake_export_typesupport_targets-extras.cmake
-- Installing: /home/hawx/ws1/src/install/interface_pkg1/share/interface_pkg1/cmake/rosidl_cmake_export_typesupport_libraries-extras.cmake
-- Installing: /home/hawx/ws1/src/install/interface_pkg1/share/interface_pkg1/cmake/interface_pkg1Config.cmake
-- Installing: /home/hawx/ws1/src/install/interface_pkg1/share/interface_pkg1/cmake/interface_pkg1Config-version.cmake
-- Installing: /home/hawx/ws1/src/install/interface_pkg1/share/interface_pkg1/package.xml
