[0.006s] Invoking command in '/home/hawx/ws4/build/urdf_tutorial': CMAKE_PREFIX_PATH=${CMAKE_PREFIX_PATH}:/home/hawx/ws4/install/urdf_pkg1:/home/hawx/ws3/install/ardu_pkg1:/home/hawx/ws1/install/pypara_pkg1:/home/hawx/ws1/install/py_pkg2:/home/hawx/ws1/install/py_pkg1:/home/hawx/ws1/install/pubsub_pkg1:/home/hawx/ws1/src/install/pypara_pkg1:/home/hawx/ws1/src/install/py_pkg2:/home/hawx/ws1/src/install/py_pkg1:/opt/ros/humble /usr/bin/cmake /home/hawx/ws4/src/urdf_tutorial -DCMAKE_INSTALL_PREFIX=/home/hawx/ws4/install/urdf_tutorial
[0.040s] -- The C compiler identification is GNU 11.4.0
[0.071s] -- The CXX compiler identification is GNU 11.4.0
[0.076s] -- Detecting C compiler ABI info
[0.117s] -- Detecting C compiler ABI info - done
[0.120s] -- Check for working C compiler: /usr/bin/cc - skipped
[0.120s] -- Detecting C compile features
[0.121s] -- Detecting C compile features - done
[0.122s] -- Detecting CXX compiler ABI info
[0.170s] -- Detecting CXX compiler ABI info - done
[0.173s] -- Check for working CXX compiler: /usr/bin/c++ - skipped
[0.174s] -- Detecting CXX compile features
[0.174s] -- Detecting CXX compile features - done
[0.178s] -- Found ament_cmake: 1.3.11 (/opt/ros/humble/share/ament_cmake/cmake)
[0.275s] -- Found Python3: /usr/bin/python3 (found version "3.10.12") found components: Interpreter 
[0.338s] -- Found ament_lint_auto: 0.12.12 (/opt/ros/humble/share/ament_lint_auto/cmake)
[0.373s] -- Configuring done
[0.374s] -- Generating done
[0.375s] -- Build files have been written to: /home/hawx/ws4/build/urdf_tutorial
[0.378s] Invoked command in '/home/hawx/ws4/build/urdf_tutorial' returned '0': CMAKE_PREFIX_PATH=${CMAKE_PREFIX_PATH}:/home/hawx/ws4/install/urdf_pkg1:/home/hawx/ws3/install/ardu_pkg1:/home/hawx/ws1/install/pypara_pkg1:/home/hawx/ws1/install/py_pkg2:/home/hawx/ws1/install/py_pkg1:/home/hawx/ws1/install/pubsub_pkg1:/home/hawx/ws1/src/install/pypara_pkg1:/home/hawx/ws1/src/install/py_pkg2:/home/hawx/ws1/src/install/py_pkg1:/opt/ros/humble /usr/bin/cmake /home/hawx/ws4/src/urdf_tutorial -DCMAKE_INSTALL_PREFIX=/home/hawx/ws4/install/urdf_tutorial
[0.379s] Invoking command in '/home/hawx/ws4/build/urdf_tutorial': CMAKE_PREFIX_PATH=${CMAKE_PREFIX_PATH}:/home/hawx/ws4/install/urdf_pkg1:/home/hawx/ws3/install/ardu_pkg1:/home/hawx/ws1/install/pypara_pkg1:/home/hawx/ws1/install/py_pkg2:/home/hawx/ws1/install/py_pkg1:/home/hawx/ws1/install/pubsub_pkg1:/home/hawx/ws1/src/install/pypara_pkg1:/home/hawx/ws1/src/install/py_pkg2:/home/hawx/ws1/src/install/py_pkg1:/opt/ros/humble /usr/bin/cmake --build /home/hawx/ws4/build/urdf_tutorial -- -j32 -l32
[0.401s] Invoked command in '/home/hawx/ws4/build/urdf_tutorial' returned '0': CMAKE_PREFIX_PATH=${CMAKE_PREFIX_PATH}:/home/hawx/ws4/install/urdf_pkg1:/home/hawx/ws3/install/ardu_pkg1:/home/hawx/ws1/install/pypara_pkg1:/home/hawx/ws1/install/py_pkg2:/home/hawx/ws1/install/py_pkg1:/home/hawx/ws1/install/pubsub_pkg1:/home/hawx/ws1/src/install/pypara_pkg1:/home/hawx/ws1/src/install/py_pkg2:/home/hawx/ws1/src/install/py_pkg1:/opt/ros/humble /usr/bin/cmake --build /home/hawx/ws4/build/urdf_tutorial -- -j32 -l32
[0.407s] Invoking command in '/home/hawx/ws4/build/urdf_tutorial': CMAKE_PREFIX_PATH=${CMAKE_PREFIX_PATH}:/home/hawx/ws4/install/urdf_pkg1:/home/hawx/ws3/install/ardu_pkg1:/home/hawx/ws1/install/pypara_pkg1:/home/hawx/ws1/install/py_pkg2:/home/hawx/ws1/install/py_pkg1:/home/hawx/ws1/install/pubsub_pkg1:/home/hawx/ws1/src/install/pypara_pkg1:/home/hawx/ws1/src/install/py_pkg2:/home/hawx/ws1/src/install/py_pkg1:/opt/ros/humble /usr/bin/cmake --install /home/hawx/ws4/build/urdf_tutorial
[0.412s] -- Install configuration: ""
[0.412s] -- Installing: /home/hawx/ws4/install/urdf_tutorial/share/urdf_tutorial/images
[0.412s] -- Installing: /home/hawx/ws4/install/urdf_tutorial/share/urdf_tutorial/images/myfirst.png
[0.412s] -- Installing: /home/hawx/ws4/install/urdf_tutorial/share/urdf_tutorial/images/origins.png
[0.412s] -- Installing: /home/hawx/ws4/install/urdf_tutorial/share/urdf_tutorial/images/flexible.png
[0.412s] -- Installing: /home/hawx/ws4/install/urdf_tutorial/share/urdf_tutorial/images/visual.png
[0.413s] -- Installing: /home/hawx/ws4/install/urdf_tutorial/share/urdf_tutorial/images/multipleshapes.png
[0.413s] -- Installing: /home/hawx/ws4/install/urdf_tutorial/share/urdf_tutorial/images/materials.png
[0.413s] -- Installing: /home/hawx/ws4/install/urdf_tutorial/share/urdf_tutorial/launch
[0.413s] -- Installing: /home/hawx/ws4/install/urdf_tutorial/share/urdf_tutorial/launch/display.launch.py
[0.413s] -- Installing: /home/hawx/ws4/install/urdf_tutorial/share/urdf_tutorial/meshes
[0.413s] -- Installing: /home/hawx/ws4/install/urdf_tutorial/share/urdf_tutorial/meshes/l_finger_tip_color.png
[0.413s] -- Installing: /home/hawx/ws4/install/urdf_tutorial/share/urdf_tutorial/meshes/l_finger_color.png
[0.413s] -- Installing: /home/hawx/ws4/install/urdf_tutorial/share/urdf_tutorial/meshes/l_finger.dae
[0.413s] -- Installing: /home/hawx/ws4/install/urdf_tutorial/share/urdf_tutorial/meshes/l_finger_tip.dae
[0.413s] -- Installing: /home/hawx/ws4/install/urdf_tutorial/share/urdf_tutorial/rviz
[0.414s] -- Installing: /home/hawx/ws4/install/urdf_tutorial/share/urdf_tutorial/rviz/urdf.rviz
[0.414s] -- Installing: /home/hawx/ws4/install/urdf_tutorial/share/urdf_tutorial/urdf
[0.414s] -- Installing: /home/hawx/ws4/install/urdf_tutorial/share/urdf_tutorial/urdf/05-visual.urdf
[0.414s] -- Installing: /home/hawx/ws4/install/urdf_tutorial/share/urdf_tutorial/urdf/04-materials.urdf
[0.414s] -- Installing: /home/hawx/ws4/install/urdf_tutorial/share/urdf_tutorial/urdf/08-macroed.urdf.xacro
[0.414s] -- Installing: /home/hawx/ws4/install/urdf_tutorial/share/urdf_tutorial/urdf/01-myfirst.urdf
[0.414s] -- Installing: /home/hawx/ws4/install/urdf_tutorial/share/urdf_tutorial/urdf/02-multipleshapes.urdf
[0.414s] -- Installing: /home/hawx/ws4/install/urdf_tutorial/share/urdf_tutorial/urdf/03-origins.urdf
[0.414s] -- Installing: /home/hawx/ws4/install/urdf_tutorial/share/urdf_tutorial/urdf/07-physics.urdf
[0.414s] -- Installing: /home/hawx/ws4/install/urdf_tutorial/share/urdf_tutorial/urdf/06-flexible.urdf
[0.414s] -- Installing: /home/hawx/ws4/install/urdf_tutorial/share/ament_index/resource_index/package_run_dependencies/urdf_tutorial
[0.414s] -- Installing: /home/hawx/ws4/install/urdf_tutorial/share/ament_index/resource_index/parent_prefix_path/urdf_tutorial
[0.414s] -- Installing: /home/hawx/ws4/install/urdf_tutorial/share/urdf_tutorial/environment/ament_prefix_path.sh
[0.415s] -- Installing: /home/hawx/ws4/install/urdf_tutorial/share/urdf_tutorial/environment/ament_prefix_path.dsv
[0.415s] -- Installing: /home/hawx/ws4/install/urdf_tutorial/share/urdf_tutorial/environment/path.sh
[0.415s] -- Installing: /home/hawx/ws4/install/urdf_tutorial/share/urdf_tutorial/environment/path.dsv
[0.415s] -- Installing: /home/hawx/ws4/install/urdf_tutorial/share/urdf_tutorial/local_setup.bash
[0.415s] -- Installing: /home/hawx/ws4/install/urdf_tutorial/share/urdf_tutorial/local_setup.sh
[0.415s] -- Installing: /home/hawx/ws4/install/urdf_tutorial/share/urdf_tutorial/local_setup.zsh
[0.415s] -- Installing: /home/hawx/ws4/install/urdf_tutorial/share/urdf_tutorial/local_setup.dsv
[0.415s] -- Installing: /home/hawx/ws4/install/urdf_tutorial/share/urdf_tutorial/package.dsv
[0.415s] -- Installing: /home/hawx/ws4/install/urdf_tutorial/share/ament_index/resource_index/packages/urdf_tutorial
[0.415s] -- Installing: /home/hawx/ws4/install/urdf_tutorial/share/urdf_tutorial/cmake/urdf_tutorialConfig.cmake
[0.415s] -- Installing: /home/hawx/ws4/install/urdf_tutorial/share/urdf_tutorial/cmake/urdf_tutorialConfig-version.cmake
[0.415s] -- Installing: /home/hawx/ws4/install/urdf_tutorial/share/urdf_tutorial/package.xml
[0.417s] Invoked command in '/home/hawx/ws4/build/urdf_tutorial' returned '0': CMAKE_PREFIX_PATH=${CMAKE_PREFIX_PATH}:/home/hawx/ws4/install/urdf_pkg1:/home/hawx/ws3/install/ardu_pkg1:/home/hawx/ws1/install/pypara_pkg1:/home/hawx/ws1/install/py_pkg2:/home/hawx/ws1/install/py_pkg1:/home/hawx/ws1/install/pubsub_pkg1:/home/hawx/ws1/src/install/pypara_pkg1:/home/hawx/ws1/src/install/py_pkg2:/home/hawx/ws1/src/install/py_pkg1:/opt/ros/humble /usr/bin/cmake --install /home/hawx/ws4/build/urdf_tutorial
