[0.859s] Invoking command in '/home/hawx/ws1/src/py_pkg2': PYTHONPATH=/home/hawx/ws1/build/py_pkg2/prefix_override:/usr/lib/python3/dist-packages/colcon_core/task/python/colcon_distutils_commands:/home/hawx/ws1/install/py_pkg2/lib/python3.10/site-packages:${PYTHONPATH} /usr/bin/python3 -W ignore:setup.py install is deprecated -W ignore:easy_install command is deprecated setup.py egg_info --egg-base ../../build/py_pkg2 build --build-base /home/hawx/ws1/build/py_pkg2/build install --record /home/hawx/ws1/build/py_pkg2/install.log --single-version-externally-managed install_data
[0.998s] running egg_info
[0.999s] writing ../../build/py_pkg2/py_pkg2.egg-info/PKG-INFO
[0.999s] writing dependency_links to ../../build/py_pkg2/py_pkg2.egg-info/dependency_links.txt
[0.999s] writing entry points to ../../build/py_pkg2/py_pkg2.egg-info/entry_points.txt
[0.999s] writing requirements to ../../build/py_pkg2/py_pkg2.egg-info/requires.txt
[0.999s] writing top-level names to ../../build/py_pkg2/py_pkg2.egg-info/top_level.txt
[1.000s] reading manifest file '../../build/py_pkg2/py_pkg2.egg-info/SOURCES.txt'
[1.000s] adding license file 'LICENSE'
[1.000s] writing manifest file '../../build/py_pkg2/py_pkg2.egg-info/SOURCES.txt'
[1.000s] running build
[1.000s] running build_py
[1.000s] running install
[1.001s] running install_lib
[1.001s] running install_data
[1.001s] running install_egg_info
[1.002s] removing '/home/hawx/ws1/install/py_pkg2/lib/python3.10/site-packages/py_pkg2-0.0.0-py3.10.egg-info' (and everything under it)
[1.003s] Copying ../../build/py_pkg2/py_pkg2.egg-info to /home/hawx/ws1/install/py_pkg2/lib/python3.10/site-packages/py_pkg2-0.0.0-py3.10.egg-info
[1.003s] running install_scripts
[1.016s] Installing client1 script to /home/hawx/ws1/install/py_pkg2/lib/py_pkg2
[1.016s] Installing server1 script to /home/hawx/ws1/install/py_pkg2/lib/py_pkg2
[1.016s] writing list of installed files to '/home/hawx/ws1/build/py_pkg2/install.log'
[1.034s] Invoked command in '/home/hawx/ws1/src/py_pkg2' returned '0': PYTHONPATH=/home/hawx/ws1/build/py_pkg2/prefix_override:/usr/lib/python3/dist-packages/colcon_core/task/python/colcon_distutils_commands:/home/hawx/ws1/install/py_pkg2/lib/python3.10/site-packages:${PYTHONPATH} /usr/bin/python3 -W ignore:setup.py install is deprecated -W ignore:easy_install command is deprecated setup.py egg_info --egg-base ../../build/py_pkg2 build --build-base /home/hawx/ws1/build/py_pkg2/build install --record /home/hawx/ws1/build/py_pkg2/install.log --single-version-externally-managed install_data
