[0.051s] DEBUG:colcon:Command line arguments: ['/usr/bin/colcon', 'build']
[0.051s] DEBUG:colcon:Parsed command line arguments: Namespace(log_base=None, log_level=None, verb_name='build', build_base='build', install_base='install', merge_install=False, symlink_install=False, test_result_base=None, continue_on_error=False, executor='parallel', parallel_workers=32, event_handlers=None, ignore_user_meta=False, metas=['./colcon.meta'], base_paths=['.'], packages_ignore=None, packages_ignore_regex=None, paths=None, packages_up_to=None, packages_up_to_regex=None, packages_above=None, packages_above_and_dependencies=None, packages_above_depth=None, packages_select_by_dep=None, packages_skip_by_dep=None, packages_skip_up_to=None, packages_select_build_failed=False, packages_skip_build_finished=False, packages_select_test_failures=False, packages_skip_test_passed=False, packages_select=None, packages_skip=None, packages_select_regex=None, packages_skip_regex=None, packages_start=None, packages_end=None, allow_overriding=[], cmake_args=None, cmake_target=None, cmake_target_skip_unavailable=False, cmake_clean_cache=False, cmake_clean_first=False, cmake_force_configure=False, ament_cmake_args=None, catkin_cmake_args=None, catkin_skip_building_tests=False, mixin_files=None, mixin=None, verb_parser=<colcon_mixin.mixin.mixin_argument.MixinArgumentDecorator object at 0x70638c505b70>, verb_extension=<colcon_core.verb.build.BuildVerb object at 0x70638c672a70>, main=<bound method BuildVerb.main of <colcon_core.verb.build.BuildVerb object at 0x70638c672a70>>, mixin_verb=('build',))
[0.130s] Level 1:colcon.colcon_core.package_discovery:discover_packages(colcon_meta) check parameters
[0.130s] Level 1:colcon.colcon_core.package_discovery:discover_packages(recursive) check parameters
[0.130s] Level 1:colcon.colcon_core.package_discovery:discover_packages(ignore) check parameters
[0.130s] Level 1:colcon.colcon_core.package_discovery:discover_packages(path) check parameters
[0.130s] Level 1:colcon.colcon_core.package_discovery:discover_packages(colcon_meta) discover
[0.130s] Level 1:colcon.colcon_core.package_discovery:discover_packages(recursive) discover
[0.130s] INFO:colcon.colcon_core.package_discovery:Crawling recursively for packages in '/home/hawx/ws1/src'
[0.130s] Level 1:colcon.colcon_core.package_identification:_identify(.) by extensions ['ignore', 'ignore_ament_install']
[0.130s] Level 1:colcon.colcon_core.package_identification:_identify(.) by extension 'ignore'
[0.130s] Level 1:colcon.colcon_core.package_identification:_identify(.) by extension 'ignore_ament_install'
[0.130s] Level 1:colcon.colcon_core.package_identification:_identify(.) by extensions ['colcon_pkg']
[0.130s] Level 1:colcon.colcon_core.package_identification:_identify(.) by extension 'colcon_pkg'
[0.130s] Level 1:colcon.colcon_core.package_identification:_identify(.) by extensions ['colcon_meta']
[0.130s] Level 1:colcon.colcon_core.package_identification:_identify(.) by extension 'colcon_meta'
[0.130s] Level 1:colcon.colcon_core.package_identification:_identify(.) by extensions ['ros']
[0.130s] Level 1:colcon.colcon_core.package_identification:_identify(.) by extension 'ros'
[0.136s] Level 1:colcon.colcon_core.package_identification:_identify(.) by extensions ['cmake', 'python']
[0.136s] Level 1:colcon.colcon_core.package_identification:_identify(.) by extension 'cmake'
[0.136s] Level 1:colcon.colcon_core.package_identification:_identify(.) by extension 'python'
[0.136s] Level 1:colcon.colcon_core.package_identification:_identify(.) by extensions ['python_setup_py']
[0.136s] Level 1:colcon.colcon_core.package_identification:_identify(.) by extension 'python_setup_py'
[0.136s] Level 1:colcon.colcon_core.package_identification:_identify(build) by extensions ['ignore', 'ignore_ament_install']
[0.136s] Level 1:colcon.colcon_core.package_identification:_identify(build) by extension 'ignore'
[0.136s] Level 1:colcon.colcon_core.package_identification:_identify(build) ignored
[0.136s] Level 1:colcon.colcon_core.package_identification:_identify(install) by extensions ['ignore', 'ignore_ament_install']
[0.136s] Level 1:colcon.colcon_core.package_identification:_identify(install) by extension 'ignore'
[0.136s] Level 1:colcon.colcon_core.package_identification:_identify(install) ignored
[0.136s] Level 1:colcon.colcon_core.package_identification:_identify(interface_pkg1) by extensions ['ignore', 'ignore_ament_install']
[0.136s] Level 1:colcon.colcon_core.package_identification:_identify(interface_pkg1) by extension 'ignore'
[0.136s] Level 1:colcon.colcon_core.package_identification:_identify(interface_pkg1) by extension 'ignore_ament_install'
[0.136s] Level 1:colcon.colcon_core.package_identification:_identify(interface_pkg1) by extensions ['colcon_pkg']
[0.136s] Level 1:colcon.colcon_core.package_identification:_identify(interface_pkg1) by extension 'colcon_pkg'
[0.136s] Level 1:colcon.colcon_core.package_identification:_identify(interface_pkg1) by extensions ['colcon_meta']
[0.136s] Level 1:colcon.colcon_core.package_identification:_identify(interface_pkg1) by extension 'colcon_meta'
[0.136s] Level 1:colcon.colcon_core.package_identification:_identify(interface_pkg1) by extensions ['ros']
[0.136s] Level 1:colcon.colcon_core.package_identification:_identify(interface_pkg1) by extension 'ros'
[0.137s] DEBUG:colcon.colcon_core.package_identification:Package 'interface_pkg1' with type 'ros.ament_cmake' and name 'interface_pkg1'
[0.137s] Level 1:colcon.colcon_core.package_identification:_identify(log) by extensions ['ignore', 'ignore_ament_install']
[0.137s] Level 1:colcon.colcon_core.package_identification:_identify(log) by extension 'ignore'
[0.137s] Level 1:colcon.colcon_core.package_identification:_identify(log) ignored
[0.137s] Level 1:colcon.colcon_core.package_identification:_identify(py_pkg1) by extensions ['ignore', 'ignore_ament_install']
[0.138s] Level 1:colcon.colcon_core.package_identification:_identify(py_pkg1) by extension 'ignore'
[0.138s] Level 1:colcon.colcon_core.package_identification:_identify(py_pkg1) by extension 'ignore_ament_install'
[0.138s] Level 1:colcon.colcon_core.package_identification:_identify(py_pkg1) by extensions ['colcon_pkg']
[0.138s] Level 1:colcon.colcon_core.package_identification:_identify(py_pkg1) by extension 'colcon_pkg'
[0.138s] Level 1:colcon.colcon_core.package_identification:_identify(py_pkg1) by extensions ['colcon_meta']
[0.138s] Level 1:colcon.colcon_core.package_identification:_identify(py_pkg1) by extension 'colcon_meta'
[0.138s] Level 1:colcon.colcon_core.package_identification:_identify(py_pkg1) by extensions ['ros']
[0.138s] Level 1:colcon.colcon_core.package_identification:_identify(py_pkg1) by extension 'ros'
[0.138s] DEBUG:colcon.colcon_core.package_identification:Package 'py_pkg1' with type 'ros.ament_python' and name 'py_pkg1'
[0.138s] Level 1:colcon.colcon_core.package_identification:_identify(py_pkg2) by extensions ['ignore', 'ignore_ament_install']
[0.138s] Level 1:colcon.colcon_core.package_identification:_identify(py_pkg2) by extension 'ignore'
[0.138s] Level 1:colcon.colcon_core.package_identification:_identify(py_pkg2) by extension 'ignore_ament_install'
[0.138s] Level 1:colcon.colcon_core.package_identification:_identify(py_pkg2) by extensions ['colcon_pkg']
[0.138s] Level 1:colcon.colcon_core.package_identification:_identify(py_pkg2) by extension 'colcon_pkg'
[0.138s] Level 1:colcon.colcon_core.package_identification:_identify(py_pkg2) by extensions ['colcon_meta']
[0.138s] Level 1:colcon.colcon_core.package_identification:_identify(py_pkg2) by extension 'colcon_meta'
[0.138s] Level 1:colcon.colcon_core.package_identification:_identify(py_pkg2) by extensions ['ros']
[0.138s] Level 1:colcon.colcon_core.package_identification:_identify(py_pkg2) by extension 'ros'
[0.138s] DEBUG:colcon.colcon_core.package_identification:Package 'py_pkg2' with type 'ros.ament_python' and name 'py_pkg2'
[0.138s] Level 1:colcon.colcon_core.package_identification:_identify(pypara_pkg1) by extensions ['ignore', 'ignore_ament_install']
[0.138s] Level 1:colcon.colcon_core.package_identification:_identify(pypara_pkg1) by extension 'ignore'
[0.138s] Level 1:colcon.colcon_core.package_identification:_identify(pypara_pkg1) by extension 'ignore_ament_install'
[0.138s] Level 1:colcon.colcon_core.package_identification:_identify(pypara_pkg1) by extensions ['colcon_pkg']
[0.139s] Level 1:colcon.colcon_core.package_identification:_identify(pypara_pkg1) by extension 'colcon_pkg'
[0.139s] Level 1:colcon.colcon_core.package_identification:_identify(pypara_pkg1) by extensions ['colcon_meta']
[0.139s] Level 1:colcon.colcon_core.package_identification:_identify(pypara_pkg1) by extension 'colcon_meta'
[0.139s] Level 1:colcon.colcon_core.package_identification:_identify(pypara_pkg1) by extensions ['ros']
[0.139s] Level 1:colcon.colcon_core.package_identification:_identify(pypara_pkg1) by extension 'ros'
[0.139s] DEBUG:colcon.colcon_core.package_identification:Package 'pypara_pkg1' with type 'ros.ament_python' and name 'pypara_pkg1'
[0.139s] Level 1:colcon.colcon_core.package_discovery:discover_packages(recursive) using defaults
[0.139s] Level 1:colcon.colcon_core.package_discovery:discover_packages(ignore) discover
[0.139s] Level 1:colcon.colcon_core.package_discovery:discover_packages(ignore) using defaults
[0.139s] Level 1:colcon.colcon_core.package_discovery:discover_packages(path) discover
[0.139s] Level 1:colcon.colcon_core.package_discovery:discover_packages(path) using defaults
[0.153s] Level 1:colcon.colcon_core.package_discovery:discover_packages(prefix_path) check parameters
[0.153s] Level 1:colcon.colcon_core.package_discovery:discover_packages(prefix_path) discover
[0.155s] DEBUG:colcon.colcon_installed_package_information.package_discovery:Found 295 installed packages in /opt/ros/humble
[0.155s] Level 1:colcon.colcon_core.package_discovery:discover_packages(prefix_path) using defaults
[0.175s] Level 5:colcon.colcon_core.verb:set package 'interface_pkg1' build argument 'cmake_args' from command line to 'None'
[0.175s] Level 5:colcon.colcon_core.verb:set package 'interface_pkg1' build argument 'cmake_target' from command line to 'None'
[0.175s] Level 5:colcon.colcon_core.verb:set package 'interface_pkg1' build argument 'cmake_target_skip_unavailable' from command line to 'False'
[0.175s] Level 5:colcon.colcon_core.verb:set package 'interface_pkg1' build argument 'cmake_clean_cache' from command line to 'False'
[0.175s] Level 5:colcon.colcon_core.verb:set package 'interface_pkg1' build argument 'cmake_clean_first' from command line to 'False'
[0.175s] Level 5:colcon.colcon_core.verb:set package 'interface_pkg1' build argument 'cmake_force_configure' from command line to 'False'
[0.175s] Level 5:colcon.colcon_core.verb:set package 'interface_pkg1' build argument 'ament_cmake_args' from command line to 'None'
[0.175s] Level 5:colcon.colcon_core.verb:set package 'interface_pkg1' build argument 'catkin_cmake_args' from command line to 'None'
[0.175s] Level 5:colcon.colcon_core.verb:set package 'interface_pkg1' build argument 'catkin_skip_building_tests' from command line to 'False'
[0.175s] DEBUG:colcon.colcon_core.verb:Building package 'interface_pkg1' with the following arguments: {'ament_cmake_args': None, 'build_base': '/home/hawx/ws1/src/build/interface_pkg1', 'catkin_cmake_args': None, 'catkin_skip_building_tests': False, 'cmake_args': None, 'cmake_clean_cache': False, 'cmake_clean_first': False, 'cmake_force_configure': False, 'cmake_target': None, 'cmake_target_skip_unavailable': False, 'install_base': '/home/hawx/ws1/src/install/interface_pkg1', 'merge_install': False, 'path': '/home/hawx/ws1/src/interface_pkg1', 'symlink_install': False, 'test_result_base': None}
[0.175s] Level 5:colcon.colcon_core.verb:set package 'py_pkg1' build argument 'cmake_args' from command line to 'None'
[0.175s] Level 5:colcon.colcon_core.verb:set package 'py_pkg1' build argument 'cmake_target' from command line to 'None'
[0.175s] Level 5:colcon.colcon_core.verb:set package 'py_pkg1' build argument 'cmake_target_skip_unavailable' from command line to 'False'
[0.175s] Level 5:colcon.colcon_core.verb:set package 'py_pkg1' build argument 'cmake_clean_cache' from command line to 'False'
[0.175s] Level 5:colcon.colcon_core.verb:set package 'py_pkg1' build argument 'cmake_clean_first' from command line to 'False'
[0.175s] Level 5:colcon.colcon_core.verb:set package 'py_pkg1' build argument 'cmake_force_configure' from command line to 'False'
[0.175s] Level 5:colcon.colcon_core.verb:set package 'py_pkg1' build argument 'ament_cmake_args' from command line to 'None'
[0.175s] Level 5:colcon.colcon_core.verb:set package 'py_pkg1' build argument 'catkin_cmake_args' from command line to 'None'
[0.175s] Level 5:colcon.colcon_core.verb:set package 'py_pkg1' build argument 'catkin_skip_building_tests' from command line to 'False'
[0.175s] DEBUG:colcon.colcon_core.verb:Building package 'py_pkg1' with the following arguments: {'ament_cmake_args': None, 'build_base': '/home/hawx/ws1/src/build/py_pkg1', 'catkin_cmake_args': None, 'catkin_skip_building_tests': False, 'cmake_args': None, 'cmake_clean_cache': False, 'cmake_clean_first': False, 'cmake_force_configure': False, 'cmake_target': None, 'cmake_target_skip_unavailable': False, 'install_base': '/home/hawx/ws1/src/install/py_pkg1', 'merge_install': False, 'path': '/home/hawx/ws1/src/py_pkg1', 'symlink_install': False, 'test_result_base': None}
[0.175s] Level 5:colcon.colcon_core.verb:set package 'py_pkg2' build argument 'cmake_args' from command line to 'None'
[0.175s] Level 5:colcon.colcon_core.verb:set package 'py_pkg2' build argument 'cmake_target' from command line to 'None'
[0.175s] Level 5:colcon.colcon_core.verb:set package 'py_pkg2' build argument 'cmake_target_skip_unavailable' from command line to 'False'
[0.175s] Level 5:colcon.colcon_core.verb:set package 'py_pkg2' build argument 'cmake_clean_cache' from command line to 'False'
[0.175s] Level 5:colcon.colcon_core.verb:set package 'py_pkg2' build argument 'cmake_clean_first' from command line to 'False'
[0.175s] Level 5:colcon.colcon_core.verb:set package 'py_pkg2' build argument 'cmake_force_configure' from command line to 'False'
[0.175s] Level 5:colcon.colcon_core.verb:set package 'py_pkg2' build argument 'ament_cmake_args' from command line to 'None'
[0.175s] Level 5:colcon.colcon_core.verb:set package 'py_pkg2' build argument 'catkin_cmake_args' from command line to 'None'
[0.175s] Level 5:colcon.colcon_core.verb:set package 'py_pkg2' build argument 'catkin_skip_building_tests' from command line to 'False'
[0.175s] DEBUG:colcon.colcon_core.verb:Building package 'py_pkg2' with the following arguments: {'ament_cmake_args': None, 'build_base': '/home/hawx/ws1/src/build/py_pkg2', 'catkin_cmake_args': None, 'catkin_skip_building_tests': False, 'cmake_args': None, 'cmake_clean_cache': False, 'cmake_clean_first': False, 'cmake_force_configure': False, 'cmake_target': None, 'cmake_target_skip_unavailable': False, 'install_base': '/home/hawx/ws1/src/install/py_pkg2', 'merge_install': False, 'path': '/home/hawx/ws1/src/py_pkg2', 'symlink_install': False, 'test_result_base': None}
[0.175s] Level 5:colcon.colcon_core.verb:set package 'pypara_pkg1' build argument 'cmake_args' from command line to 'None'
[0.175s] Level 5:colcon.colcon_core.verb:set package 'pypara_pkg1' build argument 'cmake_target' from command line to 'None'
[0.175s] Level 5:colcon.colcon_core.verb:set package 'pypara_pkg1' build argument 'cmake_target_skip_unavailable' from command line to 'False'
[0.175s] Level 5:colcon.colcon_core.verb:set package 'pypara_pkg1' build argument 'cmake_clean_cache' from command line to 'False'
[0.175s] Level 5:colcon.colcon_core.verb:set package 'pypara_pkg1' build argument 'cmake_clean_first' from command line to 'False'
[0.175s] Level 5:colcon.colcon_core.verb:set package 'pypara_pkg1' build argument 'cmake_force_configure' from command line to 'False'
[0.175s] Level 5:colcon.colcon_core.verb:set package 'pypara_pkg1' build argument 'ament_cmake_args' from command line to 'None'
[0.175s] Level 5:colcon.colcon_core.verb:set package 'pypara_pkg1' build argument 'catkin_cmake_args' from command line to 'None'
[0.175s] Level 5:colcon.colcon_core.verb:set package 'pypara_pkg1' build argument 'catkin_skip_building_tests' from command line to 'False'
[0.175s] DEBUG:colcon.colcon_core.verb:Building package 'pypara_pkg1' with the following arguments: {'ament_cmake_args': None, 'build_base': '/home/hawx/ws1/src/build/pypara_pkg1', 'catkin_cmake_args': None, 'catkin_skip_building_tests': False, 'cmake_args': None, 'cmake_clean_cache': False, 'cmake_clean_first': False, 'cmake_force_configure': False, 'cmake_target': None, 'cmake_target_skip_unavailable': False, 'install_base': '/home/hawx/ws1/src/install/pypara_pkg1', 'merge_install': False, 'path': '/home/hawx/ws1/src/pypara_pkg1', 'symlink_install': False, 'test_result_base': None}
[0.175s] INFO:colcon.colcon_core.executor:Executing jobs using 'parallel' executor
[0.176s] DEBUG:colcon.colcon_parallel_executor.executor.parallel:run_until_complete
[0.176s] INFO:colcon.colcon_ros.task.ament_cmake.build:Building ROS package in '/home/hawx/ws1/src/interface_pkg1' with build type 'ament_cmake'
[0.176s] INFO:colcon.colcon_cmake.task.cmake.build:Building CMake package in '/home/hawx/ws1/src/interface_pkg1'
[0.177s] INFO:colcon.colcon_core.plugin_system:Skipping extension 'colcon_core.shell.bat': Not used on non-Windows systems
[0.177s] INFO:colcon.colcon_core.shell:Skip shell extension 'powershell' for command environment: Not usable outside of PowerShell
[0.177s] DEBUG:colcon.colcon_core.shell:Skip shell extension 'dsv' for command environment
[0.179s] INFO:colcon.colcon_ros.task.ament_python.build:Building ROS package in '/home/hawx/ws1/src/py_pkg1' with build type 'ament_python'
[0.179s] Level 1:colcon.colcon_core.shell:create_environment_hook('py_pkg1', 'ament_prefix_path')
[0.179s] INFO:colcon.colcon_core.shell:Creating environment hook '/home/hawx/ws1/src/install/py_pkg1/share/py_pkg1/hook/ament_prefix_path.ps1'
[0.179s] INFO:colcon.colcon_core.shell:Creating environment descriptor '/home/hawx/ws1/src/install/py_pkg1/share/py_pkg1/hook/ament_prefix_path.dsv'
[0.180s] INFO:colcon.colcon_core.shell:Creating environment hook '/home/hawx/ws1/src/install/py_pkg1/share/py_pkg1/hook/ament_prefix_path.sh'
[0.180s] INFO:colcon.colcon_core.shell:Skip shell extension 'powershell' for command environment: Not usable outside of PowerShell
[0.180s] DEBUG:colcon.colcon_core.shell:Skip shell extension 'dsv' for command environment
[0.181s] INFO:colcon.colcon_ros.task.ament_python.build:Building ROS package in '/home/hawx/ws1/src/py_pkg2' with build type 'ament_python'
[0.181s] Level 1:colcon.colcon_core.shell:create_environment_hook('py_pkg2', 'ament_prefix_path')
[0.181s] INFO:colcon.colcon_core.shell:Creating environment hook '/home/hawx/ws1/src/install/py_pkg2/share/py_pkg2/hook/ament_prefix_path.ps1'
[0.182s] INFO:colcon.colcon_core.shell:Creating environment descriptor '/home/hawx/ws1/src/install/py_pkg2/share/py_pkg2/hook/ament_prefix_path.dsv'
[0.182s] INFO:colcon.colcon_core.shell:Creating environment hook '/home/hawx/ws1/src/install/py_pkg2/share/py_pkg2/hook/ament_prefix_path.sh'
[0.182s] INFO:colcon.colcon_core.shell:Skip shell extension 'powershell' for command environment: Not usable outside of PowerShell
[0.182s] DEBUG:colcon.colcon_core.shell:Skip shell extension 'dsv' for command environment
[0.183s] INFO:colcon.colcon_ros.task.ament_python.build:Building ROS package in '/home/hawx/ws1/src/pypara_pkg1' with build type 'ament_python'
[0.184s] Level 1:colcon.colcon_core.shell:create_environment_hook('pypara_pkg1', 'ament_prefix_path')
[0.184s] INFO:colcon.colcon_core.shell:Creating environment hook '/home/hawx/ws1/src/install/pypara_pkg1/share/pypara_pkg1/hook/ament_prefix_path.ps1'
[0.184s] INFO:colcon.colcon_core.shell:Creating environment descriptor '/home/hawx/ws1/src/install/pypara_pkg1/share/pypara_pkg1/hook/ament_prefix_path.dsv'
[0.184s] INFO:colcon.colcon_core.shell:Creating environment hook '/home/hawx/ws1/src/install/pypara_pkg1/share/pypara_pkg1/hook/ament_prefix_path.sh'
[0.184s] INFO:colcon.colcon_core.shell:Skip shell extension 'powershell' for command environment: Not usable outside of PowerShell
[0.184s] DEBUG:colcon.colcon_core.shell:Skip shell extension 'dsv' for command environment
[0.188s] DEBUG:colcon.colcon_core.event_handler.log_command:Invoking command in '/home/hawx/ws1/src/build/interface_pkg1': CMAKE_PREFIX_PATH=/opt/ros/humble /usr/bin/cmake /home/hawx/ws1/src/interface_pkg1 -DCMAKE_INSTALL_PREFIX=/home/hawx/ws1/src/install/interface_pkg1
[0.307s] INFO:colcon.colcon_core.task.python.build:Building Python package in '/home/hawx/ws1/src/py_pkg1'
[0.307s] INFO:colcon.colcon_core.shell:Skip shell extension 'powershell' for command environment: Not usable outside of PowerShell
[0.307s] DEBUG:colcon.colcon_core.shell:Skip shell extension 'dsv' for command environment
[0.427s] INFO:colcon.colcon_core.task.python.build:Building Python package in '/home/hawx/ws1/src/py_pkg2'
[0.427s] INFO:colcon.colcon_core.shell:Skip shell extension 'powershell' for command environment: Not usable outside of PowerShell
[0.427s] DEBUG:colcon.colcon_core.shell:Skip shell extension 'dsv' for command environment
[0.548s] INFO:colcon.colcon_core.task.python.build:Building Python package in '/home/hawx/ws1/src/pypara_pkg1'
[0.548s] INFO:colcon.colcon_core.shell:Skip shell extension 'powershell' for command environment: Not usable outside of PowerShell
[0.548s] DEBUG:colcon.colcon_core.shell:Skip shell extension 'dsv' for command environment
[0.722s] DEBUG:colcon.colcon_core.event_handler.log_command:Invoking command in '/home/hawx/ws1/src/pypara_pkg1': PYTHONPATH=/home/hawx/ws1/src/build/pypara_pkg1/prefix_override:/usr/lib/python3/dist-packages/colcon_core/task/python/colcon_distutils_commands:/home/hawx/ws1/src/install/pypara_pkg1/lib/python3.10/site-packages:${PYTHONPATH} /usr/bin/python3 -W ignore:setup.py install is deprecated -W ignore:easy_install command is deprecated setup.py egg_info --egg-base ../build/pypara_pkg1 build --build-base /home/hawx/ws1/src/build/pypara_pkg1/build install --record /home/hawx/ws1/src/build/pypara_pkg1/install.log --single-version-externally-managed install_data
[0.724s] DEBUG:colcon.colcon_core.event_handler.log_command:Invoking command in '/home/hawx/ws1/src/py_pkg2': PYTHONPATH=/home/hawx/ws1/src/build/py_pkg2/prefix_override:/usr/lib/python3/dist-packages/colcon_core/task/python/colcon_distutils_commands:/home/hawx/ws1/src/install/py_pkg2/lib/python3.10/site-packages:${PYTHONPATH} /usr/bin/python3 -W ignore:setup.py install is deprecated -W ignore:easy_install command is deprecated setup.py egg_info --egg-base ../build/py_pkg2 build --build-base /home/hawx/ws1/src/build/py_pkg2/build install --record /home/hawx/ws1/src/build/py_pkg2/install.log --single-version-externally-managed install_data
[0.724s] DEBUG:colcon.colcon_core.event_handler.log_command:Invoking command in '/home/hawx/ws1/src/py_pkg1': PYTHONPATH=/home/hawx/ws1/src/build/py_pkg1/prefix_override:/usr/lib/python3/dist-packages/colcon_core/task/python/colcon_distutils_commands:/home/hawx/ws1/src/install/py_pkg1/lib/python3.10/site-packages:${PYTHONPATH} /usr/bin/python3 -W ignore:setup.py install is deprecated -W ignore:easy_install command is deprecated setup.py egg_info --egg-base ../build/py_pkg1 build --build-base /home/hawx/ws1/src/build/py_pkg1/build install --record /home/hawx/ws1/src/build/py_pkg1/install.log --single-version-externally-managed install_data
[0.861s] DEBUG:colcon.colcon_core.event_handler.log_command:Invoked command in '/home/hawx/ws1/src/pypara_pkg1' returned '0': PYTHONPATH=/home/hawx/ws1/src/build/pypara_pkg1/prefix_override:/usr/lib/python3/dist-packages/colcon_core/task/python/colcon_distutils_commands:/home/hawx/ws1/src/install/pypara_pkg1/lib/python3.10/site-packages:${PYTHONPATH} /usr/bin/python3 -W ignore:setup.py install is deprecated -W ignore:easy_install command is deprecated setup.py egg_info --egg-base ../build/pypara_pkg1 build --build-base /home/hawx/ws1/src/build/pypara_pkg1/build install --record /home/hawx/ws1/src/build/pypara_pkg1/install.log --single-version-externally-managed install_data
[0.862s] Level 1:colcon.colcon_core.environment:checking '/home/hawx/ws1/src/install/pypara_pkg1' for CMake module files
[0.862s] Level 1:colcon.colcon_core.environment:checking '/home/hawx/ws1/src/install/pypara_pkg1' for CMake config files
[0.863s] Level 1:colcon.colcon_core.environment:checking '/home/hawx/ws1/src/install/pypara_pkg1/lib'
[0.863s] Level 1:colcon.colcon_core.environment:checking '/home/hawx/ws1/src/install/pypara_pkg1/bin'
[0.863s] Level 1:colcon.colcon_core.environment:checking '/home/hawx/ws1/src/install/pypara_pkg1/lib/pkgconfig/pypara_pkg1.pc'
[0.863s] Level 1:colcon.colcon_core.environment:checking '/home/hawx/ws1/src/install/pypara_pkg1/lib/python3.10/site-packages'
[0.863s] Level 1:colcon.colcon_core.shell:create_environment_hook('pypara_pkg1', 'pythonpath')
[0.863s] INFO:colcon.colcon_core.shell:Creating environment hook '/home/hawx/ws1/src/install/pypara_pkg1/share/pypara_pkg1/hook/pythonpath.ps1'
[0.863s] INFO:colcon.colcon_core.shell:Creating environment descriptor '/home/hawx/ws1/src/install/pypara_pkg1/share/pypara_pkg1/hook/pythonpath.dsv'
[0.863s] INFO:colcon.colcon_core.shell:Creating environment hook '/home/hawx/ws1/src/install/pypara_pkg1/share/pypara_pkg1/hook/pythonpath.sh'
[0.864s] Level 1:colcon.colcon_core.environment:checking '/home/hawx/ws1/src/install/pypara_pkg1/bin'
[0.864s] Level 1:colcon.colcon_core.environment:create_environment_scripts_only(pypara_pkg1)
[0.864s] INFO:colcon.colcon_core.shell:Creating package script '/home/hawx/ws1/src/install/pypara_pkg1/share/pypara_pkg1/package.ps1'
[0.864s] INFO:colcon.colcon_core.shell:Creating package descriptor '/home/hawx/ws1/src/install/pypara_pkg1/share/pypara_pkg1/package.dsv'
[0.864s] INFO:colcon.colcon_core.shell:Creating package script '/home/hawx/ws1/src/install/pypara_pkg1/share/pypara_pkg1/package.sh'
[0.865s] INFO:colcon.colcon_core.shell:Creating package script '/home/hawx/ws1/src/install/pypara_pkg1/share/pypara_pkg1/package.bash'
[0.865s] INFO:colcon.colcon_core.shell:Creating package script '/home/hawx/ws1/src/install/pypara_pkg1/share/pypara_pkg1/package.zsh'
[0.866s] Level 1:colcon.colcon_core.environment:create_file_with_runtime_dependencies(/home/hawx/ws1/src/install/pypara_pkg1/share/colcon-core/packages/pypara_pkg1)
[0.866s] Level 1:colcon.colcon_core.environment:checking '/home/hawx/ws1/src/install/py_pkg2' for CMake module files
[0.867s] DEBUG:colcon.colcon_core.event_handler.log_command:Invoked command in '/home/hawx/ws1/src/py_pkg2' returned '0': PYTHONPATH=/home/hawx/ws1/src/build/py_pkg2/prefix_override:/usr/lib/python3/dist-packages/colcon_core/task/python/colcon_distutils_commands:/home/hawx/ws1/src/install/py_pkg2/lib/python3.10/site-packages:${PYTHONPATH} /usr/bin/python3 -W ignore:setup.py install is deprecated -W ignore:easy_install command is deprecated setup.py egg_info --egg-base ../build/py_pkg2 build --build-base /home/hawx/ws1/src/build/py_pkg2/build install --record /home/hawx/ws1/src/build/py_pkg2/install.log --single-version-externally-managed install_data
[0.867s] Level 1:colcon.colcon_core.environment:checking '/home/hawx/ws1/src/install/py_pkg2' for CMake config files
[0.867s] Level 1:colcon.colcon_core.environment:checking '/home/hawx/ws1/src/install/py_pkg2/lib'
[0.867s] Level 1:colcon.colcon_core.environment:checking '/home/hawx/ws1/src/install/py_pkg2/bin'
[0.867s] Level 1:colcon.colcon_core.environment:checking '/home/hawx/ws1/src/install/py_pkg2/lib/pkgconfig/py_pkg2.pc'
[0.867s] Level 1:colcon.colcon_core.environment:checking '/home/hawx/ws1/src/install/py_pkg2/lib/python3.10/site-packages'
[0.867s] Level 1:colcon.colcon_core.shell:create_environment_hook('py_pkg2', 'pythonpath')
[0.867s] INFO:colcon.colcon_core.shell:Creating environment hook '/home/hawx/ws1/src/install/py_pkg2/share/py_pkg2/hook/pythonpath.ps1'
[0.867s] INFO:colcon.colcon_core.shell:Creating environment descriptor '/home/hawx/ws1/src/install/py_pkg2/share/py_pkg2/hook/pythonpath.dsv'
[0.868s] INFO:colcon.colcon_core.shell:Creating environment hook '/home/hawx/ws1/src/install/py_pkg2/share/py_pkg2/hook/pythonpath.sh'
[0.868s] Level 1:colcon.colcon_core.environment:checking '/home/hawx/ws1/src/install/py_pkg2/bin'
[0.868s] Level 1:colcon.colcon_core.environment:create_environment_scripts_only(py_pkg2)
[0.868s] INFO:colcon.colcon_core.shell:Creating package script '/home/hawx/ws1/src/install/py_pkg2/share/py_pkg2/package.ps1'
[0.868s] INFO:colcon.colcon_core.shell:Creating package descriptor '/home/hawx/ws1/src/install/py_pkg2/share/py_pkg2/package.dsv'
[0.868s] INFO:colcon.colcon_core.shell:Creating package script '/home/hawx/ws1/src/install/py_pkg2/share/py_pkg2/package.sh'
[0.869s] INFO:colcon.colcon_core.shell:Creating package script '/home/hawx/ws1/src/install/py_pkg2/share/py_pkg2/package.bash'
[0.869s] INFO:colcon.colcon_core.shell:Creating package script '/home/hawx/ws1/src/install/py_pkg2/share/py_pkg2/package.zsh'
[0.869s] Level 1:colcon.colcon_core.environment:create_file_with_runtime_dependencies(/home/hawx/ws1/src/install/py_pkg2/share/colcon-core/packages/py_pkg2)
[0.869s] Level 1:colcon.colcon_core.environment:checking '/home/hawx/ws1/src/install/py_pkg1' for CMake module files
[0.869s] DEBUG:colcon.colcon_core.event_handler.log_command:Invoked command in '/home/hawx/ws1/src/py_pkg1' returned '0': PYTHONPATH=/home/hawx/ws1/src/build/py_pkg1/prefix_override:/usr/lib/python3/dist-packages/colcon_core/task/python/colcon_distutils_commands:/home/hawx/ws1/src/install/py_pkg1/lib/python3.10/site-packages:${PYTHONPATH} /usr/bin/python3 -W ignore:setup.py install is deprecated -W ignore:easy_install command is deprecated setup.py egg_info --egg-base ../build/py_pkg1 build --build-base /home/hawx/ws1/src/build/py_pkg1/build install --record /home/hawx/ws1/src/build/py_pkg1/install.log --single-version-externally-managed install_data
[0.870s] Level 1:colcon.colcon_core.environment:checking '/home/hawx/ws1/src/install/py_pkg1' for CMake config files
[0.870s] Level 1:colcon.colcon_core.environment:checking '/home/hawx/ws1/src/install/py_pkg1/lib'
[0.870s] Level 1:colcon.colcon_core.environment:checking '/home/hawx/ws1/src/install/py_pkg1/bin'
[0.870s] Level 1:colcon.colcon_core.environment:checking '/home/hawx/ws1/src/install/py_pkg1/lib/pkgconfig/py_pkg1.pc'
[0.870s] Level 1:colcon.colcon_core.environment:checking '/home/hawx/ws1/src/install/py_pkg1/lib/python3.10/site-packages'
[0.870s] Level 1:colcon.colcon_core.shell:create_environment_hook('py_pkg1', 'pythonpath')
[0.870s] INFO:colcon.colcon_core.shell:Creating environment hook '/home/hawx/ws1/src/install/py_pkg1/share/py_pkg1/hook/pythonpath.ps1'
[0.870s] INFO:colcon.colcon_core.shell:Creating environment descriptor '/home/hawx/ws1/src/install/py_pkg1/share/py_pkg1/hook/pythonpath.dsv'
[0.870s] INFO:colcon.colcon_core.shell:Creating environment hook '/home/hawx/ws1/src/install/py_pkg1/share/py_pkg1/hook/pythonpath.sh'
[0.871s] Level 1:colcon.colcon_core.environment:checking '/home/hawx/ws1/src/install/py_pkg1/bin'
[0.871s] Level 1:colcon.colcon_core.environment:create_environment_scripts_only(py_pkg1)
[0.871s] INFO:colcon.colcon_core.shell:Creating package script '/home/hawx/ws1/src/install/py_pkg1/share/py_pkg1/package.ps1'
[0.871s] INFO:colcon.colcon_core.shell:Creating package descriptor '/home/hawx/ws1/src/install/py_pkg1/share/py_pkg1/package.dsv'
[0.871s] INFO:colcon.colcon_core.shell:Creating package script '/home/hawx/ws1/src/install/py_pkg1/share/py_pkg1/package.sh'
[0.871s] INFO:colcon.colcon_core.shell:Creating package script '/home/hawx/ws1/src/install/py_pkg1/share/py_pkg1/package.bash'
[0.871s] INFO:colcon.colcon_core.shell:Creating package script '/home/hawx/ws1/src/install/py_pkg1/share/py_pkg1/package.zsh'
[0.872s] Level 1:colcon.colcon_core.environment:create_file_with_runtime_dependencies(/home/hawx/ws1/src/install/py_pkg1/share/colcon-core/packages/py_pkg1)
[1.182s] DEBUG:colcon.colcon_core.event_handler.log_command:Invoked command in '/home/hawx/ws1/src/build/interface_pkg1' returned '0': CMAKE_PREFIX_PATH=/opt/ros/humble /usr/bin/cmake /home/hawx/ws1/src/interface_pkg1 -DCMAKE_INSTALL_PREFIX=/home/hawx/ws1/src/install/interface_pkg1
[1.183s] DEBUG:colcon.colcon_core.event_handler.log_command:Invoking command in '/home/hawx/ws1/src/build/interface_pkg1': CMAKE_PREFIX_PATH=/opt/ros/humble /usr/bin/cmake --build /home/hawx/ws1/src/build/interface_pkg1 -- -j32 -l32
[2.343s] DEBUG:colcon.colcon_core.event_handler.log_command:Invoked command in '/home/hawx/ws1/src/build/interface_pkg1' returned '0': CMAKE_PREFIX_PATH=/opt/ros/humble /usr/bin/cmake --build /home/hawx/ws1/src/build/interface_pkg1 -- -j32 -l32
[2.349s] DEBUG:colcon.colcon_core.event_handler.log_command:Invoking command in '/home/hawx/ws1/src/build/interface_pkg1': CMAKE_PREFIX_PATH=/opt/ros/humble /usr/bin/cmake --install /home/hawx/ws1/src/build/interface_pkg1
[2.392s] Level 1:colcon.colcon_core.environment:create_environment_scripts_only(interface_pkg1)
[2.392s] Level 1:colcon.colcon_core.environment:checking '/home/hawx/ws1/src/install/interface_pkg1' for CMake module files
[2.392s] DEBUG:colcon.colcon_core.event_handler.log_command:Invoked command in '/home/hawx/ws1/src/build/interface_pkg1' returned '0': CMAKE_PREFIX_PATH=/opt/ros/humble /usr/bin/cmake --install /home/hawx/ws1/src/build/interface_pkg1
[2.393s] Level 1:colcon.colcon_core.environment:checking '/home/hawx/ws1/src/install/interface_pkg1' for CMake config files
[2.393s] Level 1:colcon.colcon_core.shell:create_environment_hook('interface_pkg1', 'cmake_prefix_path')
[2.393s] INFO:colcon.colcon_core.shell:Creating environment hook '/home/hawx/ws1/src/install/interface_pkg1/share/interface_pkg1/hook/cmake_prefix_path.ps1'
[2.393s] INFO:colcon.colcon_core.shell:Creating environment descriptor '/home/hawx/ws1/src/install/interface_pkg1/share/interface_pkg1/hook/cmake_prefix_path.dsv'
[2.394s] INFO:colcon.colcon_core.shell:Creating environment hook '/home/hawx/ws1/src/install/interface_pkg1/share/interface_pkg1/hook/cmake_prefix_path.sh'
[2.394s] Level 1:colcon.colcon_core.environment:checking '/home/hawx/ws1/src/install/interface_pkg1/lib'
[2.394s] Level 1:colcon.colcon_core.shell:create_environment_hook('interface_pkg1', 'ld_library_path_lib')
[2.394s] INFO:colcon.colcon_core.shell:Creating environment hook '/home/hawx/ws1/src/install/interface_pkg1/share/interface_pkg1/hook/ld_library_path_lib.ps1'
[2.394s] INFO:colcon.colcon_core.shell:Creating environment descriptor '/home/hawx/ws1/src/install/interface_pkg1/share/interface_pkg1/hook/ld_library_path_lib.dsv'
[2.394s] INFO:colcon.colcon_core.shell:Creating environment hook '/home/hawx/ws1/src/install/interface_pkg1/share/interface_pkg1/hook/ld_library_path_lib.sh'
[2.394s] Level 1:colcon.colcon_core.environment:checking '/home/hawx/ws1/src/install/interface_pkg1/bin'
[2.394s] Level 1:colcon.colcon_core.environment:checking '/home/hawx/ws1/src/install/interface_pkg1/lib/pkgconfig/interface_pkg1.pc'
[2.394s] Level 1:colcon.colcon_core.environment:checking '/home/hawx/ws1/src/install/interface_pkg1/lib/python3.10/site-packages'
[2.395s] Level 1:colcon.colcon_core.environment:checking '/home/hawx/ws1/src/install/interface_pkg1/bin'
[2.395s] INFO:colcon.colcon_core.shell:Creating package script '/home/hawx/ws1/src/install/interface_pkg1/share/interface_pkg1/package.ps1'
[2.395s] INFO:colcon.colcon_core.shell:Creating package descriptor '/home/hawx/ws1/src/install/interface_pkg1/share/interface_pkg1/package.dsv'
[2.395s] INFO:colcon.colcon_core.shell:Creating package script '/home/hawx/ws1/src/install/interface_pkg1/share/interface_pkg1/package.sh'
[2.395s] INFO:colcon.colcon_core.shell:Creating package script '/home/hawx/ws1/src/install/interface_pkg1/share/interface_pkg1/package.bash'
[2.395s] INFO:colcon.colcon_core.shell:Creating package script '/home/hawx/ws1/src/install/interface_pkg1/share/interface_pkg1/package.zsh'
[2.396s] Level 1:colcon.colcon_core.environment:create_file_with_runtime_dependencies(/home/hawx/ws1/src/install/interface_pkg1/share/colcon-core/packages/interface_pkg1)
[2.396s] Level 1:colcon.colcon_core.environment:create_environment_scripts_only(interface_pkg1)
[2.396s] Level 1:colcon.colcon_core.environment:checking '/home/hawx/ws1/src/install/interface_pkg1' for CMake module files
[2.396s] Level 1:colcon.colcon_core.environment:checking '/home/hawx/ws1/src/install/interface_pkg1' for CMake config files
[2.397s] Level 1:colcon.colcon_core.shell:create_environment_hook('interface_pkg1', 'cmake_prefix_path')
[2.397s] INFO:colcon.colcon_core.shell:Creating environment hook '/home/hawx/ws1/src/install/interface_pkg1/share/interface_pkg1/hook/cmake_prefix_path.ps1'
[2.397s] INFO:colcon.colcon_core.shell:Creating environment descriptor '/home/hawx/ws1/src/install/interface_pkg1/share/interface_pkg1/hook/cmake_prefix_path.dsv'
[2.397s] INFO:colcon.colcon_core.shell:Creating environment hook '/home/hawx/ws1/src/install/interface_pkg1/share/interface_pkg1/hook/cmake_prefix_path.sh'
[2.397s] Level 1:colcon.colcon_core.environment:checking '/home/hawx/ws1/src/install/interface_pkg1/lib'
[2.397s] Level 1:colcon.colcon_core.shell:create_environment_hook('interface_pkg1', 'ld_library_path_lib')
[2.397s] INFO:colcon.colcon_core.shell:Creating environment hook '/home/hawx/ws1/src/install/interface_pkg1/share/interface_pkg1/hook/ld_library_path_lib.ps1'
[2.397s] INFO:colcon.colcon_core.shell:Creating environment descriptor '/home/hawx/ws1/src/install/interface_pkg1/share/interface_pkg1/hook/ld_library_path_lib.dsv'
[2.398s] INFO:colcon.colcon_core.shell:Creating environment hook '/home/hawx/ws1/src/install/interface_pkg1/share/interface_pkg1/hook/ld_library_path_lib.sh'
[2.398s] Level 1:colcon.colcon_core.environment:checking '/home/hawx/ws1/src/install/interface_pkg1/bin'
[2.398s] Level 1:colcon.colcon_core.environment:checking '/home/hawx/ws1/src/install/interface_pkg1/lib/pkgconfig/interface_pkg1.pc'
[2.398s] Level 1:colcon.colcon_core.environment:checking '/home/hawx/ws1/src/install/interface_pkg1/lib/python3.10/site-packages'
[2.398s] Level 1:colcon.colcon_core.environment:checking '/home/hawx/ws1/src/install/interface_pkg1/bin'
[2.398s] INFO:colcon.colcon_core.shell:Creating package script '/home/hawx/ws1/src/install/interface_pkg1/share/interface_pkg1/package.ps1'
[2.398s] INFO:colcon.colcon_core.shell:Creating package descriptor '/home/hawx/ws1/src/install/interface_pkg1/share/interface_pkg1/package.dsv'
[2.399s] INFO:colcon.colcon_core.shell:Creating package script '/home/hawx/ws1/src/install/interface_pkg1/share/interface_pkg1/package.sh'
[2.399s] INFO:colcon.colcon_core.shell:Creating package script '/home/hawx/ws1/src/install/interface_pkg1/share/interface_pkg1/package.bash'
[2.399s] INFO:colcon.colcon_core.shell:Creating package script '/home/hawx/ws1/src/install/interface_pkg1/share/interface_pkg1/package.zsh'
[2.399s] Level 1:colcon.colcon_core.environment:create_file_with_runtime_dependencies(/home/hawx/ws1/src/install/interface_pkg1/share/colcon-core/packages/interface_pkg1)
[2.399s] DEBUG:colcon.colcon_parallel_executor.executor.parallel:closing loop
[2.399s] DEBUG:colcon.colcon_parallel_executor.executor.parallel:loop closed
[2.399s] DEBUG:colcon.colcon_parallel_executor.executor.parallel:run_until_complete finished with '0'
[2.399s] DEBUG:colcon.colcon_core.event_reactor:joining thread
[2.402s] INFO:colcon.colcon_core.plugin_system:Skipping extension 'colcon_notification.desktop_notification.terminal_notifier': Not used on non-Darwin systems
[2.402s] INFO:colcon.colcon_core.plugin_system:Skipping extension 'colcon_notification.desktop_notification.win32': Not used on non-Windows systems
[2.403s] INFO:colcon.colcon_notification.desktop_notification:Sending desktop notification using 'notify2'
[2.410s] DEBUG:colcon.colcon_core.event_reactor:joined thread
[2.410s] INFO:colcon.colcon_core.shell:Creating prefix script '/home/hawx/ws1/src/install/local_setup.ps1'
[2.411s] INFO:colcon.colcon_core.shell:Creating prefix util module '/home/hawx/ws1/src/install/_local_setup_util_ps1.py'
[2.411s] INFO:colcon.colcon_core.shell:Creating prefix chain script '/home/hawx/ws1/src/install/setup.ps1'
[2.412s] INFO:colcon.colcon_core.shell:Creating prefix script '/home/hawx/ws1/src/install/local_setup.sh'
[2.412s] INFO:colcon.colcon_core.shell:Creating prefix util module '/home/hawx/ws1/src/install/_local_setup_util_sh.py'
[2.412s] INFO:colcon.colcon_core.shell:Creating prefix chain script '/home/hawx/ws1/src/install/setup.sh'
[2.413s] INFO:colcon.colcon_core.shell:Creating prefix script '/home/hawx/ws1/src/install/local_setup.bash'
[2.413s] INFO:colcon.colcon_core.shell:Creating prefix chain script '/home/hawx/ws1/src/install/setup.bash'
[2.413s] INFO:colcon.colcon_core.shell:Creating prefix script '/home/hawx/ws1/src/install/local_setup.zsh'
[2.413s] INFO:colcon.colcon_core.shell:Creating prefix chain script '/home/hawx/ws1/src/install/setup.zsh'
