running egg_info
writing ../../build/py_pkg1/py_pkg1.egg-info/PKG-INFO
writing dependency_links to ../../build/py_pkg1/py_pkg1.egg-info/dependency_links.txt
writing entry points to ../../build/py_pkg1/py_pkg1.egg-info/entry_points.txt
writing requirements to ../../build/py_pkg1/py_pkg1.egg-info/requires.txt
writing top-level names to ../../build/py_pkg1/py_pkg1.egg-info/top_level.txt
reading manifest file '../../build/py_pkg1/py_pkg1.egg-info/SOURCES.txt'
adding license file 'LICENSE'
writing manifest file '../../build/py_pkg1/py_pkg1.egg-info/SOURCES.txt'
running build
running build_py
running install
running install_lib
running install_data
running install_egg_info
removing '/home/hawx/ws2/install/py_pkg1/lib/python3.10/site-packages/py_pkg1-0.0.0-py3.10.egg-info' (and everything under it)
Copying ../../build/py_pkg1/py_pkg1.egg-info to /home/hawx/ws2/install/py_pkg1/lib/python3.10/site-packages/py_pkg1-0.0.0-py3.10.egg-info
running install_scripts
Installing listener1 script to /home/hawx/ws2/install/py_pkg1/lib/py_pkg1
Installing talker1 script to /home/hawx/ws2/install/py_pkg1/lib/py_pkg1
writing list of installed files to '/home/hawx/ws2/build/py_pkg1/install.log'
