[0.008s] Invoking command in '/home/hawx/ws4/build/urdf_tutorial': CMAKE_PREFIX_PATH=${CMAKE_PREFIX_PATH}:/home/hawx/ws4/install/urdf_pkg1:/home/hawx/ws3/install/ardu_pkg1:/home/hawx/ws1/install/pypara_pkg1:/home/hawx/ws1/install/py_pkg2:/home/hawx/ws1/install/py_pkg1:/home/hawx/ws1/install/pubsub_pkg1:/home/hawx/ws1/src/install/pypara_pkg1:/home/hawx/ws1/src/install/py_pkg2:/home/hawx/ws1/src/install/py_pkg1:/opt/ros/humble /usr/bin/cmake --build /home/hawx/ws4/build/urdf_tutorial -- -j32 -l32
[0.030s] Invoked command in '/home/hawx/ws4/build/urdf_tutorial' returned '0': CMAKE_PREFIX_PATH=${CMAKE_PREFIX_PATH}:/home/hawx/ws4/install/urdf_pkg1:/home/hawx/ws3/install/ardu_pkg1:/home/hawx/ws1/install/pypara_pkg1:/home/hawx/ws1/install/py_pkg2:/home/hawx/ws1/install/py_pkg1:/home/hawx/ws1/install/pubsub_pkg1:/home/hawx/ws1/src/install/pypara_pkg1:/home/hawx/ws1/src/install/py_pkg2:/home/hawx/ws1/src/install/py_pkg1:/opt/ros/humble /usr/bin/cmake --build /home/hawx/ws4/build/urdf_tutorial -- -j32 -l32
[0.036s] Invoking command in '/home/hawx/ws4/build/urdf_tutorial': CMAKE_PREFIX_PATH=${CMAKE_PREFIX_PATH}:/home/hawx/ws4/install/urdf_pkg1:/home/hawx/ws3/install/ardu_pkg1:/home/hawx/ws1/install/pypara_pkg1:/home/hawx/ws1/install/py_pkg2:/home/hawx/ws1/install/py_pkg1:/home/hawx/ws1/install/pubsub_pkg1:/home/hawx/ws1/src/install/pypara_pkg1:/home/hawx/ws1/src/install/py_pkg2:/home/hawx/ws1/src/install/py_pkg1:/opt/ros/humble /usr/bin/cmake --install /home/hawx/ws4/build/urdf_tutorial
[0.041s] -- Install configuration: ""
[0.041s] -- Up-to-date: /home/hawx/ws4/install/urdf_tutorial/share/urdf_tutorial/images
[0.041s] -- Up-to-date: /home/hawx/ws4/install/urdf_tutorial/share/urdf_tutorial/images/myfirst.png
[0.041s] -- Up-to-date: /home/hawx/ws4/install/urdf_tutorial/share/urdf_tutorial/images/origins.png
[0.041s] -- Up-to-date: /home/hawx/ws4/install/urdf_tutorial/share/urdf_tutorial/images/flexible.png
[0.041s] -- Up-to-date: /home/hawx/ws4/install/urdf_tutorial/share/urdf_tutorial/images/visual.png
[0.041s] -- Up-to-date: /home/hawx/ws4/install/urdf_tutorial/share/urdf_tutorial/images/multipleshapes.png
[0.041s] -- Up-to-date: /home/hawx/ws4/install/urdf_tutorial/share/urdf_tutorial/images/materials.png
[0.041s] -- Up-to-date: /home/hawx/ws4/install/urdf_tutorial/share/urdf_tutorial/launch
[0.041s] -- Up-to-date: /home/hawx/ws4/install/urdf_tutorial/share/urdf_tutorial/launch/display.launch.py
[0.041s] -- Up-to-date: /home/hawx/ws4/install/urdf_tutorial/share/urdf_tutorial/meshes
[0.041s] -- Up-to-date: /home/hawx/ws4/install/urdf_tutorial/share/urdf_tutorial/meshes/l_finger_tip_color.png
[0.041s] -- Up-to-date: /home/hawx/ws4/install/urdf_tutorial/share/urdf_tutorial/meshes/l_finger_color.png
[0.041s] -- Up-to-date: /home/hawx/ws4/install/urdf_tutorial/share/urdf_tutorial/meshes/l_finger.dae
[0.041s] -- Up-to-date: /home/hawx/ws4/install/urdf_tutorial/share/urdf_tutorial/meshes/l_finger_tip.dae
[0.041s] -- Up-to-date: /home/hawx/ws4/install/urdf_tutorial/share/urdf_tutorial/rviz
[0.041s] -- Up-to-date: /home/hawx/ws4/install/urdf_tutorial/share/urdf_tutorial/rviz/urdf.rviz
[0.041s] -- Up-to-date: /home/hawx/ws4/install/urdf_tutorial/share/urdf_tutorial/urdf
[0.042s] -- Up-to-date: /home/hawx/ws4/install/urdf_tutorial/share/urdf_tutorial/urdf/05-visual.urdf
[0.042s] -- Up-to-date: /home/hawx/ws4/install/urdf_tutorial/share/urdf_tutorial/urdf/04-materials.urdf
[0.042s] -- Up-to-date: /home/hawx/ws4/install/urdf_tutorial/share/urdf_tutorial/urdf/08-macroed.urdf.xacro
[0.042s] -- Up-to-date: /home/hawx/ws4/install/urdf_tutorial/share/urdf_tutorial/urdf/01-myfirst.urdf
[0.042s] -- Up-to-date: /home/hawx/ws4/install/urdf_tutorial/share/urdf_tutorial/urdf/02-multipleshapes.urdf
[0.042s] -- Up-to-date: /home/hawx/ws4/install/urdf_tutorial/share/urdf_tutorial/urdf/03-origins.urdf
[0.042s] -- Installing: /home/hawx/ws4/install/urdf_tutorial/share/urdf_tutorial/urdf/09_myRobo1.urdf
[0.042s] -- Up-to-date: /home/hawx/ws4/install/urdf_tutorial/share/urdf_tutorial/urdf/07-physics.urdf
[0.042s] -- Up-to-date: /home/hawx/ws4/install/urdf_tutorial/share/urdf_tutorial/urdf/06-flexible.urdf
[0.042s] -- Up-to-date: /home/hawx/ws4/install/urdf_tutorial/share/ament_index/resource_index/package_run_dependencies/urdf_tutorial
[0.042s] -- Up-to-date: /home/hawx/ws4/install/urdf_tutorial/share/ament_index/resource_index/parent_prefix_path/urdf_tutorial
[0.042s] -- Up-to-date: /home/hawx/ws4/install/urdf_tutorial/share/urdf_tutorial/environment/ament_prefix_path.sh
[0.042s] -- Up-to-date: /home/hawx/ws4/install/urdf_tutorial/share/urdf_tutorial/environment/ament_prefix_path.dsv
[0.042s] -- Up-to-date: /home/hawx/ws4/install/urdf_tutorial/share/urdf_tutorial/environment/path.sh
[0.042s] -- Up-to-date: /home/hawx/ws4/install/urdf_tutorial/share/urdf_tutorial/environment/path.dsv
[0.042s] -- Up-to-date: /home/hawx/ws4/install/urdf_tutorial/share/urdf_tutorial/local_setup.bash
[0.042s] -- Up-to-date: /home/hawx/ws4/install/urdf_tutorial/share/urdf_tutorial/local_setup.sh
[0.042s] -- Up-to-date: /home/hawx/ws4/install/urdf_tutorial/share/urdf_tutorial/local_setup.zsh
[0.042s] -- Up-to-date: /home/hawx/ws4/install/urdf_tutorial/share/urdf_tutorial/local_setup.dsv
[0.042s] -- Installing: /home/hawx/ws4/install/urdf_tutorial/share/urdf_tutorial/package.dsv
[0.042s] -- Up-to-date: /home/hawx/ws4/install/urdf_tutorial/share/ament_index/resource_index/packages/urdf_tutorial
[0.042s] -- Up-to-date: /home/hawx/ws4/install/urdf_tutorial/share/urdf_tutorial/cmake/urdf_tutorialConfig.cmake
[0.042s] -- Up-to-date: /home/hawx/ws4/install/urdf_tutorial/share/urdf_tutorial/cmake/urdf_tutorialConfig-version.cmake
[0.042s] -- Up-to-date: /home/hawx/ws4/install/urdf_tutorial/share/urdf_tutorial/package.xml
[0.043s] Invoked command in '/home/hawx/ws4/build/urdf_tutorial' returned '0': CMAKE_PREFIX_PATH=${CMAKE_PREFIX_PATH}:/home/hawx/ws4/install/urdf_pkg1:/home/hawx/ws3/install/ardu_pkg1:/home/hawx/ws1/install/pypara_pkg1:/home/hawx/ws1/install/py_pkg2:/home/hawx/ws1/install/py_pkg1:/home/hawx/ws1/install/pubsub_pkg1:/home/hawx/ws1/src/install/pypara_pkg1:/home/hawx/ws1/src/install/py_pkg2:/home/hawx/ws1/src/install/py_pkg1:/opt/ros/humble /usr/bin/cmake --install /home/hawx/ws4/build/urdf_tutorial
