running egg_info
creating ../../build/ardu_pkg1/ardu_pkg1.egg-info
writing ../../build/ardu_pkg1/ardu_pkg1.egg-info/PKG-INFO
writing dependency_links to ../../build/ardu_pkg1/ardu_pkg1.egg-info/dependency_links.txt
writing entry points to ../../build/ardu_pkg1/ardu_pkg1.egg-info/entry_points.txt
writing requirements to ../../build/ardu_pkg1/ardu_pkg1.egg-info/requires.txt
writing top-level names to ../../build/ardu_pkg1/ardu_pkg1.egg-info/top_level.txt
writing manifest file '../../build/ardu_pkg1/ardu_pkg1.egg-info/SOURCES.txt'
reading manifest file '../../build/ardu_pkg1/ardu_pkg1.egg-info/SOURCES.txt'
writing manifest file '../../build/ardu_pkg1/ardu_pkg1.egg-info/SOURCES.txt'
running build
running build_py
creating /home/hawx/ws3/build/ardu_pkg1/build
creating /home/hawx/ws3/build/ardu_pkg1/build/lib
creating /home/hawx/ws3/build/ardu_pkg1/build/lib/ardu_pkg1
copying ardu_pkg1/servo_pub1.py -> /home/hawx/ws3/build/ardu_pkg1/build/lib/ardu_pkg1
copying ardu_pkg1/servo_con1.py -> /home/hawx/ws3/build/ardu_pkg1/build/lib/ardu_pkg1
copying ardu_pkg1/servo_sub1.py -> /home/hawx/ws3/build/ardu_pkg1/build/lib/ardu_pkg1
copying ardu_pkg1/arm1_sub1.py -> /home/hawx/ws3/build/ardu_pkg1/build/lib/ardu_pkg1
copying ardu_pkg1/arm1_pub1.py -> /home/hawx/ws3/build/ardu_pkg1/build/lib/ardu_pkg1
copying ardu_pkg1/__init__.py -> /home/hawx/ws3/build/ardu_pkg1/build/lib/ardu_pkg1
running install
running install_lib
creating /home/hawx/ws3/install/ardu_pkg1/lib/python3.10/site-packages/ardu_pkg1
copying /home/hawx/ws3/build/ardu_pkg1/build/lib/ardu_pkg1/servo_pub1.py -> /home/hawx/ws3/install/ardu_pkg1/lib/python3.10/site-packages/ardu_pkg1
copying /home/hawx/ws3/build/ardu_pkg1/build/lib/ardu_pkg1/servo_con1.py -> /home/hawx/ws3/install/ardu_pkg1/lib/python3.10/site-packages/ardu_pkg1
copying /home/hawx/ws3/build/ardu_pkg1/build/lib/ardu_pkg1/servo_sub1.py -> /home/hawx/ws3/install/ardu_pkg1/lib/python3.10/site-packages/ardu_pkg1
copying /home/hawx/ws3/build/ardu_pkg1/build/lib/ardu_pkg1/arm1_sub1.py -> /home/hawx/ws3/install/ardu_pkg1/lib/python3.10/site-packages/ardu_pkg1
copying /home/hawx/ws3/build/ardu_pkg1/build/lib/ardu_pkg1/arm1_pub1.py -> /home/hawx/ws3/install/ardu_pkg1/lib/python3.10/site-packages/ardu_pkg1
copying /home/hawx/ws3/build/ardu_pkg1/build/lib/ardu_pkg1/__init__.py -> /home/hawx/ws3/install/ardu_pkg1/lib/python3.10/site-packages/ardu_pkg1
byte-compiling /home/hawx/ws3/install/ardu_pkg1/lib/python3.10/site-packages/ardu_pkg1/servo_pub1.py to servo_pub1.cpython-310.pyc
byte-compiling /home/hawx/ws3/install/ardu_pkg1/lib/python3.10/site-packages/ardu_pkg1/servo_con1.py to servo_con1.cpython-310.pyc
byte-compiling /home/hawx/ws3/install/ardu_pkg1/lib/python3.10/site-packages/ardu_pkg1/servo_sub1.py to servo_sub1.cpython-310.pyc
byte-compiling /home/hawx/ws3/install/ardu_pkg1/lib/python3.10/site-packages/ardu_pkg1/arm1_sub1.py to arm1_sub1.cpython-310.pyc
byte-compiling /home/hawx/ws3/install/ardu_pkg1/lib/python3.10/site-packages/ardu_pkg1/arm1_pub1.py to arm1_pub1.cpython-310.pyc
byte-compiling /home/hawx/ws3/install/ardu_pkg1/lib/python3.10/site-packages/ardu_pkg1/__init__.py to __init__.cpython-310.pyc
running install_data
creating /home/hawx/ws3/install/ardu_pkg1/share/ament_index
creating /home/hawx/ws3/install/ardu_pkg1/share/ament_index/resource_index
creating /home/hawx/ws3/install/ardu_pkg1/share/ament_index/resource_index/packages
copying resource/ardu_pkg1 -> /home/hawx/ws3/install/ardu_pkg1/share/ament_index/resource_index/packages
copying package.xml -> /home/hawx/ws3/install/ardu_pkg1/share/ardu_pkg1
creating /home/hawx/ws3/install/ardu_pkg1/share/ardu_pkg1/launch
copying /home/hawx/ws3/src/ardu_pkg1/launch/display.launch.py -> /home/hawx/ws3/install/ardu_pkg1/share/ardu_pkg1/launch
creating /home/hawx/ws3/install/ardu_pkg1/share/ardu_pkg1/urdf
copying /home/hawx/ws3/src/ardu_pkg1/description/urdf/robot_arm1.urdf.xacro -> /home/hawx/ws3/install/ardu_pkg1/share/ardu_pkg1/urdf
running install_egg_info
Copying ../../build/ardu_pkg1/ardu_pkg1.egg-info to /home/hawx/ws3/install/ardu_pkg1/lib/python3.10/site-packages/ardu_pkg1-0.0.0-py3.10.egg-info
running install_scripts
Installing arm1_pub1 script to /home/hawx/ws3/install/ardu_pkg1/lib/ardu_pkg1
Installing arm1_sub1 script to /home/hawx/ws3/install/ardu_pkg1/lib/ardu_pkg1
Installing servo_con1 script to /home/hawx/ws3/install/ardu_pkg1/lib/ardu_pkg1
Installing servo_pub1 script to /home/hawx/ws3/install/ardu_pkg1/lib/ardu_pkg1
Installing servo_sub1 script to /home/hawx/ws3/install/ardu_pkg1/lib/ardu_pkg1
writing list of installed files to '/home/hawx/ws3/build/ardu_pkg1/install.log'
