[0.332s] Invoking command in '/home/hawx/ws3/src/ardu_pkg1': PYTHONPATH=/home/hawx/ws3/build/ardu_pkg1/prefix_override:/usr/lib/python3/dist-packages/colcon_core/task/python/colcon_distutils_commands:/home/hawx/ws3/install/ardu_pkg1/lib/python3.10/site-packages:${PYTHONPATH} /usr/bin/python3 -W ignore:setup.py install is deprecated -W ignore:easy_install command is deprecated setup.py egg_info --egg-base ../../build/ardu_pkg1 build --build-base /home/hawx/ws3/build/ardu_pkg1/build install --record /home/hawx/ws3/build/ardu_pkg1/install.log --single-version-externally-managed install_data
[0.465s] running egg_info
[0.465s] creating ../../build/ardu_pkg1/ardu_pkg1.egg-info
[0.465s] writing ../../build/ardu_pkg1/ardu_pkg1.egg-info/PKG-INFO
[0.465s] writing dependency_links to ../../build/ardu_pkg1/ardu_pkg1.egg-info/dependency_links.txt
[0.465s] writing entry points to ../../build/ardu_pkg1/ardu_pkg1.egg-info/entry_points.txt
[0.465s] writing requirements to ../../build/ardu_pkg1/ardu_pkg1.egg-info/requires.txt
[0.465s] writing top-level names to ../../build/ardu_pkg1/ardu_pkg1.egg-info/top_level.txt
[0.465s] writing manifest file '../../build/ardu_pkg1/ardu_pkg1.egg-info/SOURCES.txt'
[0.466s] reading manifest file '../../build/ardu_pkg1/ardu_pkg1.egg-info/SOURCES.txt'
[0.467s] writing manifest file '../../build/ardu_pkg1/ardu_pkg1.egg-info/SOURCES.txt'
[0.467s] running build
[0.467s] running build_py
[0.467s] creating /home/hawx/ws3/build/ardu_pkg1/build
[0.467s] creating /home/hawx/ws3/build/ardu_pkg1/build/lib
[0.467s] creating /home/hawx/ws3/build/ardu_pkg1/build/lib/ardu_pkg1
[0.467s] copying ardu_pkg1/servo_pub1.py -> /home/hawx/ws3/build/ardu_pkg1/build/lib/ardu_pkg1
[0.467s] copying ardu_pkg1/servo_con1.py -> /home/hawx/ws3/build/ardu_pkg1/build/lib/ardu_pkg1
[0.467s] copying ardu_pkg1/servo_sub1.py -> /home/hawx/ws3/build/ardu_pkg1/build/lib/ardu_pkg1
[0.467s] copying ardu_pkg1/arm1_sub1.py -> /home/hawx/ws3/build/ardu_pkg1/build/lib/ardu_pkg1
[0.467s] copying ardu_pkg1/arm1_pub1.py -> /home/hawx/ws3/build/ardu_pkg1/build/lib/ardu_pkg1
[0.467s] copying ardu_pkg1/__init__.py -> /home/hawx/ws3/build/ardu_pkg1/build/lib/ardu_pkg1
[0.467s] running install
[0.467s] running install_lib
[0.468s] creating /home/hawx/ws3/install/ardu_pkg1/lib/python3.10/site-packages/ardu_pkg1
[0.468s] copying /home/hawx/ws3/build/ardu_pkg1/build/lib/ardu_pkg1/servo_pub1.py -> /home/hawx/ws3/install/ardu_pkg1/lib/python3.10/site-packages/ardu_pkg1
[0.468s] copying /home/hawx/ws3/build/ardu_pkg1/build/lib/ardu_pkg1/servo_con1.py -> /home/hawx/ws3/install/ardu_pkg1/lib/python3.10/site-packages/ardu_pkg1
[0.468s] copying /home/hawx/ws3/build/ardu_pkg1/build/lib/ardu_pkg1/servo_sub1.py -> /home/hawx/ws3/install/ardu_pkg1/lib/python3.10/site-packages/ardu_pkg1
[0.468s] copying /home/hawx/ws3/build/ardu_pkg1/build/lib/ardu_pkg1/arm1_sub1.py -> /home/hawx/ws3/install/ardu_pkg1/lib/python3.10/site-packages/ardu_pkg1
[0.468s] copying /home/hawx/ws3/build/ardu_pkg1/build/lib/ardu_pkg1/arm1_pub1.py -> /home/hawx/ws3/install/ardu_pkg1/lib/python3.10/site-packages/ardu_pkg1
[0.468s] copying /home/hawx/ws3/build/ardu_pkg1/build/lib/ardu_pkg1/__init__.py -> /home/hawx/ws3/install/ardu_pkg1/lib/python3.10/site-packages/ardu_pkg1
[0.468s] byte-compiling /home/hawx/ws3/install/ardu_pkg1/lib/python3.10/site-packages/ardu_pkg1/servo_pub1.py to servo_pub1.cpython-310.pyc
[0.469s] byte-compiling /home/hawx/ws3/install/ardu_pkg1/lib/python3.10/site-packages/ardu_pkg1/servo_con1.py to servo_con1.cpython-310.pyc
[0.469s] byte-compiling /home/hawx/ws3/install/ardu_pkg1/lib/python3.10/site-packages/ardu_pkg1/servo_sub1.py to servo_sub1.cpython-310.pyc
[0.469s] byte-compiling /home/hawx/ws3/install/ardu_pkg1/lib/python3.10/site-packages/ardu_pkg1/arm1_sub1.py to arm1_sub1.cpython-310.pyc
[0.469s] byte-compiling /home/hawx/ws3/install/ardu_pkg1/lib/python3.10/site-packages/ardu_pkg1/arm1_pub1.py to arm1_pub1.cpython-310.pyc
[0.469s] byte-compiling /home/hawx/ws3/install/ardu_pkg1/lib/python3.10/site-packages/ardu_pkg1/__init__.py to __init__.cpython-310.pyc
[0.470s] running install_data
[0.470s] creating /home/hawx/ws3/install/ardu_pkg1/share/ament_index
[0.470s] creating /home/hawx/ws3/install/ardu_pkg1/share/ament_index/resource_index
[0.470s] creating /home/hawx/ws3/install/ardu_pkg1/share/ament_index/resource_index/packages
[0.470s] copying resource/ardu_pkg1 -> /home/hawx/ws3/install/ardu_pkg1/share/ament_index/resource_index/packages
[0.470s] copying package.xml -> /home/hawx/ws3/install/ardu_pkg1/share/ardu_pkg1
[0.470s] creating /home/hawx/ws3/install/ardu_pkg1/share/ardu_pkg1/launch
[0.470s] copying /home/hawx/ws3/src/ardu_pkg1/launch/display.launch.py -> /home/hawx/ws3/install/ardu_pkg1/share/ardu_pkg1/launch
[0.470s] creating /home/hawx/ws3/install/ardu_pkg1/share/ardu_pkg1/urdf
[0.470s] copying /home/hawx/ws3/src/ardu_pkg1/description/urdf/robot_arm1.urdf.xacro -> /home/hawx/ws3/install/ardu_pkg1/share/ardu_pkg1/urdf
[0.470s] running install_egg_info
[0.471s] Copying ../../build/ardu_pkg1/ardu_pkg1.egg-info to /home/hawx/ws3/install/ardu_pkg1/lib/python3.10/site-packages/ardu_pkg1-0.0.0-py3.10.egg-info
[0.471s] running install_scripts
[0.481s] Installing arm1_pub1 script to /home/hawx/ws3/install/ardu_pkg1/lib/ardu_pkg1
[0.482s] Installing arm1_sub1 script to /home/hawx/ws3/install/ardu_pkg1/lib/ardu_pkg1
[0.482s] Installing servo_con1 script to /home/hawx/ws3/install/ardu_pkg1/lib/ardu_pkg1
[0.482s] Installing servo_pub1 script to /home/hawx/ws3/install/ardu_pkg1/lib/ardu_pkg1
[0.482s] Installing servo_sub1 script to /home/hawx/ws3/install/ardu_pkg1/lib/ardu_pkg1
[0.482s] writing list of installed files to '/home/hawx/ws3/build/ardu_pkg1/install.log'
[0.494s] Invoked command in '/home/hawx/ws3/src/ardu_pkg1' returned '0': PYTHONPATH=/home/hawx/ws3/build/ardu_pkg1/prefix_override:/usr/lib/python3/dist-packages/colcon_core/task/python/colcon_distutils_commands:/home/hawx/ws3/install/ardu_pkg1/lib/python3.10/site-packages:${PYTHONPATH} /usr/bin/python3 -W ignore:setup.py install is deprecated -W ignore:easy_install command is deprecated setup.py egg_info --egg-base ../../build/ardu_pkg1 build --build-base /home/hawx/ws3/build/ardu_pkg1/build install --record /home/hawx/ws3/build/ardu_pkg1/install.log --single-version-externally-managed install_data
