running egg_info
creating ../build/pypara_pkg1/pypara_pkg1.egg-info
writing ../build/pypara_pkg1/pypara_pkg1.egg-info/PKG-INFO
writing dependency_links to ../build/pypara_pkg1/pypara_pkg1.egg-info/dependency_links.txt
writing entry points to ../build/pypara_pkg1/pypara_pkg1.egg-info/entry_points.txt
writing requirements to ../build/pypara_pkg1/pypara_pkg1.egg-info/requires.txt
writing top-level names to ../build/pypara_pkg1/pypara_pkg1.egg-info/top_level.txt
writing manifest file '../build/pypara_pkg1/pypara_pkg1.egg-info/SOURCES.txt'
reading manifest file '../build/pypara_pkg1/pypara_pkg1.egg-info/SOURCES.txt'
adding license file 'LICENSE'
writing manifest file '../build/pypara_pkg1/pypara_pkg1.egg-info/SOURCES.txt'
running build
running build_py
creating /home/hawx/ws1/src/build/pypara_pkg1/build
creating /home/hawx/ws1/src/build/pypara_pkg1/build/lib
creating /home/hawx/ws1/src/build/pypara_pkg1/build/lib/pypara_pkg1
copying pypara_pkg1/__init__.py -> /home/hawx/ws1/src/build/pypara_pkg1/build/lib/pypara_pkg1
copying pypara_pkg1/pypara_node1.py -> /home/hawx/ws1/src/build/pypara_pkg1/build/lib/pypara_pkg1
running install
running install_lib
creating /home/hawx/ws1/src/install/pypara_pkg1/lib/python3.10/site-packages/pypara_pkg1
copying /home/hawx/ws1/src/build/pypara_pkg1/build/lib/pypara_pkg1/__init__.py -> /home/hawx/ws1/src/install/pypara_pkg1/lib/python3.10/site-packages/pypara_pkg1
copying /home/hawx/ws1/src/build/pypara_pkg1/build/lib/pypara_pkg1/pypara_node1.py -> /home/hawx/ws1/src/install/pypara_pkg1/lib/python3.10/site-packages/pypara_pkg1
byte-compiling /home/hawx/ws1/src/install/pypara_pkg1/lib/python3.10/site-packages/pypara_pkg1/__init__.py to __init__.cpython-310.pyc
byte-compiling /home/hawx/ws1/src/install/pypara_pkg1/lib/python3.10/site-packages/pypara_pkg1/pypara_node1.py to pypara_node1.cpython-310.pyc
running install_data
creating /home/hawx/ws1/src/install/pypara_pkg1/share/ament_index
creating /home/hawx/ws1/src/install/pypara_pkg1/share/ament_index/resource_index
creating /home/hawx/ws1/src/install/pypara_pkg1/share/ament_index/resource_index/packages
copying resource/pypara_pkg1 -> /home/hawx/ws1/src/install/pypara_pkg1/share/ament_index/resource_index/packages
copying package.xml -> /home/hawx/ws1/src/install/pypara_pkg1/share/pypara_pkg1
running install_egg_info
Copying ../build/pypara_pkg1/pypara_pkg1.egg-info to /home/hawx/ws1/src/install/pypara_pkg1/lib/python3.10/site-packages/pypara_pkg1-0.0.0-py3.10.egg-info
running install_scripts
Installing para_node1 script to /home/hawx/ws1/src/install/pypara_pkg1/lib/pypara_pkg1
writing list of installed files to '/home/hawx/ws1/src/build/pypara_pkg1/install.log'
