running egg_info
creating ../../build/py_pkg1/py_pkg1.egg-info
writing ../../build/py_pkg1/py_pkg1.egg-info/PKG-INFO
writing dependency_links to ../../build/py_pkg1/py_pkg1.egg-info/dependency_links.txt
writing entry points to ../../build/py_pkg1/py_pkg1.egg-info/entry_points.txt
writing requirements to ../../build/py_pkg1/py_pkg1.egg-info/requires.txt
writing top-level names to ../../build/py_pkg1/py_pkg1.egg-info/top_level.txt
writing manifest file '../../build/py_pkg1/py_pkg1.egg-info/SOURCES.txt'
reading manifest file '../../build/py_pkg1/py_pkg1.egg-info/SOURCES.txt'
adding license file 'LICENSE'
writing manifest file '../../build/py_pkg1/py_pkg1.egg-info/SOURCES.txt'
running build
running build_py
creating /home/hawx/ws1/build/py_pkg1/build
creating /home/hawx/ws1/build/py_pkg1/build/lib
creating /home/hawx/ws1/build/py_pkg1/build/lib/py_pkg1
copying py_pkg1/sub_node1.py -> /home/hawx/ws1/build/py_pkg1/build/lib/py_pkg1
copying py_pkg1/__init__.py -> /home/hawx/ws1/build/py_pkg1/build/lib/py_pkg1
copying py_pkg1/pub_node1.py -> /home/hawx/ws1/build/py_pkg1/build/lib/py_pkg1
running install
running install_lib
creating /home/hawx/ws1/install/py_pkg1/lib/python3.10/site-packages/py_pkg1
copying /home/hawx/ws1/build/py_pkg1/build/lib/py_pkg1/sub_node1.py -> /home/hawx/ws1/install/py_pkg1/lib/python3.10/site-packages/py_pkg1
copying /home/hawx/ws1/build/py_pkg1/build/lib/py_pkg1/__init__.py -> /home/hawx/ws1/install/py_pkg1/lib/python3.10/site-packages/py_pkg1
copying /home/hawx/ws1/build/py_pkg1/build/lib/py_pkg1/pub_node1.py -> /home/hawx/ws1/install/py_pkg1/lib/python3.10/site-packages/py_pkg1
byte-compiling /home/hawx/ws1/install/py_pkg1/lib/python3.10/site-packages/py_pkg1/sub_node1.py to sub_node1.cpython-310.pyc
byte-compiling /home/hawx/ws1/install/py_pkg1/lib/python3.10/site-packages/py_pkg1/__init__.py to __init__.cpython-310.pyc
byte-compiling /home/hawx/ws1/install/py_pkg1/lib/python3.10/site-packages/py_pkg1/pub_node1.py to pub_node1.cpython-310.pyc
running install_data
creating /home/hawx/ws1/install/py_pkg1/share/ament_index
creating /home/hawx/ws1/install/py_pkg1/share/ament_index/resource_index
creating /home/hawx/ws1/install/py_pkg1/share/ament_index/resource_index/packages
copying resource/py_pkg1 -> /home/hawx/ws1/install/py_pkg1/share/ament_index/resource_index/packages
copying package.xml -> /home/hawx/ws1/install/py_pkg1/share/py_pkg1
running install_egg_info
Copying ../../build/py_pkg1/py_pkg1.egg-info to /home/hawx/ws1/install/py_pkg1/lib/python3.10/site-packages/py_pkg1-0.0.0-py3.10.egg-info
running install_scripts
Installing listener1 script to /home/hawx/ws1/install/py_pkg1/lib/py_pkg1
Installing talker1 script to /home/hawx/ws1/install/py_pkg1/lib/py_pkg1
writing list of installed files to '/home/hawx/ws1/build/py_pkg1/install.log'
