[0.818s] Invoking command in '/home/hawx/ws1/src/py_pkg1': PYTHONPATH=/home/hawx/ws1/build/py_pkg1/prefix_override:/usr/lib/python3/dist-packages/colcon_core/task/python/colcon_distutils_commands:/home/hawx/ws1/install/py_pkg1/lib/python3.10/site-packages:${PYTHONPATH} /usr/bin/python3 -W ignore:setup.py install is deprecated -W ignore:easy_install command is deprecated setup.py egg_info --egg-base ../../build/py_pkg1 build --build-base /home/hawx/ws1/build/py_pkg1/build install --record /home/hawx/ws1/build/py_pkg1/install.log --single-version-externally-managed install_data
[0.948s] running egg_info
[0.948s] creating ../../build/py_pkg1/py_pkg1.egg-info
[0.948s] writing ../../build/py_pkg1/py_pkg1.egg-info/PKG-INFO
[0.948s] writing dependency_links to ../../build/py_pkg1/py_pkg1.egg-info/dependency_links.txt
[0.948s] writing entry points to ../../build/py_pkg1/py_pkg1.egg-info/entry_points.txt
[0.948s] writing requirements to ../../build/py_pkg1/py_pkg1.egg-info/requires.txt
[0.948s] writing top-level names to ../../build/py_pkg1/py_pkg1.egg-info/top_level.txt
[0.948s] writing manifest file '../../build/py_pkg1/py_pkg1.egg-info/SOURCES.txt'
[0.949s] reading manifest file '../../build/py_pkg1/py_pkg1.egg-info/SOURCES.txt'
[0.949s] adding license file 'LICENSE'
[0.949s] writing manifest file '../../build/py_pkg1/py_pkg1.egg-info/SOURCES.txt'
[0.949s] running build
[0.949s] running build_py
[0.949s] creating /home/hawx/ws1/build/py_pkg1/build
[0.949s] creating /home/hawx/ws1/build/py_pkg1/build/lib
[0.949s] creating /home/hawx/ws1/build/py_pkg1/build/lib/py_pkg1
[0.949s] copying py_pkg1/sub_node1.py -> /home/hawx/ws1/build/py_pkg1/build/lib/py_pkg1
[0.949s] copying py_pkg1/__init__.py -> /home/hawx/ws1/build/py_pkg1/build/lib/py_pkg1
[0.950s] copying py_pkg1/pub_node1.py -> /home/hawx/ws1/build/py_pkg1/build/lib/py_pkg1
[0.950s] running install
[0.950s] running install_lib
[0.950s] creating /home/hawx/ws1/install/py_pkg1/lib/python3.10/site-packages/py_pkg1
[0.950s] copying /home/hawx/ws1/build/py_pkg1/build/lib/py_pkg1/sub_node1.py -> /home/hawx/ws1/install/py_pkg1/lib/python3.10/site-packages/py_pkg1
[0.950s] copying /home/hawx/ws1/build/py_pkg1/build/lib/py_pkg1/__init__.py -> /home/hawx/ws1/install/py_pkg1/lib/python3.10/site-packages/py_pkg1
[0.950s] copying /home/hawx/ws1/build/py_pkg1/build/lib/py_pkg1/pub_node1.py -> /home/hawx/ws1/install/py_pkg1/lib/python3.10/site-packages/py_pkg1
[0.950s] byte-compiling /home/hawx/ws1/install/py_pkg1/lib/python3.10/site-packages/py_pkg1/sub_node1.py to sub_node1.cpython-310.pyc
[0.951s] byte-compiling /home/hawx/ws1/install/py_pkg1/lib/python3.10/site-packages/py_pkg1/__init__.py to __init__.cpython-310.pyc
[0.951s] byte-compiling /home/hawx/ws1/install/py_pkg1/lib/python3.10/site-packages/py_pkg1/pub_node1.py to pub_node1.cpython-310.pyc
[0.951s] running install_data
[0.951s] creating /home/hawx/ws1/install/py_pkg1/share/ament_index
[0.951s] creating /home/hawx/ws1/install/py_pkg1/share/ament_index/resource_index
[0.951s] creating /home/hawx/ws1/install/py_pkg1/share/ament_index/resource_index/packages
[0.951s] copying resource/py_pkg1 -> /home/hawx/ws1/install/py_pkg1/share/ament_index/resource_index/packages
[0.951s] copying package.xml -> /home/hawx/ws1/install/py_pkg1/share/py_pkg1
[0.951s] running install_egg_info
[0.952s] Copying ../../build/py_pkg1/py_pkg1.egg-info to /home/hawx/ws1/install/py_pkg1/lib/python3.10/site-packages/py_pkg1-0.0.0-py3.10.egg-info
[0.953s] running install_scripts
[0.963s] Installing listener1 script to /home/hawx/ws1/install/py_pkg1/lib/py_pkg1
[0.964s] Installing talker1 script to /home/hawx/ws1/install/py_pkg1/lib/py_pkg1
[0.964s] writing list of installed files to '/home/hawx/ws1/build/py_pkg1/install.log'
[0.977s] Invoked command in '/home/hawx/ws1/src/py_pkg1' returned '0': PYTHONPATH=/home/hawx/ws1/build/py_pkg1/prefix_override:/usr/lib/python3/dist-packages/colcon_core/task/python/colcon_distutils_commands:/home/hawx/ws1/install/py_pkg1/lib/python3.10/site-packages:${PYTHONPATH} /usr/bin/python3 -W ignore:setup.py install is deprecated -W ignore:easy_install command is deprecated setup.py egg_info --egg-base ../../build/py_pkg1 build --build-base /home/hawx/ws1/build/py_pkg1/build install --record /home/hawx/ws1/build/py_pkg1/install.log --single-version-externally-managed install_data
