[  2%] Built target interface_pkg1__cpp
[ 12%] Built target interface_pkg1__rosidl_generator_c
[ 12%] Built target ament_cmake_python_copy_interface_pkg1
[ 23%] Built target interface_pkg1__rosidl_typesupport_cpp
[ 34%] Built target interface_pkg1__rosidl_typesupport_c
[ 44%] Built target interface_pkg1__rosidl_typesupport_fastrtps_cpp
[ 63%] Built target interface_pkg1__rosidl_typesupport_introspection_c
[ 68%] Built target interface_pkg1__rosidl_typesupport_introspection_cpp
[ 76%] Built target interface_pkg1__rosidl_typesupport_fastrtps_c
[ 76%] Built target interface_pkg1
[ 78%] Built target interface_pkg1__py
[ 87%] Built target interface_pkg1__rosidl_generator_py
[ 95%] Built target interface_pkg1__rosidl_typesupport_introspection_c__pyext
[ 95%] Built target interface_pkg1__rosidl_typesupport_c__pyext
[100%] Built target interface_pkg1__rosidl_typesupport_fastrtps_c__pyext
running egg_info
writing interface_pkg1.egg-info/PKG-INFO
writing dependency_links to interface_pkg1.egg-info/dependency_links.txt
writing top-level names to interface_pkg1.egg-info/top_level.txt
reading manifest file 'interface_pkg1.egg-info/SOURCES.txt'
writing manifest file 'interface_pkg1.egg-info/SOURCES.txt'
[100%] Built target ament_cmake_python_build_interface_pkg1_egg
-- Install configuration: ""
-- Installing: /home/hawx/ws1/install/interface_pkg1/share/ament_index/resource_index/rosidl_interfaces/interface_pkg1
-- Installing: /home/hawx/ws1/install/interface_pkg1/include/interface_pkg1/interface_pkg1
-- Installing: /home/hawx/ws1/install/interface_pkg1/include/interface_pkg1/interface_pkg1/msg
-- Installing: /home/hawx/ws1/install/interface_pkg1/include/interface_pkg1/interface_pkg1/msg/message2.h
-- Installing: /home/hawx/ws1/install/interface_pkg1/include/interface_pkg1/interface_pkg1/msg/rosidl_generator_c__visibility_control.h
-- Installing: /home/hawx/ws1/install/interface_pkg1/include/interface_pkg1/interface_pkg1/msg/message1.h
-- Installing: /home/hawx/ws1/install/interface_pkg1/include/interface_pkg1/interface_pkg1/msg/detail
-- Installing: /home/hawx/ws1/install/interface_pkg1/include/interface_pkg1/interface_pkg1/msg/detail/message1__type_support.h
-- Installing: /home/hawx/ws1/install/interface_pkg1/include/interface_pkg1/interface_pkg1/msg/detail/message2__functions.c
-- Installing: /home/hawx/ws1/install/interface_pkg1/include/interface_pkg1/interface_pkg1/msg/detail/message2__type_support.h
-- Installing: /home/hawx/ws1/install/interface_pkg1/include/interface_pkg1/interface_pkg1/msg/detail/message2__struct.h
-- Installing: /home/hawx/ws1/install/interface_pkg1/include/interface_pkg1/interface_pkg1/msg/detail/message1__functions.h
-- Installing: /home/hawx/ws1/install/interface_pkg1/include/interface_pkg1/interface_pkg1/msg/detail/message1__struct.h
-- Installing: /home/hawx/ws1/install/interface_pkg1/include/interface_pkg1/interface_pkg1/msg/detail/message1__functions.c
-- Installing: /home/hawx/ws1/install/interface_pkg1/include/interface_pkg1/interface_pkg1/msg/detail/message2__functions.h
-- Installing: /home/hawx/ws1/install/interface_pkg1/include/interface_pkg1/interface_pkg1/srv
-- Installing: /home/hawx/ws1/install/interface_pkg1/include/interface_pkg1/interface_pkg1/srv/service1.h
-- Installing: /home/hawx/ws1/install/interface_pkg1/include/interface_pkg1/interface_pkg1/srv/detail
-- Installing: /home/hawx/ws1/install/interface_pkg1/include/interface_pkg1/interface_pkg1/srv/detail/service1__functions.c
-- Installing: /home/hawx/ws1/install/interface_pkg1/include/interface_pkg1/interface_pkg1/srv/detail/service1__struct.h
-- Installing: /home/hawx/ws1/install/interface_pkg1/include/interface_pkg1/interface_pkg1/srv/detail/service1__functions.h
-- Installing: /home/hawx/ws1/install/interface_pkg1/include/interface_pkg1/interface_pkg1/srv/detail/service1__type_support.h
-- Installing: /home/hawx/ws1/install/interface_pkg1/share/interface_pkg1/environment/library_path.sh
-- Installing: /home/hawx/ws1/install/interface_pkg1/share/interface_pkg1/environment/library_path.dsv
-- Installing: /home/hawx/ws1/install/interface_pkg1/lib/libinterface_pkg1__rosidl_generator_c.so
-- Set runtime path of "/home/hawx/ws1/install/interface_pkg1/lib/libinterface_pkg1__rosidl_generator_c.so" to ""
-- Up-to-date: /home/hawx/ws1/install/interface_pkg1/include/interface_pkg1/interface_pkg1
-- Up-to-date: /home/hawx/ws1/install/interface_pkg1/include/interface_pkg1/interface_pkg1/msg
-- Installing: /home/hawx/ws1/install/interface_pkg1/include/interface_pkg1/interface_pkg1/msg/rosidl_typesupport_fastrtps_c__visibility_control.h
-- Up-to-date: /home/hawx/ws1/install/interface_pkg1/include/interface_pkg1/interface_pkg1/msg/detail
-- Installing: /home/hawx/ws1/install/interface_pkg1/include/interface_pkg1/interface_pkg1/msg/detail/message1__rosidl_typesupport_fastrtps_c.h
-- Installing: /home/hawx/ws1/install/interface_pkg1/include/interface_pkg1/interface_pkg1/msg/detail/message2__rosidl_typesupport_fastrtps_c.h
-- Up-to-date: /home/hawx/ws1/install/interface_pkg1/include/interface_pkg1/interface_pkg1/srv
-- Up-to-date: /home/hawx/ws1/install/interface_pkg1/include/interface_pkg1/interface_pkg1/srv/detail
-- Installing: /home/hawx/ws1/install/interface_pkg1/include/interface_pkg1/interface_pkg1/srv/detail/service1__rosidl_typesupport_fastrtps_c.h
-- Installing: /home/hawx/ws1/install/interface_pkg1/lib/libinterface_pkg1__rosidl_typesupport_fastrtps_c.so
-- Set runtime path of "/home/hawx/ws1/install/interface_pkg1/lib/libinterface_pkg1__rosidl_typesupport_fastrtps_c.so" to ""
-- Up-to-date: /home/hawx/ws1/install/interface_pkg1/include/interface_pkg1/interface_pkg1
-- Up-to-date: /home/hawx/ws1/install/interface_pkg1/include/interface_pkg1/interface_pkg1/msg
-- Installing: /home/hawx/ws1/install/interface_pkg1/include/interface_pkg1/interface_pkg1/msg/message2.hpp
-- Installing: /home/hawx/ws1/install/interface_pkg1/include/interface_pkg1/interface_pkg1/msg/message1.hpp
-- Up-to-date: /home/hawx/ws1/install/interface_pkg1/include/interface_pkg1/interface_pkg1/msg/detail
-- Installing: /home/hawx/ws1/install/interface_pkg1/include/interface_pkg1/interface_pkg1/msg/detail/message2__struct.hpp
-- Installing: /home/hawx/ws1/install/interface_pkg1/include/interface_pkg1/interface_pkg1/msg/detail/message2__type_support.hpp
-- Installing: /home/hawx/ws1/install/interface_pkg1/include/interface_pkg1/interface_pkg1/msg/detail/message1__traits.hpp
-- Installing: /home/hawx/ws1/install/interface_pkg1/include/interface_pkg1/interface_pkg1/msg/detail/message1__type_support.hpp
-- Installing: /home/hawx/ws1/install/interface_pkg1/include/interface_pkg1/interface_pkg1/msg/detail/message1__builder.hpp
-- Installing: /home/hawx/ws1/install/interface_pkg1/include/interface_pkg1/interface_pkg1/msg/detail/message2__traits.hpp
-- Installing: /home/hawx/ws1/install/interface_pkg1/include/interface_pkg1/interface_pkg1/msg/detail/message1__struct.hpp
-- Installing: /home/hawx/ws1/install/interface_pkg1/include/interface_pkg1/interface_pkg1/msg/detail/message2__builder.hpp
-- Installing: /home/hawx/ws1/install/interface_pkg1/include/interface_pkg1/interface_pkg1/msg/rosidl_generator_cpp__visibility_control.hpp
-- Up-to-date: /home/hawx/ws1/install/interface_pkg1/include/interface_pkg1/interface_pkg1/srv
-- Installing: /home/hawx/ws1/install/interface_pkg1/include/interface_pkg1/interface_pkg1/srv/service1.hpp
-- Up-to-date: /home/hawx/ws1/install/interface_pkg1/include/interface_pkg1/interface_pkg1/srv/detail
-- Installing: /home/hawx/ws1/install/interface_pkg1/include/interface_pkg1/interface_pkg1/srv/detail/service1__traits.hpp
-- Installing: /home/hawx/ws1/install/interface_pkg1/include/interface_pkg1/interface_pkg1/srv/detail/service1__struct.hpp
-- Installing: /home/hawx/ws1/install/interface_pkg1/include/interface_pkg1/interface_pkg1/srv/detail/service1__builder.hpp
-- Installing: /home/hawx/ws1/install/interface_pkg1/include/interface_pkg1/interface_pkg1/srv/detail/service1__type_support.hpp
-- Up-to-date: /home/hawx/ws1/install/interface_pkg1/include/interface_pkg1/interface_pkg1
-- Up-to-date: /home/hawx/ws1/install/interface_pkg1/include/interface_pkg1/interface_pkg1/msg
-- Installing: /home/hawx/ws1/install/interface_pkg1/include/interface_pkg1/interface_pkg1/msg/rosidl_typesupport_fastrtps_cpp__visibility_control.h
-- Up-to-date: /home/hawx/ws1/install/interface_pkg1/include/interface_pkg1/interface_pkg1/msg/detail
-- Installing: /home/hawx/ws1/install/interface_pkg1/include/interface_pkg1/interface_pkg1/msg/detail/message2__rosidl_typesupport_fastrtps_cpp.hpp
-- Installing: /home/hawx/ws1/install/interface_pkg1/include/interface_pkg1/interface_pkg1/msg/detail/message1__rosidl_typesupport_fastrtps_cpp.hpp
-- Installing: /home/hawx/ws1/install/interface_pkg1/include/interface_pkg1/interface_pkg1/msg/detail/dds_fastrtps
-- Up-to-date: /home/hawx/ws1/install/interface_pkg1/include/interface_pkg1/interface_pkg1/srv
-- Up-to-date: /home/hawx/ws1/install/interface_pkg1/include/interface_pkg1/interface_pkg1/srv/detail
-- Installing: /home/hawx/ws1/install/interface_pkg1/include/interface_pkg1/interface_pkg1/srv/detail/dds_fastrtps
-- Installing: /home/hawx/ws1/install/interface_pkg1/include/interface_pkg1/interface_pkg1/srv/detail/service1__rosidl_typesupport_fastrtps_cpp.hpp
-- Installing: /home/hawx/ws1/install/interface_pkg1/lib/libinterface_pkg1__rosidl_typesupport_fastrtps_cpp.so
-- Set runtime path of "/home/hawx/ws1/install/interface_pkg1/lib/libinterface_pkg1__rosidl_typesupport_fastrtps_cpp.so" to ""
-- Up-to-date: /home/hawx/ws1/install/interface_pkg1/include/interface_pkg1/interface_pkg1
-- Up-to-date: /home/hawx/ws1/install/interface_pkg1/include/interface_pkg1/interface_pkg1/msg
-- Installing: /home/hawx/ws1/install/interface_pkg1/include/interface_pkg1/interface_pkg1/msg/rosidl_typesupport_introspection_c__visibility_control.h
-- Up-to-date: /home/hawx/ws1/install/interface_pkg1/include/interface_pkg1/interface_pkg1/msg/detail
-- Installing: /home/hawx/ws1/install/interface_pkg1/include/interface_pkg1/interface_pkg1/msg/detail/message2__type_support.c
-- Installing: /home/hawx/ws1/install/interface_pkg1/include/interface_pkg1/interface_pkg1/msg/detail/message1__rosidl_typesupport_introspection_c.h
-- Installing: /home/hawx/ws1/install/interface_pkg1/include/interface_pkg1/interface_pkg1/msg/detail/message2__rosidl_typesupport_introspection_c.h
-- Installing: /home/hawx/ws1/install/interface_pkg1/include/interface_pkg1/interface_pkg1/msg/detail/message1__type_support.c
-- Up-to-date: /home/hawx/ws1/install/interface_pkg1/include/interface_pkg1/interface_pkg1/srv
-- Up-to-date: /home/hawx/ws1/install/interface_pkg1/include/interface_pkg1/interface_pkg1/srv/detail
-- Installing: /home/hawx/ws1/install/interface_pkg1/include/interface_pkg1/interface_pkg1/srv/detail/service1__rosidl_typesupport_introspection_c.h
-- Installing: /home/hawx/ws1/install/interface_pkg1/include/interface_pkg1/interface_pkg1/srv/detail/service1__type_support.c
-- Installing: /home/hawx/ws1/install/interface_pkg1/lib/libinterface_pkg1__rosidl_typesupport_introspection_c.so
-- Set runtime path of "/home/hawx/ws1/install/interface_pkg1/lib/libinterface_pkg1__rosidl_typesupport_introspection_c.so" to ""
-- Installing: /home/hawx/ws1/install/interface_pkg1/lib/libinterface_pkg1__rosidl_typesupport_c.so
-- Set runtime path of "/home/hawx/ws1/install/interface_pkg1/lib/libinterface_pkg1__rosidl_typesupport_c.so" to ""
-- Up-to-date: /home/hawx/ws1/install/interface_pkg1/include/interface_pkg1/interface_pkg1
-- Up-to-date: /home/hawx/ws1/install/interface_pkg1/include/interface_pkg1/interface_pkg1/msg
-- Up-to-date: /home/hawx/ws1/install/interface_pkg1/include/interface_pkg1/interface_pkg1/msg/detail
-- Installing: /home/hawx/ws1/install/interface_pkg1/include/interface_pkg1/interface_pkg1/msg/detail/message1__type_support.cpp
-- Installing: /home/hawx/ws1/install/interface_pkg1/include/interface_pkg1/interface_pkg1/msg/detail/message1__rosidl_typesupport_introspection_cpp.hpp
-- Installing: /home/hawx/ws1/install/interface_pkg1/include/interface_pkg1/interface_pkg1/msg/detail/message2__type_support.cpp
-- Installing: /home/hawx/ws1/install/interface_pkg1/include/interface_pkg1/interface_pkg1/msg/detail/message2__rosidl_typesupport_introspection_cpp.hpp
-- Up-to-date: /home/hawx/ws1/install/interface_pkg1/include/interface_pkg1/interface_pkg1/srv
-- Up-to-date: /home/hawx/ws1/install/interface_pkg1/include/interface_pkg1/interface_pkg1/srv/detail
-- Installing: /home/hawx/ws1/install/interface_pkg1/include/interface_pkg1/interface_pkg1/srv/detail/service1__rosidl_typesupport_introspection_cpp.hpp
-- Installing: /home/hawx/ws1/install/interface_pkg1/include/interface_pkg1/interface_pkg1/srv/detail/service1__type_support.cpp
-- Installing: /home/hawx/ws1/install/interface_pkg1/lib/libinterface_pkg1__rosidl_typesupport_introspection_cpp.so
-- Set runtime path of "/home/hawx/ws1/install/interface_pkg1/lib/libinterface_pkg1__rosidl_typesupport_introspection_cpp.so" to ""
-- Installing: /home/hawx/ws1/install/interface_pkg1/lib/libinterface_pkg1__rosidl_typesupport_cpp.so
-- Set runtime path of "/home/hawx/ws1/install/interface_pkg1/lib/libinterface_pkg1__rosidl_typesupport_cpp.so" to ""
-- Installing: /home/hawx/ws1/install/interface_pkg1/share/interface_pkg1/environment/pythonpath.sh
-- Installing: /home/hawx/ws1/install/interface_pkg1/share/interface_pkg1/environment/pythonpath.dsv
-- Installing: /home/hawx/ws1/install/interface_pkg1/local/lib/python3.10/dist-packages/interface_pkg1-0.0.0-py3.10.egg-info
-- Installing: /home/hawx/ws1/install/interface_pkg1/local/lib/python3.10/dist-packages/interface_pkg1-0.0.0-py3.10.egg-info/SOURCES.txt
-- Installing: /home/hawx/ws1/install/interface_pkg1/local/lib/python3.10/dist-packages/interface_pkg1-0.0.0-py3.10.egg-info/dependency_links.txt
-- Installing: /home/hawx/ws1/install/interface_pkg1/local/lib/python3.10/dist-packages/interface_pkg1-0.0.0-py3.10.egg-info/PKG-INFO
-- Installing: /home/hawx/ws1/install/interface_pkg1/local/lib/python3.10/dist-packages/interface_pkg1-0.0.0-py3.10.egg-info/top_level.txt
-- Installing: /home/hawx/ws1/install/interface_pkg1/local/lib/python3.10/dist-packages/interface_pkg1
-- Installing: /home/hawx/ws1/install/interface_pkg1/local/lib/python3.10/dist-packages/interface_pkg1/interface_pkg1_s__rosidl_typesupport_c.cpython-310-x86_64-linux-gnu.so
-- Installing: /home/hawx/ws1/install/interface_pkg1/local/lib/python3.10/dist-packages/interface_pkg1/interface_pkg1_s__rosidl_typesupport_introspection_c.cpython-310-x86_64-linux-gnu.so
-- Installing: /home/hawx/ws1/install/interface_pkg1/local/lib/python3.10/dist-packages/interface_pkg1/_interface_pkg1_s.ep.rosidl_typesupport_c.c
-- Installing: /home/hawx/ws1/install/interface_pkg1/local/lib/python3.10/dist-packages/interface_pkg1/interface_pkg1_s__rosidl_typesupport_fastrtps_c.cpython-310-x86_64-linux-gnu.so
-- Installing: /home/hawx/ws1/install/interface_pkg1/local/lib/python3.10/dist-packages/interface_pkg1/msg
-- Installing: /home/hawx/ws1/install/interface_pkg1/local/lib/python3.10/dist-packages/interface_pkg1/msg/_message2_s.c
-- Installing: /home/hawx/ws1/install/interface_pkg1/local/lib/python3.10/dist-packages/interface_pkg1/msg/_message1.py
-- Installing: /home/hawx/ws1/install/interface_pkg1/local/lib/python3.10/dist-packages/interface_pkg1/msg/_message2.py
-- Installing: /home/hawx/ws1/install/interface_pkg1/local/lib/python3.10/dist-packages/interface_pkg1/msg/__init__.py
-- Installing: /home/hawx/ws1/install/interface_pkg1/local/lib/python3.10/dist-packages/interface_pkg1/msg/_message1_s.c
-- Installing: /home/hawx/ws1/install/interface_pkg1/local/lib/python3.10/dist-packages/interface_pkg1/_interface_pkg1_s.ep.rosidl_typesupport_introspection_c.c
-- Installing: /home/hawx/ws1/install/interface_pkg1/local/lib/python3.10/dist-packages/interface_pkg1/srv
-- Installing: /home/hawx/ws1/install/interface_pkg1/local/lib/python3.10/dist-packages/interface_pkg1/srv/_service1_s.c
-- Installing: /home/hawx/ws1/install/interface_pkg1/local/lib/python3.10/dist-packages/interface_pkg1/srv/_service1.py
-- Installing: /home/hawx/ws1/install/interface_pkg1/local/lib/python3.10/dist-packages/interface_pkg1/srv/__init__.py
-- Installing: /home/hawx/ws1/install/interface_pkg1/local/lib/python3.10/dist-packages/interface_pkg1/_interface_pkg1_s.ep.rosidl_typesupport_fastrtps_c.c
-- Installing: /home/hawx/ws1/install/interface_pkg1/local/lib/python3.10/dist-packages/interface_pkg1/__init__.py
-- Installing: /home/hawx/ws1/install/interface_pkg1/local/lib/python3.10/dist-packages/interface_pkg1/libinterface_pkg1__rosidl_generator_py.so
Listing '/home/hawx/ws1/install/interface_pkg1/local/lib/python3.10/dist-packages/interface_pkg1'...
Compiling '/home/hawx/ws1/install/interface_pkg1/local/lib/python3.10/dist-packages/interface_pkg1/__init__.py'...
Listing '/home/hawx/ws1/install/interface_pkg1/local/lib/python3.10/dist-packages/interface_pkg1/msg'...
Compiling '/home/hawx/ws1/install/interface_pkg1/local/lib/python3.10/dist-packages/interface_pkg1/msg/__init__.py'...
Compiling '/home/hawx/ws1/install/interface_pkg1/local/lib/python3.10/dist-packages/interface_pkg1/msg/_message1.py'...
Compiling '/home/hawx/ws1/install/interface_pkg1/local/lib/python3.10/dist-packages/interface_pkg1/msg/_message2.py'...
Listing '/home/hawx/ws1/install/interface_pkg1/local/lib/python3.10/dist-packages/interface_pkg1/srv'...
Compiling '/home/hawx/ws1/install/interface_pkg1/local/lib/python3.10/dist-packages/interface_pkg1/srv/__init__.py'...
Compiling '/home/hawx/ws1/install/interface_pkg1/local/lib/python3.10/dist-packages/interface_pkg1/srv/_service1.py'...
-- Installing: /home/hawx/ws1/install/interface_pkg1/local/lib/python3.10/dist-packages/interface_pkg1/interface_pkg1_s__rosidl_typesupport_fastrtps_c.cpython-310-x86_64-linux-gnu.so
-- Set runtime path of "/home/hawx/ws1/install/interface_pkg1/local/lib/python3.10/dist-packages/interface_pkg1/interface_pkg1_s__rosidl_typesupport_fastrtps_c.cpython-310-x86_64-linux-gnu.so" to ""
-- Installing: /home/hawx/ws1/install/interface_pkg1/local/lib/python3.10/dist-packages/interface_pkg1/interface_pkg1_s__rosidl_typesupport_introspection_c.cpython-310-x86_64-linux-gnu.so
-- Set runtime path of "/home/hawx/ws1/install/interface_pkg1/local/lib/python3.10/dist-packages/interface_pkg1/interface_pkg1_s__rosidl_typesupport_introspection_c.cpython-310-x86_64-linux-gnu.so" to ""
-- Installing: /home/hawx/ws1/install/interface_pkg1/local/lib/python3.10/dist-packages/interface_pkg1/interface_pkg1_s__rosidl_typesupport_c.cpython-310-x86_64-linux-gnu.so
-- Set runtime path of "/home/hawx/ws1/install/interface_pkg1/local/lib/python3.10/dist-packages/interface_pkg1/interface_pkg1_s__rosidl_typesupport_c.cpython-310-x86_64-linux-gnu.so" to ""
-- Installing: /home/hawx/ws1/install/interface_pkg1/lib/libinterface_pkg1__rosidl_generator_py.so
-- Set runtime path of "/home/hawx/ws1/install/interface_pkg1/lib/libinterface_pkg1__rosidl_generator_py.so" to ""
-- Installing: /home/hawx/ws1/install/interface_pkg1/share/interface_pkg1/msg/Message1.idl
-- Installing: /home/hawx/ws1/install/interface_pkg1/share/interface_pkg1/msg/Message2.idl
-- Installing: /home/hawx/ws1/install/interface_pkg1/share/interface_pkg1/srv/Service1.idl
-- Installing: /home/hawx/ws1/install/interface_pkg1/share/interface_pkg1/msg/Message1.msg
-- Installing: /home/hawx/ws1/install/interface_pkg1/share/interface_pkg1/msg/Message2.msg
-- Installing: /home/hawx/ws1/install/interface_pkg1/share/interface_pkg1/srv/Service1.srv
-- Installing: /home/hawx/ws1/install/interface_pkg1/share/interface_pkg1/srv/Service1_Request.msg
-- Installing: /home/hawx/ws1/install/interface_pkg1/share/interface_pkg1/srv/Service1_Response.msg
-- Installing: /home/hawx/ws1/install/interface_pkg1/share/ament_index/resource_index/package_run_dependencies/interface_pkg1
-- Installing: /home/hawx/ws1/install/interface_pkg1/share/ament_index/resource_index/parent_prefix_path/interface_pkg1
-- Installing: /home/hawx/ws1/install/interface_pkg1/share/interface_pkg1/environment/ament_prefix_path.sh
-- Installing: /home/hawx/ws1/install/interface_pkg1/share/interface_pkg1/environment/ament_prefix_path.dsv
-- Installing: /home/hawx/ws1/install/interface_pkg1/share/interface_pkg1/environment/path.sh
-- Installing: /home/hawx/ws1/install/interface_pkg1/share/interface_pkg1/environment/path.dsv
-- Installing: /home/hawx/ws1/install/interface_pkg1/share/interface_pkg1/local_setup.bash
-- Installing: /home/hawx/ws1/install/interface_pkg1/share/interface_pkg1/local_setup.sh
-- Installing: /home/hawx/ws1/install/interface_pkg1/share/interface_pkg1/local_setup.zsh
-- Installing: /home/hawx/ws1/install/interface_pkg1/share/interface_pkg1/local_setup.dsv
-- Installing: /home/hawx/ws1/install/interface_pkg1/share/interface_pkg1/package.dsv
-- Installing: /home/hawx/ws1/install/interface_pkg1/share/ament_index/resource_index/packages/interface_pkg1
-- Installing: /home/hawx/ws1/install/interface_pkg1/share/interface_pkg1/cmake/export_interface_pkg1__rosidl_generator_cExport.cmake
-- Installing: /home/hawx/ws1/install/interface_pkg1/share/interface_pkg1/cmake/export_interface_pkg1__rosidl_generator_cExport-noconfig.cmake
-- Installing: /home/hawx/ws1/install/interface_pkg1/share/interface_pkg1/cmake/export_interface_pkg1__rosidl_typesupport_fastrtps_cExport.cmake
-- Installing: /home/hawx/ws1/install/interface_pkg1/share/interface_pkg1/cmake/export_interface_pkg1__rosidl_typesupport_fastrtps_cExport-noconfig.cmake
-- Installing: /home/hawx/ws1/install/interface_pkg1/share/interface_pkg1/cmake/export_interface_pkg1__rosidl_generator_cppExport.cmake
-- Installing: /home/hawx/ws1/install/interface_pkg1/share/interface_pkg1/cmake/export_interface_pkg1__rosidl_typesupport_fastrtps_cppExport.cmake
-- Installing: /home/hawx/ws1/install/interface_pkg1/share/interface_pkg1/cmake/export_interface_pkg1__rosidl_typesupport_fastrtps_cppExport-noconfig.cmake
-- Installing: /home/hawx/ws1/install/interface_pkg1/share/interface_pkg1/cmake/interface_pkg1__rosidl_typesupport_introspection_cExport.cmake
-- Installing: /home/hawx/ws1/install/interface_pkg1/share/interface_pkg1/cmake/interface_pkg1__rosidl_typesupport_introspection_cExport-noconfig.cmake
-- Installing: /home/hawx/ws1/install/interface_pkg1/share/interface_pkg1/cmake/interface_pkg1__rosidl_typesupport_cExport.cmake
-- Installing: /home/hawx/ws1/install/interface_pkg1/share/interface_pkg1/cmake/interface_pkg1__rosidl_typesupport_cExport-noconfig.cmake
-- Installing: /home/hawx/ws1/install/interface_pkg1/share/interface_pkg1/cmake/interface_pkg1__rosidl_typesupport_introspection_cppExport.cmake
-- Installing: /home/hawx/ws1/install/interface_pkg1/share/interface_pkg1/cmake/interface_pkg1__rosidl_typesupport_introspection_cppExport-noconfig.cmake
-- Installing: /home/hawx/ws1/install/interface_pkg1/share/interface_pkg1/cmake/interface_pkg1__rosidl_typesupport_cppExport.cmake
-- Installing: /home/hawx/ws1/install/interface_pkg1/share/interface_pkg1/cmake/interface_pkg1__rosidl_typesupport_cppExport-noconfig.cmake
-- Installing: /home/hawx/ws1/install/interface_pkg1/share/interface_pkg1/cmake/export_interface_pkg1__rosidl_generator_pyExport.cmake
-- Installing: /home/hawx/ws1/install/interface_pkg1/share/interface_pkg1/cmake/export_interface_pkg1__rosidl_generator_pyExport-noconfig.cmake
-- Installing: /home/hawx/ws1/install/interface_pkg1/share/interface_pkg1/cmake/rosidl_cmake-extras.cmake
-- Installing: /home/hawx/ws1/install/interface_pkg1/share/interface_pkg1/cmake/ament_cmake_export_dependencies-extras.cmake
-- Installing: /home/hawx/ws1/install/interface_pkg1/share/interface_pkg1/cmake/ament_cmake_export_include_directories-extras.cmake
-- Installing: /home/hawx/ws1/install/interface_pkg1/share/interface_pkg1/cmake/ament_cmake_export_libraries-extras.cmake
-- Installing: /home/hawx/ws1/install/interface_pkg1/share/interface_pkg1/cmake/ament_cmake_export_targets-extras.cmake
-- Installing: /home/hawx/ws1/install/interface_pkg1/share/interface_pkg1/cmake/rosidl_cmake_export_typesupport_targets-extras.cmake
-- Installing: /home/hawx/ws1/install/interface_pkg1/share/interface_pkg1/cmake/rosidl_cmake_export_typesupport_libraries-extras.cmake
-- Installing: /home/hawx/ws1/install/interface_pkg1/share/interface_pkg1/cmake/interface_pkg1Config.cmake
-- Installing: /home/hawx/ws1/install/interface_pkg1/share/interface_pkg1/cmake/interface_pkg1Config-version.cmake
-- Installing: /home/hawx/ws1/install/interface_pkg1/share/interface_pkg1/package.xml
