[0.813s] Invoking command in '/home/hawx/ws1/src/pubsub_pkg1': PYTHONPATH=/home/hawx/ws1/build/pubsub_pkg1/prefix_override:/usr/lib/python3/dist-packages/colcon_core/task/python/colcon_distutils_commands:/home/hawx/ws1/install/pubsub_pkg1/lib/python3.10/site-packages:${PYTHONPATH} /usr/bin/python3 -W ignore:setup.py install is deprecated -W ignore:easy_install command is deprecated setup.py egg_info --egg-base ../../build/pubsub_pkg1 build --build-base /home/hawx/ws1/build/pubsub_pkg1/build install --record /home/hawx/ws1/build/pubsub_pkg1/install.log --single-version-externally-managed install_data
[0.952s] running egg_info
[0.952s] writing ../../build/pubsub_pkg1/pubsub_pkg1.egg-info/PKG-INFO
[0.952s] writing dependency_links to ../../build/pubsub_pkg1/pubsub_pkg1.egg-info/dependency_links.txt
[0.952s] writing entry points to ../../build/pubsub_pkg1/pubsub_pkg1.egg-info/entry_points.txt
[0.952s] writing requirements to ../../build/pubsub_pkg1/pubsub_pkg1.egg-info/requires.txt
[0.952s] writing top-level names to ../../build/pubsub_pkg1/pubsub_pkg1.egg-info/top_level.txt
[0.953s] reading manifest file '../../build/pubsub_pkg1/pubsub_pkg1.egg-info/SOURCES.txt'
[0.954s] writing manifest file '../../build/pubsub_pkg1/pubsub_pkg1.egg-info/SOURCES.txt'
[0.954s] running build
[0.954s] running build_py
[0.954s] running install
[0.955s] running install_lib
[0.956s] running install_data
[0.956s] copying /home/hawx/ws1/src/pubsub_pkg1/launch/teleop3.launch.py -> /home/hawx/ws1/install/pubsub_pkg1/share/pubsub_pkg1/launch
[0.956s] running install_egg_info
[0.957s] removing '/home/hawx/ws1/install/pubsub_pkg1/lib/python3.10/site-packages/pubsub_pkg1-0.0.0-py3.10.egg-info' (and everything under it)
[0.957s] Copying ../../build/pubsub_pkg1/pubsub_pkg1.egg-info to /home/hawx/ws1/install/pubsub_pkg1/lib/python3.10/site-packages/pubsub_pkg1-0.0.0-py3.10.egg-info
[0.957s] running install_scripts
[0.968s] Installing act_thread_srvr1 script to /home/hawx/ws1/install/pubsub_pkg1/lib/pubsub_pkg1
[0.969s] Installing act_thread_srvr2 script to /home/hawx/ws1/install/pubsub_pkg1/lib/pubsub_pkg1
[0.969s] Installing act_thread_srvr3 script to /home/hawx/ws1/install/pubsub_pkg1/lib/pubsub_pkg1
[0.969s] Installing action_mthread1 script to /home/hawx/ws1/install/pubsub_pkg1/lib/pubsub_pkg1
[0.969s] Installing action_srvr1 script to /home/hawx/ws1/install/pubsub_pkg1/lib/pubsub_pkg1
[0.969s] Installing action_srvr2 script to /home/hawx/ws1/install/pubsub_pkg1/lib/pubsub_pkg1
[0.969s] Installing pub_node1 script to /home/hawx/ws1/install/pubsub_pkg1/lib/pubsub_pkg1
[0.969s] Installing sub_node1 script to /home/hawx/ws1/install/pubsub_pkg1/lib/pubsub_pkg1
[0.969s] Installing turtle_msg1 script to /home/hawx/ws1/install/pubsub_pkg1/lib/pubsub_pkg1
[0.969s] Installing turtle_msg2 script to /home/hawx/ws1/install/pubsub_pkg1/lib/pubsub_pkg1
[0.969s] Installing turtle_msg3 script to /home/hawx/ws1/install/pubsub_pkg1/lib/pubsub_pkg1
[0.969s] Installing turtle_pub1 script to /home/hawx/ws1/install/pubsub_pkg1/lib/pubsub_pkg1
[0.969s] Installing turtle_srvr1 script to /home/hawx/ws1/install/pubsub_pkg1/lib/pubsub_pkg1
[0.969s] Installing turtle_srvr2 script to /home/hawx/ws1/install/pubsub_pkg1/lib/pubsub_pkg1
[0.969s] Installing turtle_srvr3 script to /home/hawx/ws1/install/pubsub_pkg1/lib/pubsub_pkg1
[0.970s] writing list of installed files to '/home/hawx/ws1/build/pubsub_pkg1/install.log'
[0.986s] Invoked command in '/home/hawx/ws1/src/pubsub_pkg1' returned '0': PYTHONPATH=/home/hawx/ws1/build/pubsub_pkg1/prefix_override:/usr/lib/python3/dist-packages/colcon_core/task/python/colcon_distutils_commands:/home/hawx/ws1/install/pubsub_pkg1/lib/python3.10/site-packages:${PYTHONPATH} /usr/bin/python3 -W ignore:setup.py install is deprecated -W ignore:easy_install command is deprecated setup.py egg_info --egg-base ../../build/pubsub_pkg1 build --build-base /home/hawx/ws1/build/pubsub_pkg1/build install --record /home/hawx/ws1/build/pubsub_pkg1/install.log --single-version-externally-managed install_data
