/home/hawx/ws1/install/pubsub_pkg1/lib/python3.10/site-packages/pubsub_pkg1/act_thread_srvr3.py
/home/hawx/ws1/install/pubsub_pkg1/lib/python3.10/site-packages/pubsub_pkg1/turtle_msg3.py
/home/hawx/ws1/install/pubsub_pkg1/lib/python3.10/site-packages/pubsub_pkg1/turtle_msg2.py
/home/hawx/ws1/install/pubsub_pkg1/lib/python3.10/site-packages/pubsub_pkg1/turtle_srvr3.py
/home/hawx/ws1/install/pubsub_pkg1/lib/python3.10/site-packages/pubsub_pkg1/action_mthread1.py
/home/hawx/ws1/install/pubsub_pkg1/lib/python3.10/site-packages/pubsub_pkg1/action_srvr1.py
/home/hawx/ws1/install/pubsub_pkg1/lib/python3.10/site-packages/pubsub_pkg1/turtle_srvr1.py
/home/hawx/ws1/install/pubsub_pkg1/lib/python3.10/site-packages/pubsub_pkg1/act_thread_srvr2.py
/home/hawx/ws1/install/pubsub_pkg1/lib/python3.10/site-packages/pubsub_pkg1/sub_node1.py
/home/hawx/ws1/install/pubsub_pkg1/lib/python3.10/site-packages/pubsub_pkg1/turtle_msg1.py
/home/hawx/ws1/install/pubsub_pkg1/lib/python3.10/site-packages/pubsub_pkg1/turtle_srvr2.py
/home/hawx/ws1/install/pubsub_pkg1/lib/python3.10/site-packages/pubsub_pkg1/__init__.py
/home/hawx/ws1/install/pubsub_pkg1/lib/python3.10/site-packages/pubsub_pkg1/pub_node1.py
/home/hawx/ws1/install/pubsub_pkg1/lib/python3.10/site-packages/pubsub_pkg1/action_srvr2.py
/home/hawx/ws1/install/pubsub_pkg1/lib/python3.10/site-packages/pubsub_pkg1/act_thread_srvr1.py
/home/hawx/ws1/install/pubsub_pkg1/lib/python3.10/site-packages/pubsub_pkg1/turtle_pub1.py
/home/hawx/ws1/install/pubsub_pkg1/lib/python3.10/site-packages/pubsub_pkg1/__pycache__/act_thread_srvr3.cpython-310.pyc
/home/hawx/ws1/install/pubsub_pkg1/lib/python3.10/site-packages/pubsub_pkg1/__pycache__/turtle_msg3.cpython-310.pyc
/home/hawx/ws1/install/pubsub_pkg1/lib/python3.10/site-packages/pubsub_pkg1/__pycache__/turtle_msg2.cpython-310.pyc
/home/hawx/ws1/install/pubsub_pkg1/lib/python3.10/site-packages/pubsub_pkg1/__pycache__/turtle_srvr3.cpython-310.pyc
/home/hawx/ws1/install/pubsub_pkg1/lib/python3.10/site-packages/pubsub_pkg1/__pycache__/action_mthread1.cpython-310.pyc
/home/hawx/ws1/install/pubsub_pkg1/lib/python3.10/site-packages/pubsub_pkg1/__pycache__/action_srvr1.cpython-310.pyc
/home/hawx/ws1/install/pubsub_pkg1/lib/python3.10/site-packages/pubsub_pkg1/__pycache__/turtle_srvr1.cpython-310.pyc
/home/hawx/ws1/install/pubsub_pkg1/lib/python3.10/site-packages/pubsub_pkg1/__pycache__/act_thread_srvr2.cpython-310.pyc
/home/hawx/ws1/install/pubsub_pkg1/lib/python3.10/site-packages/pubsub_pkg1/__pycache__/sub_node1.cpython-310.pyc
/home/hawx/ws1/install/pubsub_pkg1/lib/python3.10/site-packages/pubsub_pkg1/__pycache__/turtle_msg1.cpython-310.pyc
/home/hawx/ws1/install/pubsub_pkg1/lib/python3.10/site-packages/pubsub_pkg1/__pycache__/turtle_srvr2.cpython-310.pyc
/home/hawx/ws1/install/pubsub_pkg1/lib/python3.10/site-packages/pubsub_pkg1/__pycache__/__init__.cpython-310.pyc
/home/hawx/ws1/install/pubsub_pkg1/lib/python3.10/site-packages/pubsub_pkg1/__pycache__/pub_node1.cpython-310.pyc
/home/hawx/ws1/install/pubsub_pkg1/lib/python3.10/site-packages/pubsub_pkg1/__pycache__/action_srvr2.cpython-310.pyc
/home/hawx/ws1/install/pubsub_pkg1/lib/python3.10/site-packages/pubsub_pkg1/__pycache__/act_thread_srvr1.cpython-310.pyc
/home/hawx/ws1/install/pubsub_pkg1/lib/python3.10/site-packages/pubsub_pkg1/__pycache__/turtle_pub1.cpython-310.pyc
/home/hawx/ws1/install/pubsub_pkg1/share/ament_index/resource_index/launch/pubsub_pkg1
/home/hawx/ws1/install/pubsub_pkg1/share/pubsub_pkg1/package.xml
/home/hawx/ws1/install/pubsub_pkg1/share/pubsub_pkg1/launch/turtle1.launch.xml
/home/hawx/ws1/install/pubsub_pkg1/share/pubsub_pkg1/launch/teleop2.launch.py
/home/hawx/ws1/install/pubsub_pkg1/share/pubsub_pkg1/launch/teleop3.launch.py
/home/hawx/ws1/install/pubsub_pkg1/share/pubsub_pkg1/launch/teleop1.launch.py
/home/hawx/ws1/install/pubsub_pkg1/lib/python3.10/site-packages/pubsub_pkg1-0.0.0-py3.10.egg-info/SOURCES.txt
/home/hawx/ws1/install/pubsub_pkg1/lib/python3.10/site-packages/pubsub_pkg1-0.0.0-py3.10.egg-info/dependency_links.txt
/home/hawx/ws1/install/pubsub_pkg1/lib/python3.10/site-packages/pubsub_pkg1-0.0.0-py3.10.egg-info/PKG-INFO
/home/hawx/ws1/install/pubsub_pkg1/lib/python3.10/site-packages/pubsub_pkg1-0.0.0-py3.10.egg-info/entry_points.txt
/home/hawx/ws1/install/pubsub_pkg1/lib/python3.10/site-packages/pubsub_pkg1-0.0.0-py3.10.egg-info/top_level.txt
/home/hawx/ws1/install/pubsub_pkg1/lib/python3.10/site-packages/pubsub_pkg1-0.0.0-py3.10.egg-info/requires.txt
/home/hawx/ws1/install/pubsub_pkg1/lib/python3.10/site-packages/pubsub_pkg1-0.0.0-py3.10.egg-info/zip-safe
/home/hawx/ws1/install/pubsub_pkg1/lib/pubsub_pkg1/act_thread_srvr1
/home/hawx/ws1/install/pubsub_pkg1/lib/pubsub_pkg1/act_thread_srvr2
/home/hawx/ws1/install/pubsub_pkg1/lib/pubsub_pkg1/act_thread_srvr3
/home/hawx/ws1/install/pubsub_pkg1/lib/pubsub_pkg1/action_mthread1
/home/hawx/ws1/install/pubsub_pkg1/lib/pubsub_pkg1/action_srvr1
/home/hawx/ws1/install/pubsub_pkg1/lib/pubsub_pkg1/action_srvr2
/home/hawx/ws1/install/pubsub_pkg1/lib/pubsub_pkg1/pub_node1
/home/hawx/ws1/install/pubsub_pkg1/lib/pubsub_pkg1/sub_node1
/home/hawx/ws1/install/pubsub_pkg1/lib/pubsub_pkg1/turtle_msg1
/home/hawx/ws1/install/pubsub_pkg1/lib/pubsub_pkg1/turtle_msg2
/home/hawx/ws1/install/pubsub_pkg1/lib/pubsub_pkg1/turtle_msg3
/home/hawx/ws1/install/pubsub_pkg1/lib/pubsub_pkg1/turtle_pub1
/home/hawx/ws1/install/pubsub_pkg1/lib/pubsub_pkg1/turtle_srvr1
/home/hawx/ws1/install/pubsub_pkg1/lib/pubsub_pkg1/turtle_srvr2
/home/hawx/ws1/install/pubsub_pkg1/lib/pubsub_pkg1/turtle_srvr3
