[0.006s] Invoking command in '/home/hawx/ws2/build/interface_pkg1': CMAKE_PREFIX_PATH=${CMAKE_PREFIX_PATH}:/home/hawx/ws1/install/pypara_pkg1:/home/hawx/ws1/install/py_pkg2:/home/hawx/ws1/install/py_pkg1:/opt/ros/humble /usr/bin/cmake /home/hawx/ws2/src/interface_pkg1 -DCMAKE_INSTALL_PREFIX=/home/hawx/ws2/install/interface_pkg1
[0.013s] -- Found ament_cmake: 1.3.11 (/opt/ros/humble/share/ament_cmake/cmake)
[0.081s] -- Found geometry_msgs: 4.2.4 (/opt/ros/humble/share/geometry_msgs/cmake)
[0.094s] -- Found rosidl_generator_c: 3.1.6 (/opt/ros/humble/share/rosidl_generator_c/cmake)
[0.095s] -- Found rosidl_adapter: 3.1.6 (/opt/ros/humble/share/rosidl_adapter/cmake)
[0.098s] -- Found rosidl_generator_cpp: 3.1.6 (/opt/ros/humble/share/rosidl_generator_cpp/cmake)
[0.103s] -- Using all available rosidl_typesupport_c: rosidl_typesupport_fastrtps_c;rosidl_typesupport_introspection_c
[0.109s] -- Using all available rosidl_typesupport_cpp: rosidl_typesupport_fastrtps_cpp;rosidl_typesupport_introspection_cpp
[0.127s] -- Found rosidl_default_generators: 1.2.0 (/opt/ros/humble/share/rosidl_default_generators/cmake)
[0.238s] [31mCMake Error at /opt/ros/humble/share/rosidl_cmake/cmake/rosidl_generate_interfaces.cmake:229 (message):
[0.238s]   Packages installing interfaces must include
[0.238s]   '<member_of_group>rosidl_interface_packages</member_of_group>' in their
[0.238s]   package.xml
[0.238s] Call Stack (most recent call first):
[0.238s]   CMakeLists.txt:14 (rosidl_generate_interfaces)
[0.238s] 
[0.238s] [0m
[0.238s] -- Configuring incomplete, errors occurred!
[0.238s] See also "/home/hawx/ws2/build/interface_pkg1/CMakeFiles/CMakeOutput.log".
[0.242s] Invoked command in '/home/hawx/ws2/build/interface_pkg1' returned '1': CMAKE_PREFIX_PATH=${CMAKE_PREFIX_PATH}:/home/hawx/ws1/install/pypara_pkg1:/home/hawx/ws1/install/py_pkg2:/home/hawx/ws1/install/py_pkg1:/opt/ros/humble /usr/bin/cmake /home/hawx/ws2/src/interface_pkg1 -DCMAKE_INSTALL_PREFIX=/home/hawx/ws2/install/interface_pkg1
