running egg_info
writing ../../build/ardu_pkg1/ardu_pkg1.egg-info/PKG-INFO
writing dependency_links to ../../build/ardu_pkg1/ardu_pkg1.egg-info/dependency_links.txt
writing entry points to ../../build/ardu_pkg1/ardu_pkg1.egg-info/entry_points.txt
writing requirements to ../../build/ardu_pkg1/ardu_pkg1.egg-info/requires.txt
writing top-level names to ../../build/ardu_pkg1/ardu_pkg1.egg-info/top_level.txt
reading manifest file '../../build/ardu_pkg1/ardu_pkg1.egg-info/SOURCES.txt'
writing manifest file '../../build/ardu_pkg1/ardu_pkg1.egg-info/SOURCES.txt'
running build
running build_py
running install
running install_lib
running install_data
copying /home/hawx/ws3/src/ardu_pkg1/urdf/robot_arm1.urdf.xacro -> /home/hawx/ws3/install/ardu_pkg1/share/ardu_pkg1/urdf
running install_egg_info
removing '/home/hawx/ws3/install/ardu_pkg1/lib/python3.10/site-packages/ardu_pkg1-0.0.0-py3.10.egg-info' (and everything under it)
Copying ../../build/ardu_pkg1/ardu_pkg1.egg-info to /home/hawx/ws3/install/ardu_pkg1/lib/python3.10/site-packages/ardu_pkg1-0.0.0-py3.10.egg-info
running install_scripts
Installing arm1_joint_pub1 script to /home/hawx/ws3/install/ardu_pkg1/lib/ardu_pkg1
Installing arm1_pub1 script to /home/hawx/ws3/install/ardu_pkg1/lib/ardu_pkg1
Installing arm1_sub1 script to /home/hawx/ws3/install/ardu_pkg1/lib/ardu_pkg1
Installing servo_con1 script to /home/hawx/ws3/install/ardu_pkg1/lib/ardu_pkg1
Installing servo_pub1 script to /home/hawx/ws3/install/ardu_pkg1/lib/ardu_pkg1
Installing servo_sub1 script to /home/hawx/ws3/install/ardu_pkg1/lib/ardu_pkg1
writing list of installed files to '/home/hawx/ws3/build/ardu_pkg1/install.log'
