[0.022s] Invoking command in '/home/hawx/ws1/build/interface_pkg1': CMAKE_PREFIX_PATH=${CMAKE_PREFIX_PATH}:/home/hawx/ws1/install/pypara_pkg1:/home/hawx/ws1/install/py_pkg2:/home/hawx/ws1/install/py_pkg1:/home/hawx/ws1/install/pubsub_pkg1:/home/hawx/ws1/src/install/pypara_pkg1:/home/hawx/ws1/src/install/py_pkg2:/home/hawx/ws1/src/install/py_pkg1:/opt/ros/humble /usr/bin/cmake --build /home/hawx/ws1/build/interface_pkg1 -- -j32 -l32
[0.453s] [  2%] Built target interface_pkg1__cpp
[0.454s] [ 12%] Built target interface_pkg1__rosidl_generator_c
[0.454s] [ 12%] Built target ament_cmake_python_copy_interface_pkg1
[0.454s] [ 44%] Built target interface_pkg1__rosidl_typesupport_c
[0.454s] [ 44%] Built target interface_pkg1__rosidl_typesupport_introspection_cpp
[0.454s] [ 44%] Built target interface_pkg1__rosidl_typesupport_fastrtps_cpp
[0.454s] [ 65%] Built target interface_pkg1__rosidl_typesupport_introspection_c
[0.454s] [ 65%] Built target interface_pkg1__rosidl_typesupport_cpp
[0.454s] [ 76%] Built target interface_pkg1__rosidl_typesupport_fastrtps_c
[0.454s] [ 76%] Built target interface_pkg1
[0.454s] [ 78%] Built target interface_pkg1__py
[0.454s] [ 87%] Built target interface_pkg1__rosidl_generator_py
[0.454s] [100%] Built target interface_pkg1__rosidl_typesupport_fastrtps_c__pyext
[0.454s] [100%] Built target interface_pkg1__rosidl_typesupport_introspection_c__pyext
[0.454s] [100%] Built target interface_pkg1__rosidl_typesupport_c__pyext
[0.454s] running egg_info
[0.454s] writing interface_pkg1.egg-info/PKG-INFO
[0.455s] writing dependency_links to interface_pkg1.egg-info/dependency_links.txt
[0.455s] writing top-level names to interface_pkg1.egg-info/top_level.txt
[0.455s] reading manifest file 'interface_pkg1.egg-info/SOURCES.txt'
[0.455s] writing manifest file 'interface_pkg1.egg-info/SOURCES.txt'
[0.455s] [100%] Built target ament_cmake_python_build_interface_pkg1_egg
[0.608s] Invoked command in '/home/hawx/ws1/build/interface_pkg1' returned '0': CMAKE_PREFIX_PATH=${CMAKE_PREFIX_PATH}:/home/hawx/ws1/install/pypara_pkg1:/home/hawx/ws1/install/py_pkg2:/home/hawx/ws1/install/py_pkg1:/home/hawx/ws1/install/pubsub_pkg1:/home/hawx/ws1/src/install/pypara_pkg1:/home/hawx/ws1/src/install/py_pkg2:/home/hawx/ws1/src/install/py_pkg1:/opt/ros/humble /usr/bin/cmake --build /home/hawx/ws1/build/interface_pkg1 -- -j32 -l32
[0.609s] Invoking command in '/home/hawx/ws1/build/interface_pkg1': CMAKE_PREFIX_PATH=${CMAKE_PREFIX_PATH}:/home/hawx/ws1/install/pypara_pkg1:/home/hawx/ws1/install/py_pkg2:/home/hawx/ws1/install/py_pkg1:/home/hawx/ws1/install/pubsub_pkg1:/home/hawx/ws1/src/install/pypara_pkg1:/home/hawx/ws1/src/install/py_pkg2:/home/hawx/ws1/src/install/py_pkg1:/opt/ros/humble /usr/bin/cmake --install /home/hawx/ws1/build/interface_pkg1
[0.614s] -- Install configuration: ""
[0.614s] -- Up-to-date: /home/hawx/ws1/install/interface_pkg1/share/ament_index/resource_index/rosidl_interfaces/interface_pkg1
[0.614s] -- Up-to-date: /home/hawx/ws1/install/interface_pkg1/include/interface_pkg1/interface_pkg1
[0.614s] -- Up-to-date: /home/hawx/ws1/install/interface_pkg1/include/interface_pkg1/interface_pkg1/msg
[0.614s] -- Up-to-date: /home/hawx/ws1/install/interface_pkg1/include/interface_pkg1/interface_pkg1/msg/message2.h
[0.614s] -- Up-to-date: /home/hawx/ws1/install/interface_pkg1/include/interface_pkg1/interface_pkg1/msg/rosidl_generator_c__visibility_control.h
[0.614s] -- Up-to-date: /home/hawx/ws1/install/interface_pkg1/include/interface_pkg1/interface_pkg1/msg/message1.h
[0.614s] -- Up-to-date: /home/hawx/ws1/install/interface_pkg1/include/interface_pkg1/interface_pkg1/msg/detail
[0.614s] -- Up-to-date: /home/hawx/ws1/install/interface_pkg1/include/interface_pkg1/interface_pkg1/msg/detail/message1__type_support.h
[0.615s] -- Up-to-date: /home/hawx/ws1/install/interface_pkg1/include/interface_pkg1/interface_pkg1/msg/detail/message2__functions.c
[0.615s] -- Up-to-date: /home/hawx/ws1/install/interface_pkg1/include/interface_pkg1/interface_pkg1/msg/detail/message2__type_support.h
[0.615s] -- Up-to-date: /home/hawx/ws1/install/interface_pkg1/include/interface_pkg1/interface_pkg1/msg/detail/message2__struct.h
[0.615s] -- Up-to-date: /home/hawx/ws1/install/interface_pkg1/include/interface_pkg1/interface_pkg1/msg/detail/message1__functions.h
[0.615s] -- Up-to-date: /home/hawx/ws1/install/interface_pkg1/include/interface_pkg1/interface_pkg1/msg/detail/message1__struct.h
[0.615s] -- Up-to-date: /home/hawx/ws1/install/interface_pkg1/include/interface_pkg1/interface_pkg1/msg/detail/message1__functions.c
[0.615s] -- Up-to-date: /home/hawx/ws1/install/interface_pkg1/include/interface_pkg1/interface_pkg1/msg/detail/message2__functions.h
[0.615s] -- Up-to-date: /home/hawx/ws1/install/interface_pkg1/include/interface_pkg1/interface_pkg1/srv
[0.615s] -- Up-to-date: /home/hawx/ws1/install/interface_pkg1/include/interface_pkg1/interface_pkg1/srv/service1.h
[0.615s] -- Up-to-date: /home/hawx/ws1/install/interface_pkg1/include/interface_pkg1/interface_pkg1/srv/detail
[0.615s] -- Up-to-date: /home/hawx/ws1/install/interface_pkg1/include/interface_pkg1/interface_pkg1/srv/detail/service1__functions.c
[0.615s] -- Up-to-date: /home/hawx/ws1/install/interface_pkg1/include/interface_pkg1/interface_pkg1/srv/detail/service1__struct.h
[0.616s] -- Up-to-date: /home/hawx/ws1/install/interface_pkg1/include/interface_pkg1/interface_pkg1/srv/detail/service1__functions.h
[0.616s] -- Up-to-date: /home/hawx/ws1/install/interface_pkg1/include/interface_pkg1/interface_pkg1/srv/detail/service1__type_support.h
[0.616s] -- Up-to-date: /home/hawx/ws1/install/interface_pkg1/share/interface_pkg1/environment/library_path.sh
[0.616s] -- Up-to-date: /home/hawx/ws1/install/interface_pkg1/share/interface_pkg1/environment/library_path.dsv
[0.616s] -- Up-to-date: /home/hawx/ws1/install/interface_pkg1/lib/libinterface_pkg1__rosidl_generator_c.so
[0.617s] -- Up-to-date: /home/hawx/ws1/install/interface_pkg1/include/interface_pkg1/interface_pkg1
[0.617s] -- Up-to-date: /home/hawx/ws1/install/interface_pkg1/include/interface_pkg1/interface_pkg1/msg
[0.617s] -- Up-to-date: /home/hawx/ws1/install/interface_pkg1/include/interface_pkg1/interface_pkg1/msg/rosidl_typesupport_fastrtps_c__visibility_control.h
[0.617s] -- Up-to-date: /home/hawx/ws1/install/interface_pkg1/include/interface_pkg1/interface_pkg1/msg/detail
[0.617s] -- Up-to-date: /home/hawx/ws1/install/interface_pkg1/include/interface_pkg1/interface_pkg1/msg/detail/message1__rosidl_typesupport_fastrtps_c.h
[0.617s] -- Up-to-date: /home/hawx/ws1/install/interface_pkg1/include/interface_pkg1/interface_pkg1/msg/detail/message2__rosidl_typesupport_fastrtps_c.h
[0.617s] -- Up-to-date: /home/hawx/ws1/install/interface_pkg1/include/interface_pkg1/interface_pkg1/srv
[0.617s] -- Up-to-date: /home/hawx/ws1/install/interface_pkg1/include/interface_pkg1/interface_pkg1/srv/detail
[0.617s] -- Up-to-date: /home/hawx/ws1/install/interface_pkg1/include/interface_pkg1/interface_pkg1/srv/detail/service1__rosidl_typesupport_fastrtps_c.h
[0.617s] -- Up-to-date: /home/hawx/ws1/install/interface_pkg1/lib/libinterface_pkg1__rosidl_typesupport_fastrtps_c.so
[0.617s] -- Up-to-date: /home/hawx/ws1/install/interface_pkg1/include/interface_pkg1/interface_pkg1
[0.617s] -- Up-to-date: /home/hawx/ws1/install/interface_pkg1/include/interface_pkg1/interface_pkg1/msg
[0.617s] -- Up-to-date: /home/hawx/ws1/install/interface_pkg1/include/interface_pkg1/interface_pkg1/msg/message2.hpp
[0.618s] -- Up-to-date: /home/hawx/ws1/install/interface_pkg1/include/interface_pkg1/interface_pkg1/msg/message1.hpp
[0.618s] -- Up-to-date: /home/hawx/ws1/install/interface_pkg1/include/interface_pkg1/interface_pkg1/msg/detail
[0.618s] -- Up-to-date: /home/hawx/ws1/install/interface_pkg1/include/interface_pkg1/interface_pkg1/msg/detail/message2__struct.hpp
[0.618s] -- Up-to-date: /home/hawx/ws1/install/interface_pkg1/include/interface_pkg1/interface_pkg1/msg/detail/message2__type_support.hpp
[0.618s] -- Up-to-date: /home/hawx/ws1/install/interface_pkg1/include/interface_pkg1/interface_pkg1/msg/detail/message1__traits.hpp
[0.618s] -- Up-to-date: /home/hawx/ws1/install/interface_pkg1/include/interface_pkg1/interface_pkg1/msg/detail/message1__type_support.hpp
[0.618s] -- Up-to-date: /home/hawx/ws1/install/interface_pkg1/include/interface_pkg1/interface_pkg1/msg/detail/message1__builder.hpp
[0.618s] -- Up-to-date: /home/hawx/ws1/install/interface_pkg1/include/interface_pkg1/interface_pkg1/msg/detail/message2__traits.hpp
[0.618s] -- Up-to-date: /home/hawx/ws1/install/interface_pkg1/include/interface_pkg1/interface_pkg1/msg/detail/message1__struct.hpp
[0.618s] -- Up-to-date: /home/hawx/ws1/install/interface_pkg1/include/interface_pkg1/interface_pkg1/msg/detail/message2__builder.hpp
[0.618s] -- Up-to-date: /home/hawx/ws1/install/interface_pkg1/include/interface_pkg1/interface_pkg1/msg/rosidl_generator_cpp__visibility_control.hpp
[0.618s] -- Up-to-date: /home/hawx/ws1/install/interface_pkg1/include/interface_pkg1/interface_pkg1/srv
[0.618s] -- Up-to-date: /home/hawx/ws1/install/interface_pkg1/include/interface_pkg1/interface_pkg1/srv/service1.hpp
[0.618s] -- Up-to-date: /home/hawx/ws1/install/interface_pkg1/include/interface_pkg1/interface_pkg1/srv/detail
[0.618s] -- Up-to-date: /home/hawx/ws1/install/interface_pkg1/include/interface_pkg1/interface_pkg1/srv/detail/service1__traits.hpp
[0.618s] -- Up-to-date: /home/hawx/ws1/install/interface_pkg1/include/interface_pkg1/interface_pkg1/srv/detail/service1__struct.hpp
[0.618s] -- Up-to-date: /home/hawx/ws1/install/interface_pkg1/include/interface_pkg1/interface_pkg1/srv/detail/service1__builder.hpp
[0.618s] -- Up-to-date: /home/hawx/ws1/install/interface_pkg1/include/interface_pkg1/interface_pkg1/srv/detail/service1__type_support.hpp
[0.618s] -- Up-to-date: /home/hawx/ws1/install/interface_pkg1/include/interface_pkg1/interface_pkg1
[0.618s] -- Up-to-date: /home/hawx/ws1/install/interface_pkg1/include/interface_pkg1/interface_pkg1/msg
[0.618s] -- Up-to-date: /home/hawx/ws1/install/interface_pkg1/include/interface_pkg1/interface_pkg1/msg/rosidl_typesupport_fastrtps_cpp__visibility_control.h
[0.618s] -- Up-to-date: /home/hawx/ws1/install/interface_pkg1/include/interface_pkg1/interface_pkg1/msg/detail
[0.618s] -- Up-to-date: /home/hawx/ws1/install/interface_pkg1/include/interface_pkg1/interface_pkg1/msg/detail/message2__rosidl_typesupport_fastrtps_cpp.hpp
[0.618s] -- Up-to-date: /home/hawx/ws1/install/interface_pkg1/include/interface_pkg1/interface_pkg1/msg/detail/message1__rosidl_typesupport_fastrtps_cpp.hpp
[0.619s] -- Up-to-date: /home/hawx/ws1/install/interface_pkg1/include/interface_pkg1/interface_pkg1/msg/detail/dds_fastrtps
[0.619s] -- Up-to-date: /home/hawx/ws1/install/interface_pkg1/include/interface_pkg1/interface_pkg1/srv
[0.619s] -- Up-to-date: /home/hawx/ws1/install/interface_pkg1/include/interface_pkg1/interface_pkg1/srv/detail
[0.619s] -- Up-to-date: /home/hawx/ws1/install/interface_pkg1/include/interface_pkg1/interface_pkg1/srv/detail/dds_fastrtps
[0.619s] -- Up-to-date: /home/hawx/ws1/install/interface_pkg1/include/interface_pkg1/interface_pkg1/srv/detail/service1__rosidl_typesupport_fastrtps_cpp.hpp
[0.619s] -- Up-to-date: /home/hawx/ws1/install/interface_pkg1/lib/libinterface_pkg1__rosidl_typesupport_fastrtps_cpp.so
[0.619s] -- Up-to-date: /home/hawx/ws1/install/interface_pkg1/include/interface_pkg1/interface_pkg1
[0.619s] -- Up-to-date: /home/hawx/ws1/install/interface_pkg1/include/interface_pkg1/interface_pkg1/msg
[0.619s] -- Up-to-date: /home/hawx/ws1/install/interface_pkg1/include/interface_pkg1/interface_pkg1/msg/rosidl_typesupport_introspection_c__visibility_control.h
[0.619s] -- Up-to-date: /home/hawx/ws1/install/interface_pkg1/include/interface_pkg1/interface_pkg1/msg/detail
[0.619s] -- Up-to-date: /home/hawx/ws1/install/interface_pkg1/include/interface_pkg1/interface_pkg1/msg/detail/message2__type_support.c
[0.619s] -- Up-to-date: /home/hawx/ws1/install/interface_pkg1/include/interface_pkg1/interface_pkg1/msg/detail/message1__rosidl_typesupport_introspection_c.h
[0.619s] -- Up-to-date: /home/hawx/ws1/install/interface_pkg1/include/interface_pkg1/interface_pkg1/msg/detail/message2__rosidl_typesupport_introspection_c.h
[0.619s] -- Up-to-date: /home/hawx/ws1/install/interface_pkg1/include/interface_pkg1/interface_pkg1/msg/detail/message1__type_support.c
[0.619s] -- Up-to-date: /home/hawx/ws1/install/interface_pkg1/include/interface_pkg1/interface_pkg1/srv
[0.619s] -- Up-to-date: /home/hawx/ws1/install/interface_pkg1/include/interface_pkg1/interface_pkg1/srv/detail
[0.619s] -- Up-to-date: /home/hawx/ws1/install/interface_pkg1/include/interface_pkg1/interface_pkg1/srv/detail/service1__rosidl_typesupport_introspection_c.h
[0.619s] -- Up-to-date: /home/hawx/ws1/install/interface_pkg1/include/interface_pkg1/interface_pkg1/srv/detail/service1__type_support.c
[0.620s] -- Up-to-date: /home/hawx/ws1/install/interface_pkg1/lib/libinterface_pkg1__rosidl_typesupport_introspection_c.so
[0.620s] -- Up-to-date: /home/hawx/ws1/install/interface_pkg1/lib/libinterface_pkg1__rosidl_typesupport_c.so
[0.620s] -- Up-to-date: /home/hawx/ws1/install/interface_pkg1/include/interface_pkg1/interface_pkg1
[0.620s] -- Up-to-date: /home/hawx/ws1/install/interface_pkg1/include/interface_pkg1/interface_pkg1/msg
[0.620s] -- Up-to-date: /home/hawx/ws1/install/interface_pkg1/include/interface_pkg1/interface_pkg1/msg/detail
[0.620s] -- Up-to-date: /home/hawx/ws1/install/interface_pkg1/include/interface_pkg1/interface_pkg1/msg/detail/message1__type_support.cpp
[0.620s] -- Up-to-date: /home/hawx/ws1/install/interface_pkg1/include/interface_pkg1/interface_pkg1/msg/detail/message1__rosidl_typesupport_introspection_cpp.hpp
[0.620s] -- Up-to-date: /home/hawx/ws1/install/interface_pkg1/include/interface_pkg1/interface_pkg1/msg/detail/message2__type_support.cpp
[0.620s] -- Up-to-date: /home/hawx/ws1/install/interface_pkg1/include/interface_pkg1/interface_pkg1/msg/detail/message2__rosidl_typesupport_introspection_cpp.hpp
[0.620s] -- Up-to-date: /home/hawx/ws1/install/interface_pkg1/include/interface_pkg1/interface_pkg1/srv
[0.620s] -- Up-to-date: /home/hawx/ws1/install/interface_pkg1/include/interface_pkg1/interface_pkg1/srv/detail
[0.620s] -- Up-to-date: /home/hawx/ws1/install/interface_pkg1/include/interface_pkg1/interface_pkg1/srv/detail/service1__rosidl_typesupport_introspection_cpp.hpp
[0.620s] -- Up-to-date: /home/hawx/ws1/install/interface_pkg1/include/interface_pkg1/interface_pkg1/srv/detail/service1__type_support.cpp
[0.621s] -- Up-to-date: /home/hawx/ws1/install/interface_pkg1/lib/libinterface_pkg1__rosidl_typesupport_introspection_cpp.so
[0.621s] -- Up-to-date: /home/hawx/ws1/install/interface_pkg1/lib/libinterface_pkg1__rosidl_typesupport_cpp.so
[0.621s] -- Up-to-date: /home/hawx/ws1/install/interface_pkg1/share/interface_pkg1/environment/pythonpath.sh
[0.621s] -- Up-to-date: /home/hawx/ws1/install/interface_pkg1/share/interface_pkg1/environment/pythonpath.dsv
[0.621s] -- Up-to-date: /home/hawx/ws1/install/interface_pkg1/local/lib/python3.10/dist-packages/interface_pkg1-0.0.0-py3.10.egg-info
[0.621s] -- Installing: /home/hawx/ws1/install/interface_pkg1/local/lib/python3.10/dist-packages/interface_pkg1-0.0.0-py3.10.egg-info/SOURCES.txt
[0.621s] -- Installing: /home/hawx/ws1/install/interface_pkg1/local/lib/python3.10/dist-packages/interface_pkg1-0.0.0-py3.10.egg-info/dependency_links.txt
[0.621s] -- Installing: /home/hawx/ws1/install/interface_pkg1/local/lib/python3.10/dist-packages/interface_pkg1-0.0.0-py3.10.egg-info/PKG-INFO
[0.621s] -- Installing: /home/hawx/ws1/install/interface_pkg1/local/lib/python3.10/dist-packages/interface_pkg1-0.0.0-py3.10.egg-info/top_level.txt
[0.621s] -- Up-to-date: /home/hawx/ws1/install/interface_pkg1/local/lib/python3.10/dist-packages/interface_pkg1
[0.621s] -- Up-to-date: /home/hawx/ws1/install/interface_pkg1/local/lib/python3.10/dist-packages/interface_pkg1/interface_pkg1_s__rosidl_typesupport_c.cpython-310-x86_64-linux-gnu.so
[0.621s] -- Up-to-date: /home/hawx/ws1/install/interface_pkg1/local/lib/python3.10/dist-packages/interface_pkg1/interface_pkg1_s__rosidl_typesupport_introspection_c.cpython-310-x86_64-linux-gnu.so
[0.621s] -- Up-to-date: /home/hawx/ws1/install/interface_pkg1/local/lib/python3.10/dist-packages/interface_pkg1/_interface_pkg1_s.ep.rosidl_typesupport_c.c
[0.621s] -- Up-to-date: /home/hawx/ws1/install/interface_pkg1/local/lib/python3.10/dist-packages/interface_pkg1/interface_pkg1_s__rosidl_typesupport_fastrtps_c.cpython-310-x86_64-linux-gnu.so
[0.621s] -- Up-to-date: /home/hawx/ws1/install/interface_pkg1/local/lib/python3.10/dist-packages/interface_pkg1/msg
[0.621s] -- Up-to-date: /home/hawx/ws1/install/interface_pkg1/local/lib/python3.10/dist-packages/interface_pkg1/msg/_message2_s.c
[0.621s] -- Up-to-date: /home/hawx/ws1/install/interface_pkg1/local/lib/python3.10/dist-packages/interface_pkg1/msg/_message1.py
[0.621s] -- Up-to-date: /home/hawx/ws1/install/interface_pkg1/local/lib/python3.10/dist-packages/interface_pkg1/msg/_message2.py
[0.621s] -- Up-to-date: /home/hawx/ws1/install/interface_pkg1/local/lib/python3.10/dist-packages/interface_pkg1/msg/__init__.py
[0.621s] -- Up-to-date: /home/hawx/ws1/install/interface_pkg1/local/lib/python3.10/dist-packages/interface_pkg1/msg/_message1_s.c
[0.621s] -- Up-to-date: /home/hawx/ws1/install/interface_pkg1/local/lib/python3.10/dist-packages/interface_pkg1/_interface_pkg1_s.ep.rosidl_typesupport_introspection_c.c
[0.621s] -- Up-to-date: /home/hawx/ws1/install/interface_pkg1/local/lib/python3.10/dist-packages/interface_pkg1/srv
[0.621s] -- Up-to-date: /home/hawx/ws1/install/interface_pkg1/local/lib/python3.10/dist-packages/interface_pkg1/srv/_service1_s.c
[0.621s] -- Up-to-date: /home/hawx/ws1/install/interface_pkg1/local/lib/python3.10/dist-packages/interface_pkg1/srv/_service1.py
[0.621s] -- Up-to-date: /home/hawx/ws1/install/interface_pkg1/local/lib/python3.10/dist-packages/interface_pkg1/srv/__init__.py
[0.621s] -- Up-to-date: /home/hawx/ws1/install/interface_pkg1/local/lib/python3.10/dist-packages/interface_pkg1/_interface_pkg1_s.ep.rosidl_typesupport_fastrtps_c.c
[0.621s] -- Up-to-date: /home/hawx/ws1/install/interface_pkg1/local/lib/python3.10/dist-packages/interface_pkg1/__init__.py
[0.621s] -- Up-to-date: /home/hawx/ws1/install/interface_pkg1/local/lib/python3.10/dist-packages/interface_pkg1/libinterface_pkg1__rosidl_generator_py.so
[0.638s] Listing '/home/hawx/ws1/install/interface_pkg1/local/lib/python3.10/dist-packages/interface_pkg1'...
[0.638s] Listing '/home/hawx/ws1/install/interface_pkg1/local/lib/python3.10/dist-packages/interface_pkg1/msg'...
[0.638s] Listing '/home/hawx/ws1/install/interface_pkg1/local/lib/python3.10/dist-packages/interface_pkg1/srv'...
[0.640s] -- Up-to-date: /home/hawx/ws1/install/interface_pkg1/local/lib/python3.10/dist-packages/interface_pkg1/interface_pkg1_s__rosidl_typesupport_fastrtps_c.cpython-310-x86_64-linux-gnu.so
[0.640s] -- Up-to-date: /home/hawx/ws1/install/interface_pkg1/local/lib/python3.10/dist-packages/interface_pkg1/interface_pkg1_s__rosidl_typesupport_introspection_c.cpython-310-x86_64-linux-gnu.so
[0.641s] -- Up-to-date: /home/hawx/ws1/install/interface_pkg1/local/lib/python3.10/dist-packages/interface_pkg1/interface_pkg1_s__rosidl_typesupport_c.cpython-310-x86_64-linux-gnu.so
[0.641s] -- Up-to-date: /home/hawx/ws1/install/interface_pkg1/lib/libinterface_pkg1__rosidl_generator_py.so
[0.641s] -- Up-to-date: /home/hawx/ws1/install/interface_pkg1/share/interface_pkg1/msg/Message1.idl
[0.641s] -- Up-to-date: /home/hawx/ws1/install/interface_pkg1/share/interface_pkg1/msg/Message2.idl
[0.641s] -- Up-to-date: /home/hawx/ws1/install/interface_pkg1/share/interface_pkg1/srv/Service1.idl
[0.641s] -- Up-to-date: /home/hawx/ws1/install/interface_pkg1/share/interface_pkg1/msg/Message1.msg
[0.641s] -- Up-to-date: /home/hawx/ws1/install/interface_pkg1/share/interface_pkg1/msg/Message2.msg
[0.641s] -- Up-to-date: /home/hawx/ws1/install/interface_pkg1/share/interface_pkg1/srv/Service1.srv
[0.641s] -- Up-to-date: /home/hawx/ws1/install/interface_pkg1/share/interface_pkg1/srv/Service1_Request.msg
[0.641s] -- Up-to-date: /home/hawx/ws1/install/interface_pkg1/share/interface_pkg1/srv/Service1_Response.msg
[0.641s] -- Up-to-date: /home/hawx/ws1/install/interface_pkg1/share/ament_index/resource_index/package_run_dependencies/interface_pkg1
[0.641s] -- Up-to-date: /home/hawx/ws1/install/interface_pkg1/share/ament_index/resource_index/parent_prefix_path/interface_pkg1
[0.641s] -- Up-to-date: /home/hawx/ws1/install/interface_pkg1/share/interface_pkg1/environment/ament_prefix_path.sh
[0.641s] -- Up-to-date: /home/hawx/ws1/install/interface_pkg1/share/interface_pkg1/environment/ament_prefix_path.dsv
[0.641s] -- Up-to-date: /home/hawx/ws1/install/interface_pkg1/share/interface_pkg1/environment/path.sh
[0.642s] -- Up-to-date: /home/hawx/ws1/install/interface_pkg1/share/interface_pkg1/environment/path.dsv
[0.642s] -- Up-to-date: /home/hawx/ws1/install/interface_pkg1/share/interface_pkg1/local_setup.bash
[0.642s] -- Up-to-date: /home/hawx/ws1/install/interface_pkg1/share/interface_pkg1/local_setup.sh
[0.642s] -- Up-to-date: /home/hawx/ws1/install/interface_pkg1/share/interface_pkg1/local_setup.zsh
[0.642s] -- Up-to-date: /home/hawx/ws1/install/interface_pkg1/share/interface_pkg1/local_setup.dsv
[0.642s] -- Installing: /home/hawx/ws1/install/interface_pkg1/share/interface_pkg1/package.dsv
[0.642s] -- Up-to-date: /home/hawx/ws1/install/interface_pkg1/share/ament_index/resource_index/packages/interface_pkg1
[0.642s] -- Up-to-date: /home/hawx/ws1/install/interface_pkg1/share/interface_pkg1/cmake/export_interface_pkg1__rosidl_generator_cExport.cmake
[0.642s] -- Up-to-date: /home/hawx/ws1/install/interface_pkg1/share/interface_pkg1/cmake/export_interface_pkg1__rosidl_generator_cExport-noconfig.cmake
[0.643s] -- Up-to-date: /home/hawx/ws1/install/interface_pkg1/share/interface_pkg1/cmake/export_interface_pkg1__rosidl_typesupport_fastrtps_cExport.cmake
[0.643s] -- Up-to-date: /home/hawx/ws1/install/interface_pkg1/share/interface_pkg1/cmake/export_interface_pkg1__rosidl_typesupport_fastrtps_cExport-noconfig.cmake
[0.643s] -- Up-to-date: /home/hawx/ws1/install/interface_pkg1/share/interface_pkg1/cmake/export_interface_pkg1__rosidl_generator_cppExport.cmake
[0.643s] -- Up-to-date: /home/hawx/ws1/install/interface_pkg1/share/interface_pkg1/cmake/export_interface_pkg1__rosidl_typesupport_fastrtps_cppExport.cmake
[0.643s] -- Up-to-date: /home/hawx/ws1/install/interface_pkg1/share/interface_pkg1/cmake/export_interface_pkg1__rosidl_typesupport_fastrtps_cppExport-noconfig.cmake
[0.643s] -- Up-to-date: /home/hawx/ws1/install/interface_pkg1/share/interface_pkg1/cmake/interface_pkg1__rosidl_typesupport_introspection_cExport.cmake
[0.643s] -- Up-to-date: /home/hawx/ws1/install/interface_pkg1/share/interface_pkg1/cmake/interface_pkg1__rosidl_typesupport_introspection_cExport-noconfig.cmake
[0.643s] -- Up-to-date: /home/hawx/ws1/install/interface_pkg1/share/interface_pkg1/cmake/interface_pkg1__rosidl_typesupport_cExport.cmake
[0.643s] -- Up-to-date: /home/hawx/ws1/install/interface_pkg1/share/interface_pkg1/cmake/interface_pkg1__rosidl_typesupport_cExport-noconfig.cmake
[0.643s] -- Up-to-date: /home/hawx/ws1/install/interface_pkg1/share/interface_pkg1/cmake/interface_pkg1__rosidl_typesupport_introspection_cppExport.cmake
[0.643s] -- Up-to-date: /home/hawx/ws1/install/interface_pkg1/share/interface_pkg1/cmake/interface_pkg1__rosidl_typesupport_introspection_cppExport-noconfig.cmake
[0.643s] -- Up-to-date: /home/hawx/ws1/install/interface_pkg1/share/interface_pkg1/cmake/interface_pkg1__rosidl_typesupport_cppExport.cmake
[0.643s] -- Up-to-date: /home/hawx/ws1/install/interface_pkg1/share/interface_pkg1/cmake/interface_pkg1__rosidl_typesupport_cppExport-noconfig.cmake
[0.643s] -- Up-to-date: /home/hawx/ws1/install/interface_pkg1/share/interface_pkg1/cmake/export_interface_pkg1__rosidl_generator_pyExport.cmake
[0.643s] -- Up-to-date: /home/hawx/ws1/install/interface_pkg1/share/interface_pkg1/cmake/export_interface_pkg1__rosidl_generator_pyExport-noconfig.cmake
[0.643s] -- Up-to-date: /home/hawx/ws1/install/interface_pkg1/share/interface_pkg1/cmake/rosidl_cmake-extras.cmake
[0.643s] -- Up-to-date: /home/hawx/ws1/install/interface_pkg1/share/interface_pkg1/cmake/ament_cmake_export_dependencies-extras.cmake
[0.643s] -- Up-to-date: /home/hawx/ws1/install/interface_pkg1/share/interface_pkg1/cmake/ament_cmake_export_include_directories-extras.cmake
[0.643s] -- Up-to-date: /home/hawx/ws1/install/interface_pkg1/share/interface_pkg1/cmake/ament_cmake_export_libraries-extras.cmake
[0.643s] -- Up-to-date: /home/hawx/ws1/install/interface_pkg1/share/interface_pkg1/cmake/ament_cmake_export_targets-extras.cmake
[0.643s] -- Up-to-date: /home/hawx/ws1/install/interface_pkg1/share/interface_pkg1/cmake/rosidl_cmake_export_typesupport_targets-extras.cmake
[0.643s] -- Up-to-date: /home/hawx/ws1/install/interface_pkg1/share/interface_pkg1/cmake/rosidl_cmake_export_typesupport_libraries-extras.cmake
[0.643s] -- Up-to-date: /home/hawx/ws1/install/interface_pkg1/share/interface_pkg1/cmake/interface_pkg1Config.cmake
[0.643s] -- Up-to-date: /home/hawx/ws1/install/interface_pkg1/share/interface_pkg1/cmake/interface_pkg1Config-version.cmake
[0.643s] -- Up-to-date: /home/hawx/ws1/install/interface_pkg1/share/interface_pkg1/package.xml
[0.645s] Invoked command in '/home/hawx/ws1/build/interface_pkg1' returned '0': CMAKE_PREFIX_PATH=${CMAKE_PREFIX_PATH}:/home/hawx/ws1/install/pypara_pkg1:/home/hawx/ws1/install/py_pkg2:/home/hawx/ws1/install/py_pkg1:/home/hawx/ws1/install/pubsub_pkg1:/home/hawx/ws1/src/install/pypara_pkg1:/home/hawx/ws1/src/install/py_pkg2:/home/hawx/ws1/src/install/py_pkg1:/opt/ros/humble /usr/bin/cmake --install /home/hawx/ws1/build/interface_pkg1
