[0.794s] Invoking command in '/home/hawx/ws1/src/pypara_pkg1': PYTHONPATH=/home/hawx/ws1/build/pypara_pkg1/prefix_override:/usr/lib/python3/dist-packages/colcon_core/task/python/colcon_distutils_commands:/home/hawx/ws1/install/pypara_pkg1/lib/python3.10/site-packages:${PYTHONPATH} /usr/bin/python3 -W ignore:setup.py install is deprecated -W ignore:easy_install command is deprecated setup.py egg_info --egg-base ../../build/pypara_pkg1 build --build-base /home/hawx/ws1/build/pypara_pkg1/build install --record /home/hawx/ws1/build/pypara_pkg1/install.log --single-version-externally-managed install_data
[0.926s] running egg_info
[0.926s] writing ../../build/pypara_pkg1/pypara_pkg1.egg-info/PKG-INFO
[0.927s] writing dependency_links to ../../build/pypara_pkg1/pypara_pkg1.egg-info/dependency_links.txt
[0.927s] writing entry points to ../../build/pypara_pkg1/pypara_pkg1.egg-info/entry_points.txt
[0.927s] writing requirements to ../../build/pypara_pkg1/pypara_pkg1.egg-info/requires.txt
[0.927s] writing top-level names to ../../build/pypara_pkg1/pypara_pkg1.egg-info/top_level.txt
[0.928s] reading manifest file '../../build/pypara_pkg1/pypara_pkg1.egg-info/SOURCES.txt'
[0.928s] adding license file 'LICENSE'
[0.928s] writing manifest file '../../build/pypara_pkg1/pypara_pkg1.egg-info/SOURCES.txt'
[0.928s] running build
[0.928s] running build_py
[0.928s] running install
[0.928s] running install_lib
[0.929s] running install_data
[0.929s] running install_egg_info
[0.930s] removing '/home/hawx/ws1/install/pypara_pkg1/lib/python3.10/site-packages/pypara_pkg1-0.0.0-py3.10.egg-info' (and everything under it)
[0.930s] Copying ../../build/pypara_pkg1/pypara_pkg1.egg-info to /home/hawx/ws1/install/pypara_pkg1/lib/python3.10/site-packages/pypara_pkg1-0.0.0-py3.10.egg-info
[0.931s] running install_scripts
[0.941s] Installing para_node1 script to /home/hawx/ws1/install/pypara_pkg1/lib/pypara_pkg1
[0.941s] writing list of installed files to '/home/hawx/ws1/build/pypara_pkg1/install.log'
[0.959s] Invoked command in '/home/hawx/ws1/src/pypara_pkg1' returned '0': PYTHONPATH=/home/hawx/ws1/build/pypara_pkg1/prefix_override:/usr/lib/python3/dist-packages/colcon_core/task/python/colcon_distutils_commands:/home/hawx/ws1/install/pypara_pkg1/lib/python3.10/site-packages:${PYTHONPATH} /usr/bin/python3 -W ignore:setup.py install is deprecated -W ignore:easy_install command is deprecated setup.py egg_info --egg-base ../../build/pypara_pkg1 build --build-base /home/hawx/ws1/build/pypara_pkg1/build install --record /home/hawx/ws1/build/pypara_pkg1/install.log --single-version-externally-managed install_data
