/home/hawx/ws3/install/ardu_pkg1/lib/python3.10/site-packages/ardu_pkg1/servo_pub1.py
/home/hawx/ws3/install/ardu_pkg1/lib/python3.10/site-packages/ardu_pkg1/servo_con1.py
/home/hawx/ws3/install/ardu_pkg1/lib/python3.10/site-packages/ardu_pkg1/servo_sub1.py
/home/hawx/ws3/install/ardu_pkg1/lib/python3.10/site-packages/ardu_pkg1/arm1_sub1.py
/home/hawx/ws3/install/ardu_pkg1/lib/python3.10/site-packages/ardu_pkg1/arm1_pub1.py
/home/hawx/ws3/install/ardu_pkg1/lib/python3.10/site-packages/ardu_pkg1/arm1_joint_pub1.py
/home/hawx/ws3/install/ardu_pkg1/lib/python3.10/site-packages/ardu_pkg1/__init__.py
/home/hawx/ws3/install/ardu_pkg1/lib/python3.10/site-packages/ardu_pkg1/__pycache__/servo_pub1.cpython-310.pyc
/home/hawx/ws3/install/ardu_pkg1/lib/python3.10/site-packages/ardu_pkg1/__pycache__/servo_con1.cpython-310.pyc
/home/hawx/ws3/install/ardu_pkg1/lib/python3.10/site-packages/ardu_pkg1/__pycache__/servo_sub1.cpython-310.pyc
/home/hawx/ws3/install/ardu_pkg1/lib/python3.10/site-packages/ardu_pkg1/__pycache__/arm1_sub1.cpython-310.pyc
/home/hawx/ws3/install/ardu_pkg1/lib/python3.10/site-packages/ardu_pkg1/__pycache__/arm1_pub1.cpython-310.pyc
/home/hawx/ws3/install/ardu_pkg1/lib/python3.10/site-packages/ardu_pkg1/__pycache__/arm1_joint_pub1.cpython-310.pyc
/home/hawx/ws3/install/ardu_pkg1/lib/python3.10/site-packages/ardu_pkg1/__pycache__/__init__.cpython-310.pyc
/home/hawx/ws3/install/ardu_pkg1/share/ament_index/resource_index/packages/ardu_pkg1
/home/hawx/ws3/install/ardu_pkg1/share/ardu_pkg1/package.xml
/home/hawx/ws3/install/ardu_pkg1/share/ardu_pkg1/launch/test1.launch.py
/home/hawx/ws3/install/ardu_pkg1/share/ardu_pkg1/launch/display.launch.py
/home/hawx/ws3/install/ardu_pkg1/share/ardu_pkg1/urdf/robot_arm1_test.urdf.xacro
/home/hawx/ws3/install/ardu_pkg1/share/ardu_pkg1/urdf/test1_2dof.urdf.xacro
/home/hawx/ws3/install/ardu_pkg1/share/ardu_pkg1/urdf/robot_arm1.urdf.xacro
/home/hawx/ws3/install/ardu_pkg1/lib/python3.10/site-packages/ardu_pkg1-0.0.0-py3.10.egg-info/SOURCES.txt
/home/hawx/ws3/install/ardu_pkg1/lib/python3.10/site-packages/ardu_pkg1-0.0.0-py3.10.egg-info/dependency_links.txt
/home/hawx/ws3/install/ardu_pkg1/lib/python3.10/site-packages/ardu_pkg1-0.0.0-py3.10.egg-info/PKG-INFO
/home/hawx/ws3/install/ardu_pkg1/lib/python3.10/site-packages/ardu_pkg1-0.0.0-py3.10.egg-info/entry_points.txt
/home/hawx/ws3/install/ardu_pkg1/lib/python3.10/site-packages/ardu_pkg1-0.0.0-py3.10.egg-info/top_level.txt
/home/hawx/ws3/install/ardu_pkg1/lib/python3.10/site-packages/ardu_pkg1-0.0.0-py3.10.egg-info/requires.txt
/home/hawx/ws3/install/ardu_pkg1/lib/python3.10/site-packages/ardu_pkg1-0.0.0-py3.10.egg-info/zip-safe
/home/hawx/ws3/install/ardu_pkg1/lib/ardu_pkg1/arm1_joint_pub1
/home/hawx/ws3/install/ardu_pkg1/lib/ardu_pkg1/arm1_pub1
/home/hawx/ws3/install/ardu_pkg1/lib/ardu_pkg1/arm1_sub1
/home/hawx/ws3/install/ardu_pkg1/lib/ardu_pkg1/servo_con1
/home/hawx/ws3/install/ardu_pkg1/lib/ardu_pkg1/servo_pub1
/home/hawx/ws3/install/ardu_pkg1/lib/ardu_pkg1/servo_sub1
