[35m[1mConsolidate compiler generated dependencies of target msg_pkg1__rosidl_generator_c[0m
[  2%] Built target msg_pkg1__cpp
[ 12%] Built target msg_pkg1__rosidl_generator_c
[35m[1mConsolidate compiler generated dependencies of target msg_pkg1__rosidl_typesupport_cpp[0m
[35m[1mConsolidate compiler generated dependencies of target msg_pkg1__rosidl_typesupport_fastrtps_cpp[0m
[35m[1mConsolidate compiler generated dependencies of target msg_pkg1__rosidl_typesupport_introspection_cpp[0m
[ 12%] Built target ament_cmake_python_copy_msg_pkg1
[35m[1mConsolidate compiler generated dependencies of target msg_pkg1__rosidl_typesupport_fastrtps_c[0m
[35m[1mConsolidate compiler generated dependencies of target msg_pkg1__rosidl_typesupport_c[0m
[35m[1mConsolidate compiler generated dependencies of target msg_pkg1__rosidl_typesupport_introspection_c[0m
[ 23%] Built target msg_pkg1__rosidl_typesupport_cpp
[ 44%] Built target msg_pkg1__rosidl_typesupport_c
[ 44%] Built target msg_pkg1__rosidl_typesupport_introspection_c
[ 55%] Built target msg_pkg1__rosidl_typesupport_introspection_cpp
[ 65%] Built target msg_pkg1__rosidl_typesupport_fastrtps_cpp
[ 76%] Built target msg_pkg1__rosidl_typesupport_fastrtps_c
[ 76%] Built target msg_pkg1
[ 78%] Built target msg_pkg1__py
[35m[1mConsolidate compiler generated dependencies of target msg_pkg1__rosidl_generator_py[0m
[ 87%] Built target msg_pkg1__rosidl_generator_py
[35m[1mConsolidate compiler generated dependencies of target msg_pkg1__rosidl_typesupport_fastrtps_c__pyext[0m
[35m[1mConsolidate compiler generated dependencies of target msg_pkg1__rosidl_typesupport_c__pyext[0m
[35m[1mConsolidate compiler generated dependencies of target msg_pkg1__rosidl_typesupport_introspection_c__pyext[0m
[ 91%] Built target msg_pkg1__rosidl_typesupport_fastrtps_c__pyext
[ 95%] Built target msg_pkg1__rosidl_typesupport_c__pyext
[100%] Built target msg_pkg1__rosidl_typesupport_introspection_c__pyext
running egg_info
writing msg_pkg1.egg-info/PKG-INFO
writing dependency_links to msg_pkg1.egg-info/dependency_links.txt
writing top-level names to msg_pkg1.egg-info/top_level.txt
reading manifest file 'msg_pkg1.egg-info/SOURCES.txt'
writing manifest file 'msg_pkg1.egg-info/SOURCES.txt'
[100%] Built target ament_cmake_python_build_msg_pkg1_egg
