running egg_info
creating ../../build/pubsub_pkg1/pubsub_pkg1.egg-info
writing ../../build/pubsub_pkg1/pubsub_pkg1.egg-info/PKG-INFO
writing dependency_links to ../../build/pubsub_pkg1/pubsub_pkg1.egg-info/dependency_links.txt
writing entry points to ../../build/pubsub_pkg1/pubsub_pkg1.egg-info/entry_points.txt
writing requirements to ../../build/pubsub_pkg1/pubsub_pkg1.egg-info/requires.txt
writing top-level names to ../../build/pubsub_pkg1/pubsub_pkg1.egg-info/top_level.txt
writing manifest file '../../build/pubsub_pkg1/pubsub_pkg1.egg-info/SOURCES.txt'
reading manifest file '../../build/pubsub_pkg1/pubsub_pkg1.egg-info/SOURCES.txt'
writing manifest file '../../build/pubsub_pkg1/pubsub_pkg1.egg-info/SOURCES.txt'
running build
running build_py
creating /home/hawx/ws1/build/pubsub_pkg1/build
creating /home/hawx/ws1/build/pubsub_pkg1/build/lib
creating /home/hawx/ws1/build/pubsub_pkg1/build/lib/pubsub_pkg1
copying pubsub_pkg1/act_thread_srvr3.py -> /home/hawx/ws1/build/pubsub_pkg1/build/lib/pubsub_pkg1
copying pubsub_pkg1/turtle_msg3.py -> /home/hawx/ws1/build/pubsub_pkg1/build/lib/pubsub_pkg1
copying pubsub_pkg1/turtle_msg2.py -> /home/hawx/ws1/build/pubsub_pkg1/build/lib/pubsub_pkg1
copying pubsub_pkg1/turtle_srvr3.py -> /home/hawx/ws1/build/pubsub_pkg1/build/lib/pubsub_pkg1
copying pubsub_pkg1/action_mthread1.py -> /home/hawx/ws1/build/pubsub_pkg1/build/lib/pubsub_pkg1
copying pubsub_pkg1/action_srvr1.py -> /home/hawx/ws1/build/pubsub_pkg1/build/lib/pubsub_pkg1
copying pubsub_pkg1/turtle_srvr1.py -> /home/hawx/ws1/build/pubsub_pkg1/build/lib/pubsub_pkg1
copying pubsub_pkg1/act_thread_srvr2.py -> /home/hawx/ws1/build/pubsub_pkg1/build/lib/pubsub_pkg1
copying pubsub_pkg1/sub_node1.py -> /home/hawx/ws1/build/pubsub_pkg1/build/lib/pubsub_pkg1
copying pubsub_pkg1/turtle_msg1.py -> /home/hawx/ws1/build/pubsub_pkg1/build/lib/pubsub_pkg1
copying pubsub_pkg1/turtle_srvr2.py -> /home/hawx/ws1/build/pubsub_pkg1/build/lib/pubsub_pkg1
copying pubsub_pkg1/__init__.py -> /home/hawx/ws1/build/pubsub_pkg1/build/lib/pubsub_pkg1
copying pubsub_pkg1/pub_node1.py -> /home/hawx/ws1/build/pubsub_pkg1/build/lib/pubsub_pkg1
copying pubsub_pkg1/action_srvr2.py -> /home/hawx/ws1/build/pubsub_pkg1/build/lib/pubsub_pkg1
copying pubsub_pkg1/act_thread_srvr1.py -> /home/hawx/ws1/build/pubsub_pkg1/build/lib/pubsub_pkg1
copying pubsub_pkg1/turtle_pub1.py -> /home/hawx/ws1/build/pubsub_pkg1/build/lib/pubsub_pkg1
running install
running install_lib
creating /home/hawx/ws1/install/pubsub_pkg1/lib/python3.10/site-packages/pubsub_pkg1
copying /home/hawx/ws1/build/pubsub_pkg1/build/lib/pubsub_pkg1/act_thread_srvr3.py -> /home/hawx/ws1/install/pubsub_pkg1/lib/python3.10/site-packages/pubsub_pkg1
copying /home/hawx/ws1/build/pubsub_pkg1/build/lib/pubsub_pkg1/turtle_msg3.py -> /home/hawx/ws1/install/pubsub_pkg1/lib/python3.10/site-packages/pubsub_pkg1
copying /home/hawx/ws1/build/pubsub_pkg1/build/lib/pubsub_pkg1/turtle_msg2.py -> /home/hawx/ws1/install/pubsub_pkg1/lib/python3.10/site-packages/pubsub_pkg1
copying /home/hawx/ws1/build/pubsub_pkg1/build/lib/pubsub_pkg1/turtle_srvr3.py -> /home/hawx/ws1/install/pubsub_pkg1/lib/python3.10/site-packages/pubsub_pkg1
copying /home/hawx/ws1/build/pubsub_pkg1/build/lib/pubsub_pkg1/action_mthread1.py -> /home/hawx/ws1/install/pubsub_pkg1/lib/python3.10/site-packages/pubsub_pkg1
copying /home/hawx/ws1/build/pubsub_pkg1/build/lib/pubsub_pkg1/action_srvr1.py -> /home/hawx/ws1/install/pubsub_pkg1/lib/python3.10/site-packages/pubsub_pkg1
copying /home/hawx/ws1/build/pubsub_pkg1/build/lib/pubsub_pkg1/turtle_srvr1.py -> /home/hawx/ws1/install/pubsub_pkg1/lib/python3.10/site-packages/pubsub_pkg1
copying /home/hawx/ws1/build/pubsub_pkg1/build/lib/pubsub_pkg1/act_thread_srvr2.py -> /home/hawx/ws1/install/pubsub_pkg1/lib/python3.10/site-packages/pubsub_pkg1
copying /home/hawx/ws1/build/pubsub_pkg1/build/lib/pubsub_pkg1/sub_node1.py -> /home/hawx/ws1/install/pubsub_pkg1/lib/python3.10/site-packages/pubsub_pkg1
copying /home/hawx/ws1/build/pubsub_pkg1/build/lib/pubsub_pkg1/turtle_msg1.py -> /home/hawx/ws1/install/pubsub_pkg1/lib/python3.10/site-packages/pubsub_pkg1
copying /home/hawx/ws1/build/pubsub_pkg1/build/lib/pubsub_pkg1/turtle_srvr2.py -> /home/hawx/ws1/install/pubsub_pkg1/lib/python3.10/site-packages/pubsub_pkg1
copying /home/hawx/ws1/build/pubsub_pkg1/build/lib/pubsub_pkg1/__init__.py -> /home/hawx/ws1/install/pubsub_pkg1/lib/python3.10/site-packages/pubsub_pkg1
copying /home/hawx/ws1/build/pubsub_pkg1/build/lib/pubsub_pkg1/pub_node1.py -> /home/hawx/ws1/install/pubsub_pkg1/lib/python3.10/site-packages/pubsub_pkg1
copying /home/hawx/ws1/build/pubsub_pkg1/build/lib/pubsub_pkg1/action_srvr2.py -> /home/hawx/ws1/install/pubsub_pkg1/lib/python3.10/site-packages/pubsub_pkg1
copying /home/hawx/ws1/build/pubsub_pkg1/build/lib/pubsub_pkg1/act_thread_srvr1.py -> /home/hawx/ws1/install/pubsub_pkg1/lib/python3.10/site-packages/pubsub_pkg1
copying /home/hawx/ws1/build/pubsub_pkg1/build/lib/pubsub_pkg1/turtle_pub1.py -> /home/hawx/ws1/install/pubsub_pkg1/lib/python3.10/site-packages/pubsub_pkg1
byte-compiling /home/hawx/ws1/install/pubsub_pkg1/lib/python3.10/site-packages/pubsub_pkg1/act_thread_srvr3.py to act_thread_srvr3.cpython-310.pyc
byte-compiling /home/hawx/ws1/install/pubsub_pkg1/lib/python3.10/site-packages/pubsub_pkg1/turtle_msg3.py to turtle_msg3.cpython-310.pyc
byte-compiling /home/hawx/ws1/install/pubsub_pkg1/lib/python3.10/site-packages/pubsub_pkg1/turtle_msg2.py to turtle_msg2.cpython-310.pyc
byte-compiling /home/hawx/ws1/install/pubsub_pkg1/lib/python3.10/site-packages/pubsub_pkg1/turtle_srvr3.py to turtle_srvr3.cpython-310.pyc
byte-compiling /home/hawx/ws1/install/pubsub_pkg1/lib/python3.10/site-packages/pubsub_pkg1/action_mthread1.py to action_mthread1.cpython-310.pyc
byte-compiling /home/hawx/ws1/install/pubsub_pkg1/lib/python3.10/site-packages/pubsub_pkg1/action_srvr1.py to action_srvr1.cpython-310.pyc
byte-compiling /home/hawx/ws1/install/pubsub_pkg1/lib/python3.10/site-packages/pubsub_pkg1/turtle_srvr1.py to turtle_srvr1.cpython-310.pyc
byte-compiling /home/hawx/ws1/install/pubsub_pkg1/lib/python3.10/site-packages/pubsub_pkg1/act_thread_srvr2.py to act_thread_srvr2.cpython-310.pyc
byte-compiling /home/hawx/ws1/install/pubsub_pkg1/lib/python3.10/site-packages/pubsub_pkg1/sub_node1.py to sub_node1.cpython-310.pyc
byte-compiling /home/hawx/ws1/install/pubsub_pkg1/lib/python3.10/site-packages/pubsub_pkg1/turtle_msg1.py to turtle_msg1.cpython-310.pyc
byte-compiling /home/hawx/ws1/install/pubsub_pkg1/lib/python3.10/site-packages/pubsub_pkg1/turtle_srvr2.py to turtle_srvr2.cpython-310.pyc
byte-compiling /home/hawx/ws1/install/pubsub_pkg1/lib/python3.10/site-packages/pubsub_pkg1/__init__.py to __init__.cpython-310.pyc
byte-compiling /home/hawx/ws1/install/pubsub_pkg1/lib/python3.10/site-packages/pubsub_pkg1/pub_node1.py to pub_node1.cpython-310.pyc
byte-compiling /home/hawx/ws1/install/pubsub_pkg1/lib/python3.10/site-packages/pubsub_pkg1/action_srvr2.py to action_srvr2.cpython-310.pyc
byte-compiling /home/hawx/ws1/install/pubsub_pkg1/lib/python3.10/site-packages/pubsub_pkg1/act_thread_srvr1.py to act_thread_srvr1.cpython-310.pyc
byte-compiling /home/hawx/ws1/install/pubsub_pkg1/lib/python3.10/site-packages/pubsub_pkg1/turtle_pub1.py to turtle_pub1.cpython-310.pyc
running install_data
creating /home/hawx/ws1/install/pubsub_pkg1/share/ament_index
creating /home/hawx/ws1/install/pubsub_pkg1/share/ament_index/resource_index
creating /home/hawx/ws1/install/pubsub_pkg1/share/ament_index/resource_index/packages
copying resource/pubsub_pkg1 -> /home/hawx/ws1/install/pubsub_pkg1/share/ament_index/resource_index/packages
copying package.xml -> /home/hawx/ws1/install/pubsub_pkg1/share/pubsub_pkg1
running install_egg_info
Copying ../../build/pubsub_pkg1/pubsub_pkg1.egg-info to /home/hawx/ws1/install/pubsub_pkg1/lib/python3.10/site-packages/pubsub_pkg1-0.0.0-py3.10.egg-info
running install_scripts
Installing act_thread_srvr1 script to /home/hawx/ws1/install/pubsub_pkg1/lib/pubsub_pkg1
Installing act_thread_srvr2 script to /home/hawx/ws1/install/pubsub_pkg1/lib/pubsub_pkg1
Installing act_thread_srvr3 script to /home/hawx/ws1/install/pubsub_pkg1/lib/pubsub_pkg1
Installing action_mthread1 script to /home/hawx/ws1/install/pubsub_pkg1/lib/pubsub_pkg1
Installing action_srvr1 script to /home/hawx/ws1/install/pubsub_pkg1/lib/pubsub_pkg1
Installing action_srvr2 script to /home/hawx/ws1/install/pubsub_pkg1/lib/pubsub_pkg1
Installing pub_node1 script to /home/hawx/ws1/install/pubsub_pkg1/lib/pubsub_pkg1
Installing sub_node1 script to /home/hawx/ws1/install/pubsub_pkg1/lib/pubsub_pkg1
Installing turtle_msg1 script to /home/hawx/ws1/install/pubsub_pkg1/lib/pubsub_pkg1
Installing turtle_msg2 script to /home/hawx/ws1/install/pubsub_pkg1/lib/pubsub_pkg1
Installing turtle_msg3 script to /home/hawx/ws1/install/pubsub_pkg1/lib/pubsub_pkg1
Installing turtle_pub1 script to /home/hawx/ws1/install/pubsub_pkg1/lib/pubsub_pkg1
Installing turtle_srvr1 script to /home/hawx/ws1/install/pubsub_pkg1/lib/pubsub_pkg1
Installing turtle_srvr2 script to /home/hawx/ws1/install/pubsub_pkg1/lib/pubsub_pkg1
Installing turtle_srvr3 script to /home/hawx/ws1/install/pubsub_pkg1/lib/pubsub_pkg1
writing list of installed files to '/home/hawx/ws1/build/pubsub_pkg1/install.log'
