[0.384s] Invoking command in '/home/hawx/ws3/src/ardu_pkg1': PYTHONPATH=/home/hawx/ws3/build/ardu_pkg1/prefix_override:/usr/lib/python3/dist-packages/colcon_core/task/python/colcon_distutils_commands:/home/hawx/ws3/install/ardu_pkg1/lib/python3.10/site-packages:${PYTHONPATH} /usr/bin/python3 -W ignore:setup.py install is deprecated -W ignore:easy_install command is deprecated setup.py egg_info --egg-base ../../build/ardu_pkg1 build --build-base /home/hawx/ws3/build/ardu_pkg1/build install --record /home/hawx/ws3/build/ardu_pkg1/install.log --single-version-externally-managed install_data
[0.533s] running egg_info
[0.533s] writing ../../build/ardu_pkg1/ardu_pkg1.egg-info/PKG-INFO
[0.533s] writing dependency_links to ../../build/ardu_pkg1/ardu_pkg1.egg-info/dependency_links.txt
[0.533s] writing entry points to ../../build/ardu_pkg1/ardu_pkg1.egg-info/entry_points.txt
[0.533s] writing requirements to ../../build/ardu_pkg1/ardu_pkg1.egg-info/requires.txt
[0.533s] writing top-level names to ../../build/ardu_pkg1/ardu_pkg1.egg-info/top_level.txt
[0.534s] reading manifest file '../../build/ardu_pkg1/ardu_pkg1.egg-info/SOURCES.txt'
[0.535s] writing manifest file '../../build/ardu_pkg1/ardu_pkg1.egg-info/SOURCES.txt'
[0.535s] running build
[0.535s] running build_py
[0.535s] running install
[0.535s] running install_lib
[0.536s] running install_data
[0.536s] copying /home/hawx/ws3/src/ardu_pkg1/urdf/robot_arm1_test.urdf.xacro -> /home/hawx/ws3/install/ardu_pkg1/share/ardu_pkg1/urdf
[0.536s] running install_egg_info
[0.537s] removing '/home/hawx/ws3/install/ardu_pkg1/lib/python3.10/site-packages/ardu_pkg1-0.0.0-py3.10.egg-info' (and everything under it)
[0.537s] Copying ../../build/ardu_pkg1/ardu_pkg1.egg-info to /home/hawx/ws3/install/ardu_pkg1/lib/python3.10/site-packages/ardu_pkg1-0.0.0-py3.10.egg-info
[0.538s] running install_scripts
[0.548s] Installing arm1_joint_pub1 script to /home/hawx/ws3/install/ardu_pkg1/lib/ardu_pkg1
[0.548s] Installing arm1_pub1 script to /home/hawx/ws3/install/ardu_pkg1/lib/ardu_pkg1
[0.548s] Installing arm1_sub1 script to /home/hawx/ws3/install/ardu_pkg1/lib/ardu_pkg1
[0.548s] Installing servo_con1 script to /home/hawx/ws3/install/ardu_pkg1/lib/ardu_pkg1
[0.548s] Installing servo_pub1 script to /home/hawx/ws3/install/ardu_pkg1/lib/ardu_pkg1
[0.549s] Installing servo_sub1 script to /home/hawx/ws3/install/ardu_pkg1/lib/ardu_pkg1
[0.549s] writing list of installed files to '/home/hawx/ws3/build/ardu_pkg1/install.log'
[0.561s] Invoked command in '/home/hawx/ws3/src/ardu_pkg1' returned '0': PYTHONPATH=/home/hawx/ws3/build/ardu_pkg1/prefix_override:/usr/lib/python3/dist-packages/colcon_core/task/python/colcon_distutils_commands:/home/hawx/ws3/install/ardu_pkg1/lib/python3.10/site-packages:${PYTHONPATH} /usr/bin/python3 -W ignore:setup.py install is deprecated -W ignore:easy_install command is deprecated setup.py egg_info --egg-base ../../build/ardu_pkg1 build --build-base /home/hawx/ws3/build/ardu_pkg1/build install --record /home/hawx/ws3/build/ardu_pkg1/install.log --single-version-externally-managed install_data
