[0.061s] DEBUG:colcon:Command line arguments: ['/usr/bin/colcon', 'build']
[0.061s] DEBUG:colcon:Parsed command line arguments: Namespace(log_base=None, log_level=None, verb_name='build', build_base='build', install_base='install', merge_install=False, symlink_install=False, test_result_base=None, continue_on_error=False, executor='parallel', parallel_workers=32, event_handlers=None, ignore_user_meta=False, metas=['./colcon.meta'], base_paths=['.'], packages_ignore=None, packages_ignore_regex=None, paths=None, packages_up_to=None, packages_up_to_regex=None, packages_above=None, packages_above_and_dependencies=None, packages_above_depth=None, packages_select_by_dep=None, packages_skip_by_dep=None, packages_skip_up_to=None, packages_select_build_failed=False, packages_skip_build_finished=False, packages_select_test_failures=False, packages_skip_test_passed=False, packages_select=None, packages_skip=None, packages_select_regex=None, packages_skip_regex=None, packages_start=None, packages_end=None, allow_overriding=[], cmake_args=None, cmake_target=None, cmake_target_skip_unavailable=False, cmake_clean_cache=False, cmake_clean_first=False, cmake_force_configure=False, ament_cmake_args=None, catkin_cmake_args=None, catkin_skip_building_tests=False, mixin_files=None, mixin=None, verb_parser=<colcon_mixin.mixin.mixin_argument.MixinArgumentDecorator object at 0x7a99ed155540>, verb_extension=<colcon_core.verb.build.BuildVerb object at 0x7a99ed155090>, main=<bound method BuildVerb.main of <colcon_core.verb.build.BuildVerb object at 0x7a99ed155090>>, mixin_verb=('build',))
[0.157s] Level 1:colcon.colcon_core.package_discovery:discover_packages(colcon_meta) check parameters
[0.157s] Level 1:colcon.colcon_core.package_discovery:discover_packages(recursive) check parameters
[0.157s] Level 1:colcon.colcon_core.package_discovery:discover_packages(ignore) check parameters
[0.157s] Level 1:colcon.colcon_core.package_discovery:discover_packages(path) check parameters
[0.157s] Level 1:colcon.colcon_core.package_discovery:discover_packages(colcon_meta) discover
[0.157s] Level 1:colcon.colcon_core.package_discovery:discover_packages(recursive) discover
[0.158s] INFO:colcon.colcon_core.package_discovery:Crawling recursively for packages in '/home/hawx/ws1'
[0.158s] Level 1:colcon.colcon_core.package_identification:_identify(.) by extensions ['ignore', 'ignore_ament_install']
[0.158s] Level 1:colcon.colcon_core.package_identification:_identify(.) by extension 'ignore'
[0.158s] Level 1:colcon.colcon_core.package_identification:_identify(.) by extension 'ignore_ament_install'
[0.158s] Level 1:colcon.colcon_core.package_identification:_identify(.) by extensions ['colcon_pkg']
[0.158s] Level 1:colcon.colcon_core.package_identification:_identify(.) by extension 'colcon_pkg'
[0.158s] Level 1:colcon.colcon_core.package_identification:_identify(.) by extensions ['colcon_meta']
[0.158s] Level 1:colcon.colcon_core.package_identification:_identify(.) by extension 'colcon_meta'
[0.158s] Level 1:colcon.colcon_core.package_identification:_identify(.) by extensions ['ros']
[0.158s] Level 1:colcon.colcon_core.package_identification:_identify(.) by extension 'ros'
[0.169s] Level 1:colcon.colcon_core.package_identification:_identify(.) by extensions ['cmake', 'python']
[0.169s] Level 1:colcon.colcon_core.package_identification:_identify(.) by extension 'cmake'
[0.169s] Level 1:colcon.colcon_core.package_identification:_identify(.) by extension 'python'
[0.169s] Level 1:colcon.colcon_core.package_identification:_identify(.) by extensions ['python_setup_py']
[0.169s] Level 1:colcon.colcon_core.package_identification:_identify(.) by extension 'python_setup_py'
[0.169s] Level 1:colcon.colcon_core.package_identification:_identify(build) by extensions ['ignore', 'ignore_ament_install']
[0.169s] Level 1:colcon.colcon_core.package_identification:_identify(build) by extension 'ignore'
[0.169s] Level 1:colcon.colcon_core.package_identification:_identify(build) ignored
[0.169s] Level 1:colcon.colcon_core.package_identification:_identify(install) by extensions ['ignore', 'ignore_ament_install']
[0.169s] Level 1:colcon.colcon_core.package_identification:_identify(install) by extension 'ignore'
[0.169s] Level 1:colcon.colcon_core.package_identification:_identify(install) ignored
[0.169s] Level 1:colcon.colcon_core.package_identification:_identify(log) by extensions ['ignore', 'ignore_ament_install']
[0.169s] Level 1:colcon.colcon_core.package_identification:_identify(log) by extension 'ignore'
[0.169s] Level 1:colcon.colcon_core.package_identification:_identify(log) ignored
[0.169s] Level 1:colcon.colcon_core.package_identification:_identify(src) by extensions ['ignore', 'ignore_ament_install']
[0.169s] Level 1:colcon.colcon_core.package_identification:_identify(src) by extension 'ignore'
[0.169s] Level 1:colcon.colcon_core.package_identification:_identify(src) by extension 'ignore_ament_install'
[0.169s] Level 1:colcon.colcon_core.package_identification:_identify(src) by extensions ['colcon_pkg']
[0.169s] Level 1:colcon.colcon_core.package_identification:_identify(src) by extension 'colcon_pkg'
[0.169s] Level 1:colcon.colcon_core.package_identification:_identify(src) by extensions ['colcon_meta']
[0.169s] Level 1:colcon.colcon_core.package_identification:_identify(src) by extension 'colcon_meta'
[0.169s] Level 1:colcon.colcon_core.package_identification:_identify(src) by extensions ['ros']
[0.169s] Level 1:colcon.colcon_core.package_identification:_identify(src) by extension 'ros'
[0.169s] Level 1:colcon.colcon_core.package_identification:_identify(src) by extensions ['cmake', 'python']
[0.169s] Level 1:colcon.colcon_core.package_identification:_identify(src) by extension 'cmake'
[0.169s] Level 1:colcon.colcon_core.package_identification:_identify(src) by extension 'python'
[0.169s] Level 1:colcon.colcon_core.package_identification:_identify(src) by extensions ['python_setup_py']
[0.169s] Level 1:colcon.colcon_core.package_identification:_identify(src) by extension 'python_setup_py'
[0.169s] Level 1:colcon.colcon_core.package_identification:_identify(src/build) by extensions ['ignore', 'ignore_ament_install']
[0.169s] Level 1:colcon.colcon_core.package_identification:_identify(src/build) by extension 'ignore'
[0.169s] Level 1:colcon.colcon_core.package_identification:_identify(src/build) ignored
[0.169s] Level 1:colcon.colcon_core.package_identification:_identify(src/install) by extensions ['ignore', 'ignore_ament_install']
[0.169s] Level 1:colcon.colcon_core.package_identification:_identify(src/install) by extension 'ignore'
[0.169s] Level 1:colcon.colcon_core.package_identification:_identify(src/install) ignored
[0.169s] Level 1:colcon.colcon_core.package_identification:_identify(src/interface_pkg1) by extensions ['ignore', 'ignore_ament_install']
[0.170s] Level 1:colcon.colcon_core.package_identification:_identify(src/interface_pkg1) by extension 'ignore'
[0.170s] Level 1:colcon.colcon_core.package_identification:_identify(src/interface_pkg1) by extension 'ignore_ament_install'
[0.170s] Level 1:colcon.colcon_core.package_identification:_identify(src/interface_pkg1) by extensions ['colcon_pkg']
[0.170s] Level 1:colcon.colcon_core.package_identification:_identify(src/interface_pkg1) by extension 'colcon_pkg'
[0.170s] Level 1:colcon.colcon_core.package_identification:_identify(src/interface_pkg1) by extensions ['colcon_meta']
[0.170s] Level 1:colcon.colcon_core.package_identification:_identify(src/interface_pkg1) by extension 'colcon_meta'
[0.170s] Level 1:colcon.colcon_core.package_identification:_identify(src/interface_pkg1) by extensions ['ros']
[0.170s] Level 1:colcon.colcon_core.package_identification:_identify(src/interface_pkg1) by extension 'ros'
[0.171s] DEBUG:colcon.colcon_core.package_identification:Package 'src/interface_pkg1' with type 'ros.ament_cmake' and name 'interface_pkg1'
[0.171s] Level 1:colcon.colcon_core.package_identification:_identify(src/log) by extensions ['ignore', 'ignore_ament_install']
[0.171s] Level 1:colcon.colcon_core.package_identification:_identify(src/log) by extension 'ignore'
[0.171s] Level 1:colcon.colcon_core.package_identification:_identify(src/log) ignored
[0.171s] Level 1:colcon.colcon_core.package_identification:_identify(src/msg_pkg1) by extensions ['ignore', 'ignore_ament_install']
[0.171s] Level 1:colcon.colcon_core.package_identification:_identify(src/msg_pkg1) by extension 'ignore'
[0.171s] Level 1:colcon.colcon_core.package_identification:_identify(src/msg_pkg1) by extension 'ignore_ament_install'
[0.171s] Level 1:colcon.colcon_core.package_identification:_identify(src/msg_pkg1) by extensions ['colcon_pkg']
[0.171s] Level 1:colcon.colcon_core.package_identification:_identify(src/msg_pkg1) by extension 'colcon_pkg'
[0.171s] Level 1:colcon.colcon_core.package_identification:_identify(src/msg_pkg1) by extensions ['colcon_meta']
[0.171s] Level 1:colcon.colcon_core.package_identification:_identify(src/msg_pkg1) by extension 'colcon_meta'
[0.171s] Level 1:colcon.colcon_core.package_identification:_identify(src/msg_pkg1) by extensions ['ros']
[0.171s] Level 1:colcon.colcon_core.package_identification:_identify(src/msg_pkg1) by extension 'ros'
[0.172s] DEBUG:colcon.colcon_core.package_identification:Package 'src/msg_pkg1' with type 'ros.ament_cmake' and name 'msg_pkg1'
[0.172s] Level 1:colcon.colcon_core.package_identification:_identify(src/pubsub_pkg1) by extensions ['ignore', 'ignore_ament_install']
[0.172s] Level 1:colcon.colcon_core.package_identification:_identify(src/pubsub_pkg1) by extension 'ignore'
[0.172s] Level 1:colcon.colcon_core.package_identification:_identify(src/pubsub_pkg1) by extension 'ignore_ament_install'
[0.172s] Level 1:colcon.colcon_core.package_identification:_identify(src/pubsub_pkg1) by extensions ['colcon_pkg']
[0.172s] Level 1:colcon.colcon_core.package_identification:_identify(src/pubsub_pkg1) by extension 'colcon_pkg'
[0.172s] Level 1:colcon.colcon_core.package_identification:_identify(src/pubsub_pkg1) by extensions ['colcon_meta']
[0.172s] Level 1:colcon.colcon_core.package_identification:_identify(src/pubsub_pkg1) by extension 'colcon_meta'
[0.172s] Level 1:colcon.colcon_core.package_identification:_identify(src/pubsub_pkg1) by extensions ['ros']
[0.172s] Level 1:colcon.colcon_core.package_identification:_identify(src/pubsub_pkg1) by extension 'ros'
[0.172s] DEBUG:colcon.colcon_core.package_identification:Package 'src/pubsub_pkg1' with type 'ros.ament_python' and name 'pubsub_pkg1'
[0.172s] Level 1:colcon.colcon_core.package_identification:_identify(src/py_pkg1) by extensions ['ignore', 'ignore_ament_install']
[0.172s] Level 1:colcon.colcon_core.package_identification:_identify(src/py_pkg1) by extension 'ignore'
[0.172s] Level 1:colcon.colcon_core.package_identification:_identify(src/py_pkg1) by extension 'ignore_ament_install'
[0.172s] Level 1:colcon.colcon_core.package_identification:_identify(src/py_pkg1) by extensions ['colcon_pkg']
[0.172s] Level 1:colcon.colcon_core.package_identification:_identify(src/py_pkg1) by extension 'colcon_pkg'
[0.172s] Level 1:colcon.colcon_core.package_identification:_identify(src/py_pkg1) by extensions ['colcon_meta']
[0.172s] Level 1:colcon.colcon_core.package_identification:_identify(src/py_pkg1) by extension 'colcon_meta'
[0.172s] Level 1:colcon.colcon_core.package_identification:_identify(src/py_pkg1) by extensions ['ros']
[0.172s] Level 1:colcon.colcon_core.package_identification:_identify(src/py_pkg1) by extension 'ros'
[0.172s] DEBUG:colcon.colcon_core.package_identification:Package 'src/py_pkg1' with type 'ros.ament_python' and name 'py_pkg1'
[0.172s] Level 1:colcon.colcon_core.package_identification:_identify(src/py_pkg2) by extensions ['ignore', 'ignore_ament_install']
[0.173s] Level 1:colcon.colcon_core.package_identification:_identify(src/py_pkg2) by extension 'ignore'
[0.173s] Level 1:colcon.colcon_core.package_identification:_identify(src/py_pkg2) by extension 'ignore_ament_install'
[0.173s] Level 1:colcon.colcon_core.package_identification:_identify(src/py_pkg2) by extensions ['colcon_pkg']
[0.173s] Level 1:colcon.colcon_core.package_identification:_identify(src/py_pkg2) by extension 'colcon_pkg'
[0.173s] Level 1:colcon.colcon_core.package_identification:_identify(src/py_pkg2) by extensions ['colcon_meta']
[0.173s] Level 1:colcon.colcon_core.package_identification:_identify(src/py_pkg2) by extension 'colcon_meta'
[0.173s] Level 1:colcon.colcon_core.package_identification:_identify(src/py_pkg2) by extensions ['ros']
[0.173s] Level 1:colcon.colcon_core.package_identification:_identify(src/py_pkg2) by extension 'ros'
[0.173s] DEBUG:colcon.colcon_core.package_identification:Package 'src/py_pkg2' with type 'ros.ament_python' and name 'py_pkg2'
[0.173s] Level 1:colcon.colcon_core.package_identification:_identify(src/pypara_pkg1) by extensions ['ignore', 'ignore_ament_install']
[0.173s] Level 1:colcon.colcon_core.package_identification:_identify(src/pypara_pkg1) by extension 'ignore'
[0.173s] Level 1:colcon.colcon_core.package_identification:_identify(src/pypara_pkg1) by extension 'ignore_ament_install'
[0.173s] Level 1:colcon.colcon_core.package_identification:_identify(src/pypara_pkg1) by extensions ['colcon_pkg']
[0.173s] Level 1:colcon.colcon_core.package_identification:_identify(src/pypara_pkg1) by extension 'colcon_pkg'
[0.173s] Level 1:colcon.colcon_core.package_identification:_identify(src/pypara_pkg1) by extensions ['colcon_meta']
[0.173s] Level 1:colcon.colcon_core.package_identification:_identify(src/pypara_pkg1) by extension 'colcon_meta'
[0.173s] Level 1:colcon.colcon_core.package_identification:_identify(src/pypara_pkg1) by extensions ['ros']
[0.173s] Level 1:colcon.colcon_core.package_identification:_identify(src/pypara_pkg1) by extension 'ros'
[0.173s] DEBUG:colcon.colcon_core.package_identification:Package 'src/pypara_pkg1' with type 'ros.ament_python' and name 'pypara_pkg1'
[0.173s] Level 1:colcon.colcon_core.package_discovery:discover_packages(recursive) using defaults
[0.173s] Level 1:colcon.colcon_core.package_discovery:discover_packages(ignore) discover
[0.173s] Level 1:colcon.colcon_core.package_discovery:discover_packages(ignore) using defaults
[0.173s] Level 1:colcon.colcon_core.package_discovery:discover_packages(path) discover
[0.173s] Level 1:colcon.colcon_core.package_discovery:discover_packages(path) using defaults
[0.184s] Level 1:colcon.colcon_core.package_discovery:discover_packages(prefix_path) check parameters
[0.184s] Level 1:colcon.colcon_core.package_discovery:discover_packages(prefix_path) discover
[0.185s] DEBUG:colcon.colcon_installed_package_information.package_discovery:Found 6 installed packages in /home/hawx/ws1/install
[0.185s] DEBUG:colcon.colcon_installed_package_information.package_discovery:Found 4 installed packages in /home/hawx/ws1/src/install
[0.186s] DEBUG:colcon.colcon_installed_package_information.package_discovery:Found 297 installed packages in /opt/ros/humble
[0.187s] Level 1:colcon.colcon_core.package_discovery:discover_packages(prefix_path) using defaults
[0.207s] Level 5:colcon.colcon_core.verb:set package 'interface_pkg1' build argument 'cmake_args' from command line to 'None'
[0.207s] Level 5:colcon.colcon_core.verb:set package 'interface_pkg1' build argument 'cmake_target' from command line to 'None'
[0.207s] Level 5:colcon.colcon_core.verb:set package 'interface_pkg1' build argument 'cmake_target_skip_unavailable' from command line to 'False'
[0.207s] Level 5:colcon.colcon_core.verb:set package 'interface_pkg1' build argument 'cmake_clean_cache' from command line to 'False'
[0.207s] Level 5:colcon.colcon_core.verb:set package 'interface_pkg1' build argument 'cmake_clean_first' from command line to 'False'
[0.207s] Level 5:colcon.colcon_core.verb:set package 'interface_pkg1' build argument 'cmake_force_configure' from command line to 'False'
[0.207s] Level 5:colcon.colcon_core.verb:set package 'interface_pkg1' build argument 'ament_cmake_args' from command line to 'None'
[0.207s] Level 5:colcon.colcon_core.verb:set package 'interface_pkg1' build argument 'catkin_cmake_args' from command line to 'None'
[0.207s] Level 5:colcon.colcon_core.verb:set package 'interface_pkg1' build argument 'catkin_skip_building_tests' from command line to 'False'
[0.207s] DEBUG:colcon.colcon_core.verb:Building package 'interface_pkg1' with the following arguments: {'ament_cmake_args': None, 'build_base': '/home/hawx/ws1/build/interface_pkg1', 'catkin_cmake_args': None, 'catkin_skip_building_tests': False, 'cmake_args': None, 'cmake_clean_cache': False, 'cmake_clean_first': False, 'cmake_force_configure': False, 'cmake_target': None, 'cmake_target_skip_unavailable': False, 'install_base': '/home/hawx/ws1/install/interface_pkg1', 'merge_install': False, 'path': '/home/hawx/ws1/src/interface_pkg1', 'symlink_install': False, 'test_result_base': None}
[0.207s] Level 5:colcon.colcon_core.verb:set package 'msg_pkg1' build argument 'cmake_args' from command line to 'None'
[0.207s] Level 5:colcon.colcon_core.verb:set package 'msg_pkg1' build argument 'cmake_target' from command line to 'None'
[0.207s] Level 5:colcon.colcon_core.verb:set package 'msg_pkg1' build argument 'cmake_target_skip_unavailable' from command line to 'False'
[0.207s] Level 5:colcon.colcon_core.verb:set package 'msg_pkg1' build argument 'cmake_clean_cache' from command line to 'False'
[0.207s] Level 5:colcon.colcon_core.verb:set package 'msg_pkg1' build argument 'cmake_clean_first' from command line to 'False'
[0.207s] Level 5:colcon.colcon_core.verb:set package 'msg_pkg1' build argument 'cmake_force_configure' from command line to 'False'
[0.207s] Level 5:colcon.colcon_core.verb:set package 'msg_pkg1' build argument 'ament_cmake_args' from command line to 'None'
[0.207s] Level 5:colcon.colcon_core.verb:set package 'msg_pkg1' build argument 'catkin_cmake_args' from command line to 'None'
[0.207s] Level 5:colcon.colcon_core.verb:set package 'msg_pkg1' build argument 'catkin_skip_building_tests' from command line to 'False'
[0.207s] DEBUG:colcon.colcon_core.verb:Building package 'msg_pkg1' with the following arguments: {'ament_cmake_args': None, 'build_base': '/home/hawx/ws1/build/msg_pkg1', 'catkin_cmake_args': None, 'catkin_skip_building_tests': False, 'cmake_args': None, 'cmake_clean_cache': False, 'cmake_clean_first': False, 'cmake_force_configure': False, 'cmake_target': None, 'cmake_target_skip_unavailable': False, 'install_base': '/home/hawx/ws1/install/msg_pkg1', 'merge_install': False, 'path': '/home/hawx/ws1/src/msg_pkg1', 'symlink_install': False, 'test_result_base': None}
[0.208s] Level 5:colcon.colcon_core.verb:set package 'pubsub_pkg1' build argument 'cmake_args' from command line to 'None'
[0.208s] Level 5:colcon.colcon_core.verb:set package 'pubsub_pkg1' build argument 'cmake_target' from command line to 'None'
[0.208s] Level 5:colcon.colcon_core.verb:set package 'pubsub_pkg1' build argument 'cmake_target_skip_unavailable' from command line to 'False'
[0.208s] Level 5:colcon.colcon_core.verb:set package 'pubsub_pkg1' build argument 'cmake_clean_cache' from command line to 'False'
[0.208s] Level 5:colcon.colcon_core.verb:set package 'pubsub_pkg1' build argument 'cmake_clean_first' from command line to 'False'
[0.208s] Level 5:colcon.colcon_core.verb:set package 'pubsub_pkg1' build argument 'cmake_force_configure' from command line to 'False'
[0.208s] Level 5:colcon.colcon_core.verb:set package 'pubsub_pkg1' build argument 'ament_cmake_args' from command line to 'None'
[0.208s] Level 5:colcon.colcon_core.verb:set package 'pubsub_pkg1' build argument 'catkin_cmake_args' from command line to 'None'
[0.208s] Level 5:colcon.colcon_core.verb:set package 'pubsub_pkg1' build argument 'catkin_skip_building_tests' from command line to 'False'
[0.208s] DEBUG:colcon.colcon_core.verb:Building package 'pubsub_pkg1' with the following arguments: {'ament_cmake_args': None, 'build_base': '/home/hawx/ws1/build/pubsub_pkg1', 'catkin_cmake_args': None, 'catkin_skip_building_tests': False, 'cmake_args': None, 'cmake_clean_cache': False, 'cmake_clean_first': False, 'cmake_force_configure': False, 'cmake_target': None, 'cmake_target_skip_unavailable': False, 'install_base': '/home/hawx/ws1/install/pubsub_pkg1', 'merge_install': False, 'path': '/home/hawx/ws1/src/pubsub_pkg1', 'symlink_install': False, 'test_result_base': None}
[0.208s] Level 5:colcon.colcon_core.verb:set package 'py_pkg1' build argument 'cmake_args' from command line to 'None'
[0.208s] Level 5:colcon.colcon_core.verb:set package 'py_pkg1' build argument 'cmake_target' from command line to 'None'
[0.208s] Level 5:colcon.colcon_core.verb:set package 'py_pkg1' build argument 'cmake_target_skip_unavailable' from command line to 'False'
[0.208s] Level 5:colcon.colcon_core.verb:set package 'py_pkg1' build argument 'cmake_clean_cache' from command line to 'False'
[0.208s] Level 5:colcon.colcon_core.verb:set package 'py_pkg1' build argument 'cmake_clean_first' from command line to 'False'
[0.208s] Level 5:colcon.colcon_core.verb:set package 'py_pkg1' build argument 'cmake_force_configure' from command line to 'False'
[0.208s] Level 5:colcon.colcon_core.verb:set package 'py_pkg1' build argument 'ament_cmake_args' from command line to 'None'
[0.208s] Level 5:colcon.colcon_core.verb:set package 'py_pkg1' build argument 'catkin_cmake_args' from command line to 'None'
[0.208s] Level 5:colcon.colcon_core.verb:set package 'py_pkg1' build argument 'catkin_skip_building_tests' from command line to 'False'
[0.208s] DEBUG:colcon.colcon_core.verb:Building package 'py_pkg1' with the following arguments: {'ament_cmake_args': None, 'build_base': '/home/hawx/ws1/build/py_pkg1', 'catkin_cmake_args': None, 'catkin_skip_building_tests': False, 'cmake_args': None, 'cmake_clean_cache': False, 'cmake_clean_first': False, 'cmake_force_configure': False, 'cmake_target': None, 'cmake_target_skip_unavailable': False, 'install_base': '/home/hawx/ws1/install/py_pkg1', 'merge_install': False, 'path': '/home/hawx/ws1/src/py_pkg1', 'symlink_install': False, 'test_result_base': None}
[0.208s] Level 5:colcon.colcon_core.verb:set package 'py_pkg2' build argument 'cmake_args' from command line to 'None'
[0.208s] Level 5:colcon.colcon_core.verb:set package 'py_pkg2' build argument 'cmake_target' from command line to 'None'
[0.208s] Level 5:colcon.colcon_core.verb:set package 'py_pkg2' build argument 'cmake_target_skip_unavailable' from command line to 'False'
[0.208s] Level 5:colcon.colcon_core.verb:set package 'py_pkg2' build argument 'cmake_clean_cache' from command line to 'False'
[0.208s] Level 5:colcon.colcon_core.verb:set package 'py_pkg2' build argument 'cmake_clean_first' from command line to 'False'
[0.208s] Level 5:colcon.colcon_core.verb:set package 'py_pkg2' build argument 'cmake_force_configure' from command line to 'False'
[0.208s] Level 5:colcon.colcon_core.verb:set package 'py_pkg2' build argument 'ament_cmake_args' from command line to 'None'
[0.208s] Level 5:colcon.colcon_core.verb:set package 'py_pkg2' build argument 'catkin_cmake_args' from command line to 'None'
[0.208s] Level 5:colcon.colcon_core.verb:set package 'py_pkg2' build argument 'catkin_skip_building_tests' from command line to 'False'
[0.208s] DEBUG:colcon.colcon_core.verb:Building package 'py_pkg2' with the following arguments: {'ament_cmake_args': None, 'build_base': '/home/hawx/ws1/build/py_pkg2', 'catkin_cmake_args': None, 'catkin_skip_building_tests': False, 'cmake_args': None, 'cmake_clean_cache': False, 'cmake_clean_first': False, 'cmake_force_configure': False, 'cmake_target': None, 'cmake_target_skip_unavailable': False, 'install_base': '/home/hawx/ws1/install/py_pkg2', 'merge_install': False, 'path': '/home/hawx/ws1/src/py_pkg2', 'symlink_install': False, 'test_result_base': None}
[0.208s] Level 5:colcon.colcon_core.verb:set package 'pypara_pkg1' build argument 'cmake_args' from command line to 'None'
[0.208s] Level 5:colcon.colcon_core.verb:set package 'pypara_pkg1' build argument 'cmake_target' from command line to 'None'
[0.208s] Level 5:colcon.colcon_core.verb:set package 'pypara_pkg1' build argument 'cmake_target_skip_unavailable' from command line to 'False'
[0.208s] Level 5:colcon.colcon_core.verb:set package 'pypara_pkg1' build argument 'cmake_clean_cache' from command line to 'False'
[0.208s] Level 5:colcon.colcon_core.verb:set package 'pypara_pkg1' build argument 'cmake_clean_first' from command line to 'False'
[0.208s] Level 5:colcon.colcon_core.verb:set package 'pypara_pkg1' build argument 'cmake_force_configure' from command line to 'False'
[0.208s] Level 5:colcon.colcon_core.verb:set package 'pypara_pkg1' build argument 'ament_cmake_args' from command line to 'None'
[0.208s] Level 5:colcon.colcon_core.verb:set package 'pypara_pkg1' build argument 'catkin_cmake_args' from command line to 'None'
[0.208s] Level 5:colcon.colcon_core.verb:set package 'pypara_pkg1' build argument 'catkin_skip_building_tests' from command line to 'False'
[0.208s] DEBUG:colcon.colcon_core.verb:Building package 'pypara_pkg1' with the following arguments: {'ament_cmake_args': None, 'build_base': '/home/hawx/ws1/build/pypara_pkg1', 'catkin_cmake_args': None, 'catkin_skip_building_tests': False, 'cmake_args': None, 'cmake_clean_cache': False, 'cmake_clean_first': False, 'cmake_force_configure': False, 'cmake_target': None, 'cmake_target_skip_unavailable': False, 'install_base': '/home/hawx/ws1/install/pypara_pkg1', 'merge_install': False, 'path': '/home/hawx/ws1/src/pypara_pkg1', 'symlink_install': False, 'test_result_base': None}
[0.208s] INFO:colcon.colcon_core.executor:Executing jobs using 'parallel' executor
[0.209s] DEBUG:colcon.colcon_parallel_executor.executor.parallel:run_until_complete
[0.209s] INFO:colcon.colcon_ros.task.ament_cmake.build:Building ROS package in '/home/hawx/ws1/src/interface_pkg1' with build type 'ament_cmake'
[0.209s] INFO:colcon.colcon_cmake.task.cmake.build:Building CMake package in '/home/hawx/ws1/src/interface_pkg1'
[0.210s] INFO:colcon.colcon_core.plugin_system:Skipping extension 'colcon_core.shell.bat': Not used on non-Windows systems
[0.211s] INFO:colcon.colcon_core.shell:Skip shell extension 'powershell' for command environment: Not usable outside of PowerShell
[0.211s] DEBUG:colcon.colcon_core.shell:Skip shell extension 'dsv' for command environment
[0.213s] INFO:colcon.colcon_ros.task.ament_cmake.build:Building ROS package in '/home/hawx/ws1/src/msg_pkg1' with build type 'ament_cmake'
[0.213s] INFO:colcon.colcon_cmake.task.cmake.build:Building CMake package in '/home/hawx/ws1/src/msg_pkg1'
[0.213s] INFO:colcon.colcon_core.shell:Skip shell extension 'powershell' for command environment: Not usable outside of PowerShell
[0.213s] DEBUG:colcon.colcon_core.shell:Skip shell extension 'dsv' for command environment
[0.215s] INFO:colcon.colcon_ros.task.ament_python.build:Building ROS package in '/home/hawx/ws1/src/pubsub_pkg1' with build type 'ament_python'
[0.215s] Level 1:colcon.colcon_core.shell:create_environment_hook('pubsub_pkg1', 'ament_prefix_path')
[0.215s] INFO:colcon.colcon_core.shell:Creating environment hook '/home/hawx/ws1/install/pubsub_pkg1/share/pubsub_pkg1/hook/ament_prefix_path.ps1'
[0.216s] INFO:colcon.colcon_core.shell:Creating environment descriptor '/home/hawx/ws1/install/pubsub_pkg1/share/pubsub_pkg1/hook/ament_prefix_path.dsv'
[0.216s] INFO:colcon.colcon_core.shell:Creating environment hook '/home/hawx/ws1/install/pubsub_pkg1/share/pubsub_pkg1/hook/ament_prefix_path.sh'
[0.216s] INFO:colcon.colcon_core.shell:Skip shell extension 'powershell' for command environment: Not usable outside of PowerShell
[0.216s] DEBUG:colcon.colcon_core.shell:Skip shell extension 'dsv' for command environment
[0.218s] INFO:colcon.colcon_ros.task.ament_python.build:Building ROS package in '/home/hawx/ws1/src/py_pkg1' with build type 'ament_python'
[0.218s] Level 1:colcon.colcon_core.shell:create_environment_hook('py_pkg1', 'ament_prefix_path')
[0.218s] INFO:colcon.colcon_core.shell:Creating environment hook '/home/hawx/ws1/install/py_pkg1/share/py_pkg1/hook/ament_prefix_path.ps1'
[0.219s] INFO:colcon.colcon_core.shell:Creating environment descriptor '/home/hawx/ws1/install/py_pkg1/share/py_pkg1/hook/ament_prefix_path.dsv'
[0.219s] INFO:colcon.colcon_core.shell:Creating environment hook '/home/hawx/ws1/install/py_pkg1/share/py_pkg1/hook/ament_prefix_path.sh'
[0.219s] INFO:colcon.colcon_core.shell:Skip shell extension 'powershell' for command environment: Not usable outside of PowerShell
[0.219s] DEBUG:colcon.colcon_core.shell:Skip shell extension 'dsv' for command environment
[0.221s] INFO:colcon.colcon_ros.task.ament_python.build:Building ROS package in '/home/hawx/ws1/src/py_pkg2' with build type 'ament_python'
[0.221s] Level 1:colcon.colcon_core.shell:create_environment_hook('py_pkg2', 'ament_prefix_path')
[0.222s] INFO:colcon.colcon_core.shell:Creating environment hook '/home/hawx/ws1/install/py_pkg2/share/py_pkg2/hook/ament_prefix_path.ps1'
[0.222s] INFO:colcon.colcon_core.shell:Creating environment descriptor '/home/hawx/ws1/install/py_pkg2/share/py_pkg2/hook/ament_prefix_path.dsv'
[0.222s] INFO:colcon.colcon_core.shell:Creating environment hook '/home/hawx/ws1/install/py_pkg2/share/py_pkg2/hook/ament_prefix_path.sh'
[0.222s] INFO:colcon.colcon_core.shell:Skip shell extension 'powershell' for command environment: Not usable outside of PowerShell
[0.222s] DEBUG:colcon.colcon_core.shell:Skip shell extension 'dsv' for command environment
[0.224s] INFO:colcon.colcon_ros.task.ament_python.build:Building ROS package in '/home/hawx/ws1/src/pypara_pkg1' with build type 'ament_python'
[0.224s] Level 1:colcon.colcon_core.shell:create_environment_hook('pypara_pkg1', 'ament_prefix_path')
[0.225s] INFO:colcon.colcon_core.shell:Creating environment hook '/home/hawx/ws1/install/pypara_pkg1/share/pypara_pkg1/hook/ament_prefix_path.ps1'
[0.225s] INFO:colcon.colcon_core.shell:Creating environment descriptor '/home/hawx/ws1/install/pypara_pkg1/share/pypara_pkg1/hook/ament_prefix_path.dsv'
[0.225s] INFO:colcon.colcon_core.shell:Creating environment hook '/home/hawx/ws1/install/pypara_pkg1/share/pypara_pkg1/hook/ament_prefix_path.sh'
[0.225s] INFO:colcon.colcon_core.shell:Skip shell extension 'powershell' for command environment: Not usable outside of PowerShell
[0.225s] DEBUG:colcon.colcon_core.shell:Skip shell extension 'dsv' for command environment
[0.230s] DEBUG:colcon.colcon_core.event_handler.log_command:Invoking command in '/home/hawx/ws1/build/interface_pkg1': CMAKE_PREFIX_PATH=${CMAKE_PREFIX_PATH}:/home/hawx/ws1/install/pypara_pkg1:/home/hawx/ws1/install/py_pkg2:/home/hawx/ws1/install/py_pkg1:/home/hawx/ws1/install/pubsub_pkg1:/home/hawx/ws1/src/install/pypara_pkg1:/home/hawx/ws1/src/install/py_pkg2:/home/hawx/ws1/src/install/py_pkg1:/opt/ros/humble /usr/bin/cmake --build /home/hawx/ws1/build/interface_pkg1 -- -j32 -l32
[0.232s] DEBUG:colcon.colcon_core.event_handler.log_command:Invoking command in '/home/hawx/ws1/build/msg_pkg1': CMAKE_PREFIX_PATH=${CMAKE_PREFIX_PATH}:/home/hawx/ws1/install/pypara_pkg1:/home/hawx/ws1/install/py_pkg2:/home/hawx/ws1/install/py_pkg1:/home/hawx/ws1/install/pubsub_pkg1:/home/hawx/ws1/src/install/pypara_pkg1:/home/hawx/ws1/src/install/py_pkg2:/home/hawx/ws1/src/install/py_pkg1:/opt/ros/humble /usr/bin/cmake --build /home/hawx/ws1/build/msg_pkg1 -- -j32 -l32
[0.379s] WARNING:colcon.colcon_ros.task.ament_python.build:Package 'pubsub_pkg1' doesn't explicitly install a marker in the package index (colcon-ros currently does it implicitly but that fallback will be removed in the future)
[0.379s] INFO:colcon.colcon_core.task.python.build:Building Python package in '/home/hawx/ws1/src/pubsub_pkg1'
[0.380s] INFO:colcon.colcon_core.shell:Skip shell extension 'powershell' for command environment: Not usable outside of PowerShell
[0.380s] DEBUG:colcon.colcon_core.shell:Skip shell extension 'dsv' for command environment
[0.524s] INFO:colcon.colcon_core.task.python.build:Building Python package in '/home/hawx/ws1/src/py_pkg1'
[0.524s] INFO:colcon.colcon_core.shell:Skip shell extension 'powershell' for command environment: Not usable outside of PowerShell
[0.524s] DEBUG:colcon.colcon_core.shell:Skip shell extension 'dsv' for command environment
[0.680s] INFO:colcon.colcon_core.task.python.build:Building Python package in '/home/hawx/ws1/src/py_pkg2'
[0.680s] INFO:colcon.colcon_core.shell:Skip shell extension 'powershell' for command environment: Not usable outside of PowerShell
[0.680s] DEBUG:colcon.colcon_core.shell:Skip shell extension 'dsv' for command environment
[0.686s] DEBUG:colcon.colcon_core.event_handler.log_command:Invoked command in '/home/hawx/ws1/build/interface_pkg1' returned '0': CMAKE_PREFIX_PATH=${CMAKE_PREFIX_PATH}:/home/hawx/ws1/install/pypara_pkg1:/home/hawx/ws1/install/py_pkg2:/home/hawx/ws1/install/py_pkg1:/home/hawx/ws1/install/pubsub_pkg1:/home/hawx/ws1/src/install/pypara_pkg1:/home/hawx/ws1/src/install/py_pkg2:/home/hawx/ws1/src/install/py_pkg1:/opt/ros/humble /usr/bin/cmake --build /home/hawx/ws1/build/interface_pkg1 -- -j32 -l32
[0.693s] DEBUG:colcon.colcon_core.event_handler.log_command:Invoking command in '/home/hawx/ws1/build/interface_pkg1': CMAKE_PREFIX_PATH=${CMAKE_PREFIX_PATH}:/home/hawx/ws1/install/pypara_pkg1:/home/hawx/ws1/install/py_pkg2:/home/hawx/ws1/install/py_pkg1:/home/hawx/ws1/install/pubsub_pkg1:/home/hawx/ws1/src/install/pypara_pkg1:/home/hawx/ws1/src/install/py_pkg2:/home/hawx/ws1/src/install/py_pkg1:/opt/ros/humble /usr/bin/cmake --install /home/hawx/ws1/build/interface_pkg1
[0.693s] DEBUG:colcon.colcon_core.event_handler.log_command:Invoked command in '/home/hawx/ws1/build/msg_pkg1' returned '0': CMAKE_PREFIX_PATH=${CMAKE_PREFIX_PATH}:/home/hawx/ws1/install/pypara_pkg1:/home/hawx/ws1/install/py_pkg2:/home/hawx/ws1/install/py_pkg1:/home/hawx/ws1/install/pubsub_pkg1:/home/hawx/ws1/src/install/pypara_pkg1:/home/hawx/ws1/src/install/py_pkg2:/home/hawx/ws1/src/install/py_pkg1:/opt/ros/humble /usr/bin/cmake --build /home/hawx/ws1/build/msg_pkg1 -- -j32 -l32
[0.694s] DEBUG:colcon.colcon_core.event_handler.log_command:Invoking command in '/home/hawx/ws1/build/msg_pkg1': CMAKE_PREFIX_PATH=${CMAKE_PREFIX_PATH}:/home/hawx/ws1/install/pypara_pkg1:/home/hawx/ws1/install/py_pkg2:/home/hawx/ws1/install/py_pkg1:/home/hawx/ws1/install/pubsub_pkg1:/home/hawx/ws1/src/install/pypara_pkg1:/home/hawx/ws1/src/install/py_pkg2:/home/hawx/ws1/src/install/py_pkg1:/opt/ros/humble /usr/bin/cmake --install /home/hawx/ws1/build/msg_pkg1
[0.836s] INFO:colcon.colcon_core.task.python.build:Building Python package in '/home/hawx/ws1/src/pypara_pkg1'
[0.836s] INFO:colcon.colcon_core.shell:Skip shell extension 'powershell' for command environment: Not usable outside of PowerShell
[0.836s] DEBUG:colcon.colcon_core.shell:Skip shell extension 'dsv' for command environment
[0.849s] Level 1:colcon.colcon_core.environment:create_environment_scripts_only(msg_pkg1)
[0.853s] Level 1:colcon.colcon_core.environment:checking '/home/hawx/ws1/install/msg_pkg1' for CMake module files
[0.853s] Level 1:colcon.colcon_core.environment:checking '/home/hawx/ws1/install/msg_pkg1' for CMake config files
[0.854s] DEBUG:colcon.colcon_core.event_handler.log_command:Invoked command in '/home/hawx/ws1/build/msg_pkg1' returned '0': CMAKE_PREFIX_PATH=${CMAKE_PREFIX_PATH}:/home/hawx/ws1/install/pypara_pkg1:/home/hawx/ws1/install/py_pkg2:/home/hawx/ws1/install/py_pkg1:/home/hawx/ws1/install/pubsub_pkg1:/home/hawx/ws1/src/install/pypara_pkg1:/home/hawx/ws1/src/install/py_pkg2:/home/hawx/ws1/src/install/py_pkg1:/opt/ros/humble /usr/bin/cmake --install /home/hawx/ws1/build/msg_pkg1
[0.855s] Level 1:colcon.colcon_core.shell:create_environment_hook('msg_pkg1', 'cmake_prefix_path')
[0.855s] INFO:colcon.colcon_core.shell:Creating environment hook '/home/hawx/ws1/install/msg_pkg1/share/msg_pkg1/hook/cmake_prefix_path.ps1'
[0.855s] INFO:colcon.colcon_core.shell:Creating environment descriptor '/home/hawx/ws1/install/msg_pkg1/share/msg_pkg1/hook/cmake_prefix_path.dsv'
[0.855s] INFO:colcon.colcon_core.shell:Creating environment hook '/home/hawx/ws1/install/msg_pkg1/share/msg_pkg1/hook/cmake_prefix_path.sh'
[0.855s] Level 1:colcon.colcon_core.environment:checking '/home/hawx/ws1/install/msg_pkg1/lib'
[0.856s] Level 1:colcon.colcon_core.shell:create_environment_hook('msg_pkg1', 'ld_library_path_lib')
[0.856s] INFO:colcon.colcon_core.shell:Creating environment hook '/home/hawx/ws1/install/msg_pkg1/share/msg_pkg1/hook/ld_library_path_lib.ps1'
[0.856s] INFO:colcon.colcon_core.shell:Creating environment descriptor '/home/hawx/ws1/install/msg_pkg1/share/msg_pkg1/hook/ld_library_path_lib.dsv'
[0.856s] INFO:colcon.colcon_core.shell:Creating environment hook '/home/hawx/ws1/install/msg_pkg1/share/msg_pkg1/hook/ld_library_path_lib.sh'
[0.856s] Level 1:colcon.colcon_core.environment:checking '/home/hawx/ws1/install/msg_pkg1/bin'
[0.856s] Level 1:colcon.colcon_core.environment:checking '/home/hawx/ws1/install/msg_pkg1/lib/pkgconfig/msg_pkg1.pc'
[0.856s] Level 1:colcon.colcon_core.environment:checking '/home/hawx/ws1/install/msg_pkg1/lib/python3.10/site-packages'
[0.856s] Level 1:colcon.colcon_core.environment:checking '/home/hawx/ws1/install/msg_pkg1/bin'
[0.857s] INFO:colcon.colcon_core.shell:Creating package script '/home/hawx/ws1/install/msg_pkg1/share/msg_pkg1/package.ps1'
[0.857s] INFO:colcon.colcon_core.shell:Creating package descriptor '/home/hawx/ws1/install/msg_pkg1/share/msg_pkg1/package.dsv'
[0.857s] INFO:colcon.colcon_core.shell:Creating package script '/home/hawx/ws1/install/msg_pkg1/share/msg_pkg1/package.sh'
[0.858s] INFO:colcon.colcon_core.shell:Creating package script '/home/hawx/ws1/install/msg_pkg1/share/msg_pkg1/package.bash'
[0.858s] INFO:colcon.colcon_core.shell:Creating package script '/home/hawx/ws1/install/msg_pkg1/share/msg_pkg1/package.zsh'
[0.858s] Level 1:colcon.colcon_core.environment:create_file_with_runtime_dependencies(/home/hawx/ws1/install/msg_pkg1/share/colcon-core/packages/msg_pkg1)
[0.859s] Level 1:colcon.colcon_core.environment:create_environment_scripts_only(msg_pkg1)
[0.859s] Level 1:colcon.colcon_core.environment:checking '/home/hawx/ws1/install/msg_pkg1' for CMake module files
[0.859s] Level 1:colcon.colcon_core.environment:checking '/home/hawx/ws1/install/msg_pkg1' for CMake config files
[0.859s] Level 1:colcon.colcon_core.shell:create_environment_hook('msg_pkg1', 'cmake_prefix_path')
[0.859s] INFO:colcon.colcon_core.shell:Creating environment hook '/home/hawx/ws1/install/msg_pkg1/share/msg_pkg1/hook/cmake_prefix_path.ps1'
[0.860s] INFO:colcon.colcon_core.shell:Creating environment descriptor '/home/hawx/ws1/install/msg_pkg1/share/msg_pkg1/hook/cmake_prefix_path.dsv'
[0.860s] INFO:colcon.colcon_core.shell:Creating environment hook '/home/hawx/ws1/install/msg_pkg1/share/msg_pkg1/hook/cmake_prefix_path.sh'
[0.860s] Level 1:colcon.colcon_core.environment:checking '/home/hawx/ws1/install/msg_pkg1/lib'
[0.860s] Level 1:colcon.colcon_core.shell:create_environment_hook('msg_pkg1', 'ld_library_path_lib')
[0.860s] INFO:colcon.colcon_core.shell:Creating environment hook '/home/hawx/ws1/install/msg_pkg1/share/msg_pkg1/hook/ld_library_path_lib.ps1'
[0.860s] INFO:colcon.colcon_core.shell:Creating environment descriptor '/home/hawx/ws1/install/msg_pkg1/share/msg_pkg1/hook/ld_library_path_lib.dsv'
[0.861s] INFO:colcon.colcon_core.shell:Creating environment hook '/home/hawx/ws1/install/msg_pkg1/share/msg_pkg1/hook/ld_library_path_lib.sh'
[0.861s] Level 1:colcon.colcon_core.environment:checking '/home/hawx/ws1/install/msg_pkg1/bin'
[0.861s] Level 1:colcon.colcon_core.environment:checking '/home/hawx/ws1/install/msg_pkg1/lib/pkgconfig/msg_pkg1.pc'
[0.861s] Level 1:colcon.colcon_core.environment:checking '/home/hawx/ws1/install/msg_pkg1/lib/python3.10/site-packages'
[0.861s] Level 1:colcon.colcon_core.environment:checking '/home/hawx/ws1/install/msg_pkg1/bin'
[0.861s] INFO:colcon.colcon_core.shell:Creating package script '/home/hawx/ws1/install/msg_pkg1/share/msg_pkg1/package.ps1'
[0.861s] INFO:colcon.colcon_core.shell:Creating package descriptor '/home/hawx/ws1/install/msg_pkg1/share/msg_pkg1/package.dsv'
[0.862s] INFO:colcon.colcon_core.shell:Creating package script '/home/hawx/ws1/install/msg_pkg1/share/msg_pkg1/package.sh'
[0.862s] INFO:colcon.colcon_core.shell:Creating package script '/home/hawx/ws1/install/msg_pkg1/share/msg_pkg1/package.bash'
[0.862s] INFO:colcon.colcon_core.shell:Creating package script '/home/hawx/ws1/install/msg_pkg1/share/msg_pkg1/package.zsh'
[0.862s] Level 1:colcon.colcon_core.environment:create_file_with_runtime_dependencies(/home/hawx/ws1/install/msg_pkg1/share/colcon-core/packages/msg_pkg1)
[0.863s] Level 1:colcon.colcon_core.environment:create_environment_scripts_only(interface_pkg1)
[0.864s] Level 1:colcon.colcon_core.environment:checking '/home/hawx/ws1/install/interface_pkg1' for CMake module files
[0.864s] DEBUG:colcon.colcon_core.event_handler.log_command:Invoked command in '/home/hawx/ws1/build/interface_pkg1' returned '0': CMAKE_PREFIX_PATH=${CMAKE_PREFIX_PATH}:/home/hawx/ws1/install/pypara_pkg1:/home/hawx/ws1/install/py_pkg2:/home/hawx/ws1/install/py_pkg1:/home/hawx/ws1/install/pubsub_pkg1:/home/hawx/ws1/src/install/pypara_pkg1:/home/hawx/ws1/src/install/py_pkg2:/home/hawx/ws1/src/install/py_pkg1:/opt/ros/humble /usr/bin/cmake --install /home/hawx/ws1/build/interface_pkg1
[0.864s] Level 1:colcon.colcon_core.environment:checking '/home/hawx/ws1/install/interface_pkg1' for CMake config files
[0.864s] Level 1:colcon.colcon_core.shell:create_environment_hook('interface_pkg1', 'cmake_prefix_path')
[0.865s] INFO:colcon.colcon_core.shell:Creating environment hook '/home/hawx/ws1/install/interface_pkg1/share/interface_pkg1/hook/cmake_prefix_path.ps1'
[0.865s] INFO:colcon.colcon_core.shell:Creating environment descriptor '/home/hawx/ws1/install/interface_pkg1/share/interface_pkg1/hook/cmake_prefix_path.dsv'
[0.865s] INFO:colcon.colcon_core.shell:Creating environment hook '/home/hawx/ws1/install/interface_pkg1/share/interface_pkg1/hook/cmake_prefix_path.sh'
[0.865s] Level 1:colcon.colcon_core.environment:checking '/home/hawx/ws1/install/interface_pkg1/lib'
[0.865s] Level 1:colcon.colcon_core.shell:create_environment_hook('interface_pkg1', 'ld_library_path_lib')
[0.865s] INFO:colcon.colcon_core.shell:Creating environment hook '/home/hawx/ws1/install/interface_pkg1/share/interface_pkg1/hook/ld_library_path_lib.ps1'
[0.865s] INFO:colcon.colcon_core.shell:Creating environment descriptor '/home/hawx/ws1/install/interface_pkg1/share/interface_pkg1/hook/ld_library_path_lib.dsv'
[0.866s] INFO:colcon.colcon_core.shell:Creating environment hook '/home/hawx/ws1/install/interface_pkg1/share/interface_pkg1/hook/ld_library_path_lib.sh'
[0.866s] Level 1:colcon.colcon_core.environment:checking '/home/hawx/ws1/install/interface_pkg1/bin'
[0.866s] Level 1:colcon.colcon_core.environment:checking '/home/hawx/ws1/install/interface_pkg1/lib/pkgconfig/interface_pkg1.pc'
[0.866s] Level 1:colcon.colcon_core.environment:checking '/home/hawx/ws1/install/interface_pkg1/lib/python3.10/site-packages'
[0.866s] Level 1:colcon.colcon_core.environment:checking '/home/hawx/ws1/install/interface_pkg1/bin'
[0.866s] INFO:colcon.colcon_core.shell:Creating package script '/home/hawx/ws1/install/interface_pkg1/share/interface_pkg1/package.ps1'
[0.866s] INFO:colcon.colcon_core.shell:Creating package descriptor '/home/hawx/ws1/install/interface_pkg1/share/interface_pkg1/package.dsv'
[0.867s] INFO:colcon.colcon_core.shell:Creating package script '/home/hawx/ws1/install/interface_pkg1/share/interface_pkg1/package.sh'
[0.867s] INFO:colcon.colcon_core.shell:Creating package script '/home/hawx/ws1/install/interface_pkg1/share/interface_pkg1/package.bash'
[0.867s] INFO:colcon.colcon_core.shell:Creating package script '/home/hawx/ws1/install/interface_pkg1/share/interface_pkg1/package.zsh'
[0.867s] Level 1:colcon.colcon_core.environment:create_file_with_runtime_dependencies(/home/hawx/ws1/install/interface_pkg1/share/colcon-core/packages/interface_pkg1)
[0.868s] Level 1:colcon.colcon_core.environment:create_environment_scripts_only(interface_pkg1)
[0.868s] Level 1:colcon.colcon_core.environment:checking '/home/hawx/ws1/install/interface_pkg1' for CMake module files
[0.868s] Level 1:colcon.colcon_core.environment:checking '/home/hawx/ws1/install/interface_pkg1' for CMake config files
[0.868s] Level 1:colcon.colcon_core.shell:create_environment_hook('interface_pkg1', 'cmake_prefix_path')
[0.868s] INFO:colcon.colcon_core.shell:Creating environment hook '/home/hawx/ws1/install/interface_pkg1/share/interface_pkg1/hook/cmake_prefix_path.ps1'
[0.869s] INFO:colcon.colcon_core.shell:Creating environment descriptor '/home/hawx/ws1/install/interface_pkg1/share/interface_pkg1/hook/cmake_prefix_path.dsv'
[0.869s] INFO:colcon.colcon_core.shell:Creating environment hook '/home/hawx/ws1/install/interface_pkg1/share/interface_pkg1/hook/cmake_prefix_path.sh'
[0.869s] Level 1:colcon.colcon_core.environment:checking '/home/hawx/ws1/install/interface_pkg1/lib'
[0.869s] Level 1:colcon.colcon_core.shell:create_environment_hook('interface_pkg1', 'ld_library_path_lib')
[0.869s] INFO:colcon.colcon_core.shell:Creating environment hook '/home/hawx/ws1/install/interface_pkg1/share/interface_pkg1/hook/ld_library_path_lib.ps1'
[0.869s] INFO:colcon.colcon_core.shell:Creating environment descriptor '/home/hawx/ws1/install/interface_pkg1/share/interface_pkg1/hook/ld_library_path_lib.dsv'
[0.870s] INFO:colcon.colcon_core.shell:Creating environment hook '/home/hawx/ws1/install/interface_pkg1/share/interface_pkg1/hook/ld_library_path_lib.sh'
[0.870s] Level 1:colcon.colcon_core.environment:checking '/home/hawx/ws1/install/interface_pkg1/bin'
[0.870s] Level 1:colcon.colcon_core.environment:checking '/home/hawx/ws1/install/interface_pkg1/lib/pkgconfig/interface_pkg1.pc'
[0.870s] Level 1:colcon.colcon_core.environment:checking '/home/hawx/ws1/install/interface_pkg1/lib/python3.10/site-packages'
[0.870s] Level 1:colcon.colcon_core.environment:checking '/home/hawx/ws1/install/interface_pkg1/bin'
[0.870s] INFO:colcon.colcon_core.shell:Creating package script '/home/hawx/ws1/install/interface_pkg1/share/interface_pkg1/package.ps1'
[0.870s] INFO:colcon.colcon_core.shell:Creating package descriptor '/home/hawx/ws1/install/interface_pkg1/share/interface_pkg1/package.dsv'
[0.871s] INFO:colcon.colcon_core.shell:Creating package script '/home/hawx/ws1/install/interface_pkg1/share/interface_pkg1/package.sh'
[0.871s] INFO:colcon.colcon_core.shell:Creating package script '/home/hawx/ws1/install/interface_pkg1/share/interface_pkg1/package.bash'
[0.871s] INFO:colcon.colcon_core.shell:Creating package script '/home/hawx/ws1/install/interface_pkg1/share/interface_pkg1/package.zsh'
[0.871s] Level 1:colcon.colcon_core.environment:create_file_with_runtime_dependencies(/home/hawx/ws1/install/interface_pkg1/share/colcon-core/packages/interface_pkg1)
[1.041s] DEBUG:colcon.colcon_core.event_handler.log_command:Invoking command in '/home/hawx/ws1/src/pubsub_pkg1': PYTHONPATH=/home/hawx/ws1/build/pubsub_pkg1/prefix_override:/usr/lib/python3/dist-packages/colcon_core/task/python/colcon_distutils_commands:/home/hawx/ws1/install/pubsub_pkg1/lib/python3.10/site-packages:${PYTHONPATH} /usr/bin/python3 -W ignore:setup.py install is deprecated -W ignore:easy_install command is deprecated setup.py egg_info --egg-base ../../build/pubsub_pkg1 build --build-base /home/hawx/ws1/build/pubsub_pkg1/build install --record /home/hawx/ws1/build/pubsub_pkg1/install.log --single-version-externally-managed install_data
[1.042s] DEBUG:colcon.colcon_core.event_handler.log_command:Invoking command in '/home/hawx/ws1/src/py_pkg1': PYTHONPATH=/home/hawx/ws1/build/py_pkg1/prefix_override:/usr/lib/python3/dist-packages/colcon_core/task/python/colcon_distutils_commands:/home/hawx/ws1/install/py_pkg1/lib/python3.10/site-packages:${PYTHONPATH} /usr/bin/python3 -W ignore:setup.py install is deprecated -W ignore:easy_install command is deprecated setup.py egg_info --egg-base ../../build/py_pkg1 build --build-base /home/hawx/ws1/build/py_pkg1/build install --record /home/hawx/ws1/build/py_pkg1/install.log --single-version-externally-managed install_data
[1.049s] DEBUG:colcon.colcon_core.event_handler.log_command:Invoking command in '/home/hawx/ws1/src/py_pkg2': PYTHONPATH=/home/hawx/ws1/build/py_pkg2/prefix_override:/usr/lib/python3/dist-packages/colcon_core/task/python/colcon_distutils_commands:/home/hawx/ws1/install/py_pkg2/lib/python3.10/site-packages:${PYTHONPATH} /usr/bin/python3 -W ignore:setup.py install is deprecated -W ignore:easy_install command is deprecated setup.py egg_info --egg-base ../../build/py_pkg2 build --build-base /home/hawx/ws1/build/py_pkg2/build install --record /home/hawx/ws1/build/py_pkg2/install.log --single-version-externally-managed install_data
[1.060s] DEBUG:colcon.colcon_core.event_handler.log_command:Invoking command in '/home/hawx/ws1/src/pypara_pkg1': PYTHONPATH=/home/hawx/ws1/build/pypara_pkg1/prefix_override:/usr/lib/python3/dist-packages/colcon_core/task/python/colcon_distutils_commands:/home/hawx/ws1/install/pypara_pkg1/lib/python3.10/site-packages:${PYTHONPATH} /usr/bin/python3 -W ignore:setup.py install is deprecated -W ignore:easy_install command is deprecated setup.py egg_info --egg-base ../../build/pypara_pkg1 build --build-base /home/hawx/ws1/build/pypara_pkg1/build install --record /home/hawx/ws1/build/pypara_pkg1/install.log --single-version-externally-managed install_data
[1.208s] Level 1:colcon.colcon_core.environment:checking '/home/hawx/ws1/install/pubsub_pkg1' for CMake module files
[1.209s] DEBUG:colcon.colcon_core.event_handler.log_command:Invoked command in '/home/hawx/ws1/src/pubsub_pkg1' returned '0': PYTHONPATH=/home/hawx/ws1/build/pubsub_pkg1/prefix_override:/usr/lib/python3/dist-packages/colcon_core/task/python/colcon_distutils_commands:/home/hawx/ws1/install/pubsub_pkg1/lib/python3.10/site-packages:${PYTHONPATH} /usr/bin/python3 -W ignore:setup.py install is deprecated -W ignore:easy_install command is deprecated setup.py egg_info --egg-base ../../build/pubsub_pkg1 build --build-base /home/hawx/ws1/build/pubsub_pkg1/build install --record /home/hawx/ws1/build/pubsub_pkg1/install.log --single-version-externally-managed install_data
[1.209s] Level 1:colcon.colcon_core.environment:checking '/home/hawx/ws1/install/pubsub_pkg1' for CMake config files
[1.210s] Level 1:colcon.colcon_core.environment:checking '/home/hawx/ws1/install/pubsub_pkg1/lib'
[1.210s] Level 1:colcon.colcon_core.environment:checking '/home/hawx/ws1/install/pubsub_pkg1/bin'
[1.210s] Level 1:colcon.colcon_core.environment:checking '/home/hawx/ws1/install/pubsub_pkg1/lib/pkgconfig/pubsub_pkg1.pc'
[1.210s] Level 1:colcon.colcon_core.environment:checking '/home/hawx/ws1/install/pubsub_pkg1/lib/python3.10/site-packages'
[1.210s] Level 1:colcon.colcon_core.shell:create_environment_hook('pubsub_pkg1', 'pythonpath')
[1.210s] INFO:colcon.colcon_core.shell:Creating environment hook '/home/hawx/ws1/install/pubsub_pkg1/share/pubsub_pkg1/hook/pythonpath.ps1'
[1.210s] INFO:colcon.colcon_core.shell:Creating environment descriptor '/home/hawx/ws1/install/pubsub_pkg1/share/pubsub_pkg1/hook/pythonpath.dsv'
[1.211s] INFO:colcon.colcon_core.shell:Creating environment hook '/home/hawx/ws1/install/pubsub_pkg1/share/pubsub_pkg1/hook/pythonpath.sh'
[1.211s] Level 1:colcon.colcon_core.environment:checking '/home/hawx/ws1/install/pubsub_pkg1/bin'
[1.211s] Level 1:colcon.colcon_core.environment:create_environment_scripts_only(pubsub_pkg1)
[1.211s] INFO:colcon.colcon_core.shell:Creating package script '/home/hawx/ws1/install/pubsub_pkg1/share/pubsub_pkg1/package.ps1'
[1.211s] INFO:colcon.colcon_core.shell:Creating package descriptor '/home/hawx/ws1/install/pubsub_pkg1/share/pubsub_pkg1/package.dsv'
[1.212s] INFO:colcon.colcon_core.shell:Creating package script '/home/hawx/ws1/install/pubsub_pkg1/share/pubsub_pkg1/package.sh'
[1.212s] INFO:colcon.colcon_core.shell:Creating package script '/home/hawx/ws1/install/pubsub_pkg1/share/pubsub_pkg1/package.bash'
[1.212s] INFO:colcon.colcon_core.shell:Creating package script '/home/hawx/ws1/install/pubsub_pkg1/share/pubsub_pkg1/package.zsh'
[1.212s] Level 1:colcon.colcon_core.environment:create_file_with_runtime_dependencies(/home/hawx/ws1/install/pubsub_pkg1/share/colcon-core/packages/pubsub_pkg1)
[1.213s] Level 1:colcon.colcon_core.environment:checking '/home/hawx/ws1/install/py_pkg1' for CMake module files
[1.213s] DEBUG:colcon.colcon_core.event_handler.log_command:Invoked command in '/home/hawx/ws1/src/py_pkg1' returned '0': PYTHONPATH=/home/hawx/ws1/build/py_pkg1/prefix_override:/usr/lib/python3/dist-packages/colcon_core/task/python/colcon_distutils_commands:/home/hawx/ws1/install/py_pkg1/lib/python3.10/site-packages:${PYTHONPATH} /usr/bin/python3 -W ignore:setup.py install is deprecated -W ignore:easy_install command is deprecated setup.py egg_info --egg-base ../../build/py_pkg1 build --build-base /home/hawx/ws1/build/py_pkg1/build install --record /home/hawx/ws1/build/py_pkg1/install.log --single-version-externally-managed install_data
[1.213s] Level 1:colcon.colcon_core.environment:checking '/home/hawx/ws1/install/py_pkg1' for CMake config files
[1.213s] Level 1:colcon.colcon_core.environment:checking '/home/hawx/ws1/install/py_pkg1/lib'
[1.214s] Level 1:colcon.colcon_core.environment:checking '/home/hawx/ws1/install/py_pkg1/bin'
[1.214s] Level 1:colcon.colcon_core.environment:checking '/home/hawx/ws1/install/py_pkg1/lib/pkgconfig/py_pkg1.pc'
[1.214s] Level 1:colcon.colcon_core.environment:checking '/home/hawx/ws1/install/py_pkg1/lib/python3.10/site-packages'
[1.214s] Level 1:colcon.colcon_core.shell:create_environment_hook('py_pkg1', 'pythonpath')
[1.214s] INFO:colcon.colcon_core.shell:Creating environment hook '/home/hawx/ws1/install/py_pkg1/share/py_pkg1/hook/pythonpath.ps1'
[1.214s] INFO:colcon.colcon_core.shell:Creating environment descriptor '/home/hawx/ws1/install/py_pkg1/share/py_pkg1/hook/pythonpath.dsv'
[1.214s] INFO:colcon.colcon_core.shell:Creating environment hook '/home/hawx/ws1/install/py_pkg1/share/py_pkg1/hook/pythonpath.sh'
[1.214s] Level 1:colcon.colcon_core.environment:checking '/home/hawx/ws1/install/py_pkg1/bin'
[1.214s] Level 1:colcon.colcon_core.environment:create_environment_scripts_only(py_pkg1)
[1.215s] INFO:colcon.colcon_core.shell:Creating package script '/home/hawx/ws1/install/py_pkg1/share/py_pkg1/package.ps1'
[1.215s] INFO:colcon.colcon_core.shell:Creating package descriptor '/home/hawx/ws1/install/py_pkg1/share/py_pkg1/package.dsv'
[1.215s] INFO:colcon.colcon_core.shell:Creating package script '/home/hawx/ws1/install/py_pkg1/share/py_pkg1/package.sh'
[1.215s] INFO:colcon.colcon_core.shell:Creating package script '/home/hawx/ws1/install/py_pkg1/share/py_pkg1/package.bash'
[1.215s] INFO:colcon.colcon_core.shell:Creating package script '/home/hawx/ws1/install/py_pkg1/share/py_pkg1/package.zsh'
[1.216s] Level 1:colcon.colcon_core.environment:create_file_with_runtime_dependencies(/home/hawx/ws1/install/py_pkg1/share/colcon-core/packages/py_pkg1)
[1.218s] Level 1:colcon.colcon_core.environment:checking '/home/hawx/ws1/install/py_pkg2' for CMake module files
[1.218s] DEBUG:colcon.colcon_core.event_handler.log_command:Invoked command in '/home/hawx/ws1/src/py_pkg2' returned '0': PYTHONPATH=/home/hawx/ws1/build/py_pkg2/prefix_override:/usr/lib/python3/dist-packages/colcon_core/task/python/colcon_distutils_commands:/home/hawx/ws1/install/py_pkg2/lib/python3.10/site-packages:${PYTHONPATH} /usr/bin/python3 -W ignore:setup.py install is deprecated -W ignore:easy_install command is deprecated setup.py egg_info --egg-base ../../build/py_pkg2 build --build-base /home/hawx/ws1/build/py_pkg2/build install --record /home/hawx/ws1/build/py_pkg2/install.log --single-version-externally-managed install_data
[1.218s] Level 1:colcon.colcon_core.environment:checking '/home/hawx/ws1/install/py_pkg2' for CMake config files
[1.218s] Level 1:colcon.colcon_core.environment:checking '/home/hawx/ws1/install/py_pkg2/lib'
[1.219s] Level 1:colcon.colcon_core.environment:checking '/home/hawx/ws1/install/py_pkg2/bin'
[1.219s] Level 1:colcon.colcon_core.environment:checking '/home/hawx/ws1/install/py_pkg2/lib/pkgconfig/py_pkg2.pc'
[1.219s] Level 1:colcon.colcon_core.environment:checking '/home/hawx/ws1/install/py_pkg2/lib/python3.10/site-packages'
[1.219s] Level 1:colcon.colcon_core.shell:create_environment_hook('py_pkg2', 'pythonpath')
[1.219s] INFO:colcon.colcon_core.shell:Creating environment hook '/home/hawx/ws1/install/py_pkg2/share/py_pkg2/hook/pythonpath.ps1'
[1.219s] INFO:colcon.colcon_core.shell:Creating environment descriptor '/home/hawx/ws1/install/py_pkg2/share/py_pkg2/hook/pythonpath.dsv'
[1.219s] INFO:colcon.colcon_core.shell:Creating environment hook '/home/hawx/ws1/install/py_pkg2/share/py_pkg2/hook/pythonpath.sh'
[1.220s] Level 1:colcon.colcon_core.environment:checking '/home/hawx/ws1/install/py_pkg2/bin'
[1.220s] Level 1:colcon.colcon_core.environment:create_environment_scripts_only(py_pkg2)
[1.220s] INFO:colcon.colcon_core.shell:Creating package script '/home/hawx/ws1/install/py_pkg2/share/py_pkg2/package.ps1'
[1.220s] INFO:colcon.colcon_core.shell:Creating package descriptor '/home/hawx/ws1/install/py_pkg2/share/py_pkg2/package.dsv'
[1.220s] INFO:colcon.colcon_core.shell:Creating package script '/home/hawx/ws1/install/py_pkg2/share/py_pkg2/package.sh'
[1.220s] INFO:colcon.colcon_core.shell:Creating package script '/home/hawx/ws1/install/py_pkg2/share/py_pkg2/package.bash'
[1.221s] INFO:colcon.colcon_core.shell:Creating package script '/home/hawx/ws1/install/py_pkg2/share/py_pkg2/package.zsh'
[1.221s] Level 1:colcon.colcon_core.environment:create_file_with_runtime_dependencies(/home/hawx/ws1/install/py_pkg2/share/colcon-core/packages/py_pkg2)
[1.224s] Level 1:colcon.colcon_core.environment:checking '/home/hawx/ws1/install/pypara_pkg1' for CMake module files
[1.224s] DEBUG:colcon.colcon_core.event_handler.log_command:Invoked command in '/home/hawx/ws1/src/pypara_pkg1' returned '0': PYTHONPATH=/home/hawx/ws1/build/pypara_pkg1/prefix_override:/usr/lib/python3/dist-packages/colcon_core/task/python/colcon_distutils_commands:/home/hawx/ws1/install/pypara_pkg1/lib/python3.10/site-packages:${PYTHONPATH} /usr/bin/python3 -W ignore:setup.py install is deprecated -W ignore:easy_install command is deprecated setup.py egg_info --egg-base ../../build/pypara_pkg1 build --build-base /home/hawx/ws1/build/pypara_pkg1/build install --record /home/hawx/ws1/build/pypara_pkg1/install.log --single-version-externally-managed install_data
[1.224s] Level 1:colcon.colcon_core.environment:checking '/home/hawx/ws1/install/pypara_pkg1' for CMake config files
[1.225s] Level 1:colcon.colcon_core.environment:checking '/home/hawx/ws1/install/pypara_pkg1/lib'
[1.225s] Level 1:colcon.colcon_core.environment:checking '/home/hawx/ws1/install/pypara_pkg1/bin'
[1.225s] Level 1:colcon.colcon_core.environment:checking '/home/hawx/ws1/install/pypara_pkg1/lib/pkgconfig/pypara_pkg1.pc'
[1.225s] Level 1:colcon.colcon_core.environment:checking '/home/hawx/ws1/install/pypara_pkg1/lib/python3.10/site-packages'
[1.225s] Level 1:colcon.colcon_core.shell:create_environment_hook('pypara_pkg1', 'pythonpath')
[1.225s] INFO:colcon.colcon_core.shell:Creating environment hook '/home/hawx/ws1/install/pypara_pkg1/share/pypara_pkg1/hook/pythonpath.ps1'
[1.225s] INFO:colcon.colcon_core.shell:Creating environment descriptor '/home/hawx/ws1/install/pypara_pkg1/share/pypara_pkg1/hook/pythonpath.dsv'
[1.225s] INFO:colcon.colcon_core.shell:Creating environment hook '/home/hawx/ws1/install/pypara_pkg1/share/pypara_pkg1/hook/pythonpath.sh'
[1.226s] Level 1:colcon.colcon_core.environment:checking '/home/hawx/ws1/install/pypara_pkg1/bin'
[1.226s] Level 1:colcon.colcon_core.environment:create_environment_scripts_only(pypara_pkg1)
[1.226s] INFO:colcon.colcon_core.shell:Creating package script '/home/hawx/ws1/install/pypara_pkg1/share/pypara_pkg1/package.ps1'
[1.226s] INFO:colcon.colcon_core.shell:Creating package descriptor '/home/hawx/ws1/install/pypara_pkg1/share/pypara_pkg1/package.dsv'
[1.226s] INFO:colcon.colcon_core.shell:Creating package script '/home/hawx/ws1/install/pypara_pkg1/share/pypara_pkg1/package.sh'
[1.227s] INFO:colcon.colcon_core.shell:Creating package script '/home/hawx/ws1/install/pypara_pkg1/share/pypara_pkg1/package.bash'
[1.227s] INFO:colcon.colcon_core.shell:Creating package script '/home/hawx/ws1/install/pypara_pkg1/share/pypara_pkg1/package.zsh'
[1.227s] Level 1:colcon.colcon_core.environment:create_file_with_runtime_dependencies(/home/hawx/ws1/install/pypara_pkg1/share/colcon-core/packages/pypara_pkg1)
[1.227s] DEBUG:colcon.colcon_parallel_executor.executor.parallel:closing loop
[1.227s] DEBUG:colcon.colcon_parallel_executor.executor.parallel:loop closed
[1.228s] DEBUG:colcon.colcon_parallel_executor.executor.parallel:run_until_complete finished with '0'
[1.228s] DEBUG:colcon.colcon_core.event_reactor:joining thread
[1.231s] INFO:colcon.colcon_core.plugin_system:Skipping extension 'colcon_notification.desktop_notification.terminal_notifier': Not used on non-Darwin systems
[1.231s] INFO:colcon.colcon_core.plugin_system:Skipping extension 'colcon_notification.desktop_notification.win32': Not used on non-Windows systems
[1.231s] INFO:colcon.colcon_notification.desktop_notification:Sending desktop notification using 'notify2'
[1.236s] DEBUG:colcon.colcon_core.event_reactor:joined thread
[1.236s] INFO:colcon.colcon_core.shell:Creating prefix script '/home/hawx/ws1/install/local_setup.ps1'
[1.237s] INFO:colcon.colcon_core.shell:Creating prefix util module '/home/hawx/ws1/install/_local_setup_util_ps1.py'
[1.238s] INFO:colcon.colcon_core.shell:Creating prefix chain script '/home/hawx/ws1/install/setup.ps1'
[1.238s] INFO:colcon.colcon_core.shell:Creating prefix script '/home/hawx/ws1/install/local_setup.sh'
[1.239s] INFO:colcon.colcon_core.shell:Creating prefix util module '/home/hawx/ws1/install/_local_setup_util_sh.py'
[1.239s] INFO:colcon.colcon_core.shell:Creating prefix chain script '/home/hawx/ws1/install/setup.sh'
[1.240s] INFO:colcon.colcon_core.shell:Creating prefix script '/home/hawx/ws1/install/local_setup.bash'
[1.240s] INFO:colcon.colcon_core.shell:Creating prefix chain script '/home/hawx/ws1/install/setup.bash'
[1.240s] INFO:colcon.colcon_core.shell:Creating prefix script '/home/hawx/ws1/install/local_setup.zsh'
[1.241s] INFO:colcon.colcon_core.shell:Creating prefix chain script '/home/hawx/ws1/install/setup.zsh'
