running egg_info
writing ../../build/pubsub_pkg1/pubsub_pkg1.egg-info/PKG-INFO
writing dependency_links to ../../build/pubsub_pkg1/pubsub_pkg1.egg-info/dependency_links.txt
writing entry points to ../../build/pubsub_pkg1/pubsub_pkg1.egg-info/entry_points.txt
writing requirements to ../../build/pubsub_pkg1/pubsub_pkg1.egg-info/requires.txt
writing top-level names to ../../build/pubsub_pkg1/pubsub_pkg1.egg-info/top_level.txt
reading manifest file '../../build/pubsub_pkg1/pubsub_pkg1.egg-info/SOURCES.txt'
writing manifest file '../../build/pubsub_pkg1/pubsub_pkg1.egg-info/SOURCES.txt'
running build
running build_py
running install
running install_lib
running install_data
copying /home/hawx/ws1/src/pubsub_pkg1/launch/teleop3.launch.py -> /home/hawx/ws1/install/pubsub_pkg1/share/pubsub_pkg1/launch
running install_egg_info
removing '/home/hawx/ws1/install/pubsub_pkg1/lib/python3.10/site-packages/pubsub_pkg1-0.0.0-py3.10.egg-info' (and everything under it)
Copying ../../build/pubsub_pkg1/pubsub_pkg1.egg-info to /home/hawx/ws1/install/pubsub_pkg1/lib/python3.10/site-packages/pubsub_pkg1-0.0.0-py3.10.egg-info
running install_scripts
Installing act_thread_srvr1 script to /home/hawx/ws1/install/pubsub_pkg1/lib/pubsub_pkg1
Installing act_thread_srvr2 script to /home/hawx/ws1/install/pubsub_pkg1/lib/pubsub_pkg1
Installing act_thread_srvr3 script to /home/hawx/ws1/install/pubsub_pkg1/lib/pubsub_pkg1
Installing action_mthread1 script to /home/hawx/ws1/install/pubsub_pkg1/lib/pubsub_pkg1
Installing action_srvr1 script to /home/hawx/ws1/install/pubsub_pkg1/lib/pubsub_pkg1
Installing action_srvr2 script to /home/hawx/ws1/install/pubsub_pkg1/lib/pubsub_pkg1
Installing pub_node1 script to /home/hawx/ws1/install/pubsub_pkg1/lib/pubsub_pkg1
Installing sub_node1 script to /home/hawx/ws1/install/pubsub_pkg1/lib/pubsub_pkg1
Installing turtle_msg1 script to /home/hawx/ws1/install/pubsub_pkg1/lib/pubsub_pkg1
Installing turtle_msg2 script to /home/hawx/ws1/install/pubsub_pkg1/lib/pubsub_pkg1
Installing turtle_msg3 script to /home/hawx/ws1/install/pubsub_pkg1/lib/pubsub_pkg1
Installing turtle_pub1 script to /home/hawx/ws1/install/pubsub_pkg1/lib/pubsub_pkg1
Installing turtle_srvr1 script to /home/hawx/ws1/install/pubsub_pkg1/lib/pubsub_pkg1
Installing turtle_srvr2 script to /home/hawx/ws1/install/pubsub_pkg1/lib/pubsub_pkg1
Installing turtle_srvr3 script to /home/hawx/ws1/install/pubsub_pkg1/lib/pubsub_pkg1
writing list of installed files to '/home/hawx/ws1/build/pubsub_pkg1/install.log'
