[0.084s] DEBUG:colcon:Command line arguments: ['/usr/bin/colcon', 'build']
[0.084s] DEBUG:colcon:Parsed command line arguments: Namespace(log_base=None, log_level=None, verb_name='build', build_base='build', install_base='install', merge_install=False, symlink_install=False, test_result_base=None, continue_on_error=False, executor='parallel', parallel_workers=32, event_handlers=None, ignore_user_meta=False, metas=['./colcon.meta'], base_paths=['.'], packages_ignore=None, packages_ignore_regex=None, paths=None, packages_up_to=None, packages_up_to_regex=None, packages_above=None, packages_above_and_dependencies=None, packages_above_depth=None, packages_select_by_dep=None, packages_skip_by_dep=None, packages_skip_up_to=None, packages_select_build_failed=False, packages_skip_build_finished=False, packages_select_test_failures=False, packages_skip_test_passed=False, packages_select=None, packages_skip=None, packages_select_regex=None, packages_skip_regex=None, packages_start=None, packages_end=None, allow_overriding=[], cmake_args=None, cmake_target=None, cmake_target_skip_unavailable=False, cmake_clean_cache=False, cmake_clean_first=False, cmake_force_configure=False, ament_cmake_args=None, catkin_cmake_args=None, catkin_skip_building_tests=False, mixin_files=None, mixin=None, verb_parser=<colcon_mixin.mixin.mixin_argument.MixinArgumentDecorator object at 0x75d4a0575540>, verb_extension=<colcon_core.verb.build.BuildVerb object at 0x75d4a0575090>, main=<bound method BuildVerb.main of <colcon_core.verb.build.BuildVerb object at 0x75d4a0575090>>, mixin_verb=('build',))
[0.214s] Level 1:colcon.colcon_core.package_discovery:discover_packages(colcon_meta) check parameters
[0.214s] Level 1:colcon.colcon_core.package_discovery:discover_packages(recursive) check parameters
[0.214s] Level 1:colcon.colcon_core.package_discovery:discover_packages(ignore) check parameters
[0.214s] Level 1:colcon.colcon_core.package_discovery:discover_packages(path) check parameters
[0.214s] Level 1:colcon.colcon_core.package_discovery:discover_packages(colcon_meta) discover
[0.214s] Level 1:colcon.colcon_core.package_discovery:discover_packages(recursive) discover
[0.214s] INFO:colcon.colcon_core.package_discovery:Crawling recursively for packages in '/home/hawx/ws1'
[0.214s] Level 1:colcon.colcon_core.package_identification:_identify(.) by extensions ['ignore', 'ignore_ament_install']
[0.214s] Level 1:colcon.colcon_core.package_identification:_identify(.) by extension 'ignore'
[0.214s] Level 1:colcon.colcon_core.package_identification:_identify(.) by extension 'ignore_ament_install'
[0.214s] Level 1:colcon.colcon_core.package_identification:_identify(.) by extensions ['colcon_pkg']
[0.214s] Level 1:colcon.colcon_core.package_identification:_identify(.) by extension 'colcon_pkg'
[0.214s] Level 1:colcon.colcon_core.package_identification:_identify(.) by extensions ['colcon_meta']
[0.214s] Level 1:colcon.colcon_core.package_identification:_identify(.) by extension 'colcon_meta'
[0.214s] Level 1:colcon.colcon_core.package_identification:_identify(.) by extensions ['ros']
[0.214s] Level 1:colcon.colcon_core.package_identification:_identify(.) by extension 'ros'
[0.223s] Level 1:colcon.colcon_core.package_identification:_identify(.) by extensions ['cmake', 'python']
[0.223s] Level 1:colcon.colcon_core.package_identification:_identify(.) by extension 'cmake'
[0.223s] Level 1:colcon.colcon_core.package_identification:_identify(.) by extension 'python'
[0.223s] Level 1:colcon.colcon_core.package_identification:_identify(.) by extensions ['python_setup_py']
[0.223s] Level 1:colcon.colcon_core.package_identification:_identify(.) by extension 'python_setup_py'
[0.223s] Level 1:colcon.colcon_core.package_identification:_identify(build) by extensions ['ignore', 'ignore_ament_install']
[0.223s] Level 1:colcon.colcon_core.package_identification:_identify(build) by extension 'ignore'
[0.223s] Level 1:colcon.colcon_core.package_identification:_identify(build) ignored
[0.224s] Level 1:colcon.colcon_core.package_identification:_identify(install) by extensions ['ignore', 'ignore_ament_install']
[0.224s] Level 1:colcon.colcon_core.package_identification:_identify(install) by extension 'ignore'
[0.224s] Level 1:colcon.colcon_core.package_identification:_identify(install) ignored
[0.224s] Level 1:colcon.colcon_core.package_identification:_identify(log) by extensions ['ignore', 'ignore_ament_install']
[0.224s] Level 1:colcon.colcon_core.package_identification:_identify(log) by extension 'ignore'
[0.224s] Level 1:colcon.colcon_core.package_identification:_identify(log) ignored
[0.224s] Level 1:colcon.colcon_core.package_identification:_identify(src) by extensions ['ignore', 'ignore_ament_install']
[0.224s] Level 1:colcon.colcon_core.package_identification:_identify(src) by extension 'ignore'
[0.224s] Level 1:colcon.colcon_core.package_identification:_identify(src) by extension 'ignore_ament_install'
[0.224s] Level 1:colcon.colcon_core.package_identification:_identify(src) by extensions ['colcon_pkg']
[0.224s] Level 1:colcon.colcon_core.package_identification:_identify(src) by extension 'colcon_pkg'
[0.224s] Level 1:colcon.colcon_core.package_identification:_identify(src) by extensions ['colcon_meta']
[0.224s] Level 1:colcon.colcon_core.package_identification:_identify(src) by extension 'colcon_meta'
[0.224s] Level 1:colcon.colcon_core.package_identification:_identify(src) by extensions ['ros']
[0.224s] Level 1:colcon.colcon_core.package_identification:_identify(src) by extension 'ros'
[0.224s] Level 1:colcon.colcon_core.package_identification:_identify(src) by extensions ['cmake', 'python']
[0.224s] Level 1:colcon.colcon_core.package_identification:_identify(src) by extension 'cmake'
[0.224s] Level 1:colcon.colcon_core.package_identification:_identify(src) by extension 'python'
[0.224s] Level 1:colcon.colcon_core.package_identification:_identify(src) by extensions ['python_setup_py']
[0.224s] Level 1:colcon.colcon_core.package_identification:_identify(src) by extension 'python_setup_py'
[0.224s] Level 1:colcon.colcon_core.package_identification:_identify(src/build) by extensions ['ignore', 'ignore_ament_install']
[0.224s] Level 1:colcon.colcon_core.package_identification:_identify(src/build) by extension 'ignore'
[0.224s] Level 1:colcon.colcon_core.package_identification:_identify(src/build) ignored
[0.224s] Level 1:colcon.colcon_core.package_identification:_identify(src/install) by extensions ['ignore', 'ignore_ament_install']
[0.224s] Level 1:colcon.colcon_core.package_identification:_identify(src/install) by extension 'ignore'
[0.224s] Level 1:colcon.colcon_core.package_identification:_identify(src/install) ignored
[0.224s] Level 1:colcon.colcon_core.package_identification:_identify(src/interface_pkg1) by extensions ['ignore', 'ignore_ament_install']
[0.224s] Level 1:colcon.colcon_core.package_identification:_identify(src/interface_pkg1) by extension 'ignore'
[0.224s] Level 1:colcon.colcon_core.package_identification:_identify(src/interface_pkg1) by extension 'ignore_ament_install'
[0.224s] Level 1:colcon.colcon_core.package_identification:_identify(src/interface_pkg1) by extensions ['colcon_pkg']
[0.224s] Level 1:colcon.colcon_core.package_identification:_identify(src/interface_pkg1) by extension 'colcon_pkg'
[0.224s] Level 1:colcon.colcon_core.package_identification:_identify(src/interface_pkg1) by extensions ['colcon_meta']
[0.224s] Level 1:colcon.colcon_core.package_identification:_identify(src/interface_pkg1) by extension 'colcon_meta'
[0.224s] Level 1:colcon.colcon_core.package_identification:_identify(src/interface_pkg1) by extensions ['ros']
[0.224s] Level 1:colcon.colcon_core.package_identification:_identify(src/interface_pkg1) by extension 'ros'
[0.226s] DEBUG:colcon.colcon_core.package_identification:Package 'src/interface_pkg1' with type 'ros.ament_cmake' and name 'interface_pkg1'
[0.226s] Level 1:colcon.colcon_core.package_identification:_identify(src/log) by extensions ['ignore', 'ignore_ament_install']
[0.226s] Level 1:colcon.colcon_core.package_identification:_identify(src/log) by extension 'ignore'
[0.226s] Level 1:colcon.colcon_core.package_identification:_identify(src/log) ignored
[0.226s] Level 1:colcon.colcon_core.package_identification:_identify(src/msg_pkg1) by extensions ['ignore', 'ignore_ament_install']
[0.226s] Level 1:colcon.colcon_core.package_identification:_identify(src/msg_pkg1) by extension 'ignore'
[0.226s] Level 1:colcon.colcon_core.package_identification:_identify(src/msg_pkg1) by extension 'ignore_ament_install'
[0.226s] Level 1:colcon.colcon_core.package_identification:_identify(src/msg_pkg1) by extensions ['colcon_pkg']
[0.226s] Level 1:colcon.colcon_core.package_identification:_identify(src/msg_pkg1) by extension 'colcon_pkg'
[0.226s] Level 1:colcon.colcon_core.package_identification:_identify(src/msg_pkg1) by extensions ['colcon_meta']
[0.226s] Level 1:colcon.colcon_core.package_identification:_identify(src/msg_pkg1) by extension 'colcon_meta'
[0.226s] Level 1:colcon.colcon_core.package_identification:_identify(src/msg_pkg1) by extensions ['ros']
[0.226s] Level 1:colcon.colcon_core.package_identification:_identify(src/msg_pkg1) by extension 'ros'
[0.226s] DEBUG:colcon.colcon_core.package_identification:Package 'src/msg_pkg1' with type 'ros.ament_cmake' and name 'msg_pkg1'
[0.226s] Level 1:colcon.colcon_core.package_identification:_identify(src/pubsub_pkg1) by extensions ['ignore', 'ignore_ament_install']
[0.226s] Level 1:colcon.colcon_core.package_identification:_identify(src/pubsub_pkg1) by extension 'ignore'
[0.226s] Level 1:colcon.colcon_core.package_identification:_identify(src/pubsub_pkg1) by extension 'ignore_ament_install'
[0.227s] Level 1:colcon.colcon_core.package_identification:_identify(src/pubsub_pkg1) by extensions ['colcon_pkg']
[0.227s] Level 1:colcon.colcon_core.package_identification:_identify(src/pubsub_pkg1) by extension 'colcon_pkg'
[0.227s] Level 1:colcon.colcon_core.package_identification:_identify(src/pubsub_pkg1) by extensions ['colcon_meta']
[0.227s] Level 1:colcon.colcon_core.package_identification:_identify(src/pubsub_pkg1) by extension 'colcon_meta'
[0.227s] Level 1:colcon.colcon_core.package_identification:_identify(src/pubsub_pkg1) by extensions ['ros']
[0.227s] Level 1:colcon.colcon_core.package_identification:_identify(src/pubsub_pkg1) by extension 'ros'
[0.227s] DEBUG:colcon.colcon_core.package_identification:Package 'src/pubsub_pkg1' with type 'ros.ament_python' and name 'pubsub_pkg1'
[0.227s] Level 1:colcon.colcon_core.package_identification:_identify(src/py_pkg1) by extensions ['ignore', 'ignore_ament_install']
[0.227s] Level 1:colcon.colcon_core.package_identification:_identify(src/py_pkg1) by extension 'ignore'
[0.227s] Level 1:colcon.colcon_core.package_identification:_identify(src/py_pkg1) by extension 'ignore_ament_install'
[0.227s] Level 1:colcon.colcon_core.package_identification:_identify(src/py_pkg1) by extensions ['colcon_pkg']
[0.227s] Level 1:colcon.colcon_core.package_identification:_identify(src/py_pkg1) by extension 'colcon_pkg'
[0.227s] Level 1:colcon.colcon_core.package_identification:_identify(src/py_pkg1) by extensions ['colcon_meta']
[0.227s] Level 1:colcon.colcon_core.package_identification:_identify(src/py_pkg1) by extension 'colcon_meta'
[0.227s] Level 1:colcon.colcon_core.package_identification:_identify(src/py_pkg1) by extensions ['ros']
[0.227s] Level 1:colcon.colcon_core.package_identification:_identify(src/py_pkg1) by extension 'ros'
[0.227s] DEBUG:colcon.colcon_core.package_identification:Package 'src/py_pkg1' with type 'ros.ament_python' and name 'py_pkg1'
[0.228s] Level 1:colcon.colcon_core.package_identification:_identify(src/py_pkg2) by extensions ['ignore', 'ignore_ament_install']
[0.228s] Level 1:colcon.colcon_core.package_identification:_identify(src/py_pkg2) by extension 'ignore'
[0.228s] Level 1:colcon.colcon_core.package_identification:_identify(src/py_pkg2) by extension 'ignore_ament_install'
[0.228s] Level 1:colcon.colcon_core.package_identification:_identify(src/py_pkg2) by extensions ['colcon_pkg']
[0.228s] Level 1:colcon.colcon_core.package_identification:_identify(src/py_pkg2) by extension 'colcon_pkg'
[0.228s] Level 1:colcon.colcon_core.package_identification:_identify(src/py_pkg2) by extensions ['colcon_meta']
[0.228s] Level 1:colcon.colcon_core.package_identification:_identify(src/py_pkg2) by extension 'colcon_meta'
[0.228s] Level 1:colcon.colcon_core.package_identification:_identify(src/py_pkg2) by extensions ['ros']
[0.228s] Level 1:colcon.colcon_core.package_identification:_identify(src/py_pkg2) by extension 'ros'
[0.228s] DEBUG:colcon.colcon_core.package_identification:Package 'src/py_pkg2' with type 'ros.ament_python' and name 'py_pkg2'
[0.228s] Level 1:colcon.colcon_core.package_identification:_identify(src/pypara_pkg1) by extensions ['ignore', 'ignore_ament_install']
[0.228s] Level 1:colcon.colcon_core.package_identification:_identify(src/pypara_pkg1) by extension 'ignore'
[0.228s] Level 1:colcon.colcon_core.package_identification:_identify(src/pypara_pkg1) by extension 'ignore_ament_install'
[0.228s] Level 1:colcon.colcon_core.package_identification:_identify(src/pypara_pkg1) by extensions ['colcon_pkg']
[0.228s] Level 1:colcon.colcon_core.package_identification:_identify(src/pypara_pkg1) by extension 'colcon_pkg'
[0.228s] Level 1:colcon.colcon_core.package_identification:_identify(src/pypara_pkg1) by extensions ['colcon_meta']
[0.228s] Level 1:colcon.colcon_core.package_identification:_identify(src/pypara_pkg1) by extension 'colcon_meta'
[0.228s] Level 1:colcon.colcon_core.package_identification:_identify(src/pypara_pkg1) by extensions ['ros']
[0.228s] Level 1:colcon.colcon_core.package_identification:_identify(src/pypara_pkg1) by extension 'ros'
[0.229s] DEBUG:colcon.colcon_core.package_identification:Package 'src/pypara_pkg1' with type 'ros.ament_python' and name 'pypara_pkg1'
[0.229s] Level 1:colcon.colcon_core.package_discovery:discover_packages(recursive) using defaults
[0.229s] Level 1:colcon.colcon_core.package_discovery:discover_packages(ignore) discover
[0.229s] Level 1:colcon.colcon_core.package_discovery:discover_packages(ignore) using defaults
[0.229s] Level 1:colcon.colcon_core.package_discovery:discover_packages(path) discover
[0.229s] Level 1:colcon.colcon_core.package_discovery:discover_packages(path) using defaults
[0.247s] Level 1:colcon.colcon_core.package_discovery:discover_packages(prefix_path) check parameters
[0.247s] Level 1:colcon.colcon_core.package_discovery:discover_packages(prefix_path) discover
[0.248s] DEBUG:colcon.colcon_installed_package_information.package_discovery:Found 6 installed packages in /home/hawx/ws1/install
[0.249s] DEBUG:colcon.colcon_installed_package_information.package_discovery:Found 4 installed packages in /home/hawx/ws1/src/install
[0.250s] DEBUG:colcon.colcon_installed_package_information.package_discovery:Found 297 installed packages in /opt/ros/humble
[0.251s] Level 1:colcon.colcon_core.package_discovery:discover_packages(prefix_path) using defaults
[0.271s] Level 5:colcon.colcon_core.verb:set package 'interface_pkg1' build argument 'cmake_args' from command line to 'None'
[0.271s] Level 5:colcon.colcon_core.verb:set package 'interface_pkg1' build argument 'cmake_target' from command line to 'None'
[0.271s] Level 5:colcon.colcon_core.verb:set package 'interface_pkg1' build argument 'cmake_target_skip_unavailable' from command line to 'False'
[0.271s] Level 5:colcon.colcon_core.verb:set package 'interface_pkg1' build argument 'cmake_clean_cache' from command line to 'False'
[0.271s] Level 5:colcon.colcon_core.verb:set package 'interface_pkg1' build argument 'cmake_clean_first' from command line to 'False'
[0.271s] Level 5:colcon.colcon_core.verb:set package 'interface_pkg1' build argument 'cmake_force_configure' from command line to 'False'
[0.271s] Level 5:colcon.colcon_core.verb:set package 'interface_pkg1' build argument 'ament_cmake_args' from command line to 'None'
[0.271s] Level 5:colcon.colcon_core.verb:set package 'interface_pkg1' build argument 'catkin_cmake_args' from command line to 'None'
[0.271s] Level 5:colcon.colcon_core.verb:set package 'interface_pkg1' build argument 'catkin_skip_building_tests' from command line to 'False'
[0.271s] DEBUG:colcon.colcon_core.verb:Building package 'interface_pkg1' with the following arguments: {'ament_cmake_args': None, 'build_base': '/home/hawx/ws1/build/interface_pkg1', 'catkin_cmake_args': None, 'catkin_skip_building_tests': False, 'cmake_args': None, 'cmake_clean_cache': False, 'cmake_clean_first': False, 'cmake_force_configure': False, 'cmake_target': None, 'cmake_target_skip_unavailable': False, 'install_base': '/home/hawx/ws1/install/interface_pkg1', 'merge_install': False, 'path': '/home/hawx/ws1/src/interface_pkg1', 'symlink_install': False, 'test_result_base': None}
[0.271s] Level 5:colcon.colcon_core.verb:set package 'msg_pkg1' build argument 'cmake_args' from command line to 'None'
[0.271s] Level 5:colcon.colcon_core.verb:set package 'msg_pkg1' build argument 'cmake_target' from command line to 'None'
[0.271s] Level 5:colcon.colcon_core.verb:set package 'msg_pkg1' build argument 'cmake_target_skip_unavailable' from command line to 'False'
[0.271s] Level 5:colcon.colcon_core.verb:set package 'msg_pkg1' build argument 'cmake_clean_cache' from command line to 'False'
[0.271s] Level 5:colcon.colcon_core.verb:set package 'msg_pkg1' build argument 'cmake_clean_first' from command line to 'False'
[0.271s] Level 5:colcon.colcon_core.verb:set package 'msg_pkg1' build argument 'cmake_force_configure' from command line to 'False'
[0.271s] Level 5:colcon.colcon_core.verb:set package 'msg_pkg1' build argument 'ament_cmake_args' from command line to 'None'
[0.271s] Level 5:colcon.colcon_core.verb:set package 'msg_pkg1' build argument 'catkin_cmake_args' from command line to 'None'
[0.271s] Level 5:colcon.colcon_core.verb:set package 'msg_pkg1' build argument 'catkin_skip_building_tests' from command line to 'False'
[0.271s] DEBUG:colcon.colcon_core.verb:Building package 'msg_pkg1' with the following arguments: {'ament_cmake_args': None, 'build_base': '/home/hawx/ws1/build/msg_pkg1', 'catkin_cmake_args': None, 'catkin_skip_building_tests': False, 'cmake_args': None, 'cmake_clean_cache': False, 'cmake_clean_first': False, 'cmake_force_configure': False, 'cmake_target': None, 'cmake_target_skip_unavailable': False, 'install_base': '/home/hawx/ws1/install/msg_pkg1', 'merge_install': False, 'path': '/home/hawx/ws1/src/msg_pkg1', 'symlink_install': False, 'test_result_base': None}
[0.271s] Level 5:colcon.colcon_core.verb:set package 'pubsub_pkg1' build argument 'cmake_args' from command line to 'None'
[0.271s] Level 5:colcon.colcon_core.verb:set package 'pubsub_pkg1' build argument 'cmake_target' from command line to 'None'
[0.271s] Level 5:colcon.colcon_core.verb:set package 'pubsub_pkg1' build argument 'cmake_target_skip_unavailable' from command line to 'False'
[0.271s] Level 5:colcon.colcon_core.verb:set package 'pubsub_pkg1' build argument 'cmake_clean_cache' from command line to 'False'
[0.271s] Level 5:colcon.colcon_core.verb:set package 'pubsub_pkg1' build argument 'cmake_clean_first' from command line to 'False'
[0.271s] Level 5:colcon.colcon_core.verb:set package 'pubsub_pkg1' build argument 'cmake_force_configure' from command line to 'False'
[0.271s] Level 5:colcon.colcon_core.verb:set package 'pubsub_pkg1' build argument 'ament_cmake_args' from command line to 'None'
[0.271s] Level 5:colcon.colcon_core.verb:set package 'pubsub_pkg1' build argument 'catkin_cmake_args' from command line to 'None'
[0.271s] Level 5:colcon.colcon_core.verb:set package 'pubsub_pkg1' build argument 'catkin_skip_building_tests' from command line to 'False'
[0.271s] DEBUG:colcon.colcon_core.verb:Building package 'pubsub_pkg1' with the following arguments: {'ament_cmake_args': None, 'build_base': '/home/hawx/ws1/build/pubsub_pkg1', 'catkin_cmake_args': None, 'catkin_skip_building_tests': False, 'cmake_args': None, 'cmake_clean_cache': False, 'cmake_clean_first': False, 'cmake_force_configure': False, 'cmake_target': None, 'cmake_target_skip_unavailable': False, 'install_base': '/home/hawx/ws1/install/pubsub_pkg1', 'merge_install': False, 'path': '/home/hawx/ws1/src/pubsub_pkg1', 'symlink_install': False, 'test_result_base': None}
[0.271s] Level 5:colcon.colcon_core.verb:set package 'py_pkg1' build argument 'cmake_args' from command line to 'None'
[0.272s] Level 5:colcon.colcon_core.verb:set package 'py_pkg1' build argument 'cmake_target' from command line to 'None'
[0.272s] Level 5:colcon.colcon_core.verb:set package 'py_pkg1' build argument 'cmake_target_skip_unavailable' from command line to 'False'
[0.272s] Level 5:colcon.colcon_core.verb:set package 'py_pkg1' build argument 'cmake_clean_cache' from command line to 'False'
[0.272s] Level 5:colcon.colcon_core.verb:set package 'py_pkg1' build argument 'cmake_clean_first' from command line to 'False'
[0.272s] Level 5:colcon.colcon_core.verb:set package 'py_pkg1' build argument 'cmake_force_configure' from command line to 'False'
[0.272s] Level 5:colcon.colcon_core.verb:set package 'py_pkg1' build argument 'ament_cmake_args' from command line to 'None'
[0.272s] Level 5:colcon.colcon_core.verb:set package 'py_pkg1' build argument 'catkin_cmake_args' from command line to 'None'
[0.272s] Level 5:colcon.colcon_core.verb:set package 'py_pkg1' build argument 'catkin_skip_building_tests' from command line to 'False'
[0.272s] DEBUG:colcon.colcon_core.verb:Building package 'py_pkg1' with the following arguments: {'ament_cmake_args': None, 'build_base': '/home/hawx/ws1/build/py_pkg1', 'catkin_cmake_args': None, 'catkin_skip_building_tests': False, 'cmake_args': None, 'cmake_clean_cache': False, 'cmake_clean_first': False, 'cmake_force_configure': False, 'cmake_target': None, 'cmake_target_skip_unavailable': False, 'install_base': '/home/hawx/ws1/install/py_pkg1', 'merge_install': False, 'path': '/home/hawx/ws1/src/py_pkg1', 'symlink_install': False, 'test_result_base': None}
[0.272s] Level 5:colcon.colcon_core.verb:set package 'py_pkg2' build argument 'cmake_args' from command line to 'None'
[0.272s] Level 5:colcon.colcon_core.verb:set package 'py_pkg2' build argument 'cmake_target' from command line to 'None'
[0.272s] Level 5:colcon.colcon_core.verb:set package 'py_pkg2' build argument 'cmake_target_skip_unavailable' from command line to 'False'
[0.272s] Level 5:colcon.colcon_core.verb:set package 'py_pkg2' build argument 'cmake_clean_cache' from command line to 'False'
[0.272s] Level 5:colcon.colcon_core.verb:set package 'py_pkg2' build argument 'cmake_clean_first' from command line to 'False'
[0.272s] Level 5:colcon.colcon_core.verb:set package 'py_pkg2' build argument 'cmake_force_configure' from command line to 'False'
[0.272s] Level 5:colcon.colcon_core.verb:set package 'py_pkg2' build argument 'ament_cmake_args' from command line to 'None'
[0.272s] Level 5:colcon.colcon_core.verb:set package 'py_pkg2' build argument 'catkin_cmake_args' from command line to 'None'
[0.272s] Level 5:colcon.colcon_core.verb:set package 'py_pkg2' build argument 'catkin_skip_building_tests' from command line to 'False'
[0.272s] DEBUG:colcon.colcon_core.verb:Building package 'py_pkg2' with the following arguments: {'ament_cmake_args': None, 'build_base': '/home/hawx/ws1/build/py_pkg2', 'catkin_cmake_args': None, 'catkin_skip_building_tests': False, 'cmake_args': None, 'cmake_clean_cache': False, 'cmake_clean_first': False, 'cmake_force_configure': False, 'cmake_target': None, 'cmake_target_skip_unavailable': False, 'install_base': '/home/hawx/ws1/install/py_pkg2', 'merge_install': False, 'path': '/home/hawx/ws1/src/py_pkg2', 'symlink_install': False, 'test_result_base': None}
[0.272s] Level 5:colcon.colcon_core.verb:set package 'pypara_pkg1' build argument 'cmake_args' from command line to 'None'
[0.272s] Level 5:colcon.colcon_core.verb:set package 'pypara_pkg1' build argument 'cmake_target' from command line to 'None'
[0.272s] Level 5:colcon.colcon_core.verb:set package 'pypara_pkg1' build argument 'cmake_target_skip_unavailable' from command line to 'False'
[0.272s] Level 5:colcon.colcon_core.verb:set package 'pypara_pkg1' build argument 'cmake_clean_cache' from command line to 'False'
[0.272s] Level 5:colcon.colcon_core.verb:set package 'pypara_pkg1' build argument 'cmake_clean_first' from command line to 'False'
[0.272s] Level 5:colcon.colcon_core.verb:set package 'pypara_pkg1' build argument 'cmake_force_configure' from command line to 'False'
[0.272s] Level 5:colcon.colcon_core.verb:set package 'pypara_pkg1' build argument 'ament_cmake_args' from command line to 'None'
[0.272s] Level 5:colcon.colcon_core.verb:set package 'pypara_pkg1' build argument 'catkin_cmake_args' from command line to 'None'
[0.272s] Level 5:colcon.colcon_core.verb:set package 'pypara_pkg1' build argument 'catkin_skip_building_tests' from command line to 'False'
[0.272s] DEBUG:colcon.colcon_core.verb:Building package 'pypara_pkg1' with the following arguments: {'ament_cmake_args': None, 'build_base': '/home/hawx/ws1/build/pypara_pkg1', 'catkin_cmake_args': None, 'catkin_skip_building_tests': False, 'cmake_args': None, 'cmake_clean_cache': False, 'cmake_clean_first': False, 'cmake_force_configure': False, 'cmake_target': None, 'cmake_target_skip_unavailable': False, 'install_base': '/home/hawx/ws1/install/pypara_pkg1', 'merge_install': False, 'path': '/home/hawx/ws1/src/pypara_pkg1', 'symlink_install': False, 'test_result_base': None}
[0.272s] INFO:colcon.colcon_core.executor:Executing jobs using 'parallel' executor
[0.273s] DEBUG:colcon.colcon_parallel_executor.executor.parallel:run_until_complete
[0.273s] INFO:colcon.colcon_ros.task.ament_cmake.build:Building ROS package in '/home/hawx/ws1/src/interface_pkg1' with build type 'ament_cmake'
[0.273s] INFO:colcon.colcon_cmake.task.cmake.build:Building CMake package in '/home/hawx/ws1/src/interface_pkg1'
[0.275s] INFO:colcon.colcon_core.plugin_system:Skipping extension 'colcon_core.shell.bat': Not used on non-Windows systems
[0.275s] INFO:colcon.colcon_core.shell:Skip shell extension 'powershell' for command environment: Not usable outside of PowerShell
[0.275s] DEBUG:colcon.colcon_core.shell:Skip shell extension 'dsv' for command environment
[0.278s] INFO:colcon.colcon_ros.task.ament_cmake.build:Building ROS package in '/home/hawx/ws1/src/msg_pkg1' with build type 'ament_cmake'
[0.278s] INFO:colcon.colcon_cmake.task.cmake.build:Building CMake package in '/home/hawx/ws1/src/msg_pkg1'
[0.278s] INFO:colcon.colcon_core.shell:Skip shell extension 'powershell' for command environment: Not usable outside of PowerShell
[0.278s] DEBUG:colcon.colcon_core.shell:Skip shell extension 'dsv' for command environment
[0.280s] INFO:colcon.colcon_ros.task.ament_python.build:Building ROS package in '/home/hawx/ws1/src/pubsub_pkg1' with build type 'ament_python'
[0.280s] Level 1:colcon.colcon_core.shell:create_environment_hook('pubsub_pkg1', 'ament_prefix_path')
[0.280s] INFO:colcon.colcon_core.shell:Creating environment hook '/home/hawx/ws1/install/pubsub_pkg1/share/pubsub_pkg1/hook/ament_prefix_path.ps1'
[0.281s] INFO:colcon.colcon_core.shell:Creating environment descriptor '/home/hawx/ws1/install/pubsub_pkg1/share/pubsub_pkg1/hook/ament_prefix_path.dsv'
[0.281s] INFO:colcon.colcon_core.shell:Creating environment hook '/home/hawx/ws1/install/pubsub_pkg1/share/pubsub_pkg1/hook/ament_prefix_path.sh'
[0.282s] INFO:colcon.colcon_core.shell:Skip shell extension 'powershell' for command environment: Not usable outside of PowerShell
[0.282s] DEBUG:colcon.colcon_core.shell:Skip shell extension 'dsv' for command environment
[0.284s] INFO:colcon.colcon_ros.task.ament_python.build:Building ROS package in '/home/hawx/ws1/src/py_pkg1' with build type 'ament_python'
[0.284s] Level 1:colcon.colcon_core.shell:create_environment_hook('py_pkg1', 'ament_prefix_path')
[0.284s] INFO:colcon.colcon_core.shell:Creating environment hook '/home/hawx/ws1/install/py_pkg1/share/py_pkg1/hook/ament_prefix_path.ps1'
[0.285s] INFO:colcon.colcon_core.shell:Creating environment descriptor '/home/hawx/ws1/install/py_pkg1/share/py_pkg1/hook/ament_prefix_path.dsv'
[0.285s] INFO:colcon.colcon_core.shell:Creating environment hook '/home/hawx/ws1/install/py_pkg1/share/py_pkg1/hook/ament_prefix_path.sh'
[0.285s] INFO:colcon.colcon_core.shell:Skip shell extension 'powershell' for command environment: Not usable outside of PowerShell
[0.285s] DEBUG:colcon.colcon_core.shell:Skip shell extension 'dsv' for command environment
[0.287s] INFO:colcon.colcon_ros.task.ament_python.build:Building ROS package in '/home/hawx/ws1/src/py_pkg2' with build type 'ament_python'
[0.287s] Level 1:colcon.colcon_core.shell:create_environment_hook('py_pkg2', 'ament_prefix_path')
[0.287s] INFO:colcon.colcon_core.shell:Creating environment hook '/home/hawx/ws1/install/py_pkg2/share/py_pkg2/hook/ament_prefix_path.ps1'
[0.288s] INFO:colcon.colcon_core.shell:Creating environment descriptor '/home/hawx/ws1/install/py_pkg2/share/py_pkg2/hook/ament_prefix_path.dsv'
[0.288s] INFO:colcon.colcon_core.shell:Creating environment hook '/home/hawx/ws1/install/py_pkg2/share/py_pkg2/hook/ament_prefix_path.sh'
[0.288s] INFO:colcon.colcon_core.shell:Skip shell extension 'powershell' for command environment: Not usable outside of PowerShell
[0.288s] DEBUG:colcon.colcon_core.shell:Skip shell extension 'dsv' for command environment
[0.290s] INFO:colcon.colcon_ros.task.ament_python.build:Building ROS package in '/home/hawx/ws1/src/pypara_pkg1' with build type 'ament_python'
[0.290s] Level 1:colcon.colcon_core.shell:create_environment_hook('pypara_pkg1', 'ament_prefix_path')
[0.290s] INFO:colcon.colcon_core.shell:Creating environment hook '/home/hawx/ws1/install/pypara_pkg1/share/pypara_pkg1/hook/ament_prefix_path.ps1'
[0.291s] INFO:colcon.colcon_core.shell:Creating environment descriptor '/home/hawx/ws1/install/pypara_pkg1/share/pypara_pkg1/hook/ament_prefix_path.dsv'
[0.291s] INFO:colcon.colcon_core.shell:Creating environment hook '/home/hawx/ws1/install/pypara_pkg1/share/pypara_pkg1/hook/ament_prefix_path.sh'
[0.291s] INFO:colcon.colcon_core.shell:Skip shell extension 'powershell' for command environment: Not usable outside of PowerShell
[0.291s] DEBUG:colcon.colcon_core.shell:Skip shell extension 'dsv' for command environment
[0.295s] DEBUG:colcon.colcon_core.event_handler.log_command:Invoking command in '/home/hawx/ws1/build/interface_pkg1': CMAKE_PREFIX_PATH=${CMAKE_PREFIX_PATH}:/home/hawx/ws1/install/pypara_pkg1:/home/hawx/ws1/install/py_pkg2:/home/hawx/ws1/install/py_pkg1:/home/hawx/ws1/install/pubsub_pkg1:/home/hawx/ws1/src/install/pypara_pkg1:/home/hawx/ws1/src/install/py_pkg2:/home/hawx/ws1/src/install/py_pkg1:/opt/ros/humble /usr/bin/cmake --build /home/hawx/ws1/build/interface_pkg1 -- -j32 -l32
[0.300s] DEBUG:colcon.colcon_core.event_handler.log_command:Invoking command in '/home/hawx/ws1/build/msg_pkg1': CMAKE_PREFIX_PATH=${CMAKE_PREFIX_PATH}:/home/hawx/ws1/install/pypara_pkg1:/home/hawx/ws1/install/py_pkg2:/home/hawx/ws1/install/py_pkg1:/home/hawx/ws1/install/pubsub_pkg1:/home/hawx/ws1/src/install/pypara_pkg1:/home/hawx/ws1/src/install/py_pkg2:/home/hawx/ws1/src/install/py_pkg1:/opt/ros/humble /usr/bin/cmake --build /home/hawx/ws1/build/msg_pkg1 -- -j32 -l32
[0.443s] WARNING:colcon.colcon_ros.task.ament_python.build:Package 'pubsub_pkg1' doesn't explicitly install a marker in the package index (colcon-ros currently does it implicitly but that fallback will be removed in the future)
[0.443s] INFO:colcon.colcon_core.task.python.build:Building Python package in '/home/hawx/ws1/src/pubsub_pkg1'
[0.444s] INFO:colcon.colcon_core.shell:Skip shell extension 'powershell' for command environment: Not usable outside of PowerShell
[0.444s] DEBUG:colcon.colcon_core.shell:Skip shell extension 'dsv' for command environment
[0.586s] INFO:colcon.colcon_core.task.python.build:Building Python package in '/home/hawx/ws1/src/py_pkg1'
[0.587s] INFO:colcon.colcon_core.shell:Skip shell extension 'powershell' for command environment: Not usable outside of PowerShell
[0.587s] DEBUG:colcon.colcon_core.shell:Skip shell extension 'dsv' for command environment
[0.732s] INFO:colcon.colcon_core.task.python.build:Building Python package in '/home/hawx/ws1/src/py_pkg2'
[0.733s] INFO:colcon.colcon_core.shell:Skip shell extension 'powershell' for command environment: Not usable outside of PowerShell
[0.733s] DEBUG:colcon.colcon_core.shell:Skip shell extension 'dsv' for command environment
[0.882s] INFO:colcon.colcon_core.task.python.build:Building Python package in '/home/hawx/ws1/src/pypara_pkg1'
[0.882s] INFO:colcon.colcon_core.shell:Skip shell extension 'powershell' for command environment: Not usable outside of PowerShell
[0.882s] DEBUG:colcon.colcon_core.shell:Skip shell extension 'dsv' for command environment
[0.885s] DEBUG:colcon.colcon_core.event_handler.log_command:Invoked command in '/home/hawx/ws1/build/interface_pkg1' returned '0': CMAKE_PREFIX_PATH=${CMAKE_PREFIX_PATH}:/home/hawx/ws1/install/pypara_pkg1:/home/hawx/ws1/install/py_pkg2:/home/hawx/ws1/install/py_pkg1:/home/hawx/ws1/install/pubsub_pkg1:/home/hawx/ws1/src/install/pypara_pkg1:/home/hawx/ws1/src/install/py_pkg2:/home/hawx/ws1/src/install/py_pkg1:/opt/ros/humble /usr/bin/cmake --build /home/hawx/ws1/build/interface_pkg1 -- -j32 -l32
[0.892s] DEBUG:colcon.colcon_core.event_handler.log_command:Invoking command in '/home/hawx/ws1/build/interface_pkg1': CMAKE_PREFIX_PATH=${CMAKE_PREFIX_PATH}:/home/hawx/ws1/install/pypara_pkg1:/home/hawx/ws1/install/py_pkg2:/home/hawx/ws1/install/py_pkg1:/home/hawx/ws1/install/pubsub_pkg1:/home/hawx/ws1/src/install/pypara_pkg1:/home/hawx/ws1/src/install/py_pkg2:/home/hawx/ws1/src/install/py_pkg1:/opt/ros/humble /usr/bin/cmake --install /home/hawx/ws1/build/interface_pkg1
[0.892s] DEBUG:colcon.colcon_core.event_handler.log_command:Invoked command in '/home/hawx/ws1/build/msg_pkg1' returned '0': CMAKE_PREFIX_PATH=${CMAKE_PREFIX_PATH}:/home/hawx/ws1/install/pypara_pkg1:/home/hawx/ws1/install/py_pkg2:/home/hawx/ws1/install/py_pkg1:/home/hawx/ws1/install/pubsub_pkg1:/home/hawx/ws1/src/install/pypara_pkg1:/home/hawx/ws1/src/install/py_pkg2:/home/hawx/ws1/src/install/py_pkg1:/opt/ros/humble /usr/bin/cmake --build /home/hawx/ws1/build/msg_pkg1 -- -j32 -l32
[0.894s] DEBUG:colcon.colcon_core.event_handler.log_command:Invoking command in '/home/hawx/ws1/build/msg_pkg1': CMAKE_PREFIX_PATH=${CMAKE_PREFIX_PATH}:/home/hawx/ws1/install/pypara_pkg1:/home/hawx/ws1/install/py_pkg2:/home/hawx/ws1/install/py_pkg1:/home/hawx/ws1/install/pubsub_pkg1:/home/hawx/ws1/src/install/pypara_pkg1:/home/hawx/ws1/src/install/py_pkg2:/home/hawx/ws1/src/install/py_pkg1:/opt/ros/humble /usr/bin/cmake --install /home/hawx/ws1/build/msg_pkg1
[0.934s] Level 1:colcon.colcon_core.environment:create_environment_scripts_only(msg_pkg1)
[0.935s] DEBUG:colcon.colcon_core.event_handler.log_command:Invoked command in '/home/hawx/ws1/build/msg_pkg1' returned '0': CMAKE_PREFIX_PATH=${CMAKE_PREFIX_PATH}:/home/hawx/ws1/install/pypara_pkg1:/home/hawx/ws1/install/py_pkg2:/home/hawx/ws1/install/py_pkg1:/home/hawx/ws1/install/pubsub_pkg1:/home/hawx/ws1/src/install/pypara_pkg1:/home/hawx/ws1/src/install/py_pkg2:/home/hawx/ws1/src/install/py_pkg1:/opt/ros/humble /usr/bin/cmake --install /home/hawx/ws1/build/msg_pkg1
[0.937s] Level 1:colcon.colcon_core.environment:checking '/home/hawx/ws1/install/msg_pkg1' for CMake module files
[0.937s] Level 1:colcon.colcon_core.environment:checking '/home/hawx/ws1/install/msg_pkg1' for CMake config files
[0.938s] Level 1:colcon.colcon_core.shell:create_environment_hook('msg_pkg1', 'cmake_prefix_path')
[0.938s] INFO:colcon.colcon_core.shell:Creating environment hook '/home/hawx/ws1/install/msg_pkg1/share/msg_pkg1/hook/cmake_prefix_path.ps1'
[0.938s] INFO:colcon.colcon_core.shell:Creating environment descriptor '/home/hawx/ws1/install/msg_pkg1/share/msg_pkg1/hook/cmake_prefix_path.dsv'
[0.938s] INFO:colcon.colcon_core.shell:Creating environment hook '/home/hawx/ws1/install/msg_pkg1/share/msg_pkg1/hook/cmake_prefix_path.sh'
[0.939s] Level 1:colcon.colcon_core.environment:checking '/home/hawx/ws1/install/msg_pkg1/lib'
[0.939s] Level 1:colcon.colcon_core.shell:create_environment_hook('msg_pkg1', 'ld_library_path_lib')
[0.939s] INFO:colcon.colcon_core.shell:Creating environment hook '/home/hawx/ws1/install/msg_pkg1/share/msg_pkg1/hook/ld_library_path_lib.ps1'
[0.939s] INFO:colcon.colcon_core.shell:Creating environment descriptor '/home/hawx/ws1/install/msg_pkg1/share/msg_pkg1/hook/ld_library_path_lib.dsv'
[0.939s] INFO:colcon.colcon_core.shell:Creating environment hook '/home/hawx/ws1/install/msg_pkg1/share/msg_pkg1/hook/ld_library_path_lib.sh'
[0.939s] Level 1:colcon.colcon_core.environment:checking '/home/hawx/ws1/install/msg_pkg1/bin'
[0.939s] Level 1:colcon.colcon_core.environment:checking '/home/hawx/ws1/install/msg_pkg1/lib/pkgconfig/msg_pkg1.pc'
[0.940s] Level 1:colcon.colcon_core.environment:checking '/home/hawx/ws1/install/msg_pkg1/lib/python3.10/site-packages'
[0.940s] Level 1:colcon.colcon_core.environment:checking '/home/hawx/ws1/install/msg_pkg1/bin'
[0.940s] INFO:colcon.colcon_core.shell:Creating package script '/home/hawx/ws1/install/msg_pkg1/share/msg_pkg1/package.ps1'
[0.940s] INFO:colcon.colcon_core.shell:Creating package descriptor '/home/hawx/ws1/install/msg_pkg1/share/msg_pkg1/package.dsv'
[0.941s] INFO:colcon.colcon_core.shell:Creating package script '/home/hawx/ws1/install/msg_pkg1/share/msg_pkg1/package.sh'
[0.942s] INFO:colcon.colcon_core.shell:Creating package script '/home/hawx/ws1/install/msg_pkg1/share/msg_pkg1/package.bash'
[0.942s] INFO:colcon.colcon_core.shell:Creating package script '/home/hawx/ws1/install/msg_pkg1/share/msg_pkg1/package.zsh'
[0.943s] Level 1:colcon.colcon_core.environment:create_file_with_runtime_dependencies(/home/hawx/ws1/install/msg_pkg1/share/colcon-core/packages/msg_pkg1)
[0.943s] Level 1:colcon.colcon_core.environment:create_environment_scripts_only(msg_pkg1)
[0.943s] Level 1:colcon.colcon_core.environment:checking '/home/hawx/ws1/install/msg_pkg1' for CMake module files
[0.944s] Level 1:colcon.colcon_core.environment:checking '/home/hawx/ws1/install/msg_pkg1' for CMake config files
[0.944s] Level 1:colcon.colcon_core.shell:create_environment_hook('msg_pkg1', 'cmake_prefix_path')
[0.944s] INFO:colcon.colcon_core.shell:Creating environment hook '/home/hawx/ws1/install/msg_pkg1/share/msg_pkg1/hook/cmake_prefix_path.ps1'
[0.944s] INFO:colcon.colcon_core.shell:Creating environment descriptor '/home/hawx/ws1/install/msg_pkg1/share/msg_pkg1/hook/cmake_prefix_path.dsv'
[0.944s] INFO:colcon.colcon_core.shell:Creating environment hook '/home/hawx/ws1/install/msg_pkg1/share/msg_pkg1/hook/cmake_prefix_path.sh'
[0.945s] Level 1:colcon.colcon_core.environment:checking '/home/hawx/ws1/install/msg_pkg1/lib'
[0.945s] Level 1:colcon.colcon_core.shell:create_environment_hook('msg_pkg1', 'ld_library_path_lib')
[0.945s] INFO:colcon.colcon_core.shell:Creating environment hook '/home/hawx/ws1/install/msg_pkg1/share/msg_pkg1/hook/ld_library_path_lib.ps1'
[0.945s] INFO:colcon.colcon_core.shell:Creating environment descriptor '/home/hawx/ws1/install/msg_pkg1/share/msg_pkg1/hook/ld_library_path_lib.dsv'
[0.945s] INFO:colcon.colcon_core.shell:Creating environment hook '/home/hawx/ws1/install/msg_pkg1/share/msg_pkg1/hook/ld_library_path_lib.sh'
[0.945s] Level 1:colcon.colcon_core.environment:checking '/home/hawx/ws1/install/msg_pkg1/bin'
[0.945s] Level 1:colcon.colcon_core.environment:checking '/home/hawx/ws1/install/msg_pkg1/lib/pkgconfig/msg_pkg1.pc'
[0.946s] Level 1:colcon.colcon_core.environment:checking '/home/hawx/ws1/install/msg_pkg1/lib/python3.10/site-packages'
[0.946s] Level 1:colcon.colcon_core.environment:checking '/home/hawx/ws1/install/msg_pkg1/bin'
[0.946s] INFO:colcon.colcon_core.shell:Creating package script '/home/hawx/ws1/install/msg_pkg1/share/msg_pkg1/package.ps1'
[0.946s] INFO:colcon.colcon_core.shell:Creating package descriptor '/home/hawx/ws1/install/msg_pkg1/share/msg_pkg1/package.dsv'
[0.946s] INFO:colcon.colcon_core.shell:Creating package script '/home/hawx/ws1/install/msg_pkg1/share/msg_pkg1/package.sh'
[0.947s] INFO:colcon.colcon_core.shell:Creating package script '/home/hawx/ws1/install/msg_pkg1/share/msg_pkg1/package.bash'
[0.947s] INFO:colcon.colcon_core.shell:Creating package script '/home/hawx/ws1/install/msg_pkg1/share/msg_pkg1/package.zsh'
[0.947s] Level 1:colcon.colcon_core.environment:create_file_with_runtime_dependencies(/home/hawx/ws1/install/msg_pkg1/share/colcon-core/packages/msg_pkg1)
[0.948s] Level 1:colcon.colcon_core.environment:create_environment_scripts_only(interface_pkg1)
[0.948s] Level 1:colcon.colcon_core.environment:checking '/home/hawx/ws1/install/interface_pkg1' for CMake module files
[0.948s] DEBUG:colcon.colcon_core.event_handler.log_command:Invoked command in '/home/hawx/ws1/build/interface_pkg1' returned '0': CMAKE_PREFIX_PATH=${CMAKE_PREFIX_PATH}:/home/hawx/ws1/install/pypara_pkg1:/home/hawx/ws1/install/py_pkg2:/home/hawx/ws1/install/py_pkg1:/home/hawx/ws1/install/pubsub_pkg1:/home/hawx/ws1/src/install/pypara_pkg1:/home/hawx/ws1/src/install/py_pkg2:/home/hawx/ws1/src/install/py_pkg1:/opt/ros/humble /usr/bin/cmake --install /home/hawx/ws1/build/interface_pkg1
[0.948s] Level 1:colcon.colcon_core.environment:checking '/home/hawx/ws1/install/interface_pkg1' for CMake config files
[0.949s] Level 1:colcon.colcon_core.shell:create_environment_hook('interface_pkg1', 'cmake_prefix_path')
[0.949s] INFO:colcon.colcon_core.shell:Creating environment hook '/home/hawx/ws1/install/interface_pkg1/share/interface_pkg1/hook/cmake_prefix_path.ps1'
[0.949s] INFO:colcon.colcon_core.shell:Creating environment descriptor '/home/hawx/ws1/install/interface_pkg1/share/interface_pkg1/hook/cmake_prefix_path.dsv'
[0.949s] INFO:colcon.colcon_core.shell:Creating environment hook '/home/hawx/ws1/install/interface_pkg1/share/interface_pkg1/hook/cmake_prefix_path.sh'
[0.949s] Level 1:colcon.colcon_core.environment:checking '/home/hawx/ws1/install/interface_pkg1/lib'
[0.949s] Level 1:colcon.colcon_core.shell:create_environment_hook('interface_pkg1', 'ld_library_path_lib')
[0.950s] INFO:colcon.colcon_core.shell:Creating environment hook '/home/hawx/ws1/install/interface_pkg1/share/interface_pkg1/hook/ld_library_path_lib.ps1'
[0.950s] INFO:colcon.colcon_core.shell:Creating environment descriptor '/home/hawx/ws1/install/interface_pkg1/share/interface_pkg1/hook/ld_library_path_lib.dsv'
[0.950s] INFO:colcon.colcon_core.shell:Creating environment hook '/home/hawx/ws1/install/interface_pkg1/share/interface_pkg1/hook/ld_library_path_lib.sh'
[0.950s] Level 1:colcon.colcon_core.environment:checking '/home/hawx/ws1/install/interface_pkg1/bin'
[0.950s] Level 1:colcon.colcon_core.environment:checking '/home/hawx/ws1/install/interface_pkg1/lib/pkgconfig/interface_pkg1.pc'
[0.950s] Level 1:colcon.colcon_core.environment:checking '/home/hawx/ws1/install/interface_pkg1/lib/python3.10/site-packages'
[0.950s] Level 1:colcon.colcon_core.environment:checking '/home/hawx/ws1/install/interface_pkg1/bin'
[0.950s] INFO:colcon.colcon_core.shell:Creating package script '/home/hawx/ws1/install/interface_pkg1/share/interface_pkg1/package.ps1'
[0.951s] INFO:colcon.colcon_core.shell:Creating package descriptor '/home/hawx/ws1/install/interface_pkg1/share/interface_pkg1/package.dsv'
[0.951s] INFO:colcon.colcon_core.shell:Creating package script '/home/hawx/ws1/install/interface_pkg1/share/interface_pkg1/package.sh'
[0.951s] INFO:colcon.colcon_core.shell:Creating package script '/home/hawx/ws1/install/interface_pkg1/share/interface_pkg1/package.bash'
[0.951s] INFO:colcon.colcon_core.shell:Creating package script '/home/hawx/ws1/install/interface_pkg1/share/interface_pkg1/package.zsh'
[0.951s] Level 1:colcon.colcon_core.environment:create_file_with_runtime_dependencies(/home/hawx/ws1/install/interface_pkg1/share/colcon-core/packages/interface_pkg1)
[0.952s] Level 1:colcon.colcon_core.environment:create_environment_scripts_only(interface_pkg1)
[0.952s] Level 1:colcon.colcon_core.environment:checking '/home/hawx/ws1/install/interface_pkg1' for CMake module files
[0.952s] Level 1:colcon.colcon_core.environment:checking '/home/hawx/ws1/install/interface_pkg1' for CMake config files
[0.952s] Level 1:colcon.colcon_core.shell:create_environment_hook('interface_pkg1', 'cmake_prefix_path')
[0.953s] INFO:colcon.colcon_core.shell:Creating environment hook '/home/hawx/ws1/install/interface_pkg1/share/interface_pkg1/hook/cmake_prefix_path.ps1'
[0.953s] INFO:colcon.colcon_core.shell:Creating environment descriptor '/home/hawx/ws1/install/interface_pkg1/share/interface_pkg1/hook/cmake_prefix_path.dsv'
[0.953s] INFO:colcon.colcon_core.shell:Creating environment hook '/home/hawx/ws1/install/interface_pkg1/share/interface_pkg1/hook/cmake_prefix_path.sh'
[0.953s] Level 1:colcon.colcon_core.environment:checking '/home/hawx/ws1/install/interface_pkg1/lib'
[0.953s] Level 1:colcon.colcon_core.shell:create_environment_hook('interface_pkg1', 'ld_library_path_lib')
[0.953s] INFO:colcon.colcon_core.shell:Creating environment hook '/home/hawx/ws1/install/interface_pkg1/share/interface_pkg1/hook/ld_library_path_lib.ps1'
[0.954s] INFO:colcon.colcon_core.shell:Creating environment descriptor '/home/hawx/ws1/install/interface_pkg1/share/interface_pkg1/hook/ld_library_path_lib.dsv'
[0.954s] INFO:colcon.colcon_core.shell:Creating environment hook '/home/hawx/ws1/install/interface_pkg1/share/interface_pkg1/hook/ld_library_path_lib.sh'
[0.954s] Level 1:colcon.colcon_core.environment:checking '/home/hawx/ws1/install/interface_pkg1/bin'
[0.954s] Level 1:colcon.colcon_core.environment:checking '/home/hawx/ws1/install/interface_pkg1/lib/pkgconfig/interface_pkg1.pc'
[0.954s] Level 1:colcon.colcon_core.environment:checking '/home/hawx/ws1/install/interface_pkg1/lib/python3.10/site-packages'
[0.954s] Level 1:colcon.colcon_core.environment:checking '/home/hawx/ws1/install/interface_pkg1/bin'
[0.954s] INFO:colcon.colcon_core.shell:Creating package script '/home/hawx/ws1/install/interface_pkg1/share/interface_pkg1/package.ps1'
[0.955s] INFO:colcon.colcon_core.shell:Creating package descriptor '/home/hawx/ws1/install/interface_pkg1/share/interface_pkg1/package.dsv'
[0.955s] INFO:colcon.colcon_core.shell:Creating package script '/home/hawx/ws1/install/interface_pkg1/share/interface_pkg1/package.sh'
[0.955s] INFO:colcon.colcon_core.shell:Creating package script '/home/hawx/ws1/install/interface_pkg1/share/interface_pkg1/package.bash'
[0.955s] INFO:colcon.colcon_core.shell:Creating package script '/home/hawx/ws1/install/interface_pkg1/share/interface_pkg1/package.zsh'
[0.955s] Level 1:colcon.colcon_core.environment:create_file_with_runtime_dependencies(/home/hawx/ws1/install/interface_pkg1/share/colcon-core/packages/interface_pkg1)
[1.113s] DEBUG:colcon.colcon_core.event_handler.log_command:Invoking command in '/home/hawx/ws1/src/pypara_pkg1': PYTHONPATH=/home/hawx/ws1/build/pypara_pkg1/prefix_override:/usr/lib/python3/dist-packages/colcon_core/task/python/colcon_distutils_commands:/home/hawx/ws1/install/pypara_pkg1/lib/python3.10/site-packages:${PYTHONPATH} /usr/bin/python3 -W ignore:setup.py install is deprecated -W ignore:easy_install command is deprecated setup.py egg_info --egg-base ../../build/pypara_pkg1 build --build-base /home/hawx/ws1/build/pypara_pkg1/build install --record /home/hawx/ws1/build/pypara_pkg1/install.log --single-version-externally-managed install_data
[1.114s] DEBUG:colcon.colcon_core.event_handler.log_command:Invoking command in '/home/hawx/ws1/src/py_pkg1': PYTHONPATH=/home/hawx/ws1/build/py_pkg1/prefix_override:/usr/lib/python3/dist-packages/colcon_core/task/python/colcon_distutils_commands:/home/hawx/ws1/install/py_pkg1/lib/python3.10/site-packages:${PYTHONPATH} /usr/bin/python3 -W ignore:setup.py install is deprecated -W ignore:easy_install command is deprecated setup.py egg_info --egg-base ../../build/py_pkg1 build --build-base /home/hawx/ws1/build/py_pkg1/build install --record /home/hawx/ws1/build/py_pkg1/install.log --single-version-externally-managed install_data
[1.116s] DEBUG:colcon.colcon_core.event_handler.log_command:Invoking command in '/home/hawx/ws1/src/py_pkg2': PYTHONPATH=/home/hawx/ws1/build/py_pkg2/prefix_override:/usr/lib/python3/dist-packages/colcon_core/task/python/colcon_distutils_commands:/home/hawx/ws1/install/py_pkg2/lib/python3.10/site-packages:${PYTHONPATH} /usr/bin/python3 -W ignore:setup.py install is deprecated -W ignore:easy_install command is deprecated setup.py egg_info --egg-base ../../build/py_pkg2 build --build-base /home/hawx/ws1/build/py_pkg2/build install --record /home/hawx/ws1/build/py_pkg2/install.log --single-version-externally-managed install_data
[1.116s] DEBUG:colcon.colcon_core.event_handler.log_command:Invoking command in '/home/hawx/ws1/src/pubsub_pkg1': PYTHONPATH=/home/hawx/ws1/build/pubsub_pkg1/prefix_override:/usr/lib/python3/dist-packages/colcon_core/task/python/colcon_distutils_commands:/home/hawx/ws1/install/pubsub_pkg1/lib/python3.10/site-packages:${PYTHONPATH} /usr/bin/python3 -W ignore:setup.py install is deprecated -W ignore:easy_install command is deprecated setup.py egg_info --egg-base ../../build/pubsub_pkg1 build --build-base /home/hawx/ws1/build/pubsub_pkg1/build install --record /home/hawx/ws1/build/pubsub_pkg1/install.log --single-version-externally-managed install_data
[1.280s] Level 1:colcon.colcon_core.environment:checking '/home/hawx/ws1/install/py_pkg1' for CMake module files
[1.280s] DEBUG:colcon.colcon_core.event_handler.log_command:Invoked command in '/home/hawx/ws1/src/py_pkg1' returned '0': PYTHONPATH=/home/hawx/ws1/build/py_pkg1/prefix_override:/usr/lib/python3/dist-packages/colcon_core/task/python/colcon_distutils_commands:/home/hawx/ws1/install/py_pkg1/lib/python3.10/site-packages:${PYTHONPATH} /usr/bin/python3 -W ignore:setup.py install is deprecated -W ignore:easy_install command is deprecated setup.py egg_info --egg-base ../../build/py_pkg1 build --build-base /home/hawx/ws1/build/py_pkg1/build install --record /home/hawx/ws1/build/py_pkg1/install.log --single-version-externally-managed install_data
[1.280s] Level 1:colcon.colcon_core.environment:checking '/home/hawx/ws1/install/py_pkg1' for CMake config files
[1.281s] Level 1:colcon.colcon_core.environment:checking '/home/hawx/ws1/install/py_pkg1/lib'
[1.281s] Level 1:colcon.colcon_core.environment:checking '/home/hawx/ws1/install/py_pkg1/bin'
[1.281s] Level 1:colcon.colcon_core.environment:checking '/home/hawx/ws1/install/py_pkg1/lib/pkgconfig/py_pkg1.pc'
[1.281s] Level 1:colcon.colcon_core.environment:checking '/home/hawx/ws1/install/py_pkg1/lib/python3.10/site-packages'
[1.281s] Level 1:colcon.colcon_core.shell:create_environment_hook('py_pkg1', 'pythonpath')
[1.281s] INFO:colcon.colcon_core.shell:Creating environment hook '/home/hawx/ws1/install/py_pkg1/share/py_pkg1/hook/pythonpath.ps1'
[1.281s] INFO:colcon.colcon_core.shell:Creating environment descriptor '/home/hawx/ws1/install/py_pkg1/share/py_pkg1/hook/pythonpath.dsv'
[1.282s] INFO:colcon.colcon_core.shell:Creating environment hook '/home/hawx/ws1/install/py_pkg1/share/py_pkg1/hook/pythonpath.sh'
[1.282s] Level 1:colcon.colcon_core.environment:checking '/home/hawx/ws1/install/py_pkg1/bin'
[1.282s] Level 1:colcon.colcon_core.environment:create_environment_scripts_only(py_pkg1)
[1.282s] INFO:colcon.colcon_core.shell:Creating package script '/home/hawx/ws1/install/py_pkg1/share/py_pkg1/package.ps1'
[1.282s] INFO:colcon.colcon_core.shell:Creating package descriptor '/home/hawx/ws1/install/py_pkg1/share/py_pkg1/package.dsv'
[1.283s] INFO:colcon.colcon_core.shell:Creating package script '/home/hawx/ws1/install/py_pkg1/share/py_pkg1/package.sh'
[1.283s] INFO:colcon.colcon_core.shell:Creating package script '/home/hawx/ws1/install/py_pkg1/share/py_pkg1/package.bash'
[1.283s] INFO:colcon.colcon_core.shell:Creating package script '/home/hawx/ws1/install/py_pkg1/share/py_pkg1/package.zsh'
[1.283s] Level 1:colcon.colcon_core.environment:create_file_with_runtime_dependencies(/home/hawx/ws1/install/py_pkg1/share/colcon-core/packages/py_pkg1)
[1.284s] Level 1:colcon.colcon_core.environment:checking '/home/hawx/ws1/install/py_pkg2' for CMake module files
[1.285s] DEBUG:colcon.colcon_core.event_handler.log_command:Invoked command in '/home/hawx/ws1/src/py_pkg2' returned '0': PYTHONPATH=/home/hawx/ws1/build/py_pkg2/prefix_override:/usr/lib/python3/dist-packages/colcon_core/task/python/colcon_distutils_commands:/home/hawx/ws1/install/py_pkg2/lib/python3.10/site-packages:${PYTHONPATH} /usr/bin/python3 -W ignore:setup.py install is deprecated -W ignore:easy_install command is deprecated setup.py egg_info --egg-base ../../build/py_pkg2 build --build-base /home/hawx/ws1/build/py_pkg2/build install --record /home/hawx/ws1/build/py_pkg2/install.log --single-version-externally-managed install_data
[1.285s] Level 1:colcon.colcon_core.environment:checking '/home/hawx/ws1/install/py_pkg2' for CMake config files
[1.285s] Level 1:colcon.colcon_core.environment:checking '/home/hawx/ws1/install/py_pkg2/lib'
[1.285s] Level 1:colcon.colcon_core.environment:checking '/home/hawx/ws1/install/py_pkg2/bin'
[1.285s] Level 1:colcon.colcon_core.environment:checking '/home/hawx/ws1/install/py_pkg2/lib/pkgconfig/py_pkg2.pc'
[1.285s] Level 1:colcon.colcon_core.environment:checking '/home/hawx/ws1/install/py_pkg2/lib/python3.10/site-packages'
[1.285s] Level 1:colcon.colcon_core.shell:create_environment_hook('py_pkg2', 'pythonpath')
[1.285s] INFO:colcon.colcon_core.shell:Creating environment hook '/home/hawx/ws1/install/py_pkg2/share/py_pkg2/hook/pythonpath.ps1'
[1.286s] INFO:colcon.colcon_core.shell:Creating environment descriptor '/home/hawx/ws1/install/py_pkg2/share/py_pkg2/hook/pythonpath.dsv'
[1.286s] INFO:colcon.colcon_core.shell:Creating environment hook '/home/hawx/ws1/install/py_pkg2/share/py_pkg2/hook/pythonpath.sh'
[1.286s] Level 1:colcon.colcon_core.environment:checking '/home/hawx/ws1/install/py_pkg2/bin'
[1.286s] Level 1:colcon.colcon_core.environment:create_environment_scripts_only(py_pkg2)
[1.286s] INFO:colcon.colcon_core.shell:Creating package script '/home/hawx/ws1/install/py_pkg2/share/py_pkg2/package.ps1'
[1.286s] INFO:colcon.colcon_core.shell:Creating package descriptor '/home/hawx/ws1/install/py_pkg2/share/py_pkg2/package.dsv'
[1.287s] INFO:colcon.colcon_core.shell:Creating package script '/home/hawx/ws1/install/py_pkg2/share/py_pkg2/package.sh'
[1.287s] INFO:colcon.colcon_core.shell:Creating package script '/home/hawx/ws1/install/py_pkg2/share/py_pkg2/package.bash'
[1.287s] INFO:colcon.colcon_core.shell:Creating package script '/home/hawx/ws1/install/py_pkg2/share/py_pkg2/package.zsh'
[1.287s] Level 1:colcon.colcon_core.environment:create_file_with_runtime_dependencies(/home/hawx/ws1/install/py_pkg2/share/colcon-core/packages/py_pkg2)
[1.287s] Level 1:colcon.colcon_core.environment:checking '/home/hawx/ws1/install/pypara_pkg1' for CMake module files
[1.288s] Level 1:colcon.colcon_core.environment:checking '/home/hawx/ws1/install/pypara_pkg1' for CMake config files
[1.288s] DEBUG:colcon.colcon_core.event_handler.log_command:Invoked command in '/home/hawx/ws1/src/pypara_pkg1' returned '0': PYTHONPATH=/home/hawx/ws1/build/pypara_pkg1/prefix_override:/usr/lib/python3/dist-packages/colcon_core/task/python/colcon_distutils_commands:/home/hawx/ws1/install/pypara_pkg1/lib/python3.10/site-packages:${PYTHONPATH} /usr/bin/python3 -W ignore:setup.py install is deprecated -W ignore:easy_install command is deprecated setup.py egg_info --egg-base ../../build/pypara_pkg1 build --build-base /home/hawx/ws1/build/pypara_pkg1/build install --record /home/hawx/ws1/build/pypara_pkg1/install.log --single-version-externally-managed install_data
[1.288s] Level 1:colcon.colcon_core.environment:checking '/home/hawx/ws1/install/pypara_pkg1/lib'
[1.288s] Level 1:colcon.colcon_core.environment:checking '/home/hawx/ws1/install/pypara_pkg1/bin'
[1.288s] Level 1:colcon.colcon_core.environment:checking '/home/hawx/ws1/install/pypara_pkg1/lib/pkgconfig/pypara_pkg1.pc'
[1.288s] Level 1:colcon.colcon_core.environment:checking '/home/hawx/ws1/install/pypara_pkg1/lib/python3.10/site-packages'
[1.288s] Level 1:colcon.colcon_core.shell:create_environment_hook('pypara_pkg1', 'pythonpath')
[1.289s] INFO:colcon.colcon_core.shell:Creating environment hook '/home/hawx/ws1/install/pypara_pkg1/share/pypara_pkg1/hook/pythonpath.ps1'
[1.289s] INFO:colcon.colcon_core.shell:Creating environment descriptor '/home/hawx/ws1/install/pypara_pkg1/share/pypara_pkg1/hook/pythonpath.dsv'
[1.289s] INFO:colcon.colcon_core.shell:Creating environment hook '/home/hawx/ws1/install/pypara_pkg1/share/pypara_pkg1/hook/pythonpath.sh'
[1.289s] Level 1:colcon.colcon_core.environment:checking '/home/hawx/ws1/install/pypara_pkg1/bin'
[1.289s] Level 1:colcon.colcon_core.environment:create_environment_scripts_only(pypara_pkg1)
[1.289s] INFO:colcon.colcon_core.shell:Creating package script '/home/hawx/ws1/install/pypara_pkg1/share/pypara_pkg1/package.ps1'
[1.290s] INFO:colcon.colcon_core.shell:Creating package descriptor '/home/hawx/ws1/install/pypara_pkg1/share/pypara_pkg1/package.dsv'
[1.290s] INFO:colcon.colcon_core.shell:Creating package script '/home/hawx/ws1/install/pypara_pkg1/share/pypara_pkg1/package.sh'
[1.290s] INFO:colcon.colcon_core.shell:Creating package script '/home/hawx/ws1/install/pypara_pkg1/share/pypara_pkg1/package.bash'
[1.290s] INFO:colcon.colcon_core.shell:Creating package script '/home/hawx/ws1/install/pypara_pkg1/share/pypara_pkg1/package.zsh'
[1.290s] Level 1:colcon.colcon_core.environment:create_file_with_runtime_dependencies(/home/hawx/ws1/install/pypara_pkg1/share/colcon-core/packages/pypara_pkg1)
[1.291s] Level 1:colcon.colcon_core.environment:checking '/home/hawx/ws1/install/pubsub_pkg1' for CMake module files
[1.291s] DEBUG:colcon.colcon_core.event_handler.log_command:Invoked command in '/home/hawx/ws1/src/pubsub_pkg1' returned '0': PYTHONPATH=/home/hawx/ws1/build/pubsub_pkg1/prefix_override:/usr/lib/python3/dist-packages/colcon_core/task/python/colcon_distutils_commands:/home/hawx/ws1/install/pubsub_pkg1/lib/python3.10/site-packages:${PYTHONPATH} /usr/bin/python3 -W ignore:setup.py install is deprecated -W ignore:easy_install command is deprecated setup.py egg_info --egg-base ../../build/pubsub_pkg1 build --build-base /home/hawx/ws1/build/pubsub_pkg1/build install --record /home/hawx/ws1/build/pubsub_pkg1/install.log --single-version-externally-managed install_data
[1.291s] Level 1:colcon.colcon_core.environment:checking '/home/hawx/ws1/install/pubsub_pkg1' for CMake config files
[1.292s] Level 1:colcon.colcon_core.environment:checking '/home/hawx/ws1/install/pubsub_pkg1/lib'
[1.292s] Level 1:colcon.colcon_core.environment:checking '/home/hawx/ws1/install/pubsub_pkg1/bin'
[1.292s] Level 1:colcon.colcon_core.environment:checking '/home/hawx/ws1/install/pubsub_pkg1/lib/pkgconfig/pubsub_pkg1.pc'
[1.292s] Level 1:colcon.colcon_core.environment:checking '/home/hawx/ws1/install/pubsub_pkg1/lib/python3.10/site-packages'
[1.292s] Level 1:colcon.colcon_core.shell:create_environment_hook('pubsub_pkg1', 'pythonpath')
[1.292s] INFO:colcon.colcon_core.shell:Creating environment hook '/home/hawx/ws1/install/pubsub_pkg1/share/pubsub_pkg1/hook/pythonpath.ps1'
[1.292s] INFO:colcon.colcon_core.shell:Creating environment descriptor '/home/hawx/ws1/install/pubsub_pkg1/share/pubsub_pkg1/hook/pythonpath.dsv'
[1.292s] INFO:colcon.colcon_core.shell:Creating environment hook '/home/hawx/ws1/install/pubsub_pkg1/share/pubsub_pkg1/hook/pythonpath.sh'
[1.293s] Level 1:colcon.colcon_core.environment:checking '/home/hawx/ws1/install/pubsub_pkg1/bin'
[1.293s] Level 1:colcon.colcon_core.environment:create_environment_scripts_only(pubsub_pkg1)
[1.293s] INFO:colcon.colcon_core.shell:Creating package script '/home/hawx/ws1/install/pubsub_pkg1/share/pubsub_pkg1/package.ps1'
[1.293s] INFO:colcon.colcon_core.shell:Creating package descriptor '/home/hawx/ws1/install/pubsub_pkg1/share/pubsub_pkg1/package.dsv'
[1.293s] INFO:colcon.colcon_core.shell:Creating package script '/home/hawx/ws1/install/pubsub_pkg1/share/pubsub_pkg1/package.sh'
[1.294s] INFO:colcon.colcon_core.shell:Creating package script '/home/hawx/ws1/install/pubsub_pkg1/share/pubsub_pkg1/package.bash'
[1.294s] INFO:colcon.colcon_core.shell:Creating package script '/home/hawx/ws1/install/pubsub_pkg1/share/pubsub_pkg1/package.zsh'
[1.294s] Level 1:colcon.colcon_core.environment:create_file_with_runtime_dependencies(/home/hawx/ws1/install/pubsub_pkg1/share/colcon-core/packages/pubsub_pkg1)
[1.294s] DEBUG:colcon.colcon_parallel_executor.executor.parallel:closing loop
[1.294s] DEBUG:colcon.colcon_parallel_executor.executor.parallel:loop closed
[1.294s] DEBUG:colcon.colcon_parallel_executor.executor.parallel:run_until_complete finished with '0'
[1.294s] DEBUG:colcon.colcon_core.event_reactor:joining thread
[1.298s] INFO:colcon.colcon_core.plugin_system:Skipping extension 'colcon_notification.desktop_notification.terminal_notifier': Not used on non-Darwin systems
[1.298s] INFO:colcon.colcon_core.plugin_system:Skipping extension 'colcon_notification.desktop_notification.win32': Not used on non-Windows systems
[1.298s] INFO:colcon.colcon_notification.desktop_notification:Sending desktop notification using 'notify2'
[1.305s] DEBUG:colcon.colcon_core.event_reactor:joined thread
[1.305s] INFO:colcon.colcon_core.shell:Creating prefix script '/home/hawx/ws1/install/local_setup.ps1'
[1.311s] INFO:colcon.colcon_core.shell:Creating prefix util module '/home/hawx/ws1/install/_local_setup_util_ps1.py'
[1.312s] INFO:colcon.colcon_core.shell:Creating prefix chain script '/home/hawx/ws1/install/setup.ps1'
[1.313s] INFO:colcon.colcon_core.shell:Creating prefix script '/home/hawx/ws1/install/local_setup.sh'
[1.314s] INFO:colcon.colcon_core.shell:Creating prefix util module '/home/hawx/ws1/install/_local_setup_util_sh.py'
[1.314s] INFO:colcon.colcon_core.shell:Creating prefix chain script '/home/hawx/ws1/install/setup.sh'
[1.315s] INFO:colcon.colcon_core.shell:Creating prefix script '/home/hawx/ws1/install/local_setup.bash'
[1.315s] INFO:colcon.colcon_core.shell:Creating prefix chain script '/home/hawx/ws1/install/setup.bash'
[1.316s] INFO:colcon.colcon_core.shell:Creating prefix script '/home/hawx/ws1/install/local_setup.zsh'
[1.317s] INFO:colcon.colcon_core.shell:Creating prefix chain script '/home/hawx/ws1/install/setup.zsh'
