[0.820s] Invoking command in '/home/hawx/ws1/src/py_pkg2': PYTHONPATH=/home/hawx/ws1/build/py_pkg2/prefix_override:/usr/lib/python3/dist-packages/colcon_core/task/python/colcon_distutils_commands:/home/hawx/ws1/install/py_pkg2/lib/python3.10/site-packages:${PYTHONPATH} /usr/bin/python3 -W ignore:setup.py install is deprecated -W ignore:easy_install command is deprecated setup.py egg_info --egg-base ../../build/py_pkg2 build --build-base /home/hawx/ws1/build/py_pkg2/build install --record /home/hawx/ws1/build/py_pkg2/install.log --single-version-externally-managed install_data
[0.954s] running egg_info
[0.954s] writing ../../build/py_pkg2/py_pkg2.egg-info/PKG-INFO
[0.954s] writing dependency_links to ../../build/py_pkg2/py_pkg2.egg-info/dependency_links.txt
[0.955s] writing entry points to ../../build/py_pkg2/py_pkg2.egg-info/entry_points.txt
[0.955s] writing requirements to ../../build/py_pkg2/py_pkg2.egg-info/requires.txt
[0.955s] writing top-level names to ../../build/py_pkg2/py_pkg2.egg-info/top_level.txt
[0.956s] reading manifest file '../../build/py_pkg2/py_pkg2.egg-info/SOURCES.txt'
[0.956s] adding license file 'LICENSE'
[0.956s] writing manifest file '../../build/py_pkg2/py_pkg2.egg-info/SOURCES.txt'
[0.956s] running build
[0.956s] running build_py
[0.956s] running install
[0.956s] running install_lib
[0.957s] running install_data
[0.957s] running install_egg_info
[0.958s] removing '/home/hawx/ws1/install/py_pkg2/lib/python3.10/site-packages/py_pkg2-0.0.0-py3.10.egg-info' (and everything under it)
[0.958s] Copying ../../build/py_pkg2/py_pkg2.egg-info to /home/hawx/ws1/install/py_pkg2/lib/python3.10/site-packages/py_pkg2-0.0.0-py3.10.egg-info
[0.959s] running install_scripts
[0.970s] Installing client1 script to /home/hawx/ws1/install/py_pkg2/lib/py_pkg2
[0.970s] Installing server1 script to /home/hawx/ws1/install/py_pkg2/lib/py_pkg2
[0.970s] writing list of installed files to '/home/hawx/ws1/build/py_pkg2/install.log'
[0.990s] Invoked command in '/home/hawx/ws1/src/py_pkg2' returned '0': PYTHONPATH=/home/hawx/ws1/build/py_pkg2/prefix_override:/usr/lib/python3/dist-packages/colcon_core/task/python/colcon_distutils_commands:/home/hawx/ws1/install/py_pkg2/lib/python3.10/site-packages:${PYTHONPATH} /usr/bin/python3 -W ignore:setup.py install is deprecated -W ignore:easy_install command is deprecated setup.py egg_info --egg-base ../../build/py_pkg2 build --build-base /home/hawx/ws1/build/py_pkg2/build install --record /home/hawx/ws1/build/py_pkg2/install.log --single-version-externally-managed install_data
