[0.814s] Invoking command in '/home/hawx/ws1/src/pypara_pkg1': PYTHONPATH=/home/hawx/ws1/build/pypara_pkg1/prefix_override:/usr/lib/python3/dist-packages/colcon_core/task/python/colcon_distutils_commands:/home/hawx/ws1/install/pypara_pkg1/lib/python3.10/site-packages:${PYTHONPATH} /usr/bin/python3 -W ignore:setup.py install is deprecated -W ignore:easy_install command is deprecated setup.py egg_info --egg-base ../../build/pypara_pkg1 build --build-base /home/hawx/ws1/build/pypara_pkg1/build install --record /home/hawx/ws1/build/pypara_pkg1/install.log --single-version-externally-managed install_data
[0.946s] running egg_info
[0.946s] creating ../../build/pypara_pkg1/pypara_pkg1.egg-info
[0.946s] writing ../../build/pypara_pkg1/pypara_pkg1.egg-info/PKG-INFO
[0.946s] writing dependency_links to ../../build/pypara_pkg1/pypara_pkg1.egg-info/dependency_links.txt
[0.946s] writing entry points to ../../build/pypara_pkg1/pypara_pkg1.egg-info/entry_points.txt
[0.946s] writing requirements to ../../build/pypara_pkg1/pypara_pkg1.egg-info/requires.txt
[0.946s] writing top-level names to ../../build/pypara_pkg1/pypara_pkg1.egg-info/top_level.txt
[0.947s] writing manifest file '../../build/pypara_pkg1/pypara_pkg1.egg-info/SOURCES.txt'
[0.947s] reading manifest file '../../build/pypara_pkg1/pypara_pkg1.egg-info/SOURCES.txt'
[0.947s] adding license file 'LICENSE'
[0.948s] writing manifest file '../../build/pypara_pkg1/pypara_pkg1.egg-info/SOURCES.txt'
[0.948s] running build
[0.948s] running build_py
[0.948s] creating /home/hawx/ws1/build/pypara_pkg1/build
[0.948s] creating /home/hawx/ws1/build/pypara_pkg1/build/lib
[0.948s] creating /home/hawx/ws1/build/pypara_pkg1/build/lib/pypara_pkg1
[0.948s] copying pypara_pkg1/__init__.py -> /home/hawx/ws1/build/pypara_pkg1/build/lib/pypara_pkg1
[0.948s] copying pypara_pkg1/pypara_node1.py -> /home/hawx/ws1/build/pypara_pkg1/build/lib/pypara_pkg1
[0.948s] running install
[0.948s] running install_lib
[0.949s] creating /home/hawx/ws1/install/pypara_pkg1/lib/python3.10/site-packages/pypara_pkg1
[0.949s] copying /home/hawx/ws1/build/pypara_pkg1/build/lib/pypara_pkg1/__init__.py -> /home/hawx/ws1/install/pypara_pkg1/lib/python3.10/site-packages/pypara_pkg1
[0.949s] copying /home/hawx/ws1/build/pypara_pkg1/build/lib/pypara_pkg1/pypara_node1.py -> /home/hawx/ws1/install/pypara_pkg1/lib/python3.10/site-packages/pypara_pkg1
[0.949s] byte-compiling /home/hawx/ws1/install/pypara_pkg1/lib/python3.10/site-packages/pypara_pkg1/__init__.py to __init__.cpython-310.pyc
[0.949s] byte-compiling /home/hawx/ws1/install/pypara_pkg1/lib/python3.10/site-packages/pypara_pkg1/pypara_node1.py to pypara_node1.cpython-310.pyc
[0.949s] running install_data
[0.949s] creating /home/hawx/ws1/install/pypara_pkg1/share/ament_index
[0.949s] creating /home/hawx/ws1/install/pypara_pkg1/share/ament_index/resource_index
[0.949s] creating /home/hawx/ws1/install/pypara_pkg1/share/ament_index/resource_index/packages
[0.949s] copying resource/pypara_pkg1 -> /home/hawx/ws1/install/pypara_pkg1/share/ament_index/resource_index/packages
[0.949s] copying package.xml -> /home/hawx/ws1/install/pypara_pkg1/share/pypara_pkg1
[0.950s] running install_egg_info
[0.951s] Copying ../../build/pypara_pkg1/pypara_pkg1.egg-info to /home/hawx/ws1/install/pypara_pkg1/lib/python3.10/site-packages/pypara_pkg1-0.0.0-py3.10.egg-info
[0.951s] running install_scripts
[0.962s] Installing para_node1 script to /home/hawx/ws1/install/pypara_pkg1/lib/pypara_pkg1
[0.962s] writing list of installed files to '/home/hawx/ws1/build/pypara_pkg1/install.log'
[0.976s] Invoked command in '/home/hawx/ws1/src/pypara_pkg1' returned '0': PYTHONPATH=/home/hawx/ws1/build/pypara_pkg1/prefix_override:/usr/lib/python3/dist-packages/colcon_core/task/python/colcon_distutils_commands:/home/hawx/ws1/install/pypara_pkg1/lib/python3.10/site-packages:${PYTHONPATH} /usr/bin/python3 -W ignore:setup.py install is deprecated -W ignore:easy_install command is deprecated setup.py egg_info --egg-base ../../build/pypara_pkg1 build --build-base /home/hawx/ws1/build/pypara_pkg1/build install --record /home/hawx/ws1/build/pypara_pkg1/install.log --single-version-externally-managed install_data
