[0.815s] Invoking command in '/home/hawx/ws1/src/py_pkg1': PYTHONPATH=/home/hawx/ws1/build/py_pkg1/prefix_override:/usr/lib/python3/dist-packages/colcon_core/task/python/colcon_distutils_commands:/home/hawx/ws1/install/py_pkg1/lib/python3.10/site-packages:${PYTHONPATH} /usr/bin/python3 -W ignore:setup.py install is deprecated -W ignore:easy_install command is deprecated setup.py egg_info --egg-base ../../build/py_pkg1 build --build-base /home/hawx/ws1/build/py_pkg1/build install --record /home/hawx/ws1/build/py_pkg1/install.log --single-version-externally-managed install_data
[0.950s] running egg_info
[0.951s] writing ../../build/py_pkg1/py_pkg1.egg-info/PKG-INFO
[0.951s] writing dependency_links to ../../build/py_pkg1/py_pkg1.egg-info/dependency_links.txt
[0.951s] writing entry points to ../../build/py_pkg1/py_pkg1.egg-info/entry_points.txt
[0.951s] writing requirements to ../../build/py_pkg1/py_pkg1.egg-info/requires.txt
[0.951s] writing top-level names to ../../build/py_pkg1/py_pkg1.egg-info/top_level.txt
[0.952s] reading manifest file '../../build/py_pkg1/py_pkg1.egg-info/SOURCES.txt'
[0.952s] adding license file 'LICENSE'
[0.952s] writing manifest file '../../build/py_pkg1/py_pkg1.egg-info/SOURCES.txt'
[0.952s] running build
[0.952s] running build_py
[0.952s] running install
[0.952s] running install_lib
[0.953s] running install_data
[0.953s] running install_egg_info
[0.954s] removing '/home/hawx/ws1/install/py_pkg1/lib/python3.10/site-packages/py_pkg1-0.0.0-py3.10.egg-info' (and everything under it)
[0.954s] Copying ../../build/py_pkg1/py_pkg1.egg-info to /home/hawx/ws1/install/py_pkg1/lib/python3.10/site-packages/py_pkg1-0.0.0-py3.10.egg-info
[0.955s] running install_scripts
[0.965s] Installing listener1 script to /home/hawx/ws1/install/py_pkg1/lib/py_pkg1
[0.966s] Installing talker1 script to /home/hawx/ws1/install/py_pkg1/lib/py_pkg1
[0.966s] writing list of installed files to '/home/hawx/ws1/build/py_pkg1/install.log'
[0.981s] Invoked command in '/home/hawx/ws1/src/py_pkg1' returned '0': PYTHONPATH=/home/hawx/ws1/build/py_pkg1/prefix_override:/usr/lib/python3/dist-packages/colcon_core/task/python/colcon_distutils_commands:/home/hawx/ws1/install/py_pkg1/lib/python3.10/site-packages:${PYTHONPATH} /usr/bin/python3 -W ignore:setup.py install is deprecated -W ignore:easy_install command is deprecated setup.py egg_info --egg-base ../../build/py_pkg1 build --build-base /home/hawx/ws1/build/py_pkg1/build install --record /home/hawx/ws1/build/py_pkg1/install.log --single-version-externally-managed install_data
