[0.056s] DEBUG:colcon:Command line arguments: ['/usr/bin/colcon', 'build']
[0.056s] DEBUG:colcon:Parsed command line arguments: Namespace(log_base=None, log_level=None, verb_name='build', build_base='build', install_base='install', merge_install=False, symlink_install=False, test_result_base=None, continue_on_error=False, executor='parallel', parallel_workers=32, event_handlers=None, ignore_user_meta=False, metas=['./colcon.meta'], base_paths=['.'], packages_ignore=None, packages_ignore_regex=None, paths=None, packages_up_to=None, packages_up_to_regex=None, packages_above=None, packages_above_and_dependencies=None, packages_above_depth=None, packages_select_by_dep=None, packages_skip_by_dep=None, packages_skip_up_to=None, packages_select_build_failed=False, packages_skip_build_finished=False, packages_select_test_failures=False, packages_skip_test_passed=False, packages_select=None, packages_skip=None, packages_select_regex=None, packages_skip_regex=None, packages_start=None, packages_end=None, allow_overriding=[], cmake_args=None, cmake_target=None, cmake_target_skip_unavailable=False, cmake_clean_cache=False, cmake_clean_first=False, cmake_force_configure=False, ament_cmake_args=None, catkin_cmake_args=None, catkin_skip_building_tests=False, mixin_files=None, mixin=None, verb_parser=<colcon_mixin.mixin.mixin_argument.MixinArgumentDecorator object at 0x7c948f175540>, verb_extension=<colcon_core.verb.build.BuildVerb object at 0x7c948f175090>, main=<bound method BuildVerb.main of <colcon_core.verb.build.BuildVerb object at 0x7c948f175090>>, mixin_verb=('build',))
[0.154s] Level 1:colcon.colcon_core.package_discovery:discover_packages(colcon_meta) check parameters
[0.154s] Level 1:colcon.colcon_core.package_discovery:discover_packages(recursive) check parameters
[0.154s] Level 1:colcon.colcon_core.package_discovery:discover_packages(ignore) check parameters
[0.154s] Level 1:colcon.colcon_core.package_discovery:discover_packages(path) check parameters
[0.154s] Level 1:colcon.colcon_core.package_discovery:discover_packages(colcon_meta) discover
[0.154s] Level 1:colcon.colcon_core.package_discovery:discover_packages(recursive) discover
[0.154s] INFO:colcon.colcon_core.package_discovery:Crawling recursively for packages in '/home/hawx/ws1'
[0.154s] Level 1:colcon.colcon_core.package_identification:_identify(.) by extensions ['ignore', 'ignore_ament_install']
[0.154s] Level 1:colcon.colcon_core.package_identification:_identify(.) by extension 'ignore'
[0.154s] Level 1:colcon.colcon_core.package_identification:_identify(.) by extension 'ignore_ament_install'
[0.154s] Level 1:colcon.colcon_core.package_identification:_identify(.) by extensions ['colcon_pkg']
[0.154s] Level 1:colcon.colcon_core.package_identification:_identify(.) by extension 'colcon_pkg'
[0.154s] Level 1:colcon.colcon_core.package_identification:_identify(.) by extensions ['colcon_meta']
[0.154s] Level 1:colcon.colcon_core.package_identification:_identify(.) by extension 'colcon_meta'
[0.154s] Level 1:colcon.colcon_core.package_identification:_identify(.) by extensions ['ros']
[0.154s] Level 1:colcon.colcon_core.package_identification:_identify(.) by extension 'ros'
[0.165s] Level 1:colcon.colcon_core.package_identification:_identify(.) by extensions ['cmake', 'python']
[0.165s] Level 1:colcon.colcon_core.package_identification:_identify(.) by extension 'cmake'
[0.165s] Level 1:colcon.colcon_core.package_identification:_identify(.) by extension 'python'
[0.165s] Level 1:colcon.colcon_core.package_identification:_identify(.) by extensions ['python_setup_py']
[0.165s] Level 1:colcon.colcon_core.package_identification:_identify(.) by extension 'python_setup_py'
[0.165s] Level 1:colcon.colcon_core.package_identification:_identify(build) by extensions ['ignore', 'ignore_ament_install']
[0.165s] Level 1:colcon.colcon_core.package_identification:_identify(build) by extension 'ignore'
[0.165s] Level 1:colcon.colcon_core.package_identification:_identify(build) ignored
[0.166s] Level 1:colcon.colcon_core.package_identification:_identify(install) by extensions ['ignore', 'ignore_ament_install']
[0.166s] Level 1:colcon.colcon_core.package_identification:_identify(install) by extension 'ignore'
[0.166s] Level 1:colcon.colcon_core.package_identification:_identify(install) ignored
[0.166s] Level 1:colcon.colcon_core.package_identification:_identify(log) by extensions ['ignore', 'ignore_ament_install']
[0.166s] Level 1:colcon.colcon_core.package_identification:_identify(log) by extension 'ignore'
[0.166s] Level 1:colcon.colcon_core.package_identification:_identify(log) ignored
[0.166s] Level 1:colcon.colcon_core.package_identification:_identify(src) by extensions ['ignore', 'ignore_ament_install']
[0.166s] Level 1:colcon.colcon_core.package_identification:_identify(src) by extension 'ignore'
[0.166s] Level 1:colcon.colcon_core.package_identification:_identify(src) by extension 'ignore_ament_install'
[0.166s] Level 1:colcon.colcon_core.package_identification:_identify(src) by extensions ['colcon_pkg']
[0.166s] Level 1:colcon.colcon_core.package_identification:_identify(src) by extension 'colcon_pkg'
[0.166s] Level 1:colcon.colcon_core.package_identification:_identify(src) by extensions ['colcon_meta']
[0.166s] Level 1:colcon.colcon_core.package_identification:_identify(src) by extension 'colcon_meta'
[0.166s] Level 1:colcon.colcon_core.package_identification:_identify(src) by extensions ['ros']
[0.166s] Level 1:colcon.colcon_core.package_identification:_identify(src) by extension 'ros'
[0.166s] Level 1:colcon.colcon_core.package_identification:_identify(src) by extensions ['cmake', 'python']
[0.166s] Level 1:colcon.colcon_core.package_identification:_identify(src) by extension 'cmake'
[0.166s] Level 1:colcon.colcon_core.package_identification:_identify(src) by extension 'python'
[0.166s] Level 1:colcon.colcon_core.package_identification:_identify(src) by extensions ['python_setup_py']
[0.166s] Level 1:colcon.colcon_core.package_identification:_identify(src) by extension 'python_setup_py'
[0.166s] Level 1:colcon.colcon_core.package_identification:_identify(src/build) by extensions ['ignore', 'ignore_ament_install']
[0.166s] Level 1:colcon.colcon_core.package_identification:_identify(src/build) by extension 'ignore'
[0.166s] Level 1:colcon.colcon_core.package_identification:_identify(src/build) ignored
[0.166s] Level 1:colcon.colcon_core.package_identification:_identify(src/install) by extensions ['ignore', 'ignore_ament_install']
[0.166s] Level 1:colcon.colcon_core.package_identification:_identify(src/install) by extension 'ignore'
[0.166s] Level 1:colcon.colcon_core.package_identification:_identify(src/install) ignored
[0.166s] Level 1:colcon.colcon_core.package_identification:_identify(src/interface_pkg1) by extensions ['ignore', 'ignore_ament_install']
[0.166s] Level 1:colcon.colcon_core.package_identification:_identify(src/interface_pkg1) by extension 'ignore'
[0.166s] Level 1:colcon.colcon_core.package_identification:_identify(src/interface_pkg1) by extension 'ignore_ament_install'
[0.166s] Level 1:colcon.colcon_core.package_identification:_identify(src/interface_pkg1) by extensions ['colcon_pkg']
[0.166s] Level 1:colcon.colcon_core.package_identification:_identify(src/interface_pkg1) by extension 'colcon_pkg'
[0.166s] Level 1:colcon.colcon_core.package_identification:_identify(src/interface_pkg1) by extensions ['colcon_meta']
[0.166s] Level 1:colcon.colcon_core.package_identification:_identify(src/interface_pkg1) by extension 'colcon_meta'
[0.166s] Level 1:colcon.colcon_core.package_identification:_identify(src/interface_pkg1) by extensions ['ros']
[0.166s] Level 1:colcon.colcon_core.package_identification:_identify(src/interface_pkg1) by extension 'ros'
[0.168s] DEBUG:colcon.colcon_core.package_identification:Package 'src/interface_pkg1' with type 'ros.ament_cmake' and name 'interface_pkg1'
[0.168s] Level 1:colcon.colcon_core.package_identification:_identify(src/log) by extensions ['ignore', 'ignore_ament_install']
[0.168s] Level 1:colcon.colcon_core.package_identification:_identify(src/log) by extension 'ignore'
[0.168s] Level 1:colcon.colcon_core.package_identification:_identify(src/log) ignored
[0.168s] Level 1:colcon.colcon_core.package_identification:_identify(src/msg_pkg1) by extensions ['ignore', 'ignore_ament_install']
[0.168s] Level 1:colcon.colcon_core.package_identification:_identify(src/msg_pkg1) by extension 'ignore'
[0.168s] Level 1:colcon.colcon_core.package_identification:_identify(src/msg_pkg1) by extension 'ignore_ament_install'
[0.168s] Level 1:colcon.colcon_core.package_identification:_identify(src/msg_pkg1) by extensions ['colcon_pkg']
[0.168s] Level 1:colcon.colcon_core.package_identification:_identify(src/msg_pkg1) by extension 'colcon_pkg'
[0.168s] Level 1:colcon.colcon_core.package_identification:_identify(src/msg_pkg1) by extensions ['colcon_meta']
[0.168s] Level 1:colcon.colcon_core.package_identification:_identify(src/msg_pkg1) by extension 'colcon_meta'
[0.168s] Level 1:colcon.colcon_core.package_identification:_identify(src/msg_pkg1) by extensions ['ros']
[0.168s] Level 1:colcon.colcon_core.package_identification:_identify(src/msg_pkg1) by extension 'ros'
[0.168s] DEBUG:colcon.colcon_core.package_identification:Package 'src/msg_pkg1' with type 'ros.ament_cmake' and name 'msg_pkg1'
[0.168s] Level 1:colcon.colcon_core.package_identification:_identify(src/pubsub_pkg1) by extensions ['ignore', 'ignore_ament_install']
[0.168s] Level 1:colcon.colcon_core.package_identification:_identify(src/pubsub_pkg1) by extension 'ignore'
[0.168s] Level 1:colcon.colcon_core.package_identification:_identify(src/pubsub_pkg1) by extension 'ignore_ament_install'
[0.168s] Level 1:colcon.colcon_core.package_identification:_identify(src/pubsub_pkg1) by extensions ['colcon_pkg']
[0.168s] Level 1:colcon.colcon_core.package_identification:_identify(src/pubsub_pkg1) by extension 'colcon_pkg'
[0.168s] Level 1:colcon.colcon_core.package_identification:_identify(src/pubsub_pkg1) by extensions ['colcon_meta']
[0.168s] Level 1:colcon.colcon_core.package_identification:_identify(src/pubsub_pkg1) by extension 'colcon_meta'
[0.168s] Level 1:colcon.colcon_core.package_identification:_identify(src/pubsub_pkg1) by extensions ['ros']
[0.168s] Level 1:colcon.colcon_core.package_identification:_identify(src/pubsub_pkg1) by extension 'ros'
[0.169s] DEBUG:colcon.colcon_core.package_identification:Package 'src/pubsub_pkg1' with type 'ros.ament_python' and name 'pubsub_pkg1'
[0.169s] Level 1:colcon.colcon_core.package_identification:_identify(src/py_pkg1) by extensions ['ignore', 'ignore_ament_install']
[0.169s] Level 1:colcon.colcon_core.package_identification:_identify(src/py_pkg1) by extension 'ignore'
[0.169s] Level 1:colcon.colcon_core.package_identification:_identify(src/py_pkg1) by extension 'ignore_ament_install'
[0.169s] Level 1:colcon.colcon_core.package_identification:_identify(src/py_pkg1) by extensions ['colcon_pkg']
[0.169s] Level 1:colcon.colcon_core.package_identification:_identify(src/py_pkg1) by extension 'colcon_pkg'
[0.169s] Level 1:colcon.colcon_core.package_identification:_identify(src/py_pkg1) by extensions ['colcon_meta']
[0.169s] Level 1:colcon.colcon_core.package_identification:_identify(src/py_pkg1) by extension 'colcon_meta'
[0.169s] Level 1:colcon.colcon_core.package_identification:_identify(src/py_pkg1) by extensions ['ros']
[0.169s] Level 1:colcon.colcon_core.package_identification:_identify(src/py_pkg1) by extension 'ros'
[0.169s] DEBUG:colcon.colcon_core.package_identification:Package 'src/py_pkg1' with type 'ros.ament_python' and name 'py_pkg1'
[0.169s] Level 1:colcon.colcon_core.package_identification:_identify(src/py_pkg2) by extensions ['ignore', 'ignore_ament_install']
[0.169s] Level 1:colcon.colcon_core.package_identification:_identify(src/py_pkg2) by extension 'ignore'
[0.169s] Level 1:colcon.colcon_core.package_identification:_identify(src/py_pkg2) by extension 'ignore_ament_install'
[0.169s] Level 1:colcon.colcon_core.package_identification:_identify(src/py_pkg2) by extensions ['colcon_pkg']
[0.169s] Level 1:colcon.colcon_core.package_identification:_identify(src/py_pkg2) by extension 'colcon_pkg'
[0.169s] Level 1:colcon.colcon_core.package_identification:_identify(src/py_pkg2) by extensions ['colcon_meta']
[0.169s] Level 1:colcon.colcon_core.package_identification:_identify(src/py_pkg2) by extension 'colcon_meta'
[0.169s] Level 1:colcon.colcon_core.package_identification:_identify(src/py_pkg2) by extensions ['ros']
[0.169s] Level 1:colcon.colcon_core.package_identification:_identify(src/py_pkg2) by extension 'ros'
[0.170s] DEBUG:colcon.colcon_core.package_identification:Package 'src/py_pkg2' with type 'ros.ament_python' and name 'py_pkg2'
[0.170s] Level 1:colcon.colcon_core.package_identification:_identify(src/pypara_pkg1) by extensions ['ignore', 'ignore_ament_install']
[0.170s] Level 1:colcon.colcon_core.package_identification:_identify(src/pypara_pkg1) by extension 'ignore'
[0.170s] Level 1:colcon.colcon_core.package_identification:_identify(src/pypara_pkg1) by extension 'ignore_ament_install'
[0.170s] Level 1:colcon.colcon_core.package_identification:_identify(src/pypara_pkg1) by extensions ['colcon_pkg']
[0.170s] Level 1:colcon.colcon_core.package_identification:_identify(src/pypara_pkg1) by extension 'colcon_pkg'
[0.170s] Level 1:colcon.colcon_core.package_identification:_identify(src/pypara_pkg1) by extensions ['colcon_meta']
[0.170s] Level 1:colcon.colcon_core.package_identification:_identify(src/pypara_pkg1) by extension 'colcon_meta'
[0.170s] Level 1:colcon.colcon_core.package_identification:_identify(src/pypara_pkg1) by extensions ['ros']
[0.170s] Level 1:colcon.colcon_core.package_identification:_identify(src/pypara_pkg1) by extension 'ros'
[0.170s] DEBUG:colcon.colcon_core.package_identification:Package 'src/pypara_pkg1' with type 'ros.ament_python' and name 'pypara_pkg1'
[0.170s] Level 1:colcon.colcon_core.package_discovery:discover_packages(recursive) using defaults
[0.170s] Level 1:colcon.colcon_core.package_discovery:discover_packages(ignore) discover
[0.170s] Level 1:colcon.colcon_core.package_discovery:discover_packages(ignore) using defaults
[0.170s] Level 1:colcon.colcon_core.package_discovery:discover_packages(path) discover
[0.170s] Level 1:colcon.colcon_core.package_discovery:discover_packages(path) using defaults
[0.181s] Level 1:colcon.colcon_core.package_discovery:discover_packages(prefix_path) check parameters
[0.181s] Level 1:colcon.colcon_core.package_discovery:discover_packages(prefix_path) discover
[0.182s] DEBUG:colcon.colcon_installed_package_information.package_discovery:Found 6 installed packages in /home/hawx/ws1/install
[0.183s] DEBUG:colcon.colcon_installed_package_information.package_discovery:Found 4 installed packages in /home/hawx/ws1/src/install
[0.184s] DEBUG:colcon.colcon_installed_package_information.package_discovery:Found 297 installed packages in /opt/ros/humble
[0.185s] Level 1:colcon.colcon_core.package_discovery:discover_packages(prefix_path) using defaults
[0.205s] Level 5:colcon.colcon_core.verb:set package 'interface_pkg1' build argument 'cmake_args' from command line to 'None'
[0.205s] Level 5:colcon.colcon_core.verb:set package 'interface_pkg1' build argument 'cmake_target' from command line to 'None'
[0.206s] Level 5:colcon.colcon_core.verb:set package 'interface_pkg1' build argument 'cmake_target_skip_unavailable' from command line to 'False'
[0.206s] Level 5:colcon.colcon_core.verb:set package 'interface_pkg1' build argument 'cmake_clean_cache' from command line to 'False'
[0.206s] Level 5:colcon.colcon_core.verb:set package 'interface_pkg1' build argument 'cmake_clean_first' from command line to 'False'
[0.206s] Level 5:colcon.colcon_core.verb:set package 'interface_pkg1' build argument 'cmake_force_configure' from command line to 'False'
[0.206s] Level 5:colcon.colcon_core.verb:set package 'interface_pkg1' build argument 'ament_cmake_args' from command line to 'None'
[0.206s] Level 5:colcon.colcon_core.verb:set package 'interface_pkg1' build argument 'catkin_cmake_args' from command line to 'None'
[0.206s] Level 5:colcon.colcon_core.verb:set package 'interface_pkg1' build argument 'catkin_skip_building_tests' from command line to 'False'
[0.206s] DEBUG:colcon.colcon_core.verb:Building package 'interface_pkg1' with the following arguments: {'ament_cmake_args': None, 'build_base': '/home/hawx/ws1/build/interface_pkg1', 'catkin_cmake_args': None, 'catkin_skip_building_tests': False, 'cmake_args': None, 'cmake_clean_cache': False, 'cmake_clean_first': False, 'cmake_force_configure': False, 'cmake_target': None, 'cmake_target_skip_unavailable': False, 'install_base': '/home/hawx/ws1/install/interface_pkg1', 'merge_install': False, 'path': '/home/hawx/ws1/src/interface_pkg1', 'symlink_install': False, 'test_result_base': None}
[0.206s] Level 5:colcon.colcon_core.verb:set package 'msg_pkg1' build argument 'cmake_args' from command line to 'None'
[0.206s] Level 5:colcon.colcon_core.verb:set package 'msg_pkg1' build argument 'cmake_target' from command line to 'None'
[0.206s] Level 5:colcon.colcon_core.verb:set package 'msg_pkg1' build argument 'cmake_target_skip_unavailable' from command line to 'False'
[0.206s] Level 5:colcon.colcon_core.verb:set package 'msg_pkg1' build argument 'cmake_clean_cache' from command line to 'False'
[0.206s] Level 5:colcon.colcon_core.verb:set package 'msg_pkg1' build argument 'cmake_clean_first' from command line to 'False'
[0.206s] Level 5:colcon.colcon_core.verb:set package 'msg_pkg1' build argument 'cmake_force_configure' from command line to 'False'
[0.206s] Level 5:colcon.colcon_core.verb:set package 'msg_pkg1' build argument 'ament_cmake_args' from command line to 'None'
[0.206s] Level 5:colcon.colcon_core.verb:set package 'msg_pkg1' build argument 'catkin_cmake_args' from command line to 'None'
[0.206s] Level 5:colcon.colcon_core.verb:set package 'msg_pkg1' build argument 'catkin_skip_building_tests' from command line to 'False'
[0.206s] DEBUG:colcon.colcon_core.verb:Building package 'msg_pkg1' with the following arguments: {'ament_cmake_args': None, 'build_base': '/home/hawx/ws1/build/msg_pkg1', 'catkin_cmake_args': None, 'catkin_skip_building_tests': False, 'cmake_args': None, 'cmake_clean_cache': False, 'cmake_clean_first': False, 'cmake_force_configure': False, 'cmake_target': None, 'cmake_target_skip_unavailable': False, 'install_base': '/home/hawx/ws1/install/msg_pkg1', 'merge_install': False, 'path': '/home/hawx/ws1/src/msg_pkg1', 'symlink_install': False, 'test_result_base': None}
[0.206s] Level 5:colcon.colcon_core.verb:set package 'pubsub_pkg1' build argument 'cmake_args' from command line to 'None'
[0.206s] Level 5:colcon.colcon_core.verb:set package 'pubsub_pkg1' build argument 'cmake_target' from command line to 'None'
[0.206s] Level 5:colcon.colcon_core.verb:set package 'pubsub_pkg1' build argument 'cmake_target_skip_unavailable' from command line to 'False'
[0.206s] Level 5:colcon.colcon_core.verb:set package 'pubsub_pkg1' build argument 'cmake_clean_cache' from command line to 'False'
[0.206s] Level 5:colcon.colcon_core.verb:set package 'pubsub_pkg1' build argument 'cmake_clean_first' from command line to 'False'
[0.206s] Level 5:colcon.colcon_core.verb:set package 'pubsub_pkg1' build argument 'cmake_force_configure' from command line to 'False'
[0.206s] Level 5:colcon.colcon_core.verb:set package 'pubsub_pkg1' build argument 'ament_cmake_args' from command line to 'None'
[0.206s] Level 5:colcon.colcon_core.verb:set package 'pubsub_pkg1' build argument 'catkin_cmake_args' from command line to 'None'
[0.206s] Level 5:colcon.colcon_core.verb:set package 'pubsub_pkg1' build argument 'catkin_skip_building_tests' from command line to 'False'
[0.206s] DEBUG:colcon.colcon_core.verb:Building package 'pubsub_pkg1' with the following arguments: {'ament_cmake_args': None, 'build_base': '/home/hawx/ws1/build/pubsub_pkg1', 'catkin_cmake_args': None, 'catkin_skip_building_tests': False, 'cmake_args': None, 'cmake_clean_cache': False, 'cmake_clean_first': False, 'cmake_force_configure': False, 'cmake_target': None, 'cmake_target_skip_unavailable': False, 'install_base': '/home/hawx/ws1/install/pubsub_pkg1', 'merge_install': False, 'path': '/home/hawx/ws1/src/pubsub_pkg1', 'symlink_install': False, 'test_result_base': None}
[0.206s] Level 5:colcon.colcon_core.verb:set package 'py_pkg1' build argument 'cmake_args' from command line to 'None'
[0.206s] Level 5:colcon.colcon_core.verb:set package 'py_pkg1' build argument 'cmake_target' from command line to 'None'
[0.206s] Level 5:colcon.colcon_core.verb:set package 'py_pkg1' build argument 'cmake_target_skip_unavailable' from command line to 'False'
[0.206s] Level 5:colcon.colcon_core.verb:set package 'py_pkg1' build argument 'cmake_clean_cache' from command line to 'False'
[0.206s] Level 5:colcon.colcon_core.verb:set package 'py_pkg1' build argument 'cmake_clean_first' from command line to 'False'
[0.206s] Level 5:colcon.colcon_core.verb:set package 'py_pkg1' build argument 'cmake_force_configure' from command line to 'False'
[0.206s] Level 5:colcon.colcon_core.verb:set package 'py_pkg1' build argument 'ament_cmake_args' from command line to 'None'
[0.206s] Level 5:colcon.colcon_core.verb:set package 'py_pkg1' build argument 'catkin_cmake_args' from command line to 'None'
[0.206s] Level 5:colcon.colcon_core.verb:set package 'py_pkg1' build argument 'catkin_skip_building_tests' from command line to 'False'
[0.206s] DEBUG:colcon.colcon_core.verb:Building package 'py_pkg1' with the following arguments: {'ament_cmake_args': None, 'build_base': '/home/hawx/ws1/build/py_pkg1', 'catkin_cmake_args': None, 'catkin_skip_building_tests': False, 'cmake_args': None, 'cmake_clean_cache': False, 'cmake_clean_first': False, 'cmake_force_configure': False, 'cmake_target': None, 'cmake_target_skip_unavailable': False, 'install_base': '/home/hawx/ws1/install/py_pkg1', 'merge_install': False, 'path': '/home/hawx/ws1/src/py_pkg1', 'symlink_install': False, 'test_result_base': None}
[0.207s] Level 5:colcon.colcon_core.verb:set package 'py_pkg2' build argument 'cmake_args' from command line to 'None'
[0.207s] Level 5:colcon.colcon_core.verb:set package 'py_pkg2' build argument 'cmake_target' from command line to 'None'
[0.207s] Level 5:colcon.colcon_core.verb:set package 'py_pkg2' build argument 'cmake_target_skip_unavailable' from command line to 'False'
[0.207s] Level 5:colcon.colcon_core.verb:set package 'py_pkg2' build argument 'cmake_clean_cache' from command line to 'False'
[0.207s] Level 5:colcon.colcon_core.verb:set package 'py_pkg2' build argument 'cmake_clean_first' from command line to 'False'
[0.207s] Level 5:colcon.colcon_core.verb:set package 'py_pkg2' build argument 'cmake_force_configure' from command line to 'False'
[0.207s] Level 5:colcon.colcon_core.verb:set package 'py_pkg2' build argument 'ament_cmake_args' from command line to 'None'
[0.207s] Level 5:colcon.colcon_core.verb:set package 'py_pkg2' build argument 'catkin_cmake_args' from command line to 'None'
[0.207s] Level 5:colcon.colcon_core.verb:set package 'py_pkg2' build argument 'catkin_skip_building_tests' from command line to 'False'
[0.207s] DEBUG:colcon.colcon_core.verb:Building package 'py_pkg2' with the following arguments: {'ament_cmake_args': None, 'build_base': '/home/hawx/ws1/build/py_pkg2', 'catkin_cmake_args': None, 'catkin_skip_building_tests': False, 'cmake_args': None, 'cmake_clean_cache': False, 'cmake_clean_first': False, 'cmake_force_configure': False, 'cmake_target': None, 'cmake_target_skip_unavailable': False, 'install_base': '/home/hawx/ws1/install/py_pkg2', 'merge_install': False, 'path': '/home/hawx/ws1/src/py_pkg2', 'symlink_install': False, 'test_result_base': None}
[0.207s] Level 5:colcon.colcon_core.verb:set package 'pypara_pkg1' build argument 'cmake_args' from command line to 'None'
[0.207s] Level 5:colcon.colcon_core.verb:set package 'pypara_pkg1' build argument 'cmake_target' from command line to 'None'
[0.207s] Level 5:colcon.colcon_core.verb:set package 'pypara_pkg1' build argument 'cmake_target_skip_unavailable' from command line to 'False'
[0.207s] Level 5:colcon.colcon_core.verb:set package 'pypara_pkg1' build argument 'cmake_clean_cache' from command line to 'False'
[0.207s] Level 5:colcon.colcon_core.verb:set package 'pypara_pkg1' build argument 'cmake_clean_first' from command line to 'False'
[0.207s] Level 5:colcon.colcon_core.verb:set package 'pypara_pkg1' build argument 'cmake_force_configure' from command line to 'False'
[0.207s] Level 5:colcon.colcon_core.verb:set package 'pypara_pkg1' build argument 'ament_cmake_args' from command line to 'None'
[0.207s] Level 5:colcon.colcon_core.verb:set package 'pypara_pkg1' build argument 'catkin_cmake_args' from command line to 'None'
[0.207s] Level 5:colcon.colcon_core.verb:set package 'pypara_pkg1' build argument 'catkin_skip_building_tests' from command line to 'False'
[0.207s] DEBUG:colcon.colcon_core.verb:Building package 'pypara_pkg1' with the following arguments: {'ament_cmake_args': None, 'build_base': '/home/hawx/ws1/build/pypara_pkg1', 'catkin_cmake_args': None, 'catkin_skip_building_tests': False, 'cmake_args': None, 'cmake_clean_cache': False, 'cmake_clean_first': False, 'cmake_force_configure': False, 'cmake_target': None, 'cmake_target_skip_unavailable': False, 'install_base': '/home/hawx/ws1/install/pypara_pkg1', 'merge_install': False, 'path': '/home/hawx/ws1/src/pypara_pkg1', 'symlink_install': False, 'test_result_base': None}
[0.207s] INFO:colcon.colcon_core.executor:Executing jobs using 'parallel' executor
[0.208s] DEBUG:colcon.colcon_parallel_executor.executor.parallel:run_until_complete
[0.208s] INFO:colcon.colcon_ros.task.ament_cmake.build:Building ROS package in '/home/hawx/ws1/src/interface_pkg1' with build type 'ament_cmake'
[0.208s] INFO:colcon.colcon_cmake.task.cmake.build:Building CMake package in '/home/hawx/ws1/src/interface_pkg1'
[0.209s] INFO:colcon.colcon_core.plugin_system:Skipping extension 'colcon_core.shell.bat': Not used on non-Windows systems
[0.209s] INFO:colcon.colcon_core.shell:Skip shell extension 'powershell' for command environment: Not usable outside of PowerShell
[0.209s] DEBUG:colcon.colcon_core.shell:Skip shell extension 'dsv' for command environment
[0.212s] INFO:colcon.colcon_ros.task.ament_cmake.build:Building ROS package in '/home/hawx/ws1/src/msg_pkg1' with build type 'ament_cmake'
[0.212s] INFO:colcon.colcon_cmake.task.cmake.build:Building CMake package in '/home/hawx/ws1/src/msg_pkg1'
[0.212s] INFO:colcon.colcon_core.shell:Skip shell extension 'powershell' for command environment: Not usable outside of PowerShell
[0.212s] DEBUG:colcon.colcon_core.shell:Skip shell extension 'dsv' for command environment
[0.214s] INFO:colcon.colcon_ros.task.ament_python.build:Building ROS package in '/home/hawx/ws1/src/pubsub_pkg1' with build type 'ament_python'
[0.214s] Level 1:colcon.colcon_core.shell:create_environment_hook('pubsub_pkg1', 'ament_prefix_path')
[0.214s] INFO:colcon.colcon_core.shell:Creating environment hook '/home/hawx/ws1/install/pubsub_pkg1/share/pubsub_pkg1/hook/ament_prefix_path.ps1'
[0.214s] INFO:colcon.colcon_core.shell:Creating environment descriptor '/home/hawx/ws1/install/pubsub_pkg1/share/pubsub_pkg1/hook/ament_prefix_path.dsv'
[0.215s] INFO:colcon.colcon_core.shell:Creating environment hook '/home/hawx/ws1/install/pubsub_pkg1/share/pubsub_pkg1/hook/ament_prefix_path.sh'
[0.215s] INFO:colcon.colcon_core.shell:Skip shell extension 'powershell' for command environment: Not usable outside of PowerShell
[0.215s] DEBUG:colcon.colcon_core.shell:Skip shell extension 'dsv' for command environment
[0.217s] INFO:colcon.colcon_ros.task.ament_python.build:Building ROS package in '/home/hawx/ws1/src/py_pkg1' with build type 'ament_python'
[0.217s] Level 1:colcon.colcon_core.shell:create_environment_hook('py_pkg1', 'ament_prefix_path')
[0.217s] INFO:colcon.colcon_core.shell:Creating environment hook '/home/hawx/ws1/install/py_pkg1/share/py_pkg1/hook/ament_prefix_path.ps1'
[0.217s] INFO:colcon.colcon_core.shell:Creating environment descriptor '/home/hawx/ws1/install/py_pkg1/share/py_pkg1/hook/ament_prefix_path.dsv'
[0.218s] INFO:colcon.colcon_core.shell:Creating environment hook '/home/hawx/ws1/install/py_pkg1/share/py_pkg1/hook/ament_prefix_path.sh'
[0.220s] INFO:colcon.colcon_core.shell:Skip shell extension 'powershell' for command environment: Not usable outside of PowerShell
[0.220s] DEBUG:colcon.colcon_core.shell:Skip shell extension 'dsv' for command environment
[0.222s] INFO:colcon.colcon_ros.task.ament_python.build:Building ROS package in '/home/hawx/ws1/src/py_pkg2' with build type 'ament_python'
[0.222s] Level 1:colcon.colcon_core.shell:create_environment_hook('py_pkg2', 'ament_prefix_path')
[0.222s] INFO:colcon.colcon_core.shell:Creating environment hook '/home/hawx/ws1/install/py_pkg2/share/py_pkg2/hook/ament_prefix_path.ps1'
[0.222s] INFO:colcon.colcon_core.shell:Creating environment descriptor '/home/hawx/ws1/install/py_pkg2/share/py_pkg2/hook/ament_prefix_path.dsv'
[0.222s] INFO:colcon.colcon_core.shell:Creating environment hook '/home/hawx/ws1/install/py_pkg2/share/py_pkg2/hook/ament_prefix_path.sh'
[0.223s] INFO:colcon.colcon_core.shell:Skip shell extension 'powershell' for command environment: Not usable outside of PowerShell
[0.223s] DEBUG:colcon.colcon_core.shell:Skip shell extension 'dsv' for command environment
[0.225s] INFO:colcon.colcon_ros.task.ament_python.build:Building ROS package in '/home/hawx/ws1/src/pypara_pkg1' with build type 'ament_python'
[0.225s] Level 1:colcon.colcon_core.shell:create_environment_hook('pypara_pkg1', 'ament_prefix_path')
[0.225s] INFO:colcon.colcon_core.shell:Creating environment hook '/home/hawx/ws1/install/pypara_pkg1/share/pypara_pkg1/hook/ament_prefix_path.ps1'
[0.225s] INFO:colcon.colcon_core.shell:Creating environment descriptor '/home/hawx/ws1/install/pypara_pkg1/share/pypara_pkg1/hook/ament_prefix_path.dsv'
[0.225s] INFO:colcon.colcon_core.shell:Creating environment hook '/home/hawx/ws1/install/pypara_pkg1/share/pypara_pkg1/hook/ament_prefix_path.sh'
[0.226s] INFO:colcon.colcon_core.shell:Skip shell extension 'powershell' for command environment: Not usable outside of PowerShell
[0.226s] DEBUG:colcon.colcon_core.shell:Skip shell extension 'dsv' for command environment
[0.231s] DEBUG:colcon.colcon_core.event_handler.log_command:Invoking command in '/home/hawx/ws1/build/interface_pkg1': CMAKE_PREFIX_PATH=${CMAKE_PREFIX_PATH}:/home/hawx/ws1/install/pypara_pkg1:/home/hawx/ws1/install/py_pkg2:/home/hawx/ws1/install/py_pkg1:/home/hawx/ws1/install/pubsub_pkg1:/home/hawx/ws1/src/install/pypara_pkg1:/home/hawx/ws1/src/install/py_pkg2:/home/hawx/ws1/src/install/py_pkg1:/opt/ros/humble /usr/bin/cmake --build /home/hawx/ws1/build/interface_pkg1 -- -j32 -l32
[0.232s] DEBUG:colcon.colcon_core.event_handler.log_command:Invoking command in '/home/hawx/ws1/build/msg_pkg1': CMAKE_PREFIX_PATH=${CMAKE_PREFIX_PATH}:/home/hawx/ws1/install/pypara_pkg1:/home/hawx/ws1/install/py_pkg2:/home/hawx/ws1/install/py_pkg1:/home/hawx/ws1/install/pubsub_pkg1:/home/hawx/ws1/src/install/pypara_pkg1:/home/hawx/ws1/src/install/py_pkg2:/home/hawx/ws1/src/install/py_pkg1:/opt/ros/humble /usr/bin/cmake --build /home/hawx/ws1/build/msg_pkg1 -- -j32 -l32
[0.388s] WARNING:colcon.colcon_ros.task.ament_python.build:Package 'pubsub_pkg1' doesn't explicitly install a marker in the package index (colcon-ros currently does it implicitly but that fallback will be removed in the future)
[0.388s] INFO:colcon.colcon_core.task.python.build:Building Python package in '/home/hawx/ws1/src/pubsub_pkg1'
[0.388s] INFO:colcon.colcon_core.shell:Skip shell extension 'powershell' for command environment: Not usable outside of PowerShell
[0.388s] DEBUG:colcon.colcon_core.shell:Skip shell extension 'dsv' for command environment
[0.537s] INFO:colcon.colcon_core.task.python.build:Building Python package in '/home/hawx/ws1/src/py_pkg1'
[0.537s] INFO:colcon.colcon_core.shell:Skip shell extension 'powershell' for command environment: Not usable outside of PowerShell
[0.537s] DEBUG:colcon.colcon_core.shell:Skip shell extension 'dsv' for command environment
[0.697s] INFO:colcon.colcon_core.task.python.build:Building Python package in '/home/hawx/ws1/src/py_pkg2'
[0.697s] INFO:colcon.colcon_core.shell:Skip shell extension 'powershell' for command environment: Not usable outside of PowerShell
[0.697s] DEBUG:colcon.colcon_core.shell:Skip shell extension 'dsv' for command environment
[0.851s] INFO:colcon.colcon_core.task.python.build:Building Python package in '/home/hawx/ws1/src/pypara_pkg1'
[0.851s] INFO:colcon.colcon_core.shell:Skip shell extension 'powershell' for command environment: Not usable outside of PowerShell
[0.851s] DEBUG:colcon.colcon_core.shell:Skip shell extension 'dsv' for command environment
[0.854s] DEBUG:colcon.colcon_core.event_handler.log_command:Invoked command in '/home/hawx/ws1/build/interface_pkg1' returned '0': CMAKE_PREFIX_PATH=${CMAKE_PREFIX_PATH}:/home/hawx/ws1/install/pypara_pkg1:/home/hawx/ws1/install/py_pkg2:/home/hawx/ws1/install/py_pkg1:/home/hawx/ws1/install/pubsub_pkg1:/home/hawx/ws1/src/install/pypara_pkg1:/home/hawx/ws1/src/install/py_pkg2:/home/hawx/ws1/src/install/py_pkg1:/opt/ros/humble /usr/bin/cmake --build /home/hawx/ws1/build/interface_pkg1 -- -j32 -l32
[0.861s] DEBUG:colcon.colcon_core.event_handler.log_command:Invoking command in '/home/hawx/ws1/build/interface_pkg1': CMAKE_PREFIX_PATH=${CMAKE_PREFIX_PATH}:/home/hawx/ws1/install/pypara_pkg1:/home/hawx/ws1/install/py_pkg2:/home/hawx/ws1/install/py_pkg1:/home/hawx/ws1/install/pubsub_pkg1:/home/hawx/ws1/src/install/pypara_pkg1:/home/hawx/ws1/src/install/py_pkg2:/home/hawx/ws1/src/install/py_pkg1:/opt/ros/humble /usr/bin/cmake --install /home/hawx/ws1/build/interface_pkg1
[0.862s] DEBUG:colcon.colcon_core.event_handler.log_command:Invoked command in '/home/hawx/ws1/build/msg_pkg1' returned '0': CMAKE_PREFIX_PATH=${CMAKE_PREFIX_PATH}:/home/hawx/ws1/install/pypara_pkg1:/home/hawx/ws1/install/py_pkg2:/home/hawx/ws1/install/py_pkg1:/home/hawx/ws1/install/pubsub_pkg1:/home/hawx/ws1/src/install/pypara_pkg1:/home/hawx/ws1/src/install/py_pkg2:/home/hawx/ws1/src/install/py_pkg1:/opt/ros/humble /usr/bin/cmake --build /home/hawx/ws1/build/msg_pkg1 -- -j32 -l32
[0.862s] DEBUG:colcon.colcon_core.event_handler.log_command:Invoking command in '/home/hawx/ws1/build/msg_pkg1': CMAKE_PREFIX_PATH=${CMAKE_PREFIX_PATH}:/home/hawx/ws1/install/pypara_pkg1:/home/hawx/ws1/install/py_pkg2:/home/hawx/ws1/install/py_pkg1:/home/hawx/ws1/install/pubsub_pkg1:/home/hawx/ws1/src/install/pypara_pkg1:/home/hawx/ws1/src/install/py_pkg2:/home/hawx/ws1/src/install/py_pkg1:/opt/ros/humble /usr/bin/cmake --install /home/hawx/ws1/build/msg_pkg1
[0.898s] Level 1:colcon.colcon_core.environment:create_environment_scripts_only(interface_pkg1)
[0.899s] DEBUG:colcon.colcon_core.event_handler.log_command:Invoked command in '/home/hawx/ws1/build/interface_pkg1' returned '0': CMAKE_PREFIX_PATH=${CMAKE_PREFIX_PATH}:/home/hawx/ws1/install/pypara_pkg1:/home/hawx/ws1/install/py_pkg2:/home/hawx/ws1/install/py_pkg1:/home/hawx/ws1/install/pubsub_pkg1:/home/hawx/ws1/src/install/pypara_pkg1:/home/hawx/ws1/src/install/py_pkg2:/home/hawx/ws1/src/install/py_pkg1:/opt/ros/humble /usr/bin/cmake --install /home/hawx/ws1/build/interface_pkg1
[0.901s] Level 1:colcon.colcon_core.environment:checking '/home/hawx/ws1/install/interface_pkg1' for CMake module files
[0.901s] Level 1:colcon.colcon_core.environment:checking '/home/hawx/ws1/install/interface_pkg1' for CMake config files
[0.901s] Level 1:colcon.colcon_core.shell:create_environment_hook('interface_pkg1', 'cmake_prefix_path')
[0.901s] INFO:colcon.colcon_core.shell:Creating environment hook '/home/hawx/ws1/install/interface_pkg1/share/interface_pkg1/hook/cmake_prefix_path.ps1'
[0.902s] INFO:colcon.colcon_core.shell:Creating environment descriptor '/home/hawx/ws1/install/interface_pkg1/share/interface_pkg1/hook/cmake_prefix_path.dsv'
[0.902s] INFO:colcon.colcon_core.shell:Creating environment hook '/home/hawx/ws1/install/interface_pkg1/share/interface_pkg1/hook/cmake_prefix_path.sh'
[0.902s] Level 1:colcon.colcon_core.environment:checking '/home/hawx/ws1/install/interface_pkg1/lib'
[0.902s] Level 1:colcon.colcon_core.shell:create_environment_hook('interface_pkg1', 'ld_library_path_lib')
[0.903s] INFO:colcon.colcon_core.shell:Creating environment hook '/home/hawx/ws1/install/interface_pkg1/share/interface_pkg1/hook/ld_library_path_lib.ps1'
[0.903s] INFO:colcon.colcon_core.shell:Creating environment descriptor '/home/hawx/ws1/install/interface_pkg1/share/interface_pkg1/hook/ld_library_path_lib.dsv'
[0.903s] INFO:colcon.colcon_core.shell:Creating environment hook '/home/hawx/ws1/install/interface_pkg1/share/interface_pkg1/hook/ld_library_path_lib.sh'
[0.903s] Level 1:colcon.colcon_core.environment:checking '/home/hawx/ws1/install/interface_pkg1/bin'
[0.903s] Level 1:colcon.colcon_core.environment:checking '/home/hawx/ws1/install/interface_pkg1/lib/pkgconfig/interface_pkg1.pc'
[0.903s] Level 1:colcon.colcon_core.environment:checking '/home/hawx/ws1/install/interface_pkg1/lib/python3.10/site-packages'
[0.903s] Level 1:colcon.colcon_core.environment:checking '/home/hawx/ws1/install/interface_pkg1/bin'
[0.904s] INFO:colcon.colcon_core.shell:Creating package script '/home/hawx/ws1/install/interface_pkg1/share/interface_pkg1/package.ps1'
[0.904s] INFO:colcon.colcon_core.shell:Creating package descriptor '/home/hawx/ws1/install/interface_pkg1/share/interface_pkg1/package.dsv'
[0.904s] INFO:colcon.colcon_core.shell:Creating package script '/home/hawx/ws1/install/interface_pkg1/share/interface_pkg1/package.sh'
[0.905s] INFO:colcon.colcon_core.shell:Creating package script '/home/hawx/ws1/install/interface_pkg1/share/interface_pkg1/package.bash'
[0.905s] INFO:colcon.colcon_core.shell:Creating package script '/home/hawx/ws1/install/interface_pkg1/share/interface_pkg1/package.zsh'
[0.905s] Level 1:colcon.colcon_core.environment:create_file_with_runtime_dependencies(/home/hawx/ws1/install/interface_pkg1/share/colcon-core/packages/interface_pkg1)
[0.906s] Level 1:colcon.colcon_core.environment:create_environment_scripts_only(interface_pkg1)
[0.906s] Level 1:colcon.colcon_core.environment:checking '/home/hawx/ws1/install/interface_pkg1' for CMake module files
[0.906s] Level 1:colcon.colcon_core.environment:checking '/home/hawx/ws1/install/interface_pkg1' for CMake config files
[0.907s] Level 1:colcon.colcon_core.shell:create_environment_hook('interface_pkg1', 'cmake_prefix_path')
[0.907s] INFO:colcon.colcon_core.shell:Creating environment hook '/home/hawx/ws1/install/interface_pkg1/share/interface_pkg1/hook/cmake_prefix_path.ps1'
[0.907s] INFO:colcon.colcon_core.shell:Creating environment descriptor '/home/hawx/ws1/install/interface_pkg1/share/interface_pkg1/hook/cmake_prefix_path.dsv'
[0.907s] INFO:colcon.colcon_core.shell:Creating environment hook '/home/hawx/ws1/install/interface_pkg1/share/interface_pkg1/hook/cmake_prefix_path.sh'
[0.908s] Level 1:colcon.colcon_core.environment:checking '/home/hawx/ws1/install/interface_pkg1/lib'
[0.908s] Level 1:colcon.colcon_core.shell:create_environment_hook('interface_pkg1', 'ld_library_path_lib')
[0.908s] INFO:colcon.colcon_core.shell:Creating environment hook '/home/hawx/ws1/install/interface_pkg1/share/interface_pkg1/hook/ld_library_path_lib.ps1'
[0.908s] INFO:colcon.colcon_core.shell:Creating environment descriptor '/home/hawx/ws1/install/interface_pkg1/share/interface_pkg1/hook/ld_library_path_lib.dsv'
[0.908s] INFO:colcon.colcon_core.shell:Creating environment hook '/home/hawx/ws1/install/interface_pkg1/share/interface_pkg1/hook/ld_library_path_lib.sh'
[0.908s] Level 1:colcon.colcon_core.environment:checking '/home/hawx/ws1/install/interface_pkg1/bin'
[0.908s] Level 1:colcon.colcon_core.environment:checking '/home/hawx/ws1/install/interface_pkg1/lib/pkgconfig/interface_pkg1.pc'
[0.908s] Level 1:colcon.colcon_core.environment:checking '/home/hawx/ws1/install/interface_pkg1/lib/python3.10/site-packages'
[0.909s] Level 1:colcon.colcon_core.environment:checking '/home/hawx/ws1/install/interface_pkg1/bin'
[0.909s] INFO:colcon.colcon_core.shell:Creating package script '/home/hawx/ws1/install/interface_pkg1/share/interface_pkg1/package.ps1'
[0.909s] INFO:colcon.colcon_core.shell:Creating package descriptor '/home/hawx/ws1/install/interface_pkg1/share/interface_pkg1/package.dsv'
[0.909s] INFO:colcon.colcon_core.shell:Creating package script '/home/hawx/ws1/install/interface_pkg1/share/interface_pkg1/package.sh'
[0.910s] INFO:colcon.colcon_core.shell:Creating package script '/home/hawx/ws1/install/interface_pkg1/share/interface_pkg1/package.bash'
[0.910s] INFO:colcon.colcon_core.shell:Creating package script '/home/hawx/ws1/install/interface_pkg1/share/interface_pkg1/package.zsh'
[0.910s] Level 1:colcon.colcon_core.environment:create_file_with_runtime_dependencies(/home/hawx/ws1/install/interface_pkg1/share/colcon-core/packages/interface_pkg1)
[0.911s] Level 1:colcon.colcon_core.environment:create_environment_scripts_only(msg_pkg1)
[0.911s] Level 1:colcon.colcon_core.environment:checking '/home/hawx/ws1/install/msg_pkg1' for CMake module files
[0.911s] DEBUG:colcon.colcon_core.event_handler.log_command:Invoked command in '/home/hawx/ws1/build/msg_pkg1' returned '0': CMAKE_PREFIX_PATH=${CMAKE_PREFIX_PATH}:/home/hawx/ws1/install/pypara_pkg1:/home/hawx/ws1/install/py_pkg2:/home/hawx/ws1/install/py_pkg1:/home/hawx/ws1/install/pubsub_pkg1:/home/hawx/ws1/src/install/pypara_pkg1:/home/hawx/ws1/src/install/py_pkg2:/home/hawx/ws1/src/install/py_pkg1:/opt/ros/humble /usr/bin/cmake --install /home/hawx/ws1/build/msg_pkg1
[0.911s] Level 1:colcon.colcon_core.environment:checking '/home/hawx/ws1/install/msg_pkg1' for CMake config files
[0.912s] Level 1:colcon.colcon_core.shell:create_environment_hook('msg_pkg1', 'cmake_prefix_path')
[0.912s] INFO:colcon.colcon_core.shell:Creating environment hook '/home/hawx/ws1/install/msg_pkg1/share/msg_pkg1/hook/cmake_prefix_path.ps1'
[0.912s] INFO:colcon.colcon_core.shell:Creating environment descriptor '/home/hawx/ws1/install/msg_pkg1/share/msg_pkg1/hook/cmake_prefix_path.dsv'
[0.912s] INFO:colcon.colcon_core.shell:Creating environment hook '/home/hawx/ws1/install/msg_pkg1/share/msg_pkg1/hook/cmake_prefix_path.sh'
[0.912s] Level 1:colcon.colcon_core.environment:checking '/home/hawx/ws1/install/msg_pkg1/lib'
[0.913s] Level 1:colcon.colcon_core.shell:create_environment_hook('msg_pkg1', 'ld_library_path_lib')
[0.913s] INFO:colcon.colcon_core.shell:Creating environment hook '/home/hawx/ws1/install/msg_pkg1/share/msg_pkg1/hook/ld_library_path_lib.ps1'
[0.913s] INFO:colcon.colcon_core.shell:Creating environment descriptor '/home/hawx/ws1/install/msg_pkg1/share/msg_pkg1/hook/ld_library_path_lib.dsv'
[0.913s] INFO:colcon.colcon_core.shell:Creating environment hook '/home/hawx/ws1/install/msg_pkg1/share/msg_pkg1/hook/ld_library_path_lib.sh'
[0.913s] Level 1:colcon.colcon_core.environment:checking '/home/hawx/ws1/install/msg_pkg1/bin'
[0.913s] Level 1:colcon.colcon_core.environment:checking '/home/hawx/ws1/install/msg_pkg1/lib/pkgconfig/msg_pkg1.pc'
[0.913s] Level 1:colcon.colcon_core.environment:checking '/home/hawx/ws1/install/msg_pkg1/lib/python3.10/site-packages'
[0.913s] Level 1:colcon.colcon_core.environment:checking '/home/hawx/ws1/install/msg_pkg1/bin'
[0.914s] INFO:colcon.colcon_core.shell:Creating package script '/home/hawx/ws1/install/msg_pkg1/share/msg_pkg1/package.ps1'
[0.914s] INFO:colcon.colcon_core.shell:Creating package descriptor '/home/hawx/ws1/install/msg_pkg1/share/msg_pkg1/package.dsv'
[0.914s] INFO:colcon.colcon_core.shell:Creating package script '/home/hawx/ws1/install/msg_pkg1/share/msg_pkg1/package.sh'
[0.914s] INFO:colcon.colcon_core.shell:Creating package script '/home/hawx/ws1/install/msg_pkg1/share/msg_pkg1/package.bash'
[0.914s] INFO:colcon.colcon_core.shell:Creating package script '/home/hawx/ws1/install/msg_pkg1/share/msg_pkg1/package.zsh'
[0.915s] Level 1:colcon.colcon_core.environment:create_file_with_runtime_dependencies(/home/hawx/ws1/install/msg_pkg1/share/colcon-core/packages/msg_pkg1)
[0.915s] Level 1:colcon.colcon_core.environment:create_environment_scripts_only(msg_pkg1)
[0.915s] Level 1:colcon.colcon_core.environment:checking '/home/hawx/ws1/install/msg_pkg1' for CMake module files
[0.915s] Level 1:colcon.colcon_core.environment:checking '/home/hawx/ws1/install/msg_pkg1' for CMake config files
[0.916s] Level 1:colcon.colcon_core.shell:create_environment_hook('msg_pkg1', 'cmake_prefix_path')
[0.916s] INFO:colcon.colcon_core.shell:Creating environment hook '/home/hawx/ws1/install/msg_pkg1/share/msg_pkg1/hook/cmake_prefix_path.ps1'
[0.916s] INFO:colcon.colcon_core.shell:Creating environment descriptor '/home/hawx/ws1/install/msg_pkg1/share/msg_pkg1/hook/cmake_prefix_path.dsv'
[0.916s] INFO:colcon.colcon_core.shell:Creating environment hook '/home/hawx/ws1/install/msg_pkg1/share/msg_pkg1/hook/cmake_prefix_path.sh'
[0.917s] Level 1:colcon.colcon_core.environment:checking '/home/hawx/ws1/install/msg_pkg1/lib'
[0.917s] Level 1:colcon.colcon_core.shell:create_environment_hook('msg_pkg1', 'ld_library_path_lib')
[0.917s] INFO:colcon.colcon_core.shell:Creating environment hook '/home/hawx/ws1/install/msg_pkg1/share/msg_pkg1/hook/ld_library_path_lib.ps1'
[0.917s] INFO:colcon.colcon_core.shell:Creating environment descriptor '/home/hawx/ws1/install/msg_pkg1/share/msg_pkg1/hook/ld_library_path_lib.dsv'
[0.917s] INFO:colcon.colcon_core.shell:Creating environment hook '/home/hawx/ws1/install/msg_pkg1/share/msg_pkg1/hook/ld_library_path_lib.sh'
[0.917s] Level 1:colcon.colcon_core.environment:checking '/home/hawx/ws1/install/msg_pkg1/bin'
[0.917s] Level 1:colcon.colcon_core.environment:checking '/home/hawx/ws1/install/msg_pkg1/lib/pkgconfig/msg_pkg1.pc'
[0.918s] Level 1:colcon.colcon_core.environment:checking '/home/hawx/ws1/install/msg_pkg1/lib/python3.10/site-packages'
[0.918s] Level 1:colcon.colcon_core.environment:checking '/home/hawx/ws1/install/msg_pkg1/bin'
[0.918s] INFO:colcon.colcon_core.shell:Creating package script '/home/hawx/ws1/install/msg_pkg1/share/msg_pkg1/package.ps1'
[0.918s] INFO:colcon.colcon_core.shell:Creating package descriptor '/home/hawx/ws1/install/msg_pkg1/share/msg_pkg1/package.dsv'
[0.918s] INFO:colcon.colcon_core.shell:Creating package script '/home/hawx/ws1/install/msg_pkg1/share/msg_pkg1/package.sh'
[0.919s] INFO:colcon.colcon_core.shell:Creating package script '/home/hawx/ws1/install/msg_pkg1/share/msg_pkg1/package.bash'
[0.919s] INFO:colcon.colcon_core.shell:Creating package script '/home/hawx/ws1/install/msg_pkg1/share/msg_pkg1/package.zsh'
[0.919s] Level 1:colcon.colcon_core.environment:create_file_with_runtime_dependencies(/home/hawx/ws1/install/msg_pkg1/share/colcon-core/packages/msg_pkg1)
[1.070s] DEBUG:colcon.colcon_core.event_handler.log_command:Invoking command in '/home/hawx/ws1/src/pubsub_pkg1': PYTHONPATH=/home/hawx/ws1/build/pubsub_pkg1/prefix_override:/usr/lib/python3/dist-packages/colcon_core/task/python/colcon_distutils_commands:/home/hawx/ws1/install/pubsub_pkg1/lib/python3.10/site-packages:${PYTHONPATH} /usr/bin/python3 -W ignore:setup.py install is deprecated -W ignore:easy_install command is deprecated setup.py egg_info --egg-base ../../build/pubsub_pkg1 build --build-base /home/hawx/ws1/build/pubsub_pkg1/build install --record /home/hawx/ws1/build/pubsub_pkg1/install.log --single-version-externally-managed install_data
[1.073s] DEBUG:colcon.colcon_core.event_handler.log_command:Invoking command in '/home/hawx/ws1/src/py_pkg2': PYTHONPATH=/home/hawx/ws1/build/py_pkg2/prefix_override:/usr/lib/python3/dist-packages/colcon_core/task/python/colcon_distutils_commands:/home/hawx/ws1/install/py_pkg2/lib/python3.10/site-packages:${PYTHONPATH} /usr/bin/python3 -W ignore:setup.py install is deprecated -W ignore:easy_install command is deprecated setup.py egg_info --egg-base ../../build/py_pkg2 build --build-base /home/hawx/ws1/build/py_pkg2/build install --record /home/hawx/ws1/build/py_pkg2/install.log --single-version-externally-managed install_data
[1.074s] DEBUG:colcon.colcon_core.event_handler.log_command:Invoking command in '/home/hawx/ws1/src/pypara_pkg1': PYTHONPATH=/home/hawx/ws1/build/pypara_pkg1/prefix_override:/usr/lib/python3/dist-packages/colcon_core/task/python/colcon_distutils_commands:/home/hawx/ws1/install/pypara_pkg1/lib/python3.10/site-packages:${PYTHONPATH} /usr/bin/python3 -W ignore:setup.py install is deprecated -W ignore:easy_install command is deprecated setup.py egg_info --egg-base ../../build/pypara_pkg1 build --build-base /home/hawx/ws1/build/pypara_pkg1/build install --record /home/hawx/ws1/build/pypara_pkg1/install.log --single-version-externally-managed install_data
[1.076s] DEBUG:colcon.colcon_core.event_handler.log_command:Invoking command in '/home/hawx/ws1/src/py_pkg1': PYTHONPATH=/home/hawx/ws1/build/py_pkg1/prefix_override:/usr/lib/python3/dist-packages/colcon_core/task/python/colcon_distutils_commands:/home/hawx/ws1/install/py_pkg1/lib/python3.10/site-packages:${PYTHONPATH} /usr/bin/python3 -W ignore:setup.py install is deprecated -W ignore:easy_install command is deprecated setup.py egg_info --egg-base ../../build/py_pkg1 build --build-base /home/hawx/ws1/build/py_pkg1/build install --record /home/hawx/ws1/build/py_pkg1/install.log --single-version-externally-managed install_data
[1.249s] Level 1:colcon.colcon_core.environment:checking '/home/hawx/ws1/install/py_pkg2' for CMake module files
[1.249s] DEBUG:colcon.colcon_core.event_handler.log_command:Invoked command in '/home/hawx/ws1/src/py_pkg2' returned '0': PYTHONPATH=/home/hawx/ws1/build/py_pkg2/prefix_override:/usr/lib/python3/dist-packages/colcon_core/task/python/colcon_distutils_commands:/home/hawx/ws1/install/py_pkg2/lib/python3.10/site-packages:${PYTHONPATH} /usr/bin/python3 -W ignore:setup.py install is deprecated -W ignore:easy_install command is deprecated setup.py egg_info --egg-base ../../build/py_pkg2 build --build-base /home/hawx/ws1/build/py_pkg2/build install --record /home/hawx/ws1/build/py_pkg2/install.log --single-version-externally-managed install_data
[1.250s] Level 1:colcon.colcon_core.environment:checking '/home/hawx/ws1/install/py_pkg2' for CMake config files
[1.250s] Level 1:colcon.colcon_core.environment:checking '/home/hawx/ws1/install/py_pkg2/lib'
[1.250s] Level 1:colcon.colcon_core.environment:checking '/home/hawx/ws1/install/py_pkg2/bin'
[1.250s] Level 1:colcon.colcon_core.environment:checking '/home/hawx/ws1/install/py_pkg2/lib/pkgconfig/py_pkg2.pc'
[1.250s] Level 1:colcon.colcon_core.environment:checking '/home/hawx/ws1/install/py_pkg2/lib/python3.10/site-packages'
[1.250s] Level 1:colcon.colcon_core.shell:create_environment_hook('py_pkg2', 'pythonpath')
[1.250s] INFO:colcon.colcon_core.shell:Creating environment hook '/home/hawx/ws1/install/py_pkg2/share/py_pkg2/hook/pythonpath.ps1'
[1.251s] INFO:colcon.colcon_core.shell:Creating environment descriptor '/home/hawx/ws1/install/py_pkg2/share/py_pkg2/hook/pythonpath.dsv'
[1.251s] INFO:colcon.colcon_core.shell:Creating environment hook '/home/hawx/ws1/install/py_pkg2/share/py_pkg2/hook/pythonpath.sh'
[1.251s] Level 1:colcon.colcon_core.environment:checking '/home/hawx/ws1/install/py_pkg2/bin'
[1.251s] Level 1:colcon.colcon_core.environment:create_environment_scripts_only(py_pkg2)
[1.251s] INFO:colcon.colcon_core.shell:Creating package script '/home/hawx/ws1/install/py_pkg2/share/py_pkg2/package.ps1'
[1.252s] INFO:colcon.colcon_core.shell:Creating package descriptor '/home/hawx/ws1/install/py_pkg2/share/py_pkg2/package.dsv'
[1.252s] INFO:colcon.colcon_core.shell:Creating package script '/home/hawx/ws1/install/py_pkg2/share/py_pkg2/package.sh'
[1.252s] INFO:colcon.colcon_core.shell:Creating package script '/home/hawx/ws1/install/py_pkg2/share/py_pkg2/package.bash'
[1.252s] INFO:colcon.colcon_core.shell:Creating package script '/home/hawx/ws1/install/py_pkg2/share/py_pkg2/package.zsh'
[1.253s] Level 1:colcon.colcon_core.environment:create_file_with_runtime_dependencies(/home/hawx/ws1/install/py_pkg2/share/colcon-core/packages/py_pkg2)
[1.253s] Level 1:colcon.colcon_core.environment:checking '/home/hawx/ws1/install/pubsub_pkg1' for CMake module files
[1.254s] DEBUG:colcon.colcon_core.event_handler.log_command:Invoked command in '/home/hawx/ws1/src/pubsub_pkg1' returned '0': PYTHONPATH=/home/hawx/ws1/build/pubsub_pkg1/prefix_override:/usr/lib/python3/dist-packages/colcon_core/task/python/colcon_distutils_commands:/home/hawx/ws1/install/pubsub_pkg1/lib/python3.10/site-packages:${PYTHONPATH} /usr/bin/python3 -W ignore:setup.py install is deprecated -W ignore:easy_install command is deprecated setup.py egg_info --egg-base ../../build/pubsub_pkg1 build --build-base /home/hawx/ws1/build/pubsub_pkg1/build install --record /home/hawx/ws1/build/pubsub_pkg1/install.log --single-version-externally-managed install_data
[1.254s] Level 1:colcon.colcon_core.environment:checking '/home/hawx/ws1/install/pubsub_pkg1' for CMake config files
[1.255s] Level 1:colcon.colcon_core.environment:checking '/home/hawx/ws1/install/pubsub_pkg1/lib'
[1.255s] Level 1:colcon.colcon_core.environment:checking '/home/hawx/ws1/install/pubsub_pkg1/bin'
[1.255s] Level 1:colcon.colcon_core.environment:checking '/home/hawx/ws1/install/pubsub_pkg1/lib/pkgconfig/pubsub_pkg1.pc'
[1.255s] Level 1:colcon.colcon_core.environment:checking '/home/hawx/ws1/install/pubsub_pkg1/lib/python3.10/site-packages'
[1.255s] Level 1:colcon.colcon_core.shell:create_environment_hook('pubsub_pkg1', 'pythonpath')
[1.255s] INFO:colcon.colcon_core.shell:Creating environment hook '/home/hawx/ws1/install/pubsub_pkg1/share/pubsub_pkg1/hook/pythonpath.ps1'
[1.255s] INFO:colcon.colcon_core.shell:Creating environment descriptor '/home/hawx/ws1/install/pubsub_pkg1/share/pubsub_pkg1/hook/pythonpath.dsv'
[1.255s] INFO:colcon.colcon_core.shell:Creating environment hook '/home/hawx/ws1/install/pubsub_pkg1/share/pubsub_pkg1/hook/pythonpath.sh'
[1.256s] Level 1:colcon.colcon_core.environment:checking '/home/hawx/ws1/install/pubsub_pkg1/bin'
[1.256s] Level 1:colcon.colcon_core.environment:create_environment_scripts_only(pubsub_pkg1)
[1.256s] INFO:colcon.colcon_core.shell:Creating package script '/home/hawx/ws1/install/pubsub_pkg1/share/pubsub_pkg1/package.ps1'
[1.256s] INFO:colcon.colcon_core.shell:Creating package descriptor '/home/hawx/ws1/install/pubsub_pkg1/share/pubsub_pkg1/package.dsv'
[1.256s] INFO:colcon.colcon_core.shell:Creating package script '/home/hawx/ws1/install/pubsub_pkg1/share/pubsub_pkg1/package.sh'
[1.256s] INFO:colcon.colcon_core.shell:Creating package script '/home/hawx/ws1/install/pubsub_pkg1/share/pubsub_pkg1/package.bash'
[1.257s] INFO:colcon.colcon_core.shell:Creating package script '/home/hawx/ws1/install/pubsub_pkg1/share/pubsub_pkg1/package.zsh'
[1.257s] Level 1:colcon.colcon_core.environment:create_file_with_runtime_dependencies(/home/hawx/ws1/install/pubsub_pkg1/share/colcon-core/packages/pubsub_pkg1)
[1.257s] Level 1:colcon.colcon_core.environment:checking '/home/hawx/ws1/install/py_pkg1' for CMake module files
[1.258s] Level 1:colcon.colcon_core.environment:checking '/home/hawx/ws1/install/py_pkg1' for CMake config files
[1.258s] DEBUG:colcon.colcon_core.event_handler.log_command:Invoked command in '/home/hawx/ws1/src/py_pkg1' returned '0': PYTHONPATH=/home/hawx/ws1/build/py_pkg1/prefix_override:/usr/lib/python3/dist-packages/colcon_core/task/python/colcon_distutils_commands:/home/hawx/ws1/install/py_pkg1/lib/python3.10/site-packages:${PYTHONPATH} /usr/bin/python3 -W ignore:setup.py install is deprecated -W ignore:easy_install command is deprecated setup.py egg_info --egg-base ../../build/py_pkg1 build --build-base /home/hawx/ws1/build/py_pkg1/build install --record /home/hawx/ws1/build/py_pkg1/install.log --single-version-externally-managed install_data
[1.258s] Level 1:colcon.colcon_core.environment:checking '/home/hawx/ws1/install/py_pkg1/lib'
[1.258s] Level 1:colcon.colcon_core.environment:checking '/home/hawx/ws1/install/py_pkg1/bin'
[1.258s] Level 1:colcon.colcon_core.environment:checking '/home/hawx/ws1/install/py_pkg1/lib/pkgconfig/py_pkg1.pc'
[1.258s] Level 1:colcon.colcon_core.environment:checking '/home/hawx/ws1/install/py_pkg1/lib/python3.10/site-packages'
[1.258s] Level 1:colcon.colcon_core.shell:create_environment_hook('py_pkg1', 'pythonpath')
[1.258s] INFO:colcon.colcon_core.shell:Creating environment hook '/home/hawx/ws1/install/py_pkg1/share/py_pkg1/hook/pythonpath.ps1'
[1.259s] INFO:colcon.colcon_core.shell:Creating environment descriptor '/home/hawx/ws1/install/py_pkg1/share/py_pkg1/hook/pythonpath.dsv'
[1.259s] INFO:colcon.colcon_core.shell:Creating environment hook '/home/hawx/ws1/install/py_pkg1/share/py_pkg1/hook/pythonpath.sh'
[1.259s] Level 1:colcon.colcon_core.environment:checking '/home/hawx/ws1/install/py_pkg1/bin'
[1.259s] Level 1:colcon.colcon_core.environment:create_environment_scripts_only(py_pkg1)
[1.259s] INFO:colcon.colcon_core.shell:Creating package script '/home/hawx/ws1/install/py_pkg1/share/py_pkg1/package.ps1'
[1.260s] INFO:colcon.colcon_core.shell:Creating package descriptor '/home/hawx/ws1/install/py_pkg1/share/py_pkg1/package.dsv'
[1.260s] INFO:colcon.colcon_core.shell:Creating package script '/home/hawx/ws1/install/py_pkg1/share/py_pkg1/package.sh'
[1.260s] INFO:colcon.colcon_core.shell:Creating package script '/home/hawx/ws1/install/py_pkg1/share/py_pkg1/package.bash'
[1.260s] INFO:colcon.colcon_core.shell:Creating package script '/home/hawx/ws1/install/py_pkg1/share/py_pkg1/package.zsh'
[1.260s] Level 1:colcon.colcon_core.environment:create_file_with_runtime_dependencies(/home/hawx/ws1/install/py_pkg1/share/colcon-core/packages/py_pkg1)
[1.261s] Level 1:colcon.colcon_core.environment:checking '/home/hawx/ws1/install/pypara_pkg1' for CMake module files
[1.261s] DEBUG:colcon.colcon_core.event_handler.log_command:Invoked command in '/home/hawx/ws1/src/pypara_pkg1' returned '0': PYTHONPATH=/home/hawx/ws1/build/pypara_pkg1/prefix_override:/usr/lib/python3/dist-packages/colcon_core/task/python/colcon_distutils_commands:/home/hawx/ws1/install/pypara_pkg1/lib/python3.10/site-packages:${PYTHONPATH} /usr/bin/python3 -W ignore:setup.py install is deprecated -W ignore:easy_install command is deprecated setup.py egg_info --egg-base ../../build/pypara_pkg1 build --build-base /home/hawx/ws1/build/pypara_pkg1/build install --record /home/hawx/ws1/build/pypara_pkg1/install.log --single-version-externally-managed install_data
[1.261s] Level 1:colcon.colcon_core.environment:checking '/home/hawx/ws1/install/pypara_pkg1' for CMake config files
[1.262s] Level 1:colcon.colcon_core.environment:checking '/home/hawx/ws1/install/pypara_pkg1/lib'
[1.262s] Level 1:colcon.colcon_core.environment:checking '/home/hawx/ws1/install/pypara_pkg1/bin'
[1.262s] Level 1:colcon.colcon_core.environment:checking '/home/hawx/ws1/install/pypara_pkg1/lib/pkgconfig/pypara_pkg1.pc'
[1.262s] Level 1:colcon.colcon_core.environment:checking '/home/hawx/ws1/install/pypara_pkg1/lib/python3.10/site-packages'
[1.262s] Level 1:colcon.colcon_core.shell:create_environment_hook('pypara_pkg1', 'pythonpath')
[1.262s] INFO:colcon.colcon_core.shell:Creating environment hook '/home/hawx/ws1/install/pypara_pkg1/share/pypara_pkg1/hook/pythonpath.ps1'
[1.262s] INFO:colcon.colcon_core.shell:Creating environment descriptor '/home/hawx/ws1/install/pypara_pkg1/share/pypara_pkg1/hook/pythonpath.dsv'
[1.263s] INFO:colcon.colcon_core.shell:Creating environment hook '/home/hawx/ws1/install/pypara_pkg1/share/pypara_pkg1/hook/pythonpath.sh'
[1.263s] Level 1:colcon.colcon_core.environment:checking '/home/hawx/ws1/install/pypara_pkg1/bin'
[1.263s] Level 1:colcon.colcon_core.environment:create_environment_scripts_only(pypara_pkg1)
[1.263s] INFO:colcon.colcon_core.shell:Creating package script '/home/hawx/ws1/install/pypara_pkg1/share/pypara_pkg1/package.ps1'
[1.263s] INFO:colcon.colcon_core.shell:Creating package descriptor '/home/hawx/ws1/install/pypara_pkg1/share/pypara_pkg1/package.dsv'
[1.264s] INFO:colcon.colcon_core.shell:Creating package script '/home/hawx/ws1/install/pypara_pkg1/share/pypara_pkg1/package.sh'
[1.264s] INFO:colcon.colcon_core.shell:Creating package script '/home/hawx/ws1/install/pypara_pkg1/share/pypara_pkg1/package.bash'
[1.264s] INFO:colcon.colcon_core.shell:Creating package script '/home/hawx/ws1/install/pypara_pkg1/share/pypara_pkg1/package.zsh'
[1.264s] Level 1:colcon.colcon_core.environment:create_file_with_runtime_dependencies(/home/hawx/ws1/install/pypara_pkg1/share/colcon-core/packages/pypara_pkg1)
[1.265s] DEBUG:colcon.colcon_parallel_executor.executor.parallel:closing loop
[1.265s] DEBUG:colcon.colcon_parallel_executor.executor.parallel:loop closed
[1.265s] DEBUG:colcon.colcon_parallel_executor.executor.parallel:run_until_complete finished with '0'
[1.265s] DEBUG:colcon.colcon_core.event_reactor:joining thread
[1.268s] INFO:colcon.colcon_core.plugin_system:Skipping extension 'colcon_notification.desktop_notification.terminal_notifier': Not used on non-Darwin systems
[1.268s] INFO:colcon.colcon_core.plugin_system:Skipping extension 'colcon_notification.desktop_notification.win32': Not used on non-Windows systems
[1.268s] INFO:colcon.colcon_notification.desktop_notification:Sending desktop notification using 'notify2'
[1.276s] DEBUG:colcon.colcon_core.event_reactor:joined thread
[1.276s] INFO:colcon.colcon_core.shell:Creating prefix script '/home/hawx/ws1/install/local_setup.ps1'
[1.276s] INFO:colcon.colcon_core.shell:Creating prefix util module '/home/hawx/ws1/install/_local_setup_util_ps1.py'
[1.277s] INFO:colcon.colcon_core.shell:Creating prefix chain script '/home/hawx/ws1/install/setup.ps1'
[1.278s] INFO:colcon.colcon_core.shell:Creating prefix script '/home/hawx/ws1/install/local_setup.sh'
[1.278s] INFO:colcon.colcon_core.shell:Creating prefix util module '/home/hawx/ws1/install/_local_setup_util_sh.py'
[1.278s] INFO:colcon.colcon_core.shell:Creating prefix chain script '/home/hawx/ws1/install/setup.sh'
[1.279s] INFO:colcon.colcon_core.shell:Creating prefix script '/home/hawx/ws1/install/local_setup.bash'
[1.279s] INFO:colcon.colcon_core.shell:Creating prefix chain script '/home/hawx/ws1/install/setup.bash'
[1.280s] INFO:colcon.colcon_core.shell:Creating prefix script '/home/hawx/ws1/install/local_setup.zsh'
[1.280s] INFO:colcon.colcon_core.shell:Creating prefix chain script '/home/hawx/ws1/install/setup.zsh'
