[  2%] [34m[1mGenerating C code for ROS interfaces[0m
[  4%] [34m[1mGenerating C++ code for ROS interfaces[0m
[  4%] Built target ament_cmake_python_copy_interface_pkg1
running egg_info
creating interface_pkg1.egg-info
writing interface_pkg1.egg-info/PKG-INFO
writing dependency_links to interface_pkg1.egg-info/dependency_links.txt
writing top-level names to interface_pkg1.egg-info/top_level.txt
writing manifest file 'interface_pkg1.egg-info/SOURCES.txt'
reading manifest file 'interface_pkg1.egg-info/SOURCES.txt'
writing manifest file 'interface_pkg1.egg-info/SOURCES.txt'
[  4%] Built target ament_cmake_python_build_interface_pkg1_egg
[  4%] Built target interface_pkg1__cpp
[ 10%] [34m[1mGenerating C++ introspection for ROS interfaces[0m
[ 10%] [34m[1mGenerating C++ type support dispatch for ROS interfaces[0m
[ 10%] [34m[1mGenerating C++ type support for eProsima Fast-RTPS[0m
[ 17%] [32mBuilding C object CMakeFiles/interface_pkg1__rosidl_generator_c.dir/rosidl_generator_c/interface_pkg1/msg/detail/message2__functions.c.o[0m
[ 17%] [32mBuilding C object CMakeFiles/interface_pkg1__rosidl_generator_c.dir/rosidl_generator_c/interface_pkg1/srv/detail/service1__functions.c.o[0m
[ 17%] [32mBuilding C object CMakeFiles/interface_pkg1__rosidl_generator_c.dir/rosidl_generator_c/interface_pkg1/msg/detail/message1__functions.c.o[0m
[ 19%] [32m[1mLinking C shared library libinterface_pkg1__rosidl_generator_c.so[0m
[ 19%] Built target interface_pkg1__rosidl_generator_c
[ 23%] [34m[1mGenerating C type support for eProsima Fast-RTPS[0m
[ 23%] [34m[1mGenerating C type support dispatch for ROS interfaces[0m
[ 25%] [34m[1mGenerating C introspection for ROS interfaces[0m
[ 27%] [32mBuilding CXX object CMakeFiles/interface_pkg1__rosidl_typesupport_cpp.dir/rosidl_typesupport_cpp/interface_pkg1/msg/message1__type_support.cpp.o[0m
[ 29%] [32mBuilding CXX object CMakeFiles/interface_pkg1__rosidl_typesupport_cpp.dir/rosidl_typesupport_cpp/interface_pkg1/srv/service1__type_support.cpp.o[0m
[ 31%] [32mBuilding CXX object CMakeFiles/interface_pkg1__rosidl_typesupport_cpp.dir/rosidl_typesupport_cpp/interface_pkg1/msg/message2__type_support.cpp.o[0m
[ 36%] [32mBuilding CXX object CMakeFiles/interface_pkg1__rosidl_typesupport_introspection_cpp.dir/rosidl_typesupport_introspection_cpp/interface_pkg1/srv/detail/service1__type_support.cpp.o[0m
[ 36%] [32mBuilding CXX object CMakeFiles/interface_pkg1__rosidl_typesupport_introspection_cpp.dir/rosidl_typesupport_introspection_cpp/interface_pkg1/msg/detail/message2__type_support.cpp.o[0m
[ 38%] [32mBuilding CXX object CMakeFiles/interface_pkg1__rosidl_typesupport_introspection_cpp.dir/rosidl_typesupport_introspection_cpp/interface_pkg1/msg/detail/message1__type_support.cpp.o[0m
[ 42%] [32mBuilding CXX object CMakeFiles/interface_pkg1__rosidl_typesupport_fastrtps_cpp.dir/rosidl_typesupport_fastrtps_cpp/interface_pkg1/msg/detail/dds_fastrtps/message2__type_support.cpp.o[0m
[ 42%] [32mBuilding CXX object CMakeFiles/interface_pkg1__rosidl_typesupport_fastrtps_cpp.dir/rosidl_typesupport_fastrtps_cpp/interface_pkg1/srv/detail/dds_fastrtps/service1__type_support.cpp.o[0m
[ 44%] [32mBuilding CXX object CMakeFiles/interface_pkg1__rosidl_typesupport_fastrtps_cpp.dir/rosidl_typesupport_fastrtps_cpp/interface_pkg1/msg/detail/dds_fastrtps/message1__type_support.cpp.o[0m
[ 51%] [32mBuilding CXX object CMakeFiles/interface_pkg1__rosidl_typesupport_c.dir/rosidl_typesupport_c/interface_pkg1/msg/message2__type_support.cpp.o[0m
[ 51%] [32mBuilding CXX object CMakeFiles/interface_pkg1__rosidl_typesupport_c.dir/rosidl_typesupport_c/interface_pkg1/srv/service1__type_support.cpp.o[0m
[ 51%] [32mBuilding CXX object CMakeFiles/interface_pkg1__rosidl_typesupport_c.dir/rosidl_typesupport_c/interface_pkg1/msg/message1__type_support.cpp.o[0m
[ 53%] [32mBuilding C object CMakeFiles/interface_pkg1__rosidl_typesupport_introspection_c.dir/rosidl_typesupport_introspection_c/interface_pkg1/msg/detail/message1__type_support.c.o[0m
[ 55%] [32mBuilding C object CMakeFiles/interface_pkg1__rosidl_typesupport_introspection_c.dir/rosidl_typesupport_introspection_c/interface_pkg1/msg/detail/message2__type_support.c.o[0m
[ 57%] [32mBuilding C object CMakeFiles/interface_pkg1__rosidl_typesupport_introspection_c.dir/rosidl_typesupport_introspection_c/interface_pkg1/srv/detail/service1__type_support.c.o[0m
[ 59%] [32m[1mLinking CXX shared library libinterface_pkg1__rosidl_typesupport_c.so[0m
[ 61%] [32mBuilding CXX object CMakeFiles/interface_pkg1__rosidl_typesupport_fastrtps_c.dir/rosidl_typesupport_fastrtps_c/interface_pkg1/msg/detail/message1__type_support_c.cpp.o[0m
[ 63%] [32mBuilding CXX object CMakeFiles/interface_pkg1__rosidl_typesupport_fastrtps_c.dir/rosidl_typesupport_fastrtps_c/interface_pkg1/srv/detail/service1__type_support_c.cpp.o[0m
[ 65%] [32mBuilding CXX object CMakeFiles/interface_pkg1__rosidl_typesupport_fastrtps_c.dir/rosidl_typesupport_fastrtps_c/interface_pkg1/msg/detail/message2__type_support_c.cpp.o[0m
[ 68%] [32m[1mLinking C shared library libinterface_pkg1__rosidl_typesupport_introspection_c.so[0m
[ 68%] Built target interface_pkg1__rosidl_typesupport_c
[ 68%] Built target interface_pkg1__rosidl_typesupport_introspection_c
[ 70%] [32m[1mLinking CXX shared library libinterface_pkg1__rosidl_typesupport_cpp.so[0m
[ 70%] Built target interface_pkg1__rosidl_typesupport_cpp
[ 72%] [32m[1mLinking CXX shared library libinterface_pkg1__rosidl_typesupport_introspection_cpp.so[0m
[ 74%] [32m[1mLinking CXX shared library libinterface_pkg1__rosidl_typesupport_fastrtps_cpp.so[0m
[ 74%] Built target interface_pkg1__rosidl_typesupport_introspection_cpp
[ 74%] Built target interface_pkg1__rosidl_typesupport_fastrtps_cpp
[ 76%] [32m[1mLinking CXX shared library libinterface_pkg1__rosidl_typesupport_fastrtps_c.so[0m
[ 76%] Built target interface_pkg1__rosidl_typesupport_fastrtps_c
[ 76%] Built target interface_pkg1
[ 78%] [34m[1mGenerating Python code for ROS interfaces[0m
[ 78%] Built target interface_pkg1__py
[ 80%] [32mBuilding C object CMakeFiles/interface_pkg1__rosidl_generator_py.dir/rosidl_generator_py/interface_pkg1/msg/_message1_s.c.o[0m
[ 82%] [32mBuilding C object CMakeFiles/interface_pkg1__rosidl_generator_py.dir/rosidl_generator_py/interface_pkg1/msg/_message2_s.c.o[0m
[ 85%] [32mBuilding C object CMakeFiles/interface_pkg1__rosidl_generator_py.dir/rosidl_generator_py/interface_pkg1/srv/_service1_s.c.o[0m
[ 87%] [32m[1mLinking C shared library rosidl_generator_py/interface_pkg1/libinterface_pkg1__rosidl_generator_py.so[0m
[ 87%] Built target interface_pkg1__rosidl_generator_py
[ 91%] [32mBuilding C object CMakeFiles/interface_pkg1__rosidl_typesupport_introspection_c__pyext.dir/rosidl_generator_py/interface_pkg1/_interface_pkg1_s.ep.rosidl_typesupport_introspection_c.c.o[0m
[ 91%] [32mBuilding C object CMakeFiles/interface_pkg1__rosidl_typesupport_fastrtps_c__pyext.dir/rosidl_generator_py/interface_pkg1/_interface_pkg1_s.ep.rosidl_typesupport_fastrtps_c.c.o[0m
[ 93%] [32mBuilding C object CMakeFiles/interface_pkg1__rosidl_typesupport_c__pyext.dir/rosidl_generator_py/interface_pkg1/_interface_pkg1_s.ep.rosidl_typesupport_c.c.o[0m
[ 97%] [32m[1mLinking C shared library rosidl_generator_py/interface_pkg1/interface_pkg1_s__rosidl_typesupport_c.cpython-310-x86_64-linux-gnu.so[0m
[ 97%] [32m[1mLinking C shared library rosidl_generator_py/interface_pkg1/interface_pkg1_s__rosidl_typesupport_fastrtps_c.cpython-310-x86_64-linux-gnu.so[0m
[100%] [32m[1mLinking C shared library rosidl_generator_py/interface_pkg1/interface_pkg1_s__rosidl_typesupport_introspection_c.cpython-310-x86_64-linux-gnu.so[0m
[100%] Built target interface_pkg1__rosidl_typesupport_fastrtps_c__pyext
[100%] Built target interface_pkg1__rosidl_typesupport_c__pyext
[100%] Built target interface_pkg1__rosidl_typesupport_introspection_c__pyext
