[0.019s] Invoking command in '/home/hawx/ws1/build/interface_pkg1': CMAKE_PREFIX_PATH=${CMAKE_PREFIX_PATH}:/home/hawx/ws1/install/pypara_pkg1:/home/hawx/ws1/install/py_pkg2:/home/hawx/ws1/install/py_pkg1:/home/hawx/ws1/install/pubsub_pkg1:/home/hawx/ws1/src/install/pypara_pkg1:/home/hawx/ws1/src/install/py_pkg2:/home/hawx/ws1/src/install/py_pkg1:/opt/ros/humble /usr/bin/cmake --build /home/hawx/ws1/build/interface_pkg1 -- -j32 -l32
[0.474s] [  2%] [34m[1mGenerating C code for ROS interfaces[0m
[0.474s] [  4%] [34m[1mGenerating C++ code for ROS interfaces[0m
[0.474s] [  4%] Built target ament_cmake_python_copy_interface_pkg1
[0.474s] running egg_info
[0.474s] creating interface_pkg1.egg-info
[0.474s] writing interface_pkg1.egg-info/PKG-INFO
[0.474s] writing dependency_links to interface_pkg1.egg-info/dependency_links.txt
[0.474s] writing top-level names to interface_pkg1.egg-info/top_level.txt
[0.474s] writing manifest file 'interface_pkg1.egg-info/SOURCES.txt'
[0.474s] reading manifest file 'interface_pkg1.egg-info/SOURCES.txt'
[0.474s] writing manifest file 'interface_pkg1.egg-info/SOURCES.txt'
[0.474s] [  4%] Built target ament_cmake_python_build_interface_pkg1_egg
[0.474s] [  4%] Built target interface_pkg1__cpp
[0.474s] [ 10%] [34m[1mGenerating C++ introspection for ROS interfaces[0m
[0.474s] [ 10%] [34m[1mGenerating C++ type support dispatch for ROS interfaces[0m
[0.475s] [ 10%] [34m[1mGenerating C++ type support for eProsima Fast-RTPS[0m
[0.475s] [ 17%] [32mBuilding C object CMakeFiles/interface_pkg1__rosidl_generator_c.dir/rosidl_generator_c/interface_pkg1/msg/detail/message2__functions.c.o[0m
[0.475s] [ 17%] [32mBuilding C object CMakeFiles/interface_pkg1__rosidl_generator_c.dir/rosidl_generator_c/interface_pkg1/srv/detail/service1__functions.c.o[0m
[0.475s] [ 17%] [32mBuilding C object CMakeFiles/interface_pkg1__rosidl_generator_c.dir/rosidl_generator_c/interface_pkg1/msg/detail/message1__functions.c.o[0m
[0.475s] [ 19%] [32m[1mLinking C shared library libinterface_pkg1__rosidl_generator_c.so[0m
[0.475s] [ 19%] Built target interface_pkg1__rosidl_generator_c
[0.475s] [ 23%] [34m[1mGenerating C type support for eProsima Fast-RTPS[0m
[0.475s] [ 23%] [34m[1mGenerating C type support dispatch for ROS interfaces[0m
[0.475s] [ 25%] [34m[1mGenerating C introspection for ROS interfaces[0m
[0.475s] [ 27%] [32mBuilding CXX object CMakeFiles/interface_pkg1__rosidl_typesupport_cpp.dir/rosidl_typesupport_cpp/interface_pkg1/msg/message1__type_support.cpp.o[0m
[0.475s] [ 29%] [32mBuilding CXX object CMakeFiles/interface_pkg1__rosidl_typesupport_cpp.dir/rosidl_typesupport_cpp/interface_pkg1/srv/service1__type_support.cpp.o[0m
[0.475s] [ 31%] [32mBuilding CXX object CMakeFiles/interface_pkg1__rosidl_typesupport_cpp.dir/rosidl_typesupport_cpp/interface_pkg1/msg/message2__type_support.cpp.o[0m
[0.475s] [ 36%] [32mBuilding CXX object CMakeFiles/interface_pkg1__rosidl_typesupport_introspection_cpp.dir/rosidl_typesupport_introspection_cpp/interface_pkg1/srv/detail/service1__type_support.cpp.o[0m
[0.475s] [ 36%] [32mBuilding CXX object CMakeFiles/interface_pkg1__rosidl_typesupport_introspection_cpp.dir/rosidl_typesupport_introspection_cpp/interface_pkg1/msg/detail/message2__type_support.cpp.o[0m
[0.475s] [ 38%] [32mBuilding CXX object CMakeFiles/interface_pkg1__rosidl_typesupport_introspection_cpp.dir/rosidl_typesupport_introspection_cpp/interface_pkg1/msg/detail/message1__type_support.cpp.o[0m
[0.475s] [ 42%] [32mBuilding CXX object CMakeFiles/interface_pkg1__rosidl_typesupport_fastrtps_cpp.dir/rosidl_typesupport_fastrtps_cpp/interface_pkg1/msg/detail/dds_fastrtps/message2__type_support.cpp.o[0m
[0.475s] [ 42%] [32mBuilding CXX object CMakeFiles/interface_pkg1__rosidl_typesupport_fastrtps_cpp.dir/rosidl_typesupport_fastrtps_cpp/interface_pkg1/srv/detail/dds_fastrtps/service1__type_support.cpp.o[0m
[0.475s] [ 44%] [32mBuilding CXX object CMakeFiles/interface_pkg1__rosidl_typesupport_fastrtps_cpp.dir/rosidl_typesupport_fastrtps_cpp/interface_pkg1/msg/detail/dds_fastrtps/message1__type_support.cpp.o[0m
[0.500s] [ 51%] [32mBuilding CXX object CMakeFiles/interface_pkg1__rosidl_typesupport_c.dir/rosidl_typesupport_c/interface_pkg1/msg/message2__type_support.cpp.o[0m
[0.500s] [ 51%] [32mBuilding CXX object CMakeFiles/interface_pkg1__rosidl_typesupport_c.dir/rosidl_typesupport_c/interface_pkg1/srv/service1__type_support.cpp.o[0m
[0.500s] [ 51%] [32mBuilding CXX object CMakeFiles/interface_pkg1__rosidl_typesupport_c.dir/rosidl_typesupport_c/interface_pkg1/msg/message1__type_support.cpp.o[0m
[0.523s] [ 53%] [32mBuilding C object CMakeFiles/interface_pkg1__rosidl_typesupport_introspection_c.dir/rosidl_typesupport_introspection_c/interface_pkg1/msg/detail/message1__type_support.c.o[0m
[0.523s] [ 55%] [32mBuilding C object CMakeFiles/interface_pkg1__rosidl_typesupport_introspection_c.dir/rosidl_typesupport_introspection_c/interface_pkg1/msg/detail/message2__type_support.c.o[0m
[0.526s] [ 57%] [32mBuilding C object CMakeFiles/interface_pkg1__rosidl_typesupport_introspection_c.dir/rosidl_typesupport_introspection_c/interface_pkg1/srv/detail/service1__type_support.c.o[0m
[0.527s] [ 59%] [32m[1mLinking CXX shared library libinterface_pkg1__rosidl_typesupport_c.so[0m
[0.542s] [ 61%] [32mBuilding CXX object CMakeFiles/interface_pkg1__rosidl_typesupport_fastrtps_c.dir/rosidl_typesupport_fastrtps_c/interface_pkg1/msg/detail/message1__type_support_c.cpp.o[0m
[0.542s] [ 63%] [32mBuilding CXX object CMakeFiles/interface_pkg1__rosidl_typesupport_fastrtps_c.dir/rosidl_typesupport_fastrtps_c/interface_pkg1/srv/detail/service1__type_support_c.cpp.o[0m
[0.544s] [ 65%] [32mBuilding CXX object CMakeFiles/interface_pkg1__rosidl_typesupport_fastrtps_c.dir/rosidl_typesupport_fastrtps_c/interface_pkg1/msg/detail/message2__type_support_c.cpp.o[0m
[0.557s] [ 68%] [32m[1mLinking C shared library libinterface_pkg1__rosidl_typesupport_introspection_c.so[0m
[0.562s] [ 68%] Built target interface_pkg1__rosidl_typesupport_c
[0.582s] [ 68%] Built target interface_pkg1__rosidl_typesupport_introspection_c
[0.588s] [ 70%] [32m[1mLinking CXX shared library libinterface_pkg1__rosidl_typesupport_cpp.so[0m
[0.625s] [ 70%] Built target interface_pkg1__rosidl_typesupport_cpp
[0.688s] [ 72%] [32m[1mLinking CXX shared library libinterface_pkg1__rosidl_typesupport_introspection_cpp.so[0m
[0.699s] [ 74%] [32m[1mLinking CXX shared library libinterface_pkg1__rosidl_typesupport_fastrtps_cpp.so[0m
[0.739s] [ 74%] Built target interface_pkg1__rosidl_typesupport_introspection_cpp
[0.759s] [ 74%] Built target interface_pkg1__rosidl_typesupport_fastrtps_cpp
[0.763s] [ 76%] [32m[1mLinking CXX shared library libinterface_pkg1__rosidl_typesupport_fastrtps_c.so[0m
[0.812s] [ 76%] Built target interface_pkg1__rosidl_typesupport_fastrtps_c
[0.827s] [ 76%] Built target interface_pkg1
[0.841s] [ 78%] [34m[1mGenerating Python code for ROS interfaces[0m
[1.098s] [ 78%] Built target interface_pkg1__py
[1.109s] [ 80%] [32mBuilding C object CMakeFiles/interface_pkg1__rosidl_generator_py.dir/rosidl_generator_py/interface_pkg1/msg/_message1_s.c.o[0m
[1.110s] [ 82%] [32mBuilding C object CMakeFiles/interface_pkg1__rosidl_generator_py.dir/rosidl_generator_py/interface_pkg1/msg/_message2_s.c.o[0m
[1.110s] [ 85%] [32mBuilding C object CMakeFiles/interface_pkg1__rosidl_generator_py.dir/rosidl_generator_py/interface_pkg1/srv/_service1_s.c.o[0m
[1.185s] [ 87%] [32m[1mLinking C shared library rosidl_generator_py/interface_pkg1/libinterface_pkg1__rosidl_generator_py.so[0m
[1.211s] [ 87%] Built target interface_pkg1__rosidl_generator_py
[1.225s] [ 91%] [32mBuilding C object CMakeFiles/interface_pkg1__rosidl_typesupport_introspection_c__pyext.dir/rosidl_generator_py/interface_pkg1/_interface_pkg1_s.ep.rosidl_typesupport_introspection_c.c.o[0m
[1.225s] [ 91%] [32mBuilding C object CMakeFiles/interface_pkg1__rosidl_typesupport_fastrtps_c__pyext.dir/rosidl_generator_py/interface_pkg1/_interface_pkg1_s.ep.rosidl_typesupport_fastrtps_c.c.o[0m
[1.227s] [ 93%] [32mBuilding C object CMakeFiles/interface_pkg1__rosidl_typesupport_c__pyext.dir/rosidl_generator_py/interface_pkg1/_interface_pkg1_s.ep.rosidl_typesupport_c.c.o[0m
[1.289s] [ 97%] [32m[1mLinking C shared library rosidl_generator_py/interface_pkg1/interface_pkg1_s__rosidl_typesupport_c.cpython-310-x86_64-linux-gnu.so[0m
[1.289s] [ 97%] [32m[1mLinking C shared library rosidl_generator_py/interface_pkg1/interface_pkg1_s__rosidl_typesupport_fastrtps_c.cpython-310-x86_64-linux-gnu.so[0m
[1.291s] [100%] [32m[1mLinking C shared library rosidl_generator_py/interface_pkg1/interface_pkg1_s__rosidl_typesupport_introspection_c.cpython-310-x86_64-linux-gnu.so[0m
[1.314s] [100%] Built target interface_pkg1__rosidl_typesupport_fastrtps_c__pyext
[1.314s] [100%] Built target interface_pkg1__rosidl_typesupport_c__pyext
[1.317s] [100%] Built target interface_pkg1__rosidl_typesupport_introspection_c__pyext
