running egg_info
writing ../../build/pypara_pkg1/pypara_pkg1.egg-info/PKG-INFO
writing dependency_links to ../../build/pypara_pkg1/pypara_pkg1.egg-info/dependency_links.txt
writing entry points to ../../build/pypara_pkg1/pypara_pkg1.egg-info/entry_points.txt
writing requirements to ../../build/pypara_pkg1/pypara_pkg1.egg-info/requires.txt
writing top-level names to ../../build/pypara_pkg1/pypara_pkg1.egg-info/top_level.txt
reading manifest file '../../build/pypara_pkg1/pypara_pkg1.egg-info/SOURCES.txt'
adding license file 'LICENSE'
writing manifest file '../../build/pypara_pkg1/pypara_pkg1.egg-info/SOURCES.txt'
running build
running build_py
running install
running install_lib
running install_data
running install_egg_info
removing '/home/hawx/ws1/install/pypara_pkg1/lib/python3.10/site-packages/pypara_pkg1-0.0.0-py3.10.egg-info' (and everything under it)
Copying ../../build/pypara_pkg1/pypara_pkg1.egg-info to /home/hawx/ws1/install/pypara_pkg1/lib/python3.10/site-packages/pypara_pkg1-0.0.0-py3.10.egg-info
running install_scripts
Installing para_node1 script to /home/hawx/ws1/install/pypara_pkg1/lib/pypara_pkg1
writing list of installed files to '/home/hawx/ws1/build/pypara_pkg1/install.log'
